Input coordinates have 11 frames. The following will be used to initialize NEB images:
0, 1, 2, 3, 4, 5, 6, 7, 8, 9, 10
Optimizing the chain.
Metric completed in 0.002 seconds, maxerr = 0.000e+00
-=# Chain optimization cycle 0 #=-
Spring Force: 0.20 kcal/mol/Ang^2
Image Number          :     0       1       2       3       4       5       6       7       8       9      10  
                        [94m  (min)[0m   ---->   ---->   ---->   (max)   <----   <----   (min)   (max)   <---- [94m  (min)[0m
Energies  (kcal/mol)  :  14.670  21.459  39.042  55.605  62.174  35.851   5.846   0.761   0.763   0.742   0.000
Spacing (Ang)         :       0.272   0.191   0.162   0.174   0.221   0.237   0.288   0.219   0.177   0.133 
Gradients (eV/Ang)    :   0.927   1.559   1.468   1.798   1.609   2.054   2.361   2.312   2.373   2.358   1.246
Straightness          :   1.000   0.593   0.976   0.918   0.938   0.967   0.304   0.860   0.976   0.997   1.000
-= Chain Properties =-
@ GAvg(eV/Ang)  GMax(eV/Ang)   Length(Ang)  DeltaE(kcal)   RMSD(Ang) TrustRad(Ang)  Step Quality
@     1.9880        2.3727        2.0742  
-=# Chain optimization cycle 1 #=-
Time since last ComputeChain: 0.003 s
Hessian Eigenvalues (Working) :  5.0000e-02  5.0000e-02  5.0000e-02  5.0000e-02  5.0000e-02 ...  1.0000e+00  1.0000e+00  1.0000e+00  1.0000e+00  1.0000e+00
Image Number          :     0       1       2       3       4       5       6       7       8       9      10  
                        [94m  (min)[0m   ---->   ---->   ---->   (max)   <----   <----   (min)   (max)   <---- [94m  (min)[0m
Energies  (kcal/mol)  :  14.670  21.286  38.875  55.485  62.171  36.290   6.917   1.841   2.011   1.988   0.000
Spacing (Ang)         :       0.279   0.195   0.165   0.174   0.224   0.243   0.295   0.227   0.180   0.136 
Gradients (eV/Ang)    :   0.927   1.757   1.200   1.453   1.453   2.513   3.843   3.723   3.922   3.901   1.246
Straightness          :   1.000   0.578   0.981   0.911   0.943   0.965   0.339   0.858   0.974   0.970   1.000

  GAvg(eV/Ang)  GMax(eV/Ang)   Length(Ang)  DeltaE(kcal)   RMSD(Ang)  TrustRad(Ang)  Step Quality
@     2.6405        3.9216        2.1184        0.4206      0.0246      0.1000 (=)   -0.35 (Poor)
-=# Chain optimization cycle 2 #=-
Time since last ComputeChain: 0.006 s
Hessian Eigenvalues (Working) :  4.9999e-02  5.0000e-02  5.0000e-02  5.0000e-02  5.0000e-02 ...  1.0000e+00  1.0000e+00  1.0000e+00  1.0000e+00  2.5846e+00
Hessian Eigenvalues (Plain)   :  4.9993e-02  5.0000e-02  5.0000e-02  5.0000e-02  5.0000e-02 ...  1.0000e+00  1.0000e+00  1.0000e+00  1.0000e+00  2.6219e+00
Image Number          :     0       1       2       3       4       5       6       7       8       9      10  
                        [94m  (min)[0m   ---->   ---->   ---->   (max)   <----   <----   <----   <----   (min) [94m  (min)[0m
Energies  (kcal/mol)  :  14.747  20.920  38.729  55.228  61.920  35.397   4.977   0.013   0.001   0.000   0.077
Spacing (Ang)         :       0.277   0.194   0.164   0.174   0.223   0.241   0.293   0.225   0.180   0.134 
Gradients (eV/Ang)    :   0.927   0.517   0.605   0.817   0.751   0.993   0.856   0.887   0.869   0.865   1.246
Straightness          :   1.000   0.579   0.980   0.910   0.938   0.966   0.327   0.855   0.975   0.982   1.000

  GAvg(eV/Ang)  GMax(eV/Ang)   Length(Ang)  DeltaE(kcal)   RMSD(Ang)  TrustRad(Ang)  Step Quality
@     0.7955        0.9927        2.1063       -0.9426      0.0125      0.0123 ([91m-[0m)    1.40 (Good)
-=# Chain optimization cycle 3 #=-
Time since last ComputeChain: 0.006 s
Hessian Eigenvalues (Working) :  4.9998e-02  5.0000e-02  5.0000e-02  5.0000e-02  5.0000e-02 ...  1.0000e+00  1.0000e+00  1.0000e+00  1.0010e+00  2.4652e+00
Hessian Eigenvalues (Plain)   :  4.9993e-02  4.9999e-02  5.0000e-02  5.0000e-02  5.0000e-02 ...  1.0000e+00  1.0000e+00  1.0000e+00  1.0164e+00  2.4933e+00
Image Number          :     0       1       2       3       4       5       6       7       8       9      10  
                        [94m  (min)[0m   ---->   ---->   ---->   (max)   <----   <----   (min)   ---->   ----> [94m  (min)[0m
Energies  (kcal/mol)  :  14.855  21.006  38.812  55.225  61.962  35.439   5.021   0.000   0.001   0.001   0.185
Spacing (Ang)         :       0.277   0.193   0.162   0.174   0.221   0.239   0.293   0.226   0.178   0.136 
Gradients (eV/Ang)    :   0.927   0.166   0.398   0.539   0.526   0.746   0.185   0.112   0.209   0.219   1.246
Straightness          :   1.000   0.570   0.980   0.913   0.935   0.972   0.316   0.852   0.975   0.982   1.000

  GAvg(eV/Ang)  GMax(eV/Ang)   Length(Ang)  DeltaE(kcal)   RMSD(Ang)  TrustRad(Ang)  Step Quality
@     0.3444        0.7457        2.0992       -0.0636      0.0080      0.0174 ([92m+[0m)    1.13 (Good)
-=# Chain optimization cycle 4 #=-
Time since last ComputeChain: 0.006 s
Hessian Eigenvalues (Working) :  4.9997e-02  4.9999e-02  5.0000e-02  5.0000e-02  5.0000e-02 ...  1.0000e+00  1.0000e+00  1.0005e+00  1.5605e+00  2.3013e+00
Hessian Eigenvalues (Plain)   :  4.9986e-02  4.9993e-02  4.9999e-02  5.0000e-02  5.0000e-02 ...  1.0000e+00  1.0000e+00  1.0055e+00  1.5647e+00  2.3599e+00
--== Images set to Climbing Mode: 4 ==--
Image Number          :     0       1       2       3       4       5       6       7       8       9      10  
                        [94m  (min)[0m   ---->   ---->   ---->   (^_^)   <----   <----   (min)   ---->   ----> [94m  (min)[0m
Energies  (kcal/mol)  :  14.858  21.002  38.788  55.171  61.916  35.379   5.016   0.000   0.005   0.005   0.188
Spacing (Ang)         :       0.278   0.194   0.162   0.174   0.222   0.240   0.293   0.226   0.178   0.136 
Gradients (eV/Ang)    :   0.927   0.031   0.033   0.048   0.517   0.290   0.303   0.173   0.294   0.303   1.246
Straightness          :   1.000   0.572   0.980   0.915   0.937   0.966   0.326   0.849   0.975   0.982   1.000

  GAvg(eV/Ang)  GMax(eV/Ang)   Length(Ang)  DeltaE(kcal)   RMSD(Ang)  TrustRad(Ang)  Step Quality
@     0.2214        0.5174        2.1026       -0.0190      0.0046      0.0246 ([92m+[0m)    0.71 (Good)
-=# Chain optimization cycle 5 #=-
Time since last ComputeChain: 0.059 s
Hessian Eigenvalues (Working) :  4.9895e-02  4.9999e-02  5.0000e-02  5.0000e-02  5.0000e-02 ...  1.0000e+00  1.0004e+00  1.0039e+00  2.0850e+00  2.7717e+00
Hessian Eigenvalues (Plain)   :  4.9983e-02  4.9993e-02  4.9998e-02  5.0000e-02  5.0000e-02 ...  1.0000e+00  1.0051e+00  1.0192e+00  2.0564e+00  2.5217e+00
Image Number          :     0       1       2       3       4       5       6       7       8       9      10  
                        [94m  (min)[0m [94m  ---->[0m   ---->   ---->   (^_^)   <----   <----   <----   <----   (min) [94m  (min)[0m
Energies  (kcal/mol)  :  14.865  21.007  38.802  55.244  62.101  35.261   5.012   0.003   0.000   0.000   0.195
Spacing (Ang)         :       0.278   0.194   0.163   0.168   0.228   0.239   0.293   0.227   0.178   0.136 
Gradients (eV/Ang)    :   0.927   0.019   0.161   0.217   0.462   0.160   0.027   0.081   0.059   0.058   1.246
Straightness          :   1.000   0.573   0.979   0.917   0.937   0.969   0.325   0.849   0.975   0.981   1.000

  GAvg(eV/Ang)  GMax(eV/Ang)   Length(Ang)  DeltaE(kcal)   RMSD(Ang)  TrustRad(Ang)  Step Quality
@     0.1381        0.4619        2.1037        0.0081      0.0053      0.0349 ([92m+[0m)    0.75 (Good)
-=# Chain optimization cycle 6 #=-
Time since last ComputeChain: 0.006 s
Hessian Eigenvalues (Working) :  4.9826e-02  4.9998e-02  4.9999e-02  5.0000e-02  5.0000e-02 ...  1.0004e+00  1.0021e+00  1.3227e+00  1.9174e+00  3.1347e+00
Hessian Eigenvalues (Plain)   :  4.5229e-02  4.9987e-02  4.9993e-02  4.9999e-02  5.0000e-02 ...  1.0028e+00  1.0075e+00  1.4126e+00  2.1588e+00  5.1426e+00
Image Number          :     0       1       2       3       4       5       6       7       8       9      10  
                        [94m  (min)[0m [94m  ---->[0m   ---->   ---->   (^_^)   <----   <----   <----   <----   (min) [94m  (min)[0m
Energies  (kcal/mol)  :  14.860  21.002  38.804  55.420  62.477  34.902   5.007   0.013   0.001   0.000   0.190
Spacing (Ang)         :       0.278   0.194   0.164   0.149   0.247   0.237   0.293   0.228   0.179   0.136 
Gradients (eV/Ang)    :   0.927   0.018   0.050   0.093   0.234   0.248   0.079   0.342   0.184   0.170   1.246
Straightness          :   1.000   0.571   0.980   0.928   0.937   0.967   0.330   0.844   0.975   0.979   1.000

  GAvg(eV/Ang)  GMax(eV/Ang)   Length(Ang)  DeltaE(kcal)   RMSD(Ang)  TrustRad(Ang)  Step Quality
@     0.1575        0.3420        2.1048        0.0220      0.0177      0.0493 ([92m+[0m)    0.42 (Okay)
-=# Chain optimization cycle 7 #=-
Time since last ComputeChain: 0.006 s
Hessian Eigenvalues (Working) :  4.9816e-02  4.9998e-02  5.0000e-02  5.0000e-02  5.0000e-02 ...  1.0019e+00  1.0597e+00  1.5957e+00  1.8072e+00  3.3413e+00
Hessian Eigenvalues (Plain)   : -3.0849e-01  4.9821e-02  4.9989e-02  4.9994e-02  4.9997e-02 ...  1.0028e+00  1.0069e+00  1.0776e+00  1.8348e+00  2.6224e+00
Image Number          :     0       1       2       3       4       5       6       7       8       9      10  
                        [94m  (min)[0m [94m  ---->[0m   ---->   ---->   (^_^)   <----   <----   <----   (min)   ----> [94m  (min)[0m
Energies  (kcal/mol)  :  14.862  21.005  38.807  55.577  62.542  34.593   5.029   0.010   0.000   0.001   0.192
Spacing (Ang)         :       0.278   0.194   0.166   0.133   0.263   0.235   0.294   0.228   0.178   0.136 
Gradients (eV/Ang)    :   0.927   0.017   0.058   0.123   0.161   0.109   0.306   0.286   0.087   0.110   1.246
Straightness          :   1.000   0.570   0.979   0.936   0.931   0.969   0.326   0.844   0.975   0.979   1.000

  GAvg(eV/Ang)  GMax(eV/Ang)   Length(Ang)  DeltaE(kcal)   RMSD(Ang)  TrustRad(Ang)  Step Quality
@     0.1397        0.3060        2.1047       -0.0077      0.0144      0.0493 (=)    0.37 (Okay)
-=# Chain optimization cycle 8 #=-
Time since last ComputeChain: 0.006 s
Hessian Eigenvalues (Working) :  4.9916e-02  4.9998e-02  4.9999e-02  5.0000e-02  5.0000e-02 ...  1.0069e+00  1.1665e+00  1.7181e+00  2.2935e+00  3.0363e+00
Hessian Eigenvalues (Plain)   : -8.2270e+00  2.0607e-03  4.9990e-02  4.9992e-02  4.9997e-02 ...  1.0060e+00  1.0406e+00  1.1184e+00  1.7513e+00  2.6850e+00
Image Number          :     0       1       2       3       4       5       6       7       8       9      10  
                        [94m  (min)[0m [94m  ---->[0m   ---->   ---->   (^_^)   <----   <----   <----   <----   (min) [94m  (min)[0m
Energies  (kcal/mol)  :  14.865  21.007  38.801  55.580  62.532  34.588   5.020   0.003   0.000   0.000   0.195
Spacing (Ang)         :       0.278   0.194   0.167   0.133   0.264   0.235   0.293   0.229   0.177   0.136 
Gradients (eV/Ang)    :   0.927   0.018   0.033   0.100   0.106   0.133   0.122   0.134   0.033   0.025   1.246
Straightness          :   1.000   0.571   0.979   0.934   0.931   0.966   0.329   0.842   0.975   0.980   1.000

  GAvg(eV/Ang)  GMax(eV/Ang)   Length(Ang)  DeltaE(kcal)   RMSD(Ang)  TrustRad(Ang)  Step Quality
@     0.0782        0.1339        2.1046       -0.0049      0.0017      0.0493 (=)    0.88 (Good)
-=# Chain optimization cycle 9 #=-
Time since last ComputeChain: 0.007 s
Hessian Eigenvalues (Working) :  4.9958e-02  4.9996e-02  4.9999e-02  5.0000e-02  5.0000e-02 ...  1.0403e+00  1.3935e+00  1.8045e+00  2.9152e+00  2.9653e+00
Hessian Eigenvalues (Plain)   :  1.9437e-03  4.9985e-02  4.9992e-02  4.9995e-02  4.9999e-02 ...  1.0903e+00  1.1760e+00  2.4614e+00  2.9333e+00  6.6142e+00
Image Number          :     0       1       2       3       4       5       6       7       8       9      10  
                        [94m  (min)[0m [94m  ---->[0m   ---->   ---->   (^_^)   <---- [94m  <----[0m   <---- [94m  <----[0m [94m  (min)[0m [94m  (min)[0m
Energies  (kcal/mol)  :  14.865  21.007  38.795  55.550  62.531  34.642   5.016   0.001   0.000   0.000   0.195
Spacing (Ang)         :       0.278   0.194   0.167   0.136   0.261   0.235   0.293   0.228   0.177   0.136 
Gradients (eV/Ang)    :   0.927   0.019   0.051   0.073   0.077   0.109   0.015   0.064   0.013   0.014   1.246
Straightness          :   1.000   0.571   0.979   0.932   0.930   0.965   0.329   0.843   0.975   0.981   1.000

  GAvg(eV/Ang)  GMax(eV/Ang)   Length(Ang)  DeltaE(kcal)   RMSD(Ang)  TrustRad(Ang)  Step Quality
@     0.0483        0.1085        2.1049        0.0006      0.0029      0.0697 ([92m+[0m)    0.77 (Good)
-=# Chain optimization cycle 10 #=-
Time since last ComputeChain: 0.006 s
Hessian Eigenvalues (Working) :  4.9970e-02  4.9996e-02  4.9999e-02  5.0000e-02  5.0013e-02 ...  1.0515e+00  1.7196e+00  2.2670e+00  2.6040e+00  2.9646e+00
Hessian Eigenvalues (Plain)   :  1.6888e-03  4.9985e-02  4.9991e-02  4.9998e-02  4.9999e-02 ...  1.0717e+00  1.6634e+00  2.6791e+00  2.8601e+00  4.7161e+00
Image Number          :     0       1       2       3       4       5       6       7       8       9      10  
                        [94m  (min)[0m [94m  ---->[0m [94m  ---->[0m   ---->   (^_^) [94m  <----[0m [94m  <----[0m [94m  <----[0m [94m  <----[0m [94m  (min)[0m [94m  (min)[0m
Energies  (kcal/mol)  :  14.865  21.007  38.791  55.548  62.528  34.633   5.016   0.000   0.000   0.000   0.195
Spacing (Ang)         :       0.278   0.194   0.167   0.136   0.261   0.235   0.293   0.228   0.177   0.136 
Gradients (eV/Ang)    :   0.927   0.019   0.022   0.038   0.033   0.007   0.015   0.022   0.013   0.014   1.246
Straightness          :   1.000   0.572   0.979   0.932   0.928   0.966   0.328   0.843   0.975   0.981   1.000

  GAvg(eV/Ang)  GMax(eV/Ang)   Length(Ang)  DeltaE(kcal)   RMSD(Ang)  TrustRad(Ang)  Step Quality
@     0.0205        0.0383        2.1053       -0.0016      0.0009      0.0986 ([92m+[0m)    1.29 (Good)
--== Optimization Converged. ==--
