nohup: ignoring input
/home/leeping/src/geometryopt/optimize.py --coordsys tric --prefix tric-12 min.in
tric-12.tmp exists ; make sure nothing else is writing to the folder
Lines of three or more atoms: 1-2-3-4-5, 6-7-8-9-10, 11-12-13-14-15, 16-17-18-19-20, 21-22-23-24-25, 26-27-28-29-30
Setting linear flag for Rotator 1-5
Setting linear flag for Rotator 6-10
Setting linear flag for Rotator 11-15
Setting linear flag for Rotator 16-20
Setting linear flag for Rotator 21-25
Setting linear flag for Rotator 26-30
90 internal coordinates being used (instead of 90 Cartesians)
Internal coordinate system (atoms numbered from 1):
Distance 1-2
Distance 2-3
Distance 3-4
Distance 4-5
Distance 6-7
Distance 7-8
Distance 8-9
Distance 9-10
Distance 11-12
Distance 12-13
Distance 13-14
Distance 14-15
Distance 16-17
Distance 17-18
Distance 18-19
Distance 19-20
Distance 21-22
Distance 22-23
Distance 23-24
Distance 24-25
Distance 26-27
Distance 27-28
Distance 28-29
Distance 29-30
LinearAngleX 1-2-3
LinearAngleY 1-2-3
LinearAngleX 2-3-4
LinearAngleY 2-3-4
LinearAngleX 3-4-5
LinearAngleY 3-4-5
LinearAngleX 6-7-8
LinearAngleY 6-7-8
LinearAngleX 7-8-9
LinearAngleY 7-8-9
LinearAngleX 8-9-10
LinearAngleY 8-9-10
LinearAngleX 11-12-13
LinearAngleY 11-12-13
LinearAngleX 12-13-14
LinearAngleY 12-13-14
LinearAngleX 13-14-15
LinearAngleY 13-14-15
LinearAngleX 16-17-18
LinearAngleY 16-17-18
LinearAngleX 17-18-19
LinearAngleY 17-18-19
LinearAngleX 18-19-20
LinearAngleY 18-19-20
LinearAngleX 21-22-23
LinearAngleY 21-22-23
LinearAngleX 22-23-24
LinearAngleY 22-23-24
LinearAngleX 23-24-25
LinearAngleY 23-24-25
LinearAngleX 26-27-28
LinearAngleY 26-27-28
LinearAngleX 27-28-29
LinearAngleY 27-28-29
LinearAngleX 28-29-30
LinearAngleY 28-29-30
Translation-X 1-5
Translation-X 6-10
Translation-X 11-15
Translation-X 16-20
Translation-X 21-25
Translation-X 26-30
Translation-Y 1-5
Translation-Y 6-10
Translation-Y 11-15
Translation-Y 16-20
Translation-Y 21-25
Translation-Y 26-30
Translation-Z 1-5
Translation-Z 6-10
Translation-Z 11-15
Translation-Z 16-20
Translation-Z 21-25
Translation-Z 26-30
Rotation-A 1-5
Rotation-A 6-10
Rotation-A 11-15
Rotation-A 16-20
Rotation-A 21-25
Rotation-A 26-30
Rotation-B 1-5
Rotation-B 6-10
Rotation-B 11-15
Rotation-B 16-20
Rotation-B 21-25
Rotation-B 26-30
Rotation-C 1-5
Rotation-C 6-10
Rotation-C 11-15
Rotation-C 16-20
Rotation-C 21-25
Rotation-C 26-30
<class 'internal.Distance'> : 24
<class 'internal.LinearAngle'> : 36
<class 'internal.TranslationX'> : 6
<class 'internal.TranslationY'> : 6
<class 'internal.TranslationZ'> : 6
<class 'internal.RotationA'> : 6
<class 'internal.RotationB'> : 6
<class 'internal.RotationC'> : 6
Step    0 : Gradient = 4.791e-03/9.149e-03 (rms/max) Energy = -1011.8450279801
Hessian Eigenvalues: 5.00000e-02 5.00000e-02 5.00000e-02 ... 1.22289e+00 1.22329e+00 1.22593e+00
Step    1 : Displace = [0m1.001e-01[0m/[0m1.925e-01[0m (rms/max) Trust = 1.000e-01 (=) Grad = [0m2.055e-03[0m/[0m3.388e-03[0m (rms/max) E (change) = -1011.8593231698 ([0m-1.430e-02[0m) Quality = [0m1.084[0m
Hessian Eigenvalues: 3.18867e-02 5.00000e-02 5.00000e-02 ... 1.22294e+00 1.22332e+00 1.22677e+00
Step    2 : Displace = [0m1.451e-01[0m/[0m2.049e-01[0m (rms/max) Trust = 1.414e-01 ([92m+[0m) Grad = [0m1.414e-03[0m/[0m2.756e-03[0m (rms/max) E (change) = -1011.8692263518 ([0m-9.903e-03[0m) Quality = [0m1.337[0m
Hessian Eigenvalues: 1.66401e-02 5.00000e-02 5.00000e-02 ... 1.22295e+00 1.22335e+00 1.22711e+00
Step    3 : Displace = [0m1.298e-01[0m/[0m2.404e-01[0m (rms/max) Trust = 2.000e-01 ([92m+[0m) Grad = [0m1.061e-03[0m/[0m2.246e-03[0m (rms/max) E (change) = -1011.8740847469 ([0m-4.858e-03[0m) Quality = [0m1.532[0m
Hessian Eigenvalues: 7.26883e-03 5.00000e-02 5.00000e-02 ... 1.22296e+00 1.22334e+00 1.22716e+00
Step    4 : Displace = [0m1.867e-01[0m/[0m3.693e-01[0m (rms/max) Trust = 2.828e-01 ([92m+[0m) Grad = [0m9.380e-04[0m/[0m1.850e-03[0m (rms/max) E (change) = -1011.8780401421 ([0m-3.955e-03[0m) Quality = [0m1.336[0m
Hessian Eigenvalues: 4.79807e-03 5.00000e-02 5.00000e-02 ... 1.22296e+00 1.22334e+00 1.22724e+00
Step    5 : Displace = [0m1.175e-01[0m/[0m2.360e-01[0m (rms/max) Trust = 3.000e-01 ([92m+[0m) Grad = [0m7.741e-04[0m/[0m1.400e-03[0m (rms/max) E (change) = -1011.8794441540 ([0m-1.404e-03[0m) Quality = [0m1.444[0m
Hessian Eigenvalues: 3.15810e-03 4.50410e-02 5.00000e-02 ... 1.22296e+00 1.22335e+00 1.22722e+00
Step    6 : Displace = [0m1.171e-01[0m/[0m2.152e-01[0m (rms/max) Trust = 3.000e-01 (=) Grad = [0m6.440e-04[0m/[0m1.282e-03[0m (rms/max) E (change) = -1011.8804860746 ([0m-1.042e-03[0m) Quality = [0m1.422[0m
Hessian Eigenvalues: 2.10318e-03 3.21364e-02 5.00000e-02 ... 1.22305e+00 1.22335e+00 1.22722e+00
Step    7 : Displace = [0m1.237e-01[0m/[0m2.309e-01[0m (rms/max) Trust = 3.000e-01 (=) Grad = [0m7.680e-04[0m/[0m1.700e-03[0m (rms/max) E (change) = -1011.8813940266 ([0m-9.080e-04[0m) Quality = [0m1.531[0m
Hessian Eigenvalues: 1.41734e-03 2.04114e-02 5.00000e-02 ... 1.22305e+00 1.22338e+00 1.22738e+00
Step    8 : Displace = [0m1.797e-01[0m/[0m3.403e-01[0m (rms/max) Trust = 3.000e-01 (=) Grad = [0m1.230e-03[0m/[0m2.737e-03[0m (rms/max) E (change) = -1011.8824917065 ([0m-1.098e-03[0m) Quality = [0m1.271[0m
Hessian Eigenvalues: 1.67289e-03 1.45500e-02 5.00000e-02 ... 1.22306e+00 1.22398e+00 1.22741e+00
Step    9 : Displace = [0m6.191e-02[0m/[0m1.224e-01[0m (rms/max) Trust = 3.000e-01 (=) Grad = [0m1.162e-03[0m/[0m2.354e-03[0m (rms/max) E (change) = -1011.8834558994 ([0m-9.642e-04[0m) Quality = [0m1.680[0m
Hessian Eigenvalues: 2.31047e-03 5.29250e-03 4.46747e-02 ... 1.22315e+00 1.22327e+00 1.22721e+00
Step   10 : Displace = [0m1.729e-01[0m/[0m3.600e-01[0m (rms/max) Trust = 3.000e-01 (=) Grad = [0m1.449e-03[0m/[0m3.113e-03[0m (rms/max) E (change) = -1011.8851723199 ([0m-1.716e-03[0m) Quality = [0m0.822[0m
Hessian Eigenvalues: 2.26754e-03 6.52846e-03 4.21362e-02 ... 1.22315e+00 1.22425e+00 1.22727e+00
Step   11 : Displace = [0m5.246e-02[0m/[0m1.106e-01[0m (rms/max) Trust = 3.000e-01 (=) Grad = [0m7.454e-04[0m/[0m1.804e-03[0m (rms/max) E (change) = -1011.8856967013 ([0m-5.244e-04[0m) Quality = [0m1.411[0m
Hessian Eigenvalues: 1.85629e-03 8.89272e-03 3.12380e-02 ... 1.22313e+00 1.22649e+00 1.22775e+00
Step   12 : Displace = [0m7.801e-02[0m/[0m1.756e-01[0m (rms/max) Trust = 3.000e-01 (=) Grad = [0m5.636e-04[0m/[0m1.027e-03[0m (rms/max) E (change) = -1011.8862934207 ([0m-5.967e-04[0m) Quality = [0m1.485[0m
Hessian Eigenvalues: 1.55820e-03 8.95369e-03 1.48182e-02 ... 1.22322e+00 1.22706e+00 1.23106e+00
Step   13 : Displace = [0m9.712e-02[0m/[0m2.190e-01[0m (rms/max) Trust = 3.000e-01 (=) Grad = [0m1.102e-03[0m/[0m2.442e-03[0m (rms/max) E (change) = -1011.8868933615 ([0m-5.999e-04[0m) Quality = [0m1.380[0m
Hessian Eigenvalues: 1.16161e-03 8.93843e-03 9.87503e-03 ... 1.22321e+00 1.22699e+00 1.22957e+00
Step   14 : Displace = [0m1.131e-01[0m/[0m2.503e-01[0m (rms/max) Trust = 3.000e-01 (=) Grad = [0m1.335e-03[0m/[0m3.403e-03[0m (rms/max) E (change) = -1011.8875118799 ([0m-6.185e-04[0m) Quality = [0m1.640[0m
Hessian Eigenvalues: 7.19398e-04 5.88451e-03 9.59253e-03 ... 1.22321e+00 1.22680e+00 1.22896e+00
Step   15 : Displace = [0m3.114e-01[0m/[0m6.469e-01[0m (rms/max) Trust = 3.000e-01 (=) Grad = [0m1.810e-03[0m/[0m4.523e-03[0m (rms/max) E (change) = -1011.8892868439 ([0m-1.775e-03[0m) Quality = [0m1.483[0m
Hessian Eigenvalues: 4.66046e-04 4.98650e-03 9.60396e-03 ... 1.22321e+00 1.22680e+00 1.22955e+00
Step   16 : Displace = [0m2.999e-01[0m/[0m6.246e-01[0m (rms/max) Trust = 3.000e-01 (=) Grad = [0m1.889e-03[0m/[0m4.857e-03[0m (rms/max) E (change) = -1011.8910921864 ([0m-1.805e-03[0m) Quality = [0m1.316[0m
Hessian Eigenvalues: 5.35027e-04 3.95819e-03 9.66536e-03 ... 1.22321e+00 1.22686e+00 1.22943e+00
Step   17 : Displace = [0m3.152e-01[0m/[0m6.860e-01[0m (rms/max) Trust = 3.000e-01 (=) Grad = [0m1.891e-03[0m/[0m5.415e-03[0m (rms/max) E (change) = -1011.8931074335 ([0m-2.015e-03[0m) Quality = [0m1.149[0m
Hessian Eigenvalues: 6.59637e-04 3.85784e-03 9.95958e-03 ... 1.22325e+00 1.22692e+00 1.22939e+00
Step   18 : Displace = [0m5.395e-02[0m/[0m9.909e-02[0m (rms/max) Trust = 3.000e-01 (=) Grad = [0m1.418e-03[0m/[0m3.250e-03[0m (rms/max) E (change) = -1011.8943464859 ([0m-1.239e-03[0m) Quality = [0m1.506[0m
Hessian Eigenvalues: 6.94006e-04 3.91856e-03 1.00512e-02 ... 1.22394e+00 1.22666e+00 1.22945e+00
Step   19 : Displace = [0m1.883e-01[0m/[0m3.362e-01[0m (rms/max) Trust = 3.000e-01 (=) Grad = [0m1.771e-03[0m/[0m3.769e-03[0m (rms/max) E (change) = -1011.8961911889 ([0m-1.845e-03[0m) Quality = [0m1.239[0m
Hessian Eigenvalues: 8.27296e-04 3.31739e-03 1.02777e-02 ... 1.22526e+00 1.22707e+00 1.23031e+00
Step   20 : Displace = [0m1.228e-01[0m/[0m3.267e-01[0m (rms/max) Trust = 3.000e-01 (=) Grad = [0m2.080e-03[0m/[0m5.657e-03[0m (rms/max) E (change) = -1011.8975027880 ([0m-1.312e-03[0m) Quality = [0m1.092[0m
Hessian Eigenvalues: 7.90611e-04 4.04402e-03 1.04538e-02 ... 1.22660e+00 1.22731e+00 1.23024e+00
Step   21 : Displace = [0m2.738e-01[0m/[0m5.145e-01[0m (rms/max) Trust = 3.000e-01 (=) Grad = [0m2.078e-03[0m/[0m4.325e-03[0m (rms/max) E (change) = -1011.8982976816 ([0m-7.949e-04[0m) Quality = [0m0.655[0m
Resetting linear Rotator
Large rotations - reinitializing coordinates
Setting linear flag for Rotator 1-5
Setting linear flag for Rotator 6-10
Setting linear flag for Rotator 11-15
Setting linear flag for Rotator 16-20
Setting linear flag for Rotator 21-25
Setting linear flag for Rotator 26-30
Hessian Eigenvalues: 5.00000e-02 5.00000e-02 5.00000e-02 ... 1.22289e+00 1.22329e+00 1.22593e+00
Step   22 : Displace = [0m3.085e-02[0m/[0m8.095e-02[0m (rms/max) Trust = 3.000e-01 (=) Grad = [0m1.073e-03[0m/[0m2.781e-03[0m (rms/max) E (change) = -1011.8995355306 ([0m-1.238e-03[0m) Quality = [0m1.565[0m
Hessian Eigenvalues: 2.09892e-02 5.00000e-02 5.00000e-02 ... 1.22296e+00 1.22425e+00 1.22599e+00
Step   23 : Displace = [0m5.765e-02[0m/[0m1.220e-01[0m (rms/max) Trust = 3.000e-01 (=) Grad = [0m8.421e-04[0m/[0m2.243e-03[0m (rms/max) E (change) = -1011.9004864082 ([0m-9.509e-04[0m) Quality = [0m1.143[0m
Hessian Eigenvalues: 1.49765e-02 5.00000e-02 5.00000e-02 ... 1.22325e+00 1.22434e+00 1.22599e+00
Step   24 : Displace = [0m2.544e-02[0m/[0m6.093e-02[0m (rms/max) Trust = 3.000e-01 (=) Grad = [0m6.684e-04[0m/[0m1.583e-03[0m (rms/max) E (change) = -1011.9008113535 ([0m-3.249e-04[0m) Quality = [0m1.675[0m
Hessian Eigenvalues: 6.88371e-03 4.29370e-02 5.00000e-02 ... 1.22293e+00 1.22409e+00 1.22596e+00
Step   25 : Displace = [0m6.985e-02[0m/[0m1.449e-01[0m (rms/max) Trust = 3.000e-01 (=) Grad = [0m6.924e-04[0m/[0m1.568e-03[0m (rms/max) E (change) = -1011.9013698741 ([0m-5.585e-04[0m) Quality = [0m1.217[0m
Hessian Eigenvalues: 5.11347e-03 3.78119e-02 5.00000e-02 ... 1.22298e+00 1.22411e+00 1.22597e+00
Step   26 : Displace = [0m3.956e-02[0m/[0m7.968e-02[0m (rms/max) Trust = 3.000e-01 (=) Grad = [0m8.155e-04[0m/[0m1.686e-03[0m (rms/max) E (change) = -1011.9016898942 ([0m-3.200e-04[0m) Quality = [0m1.713[0m
Hessian Eigenvalues: 2.39300e-03 2.59159e-02 4.99704e-02 ... 1.22389e+00 1.22488e+00 1.22599e+00
Step   27 : Displace = [0m1.308e-01[0m/[0m2.702e-01[0m (rms/max) Trust = 3.000e-01 (=) Grad = [0m9.727e-04[0m/[0m2.065e-03[0m (rms/max) E (change) = -1011.9024338211 ([0m-7.439e-04[0m) Quality = [0m1.234[0m
Hessian Eigenvalues: 2.11306e-03 2.29792e-02 4.96285e-02 ... 1.22384e+00 1.22483e+00 1.22598e+00
Step   28 : Displace = [0m5.113e-02[0m/[0m1.110e-01[0m (rms/max) Trust = 3.000e-01 (=) Grad = [0m6.599e-04[0m/[0m1.524e-03[0m (rms/max) E (change) = -1011.9027603387 ([0m-3.265e-04[0m) Quality = [0m1.584[0m
Hessian Eigenvalues: 1.76374e-03 1.70136e-02 4.12784e-02 ... 1.22326e+00 1.22426e+00 1.22618e+00
Step   29 : Displace = [0m8.007e-02[0m/[0m1.804e-01[0m (rms/max) Trust = 3.000e-01 (=) Grad = [0m5.185e-04[0m/[0m1.041e-03[0m (rms/max) E (change) = -1011.9032329352 ([0m-4.726e-04[0m) Quality = [0m1.394[0m
Hessian Eigenvalues: 1.32938e-03 1.33515e-02 3.46974e-02 ... 1.22369e+00 1.22561e+00 1.22624e+00
Step   30 : Displace = [0m8.476e-02[0m/[0m1.967e-01[0m (rms/max) Trust = 3.000e-01 (=) Grad = [0m7.816e-04[0m/[0m1.778e-03[0m (rms/max) E (change) = -1011.9035845439 ([0m-3.516e-04[0m) Quality = [0m1.478[0m
Hessian Eigenvalues: 1.17262e-03 9.42875e-03 2.91733e-02 ... 1.22398e+00 1.22566e+00 1.22636e+00
Step   31 : Displace = [0m8.779e-02[0m/[0m2.034e-01[0m (rms/max) Trust = 3.000e-01 (=) Grad = [0m8.609e-04[0m/[0m2.124e-03[0m (rms/max) E (change) = -1011.9039781015 ([0m-3.936e-04[0m) Quality = [0m1.455[0m
Hessian Eigenvalues: 1.09094e-03 6.82577e-03 2.50053e-02 ... 1.22386e+00 1.22466e+00 1.22629e+00
Step   32 : Displace = [0m8.568e-02[0m/[0m1.925e-01[0m (rms/max) Trust = 3.000e-01 (=) Grad = [0m6.931e-04[0m/[0m2.018e-03[0m (rms/max) E (change) = -1011.9044045063 ([0m-4.264e-04[0m) Quality = [0m1.461[0m
Hessian Eigenvalues: 9.67714e-04 5.27050e-03 2.22367e-02 ... 1.22352e+00 1.22444e+00 1.22628e+00
Step   33 : Displace = [0m8.436e-02[0m/[0m1.835e-01[0m (rms/max) Trust = 3.000e-01 (=) Grad = [0m6.176e-04[0m/[0m1.108e-03[0m (rms/max) E (change) = -1011.9047609134 ([0m-3.564e-04[0m) Quality = [0m1.384[0m
Hessian Eigenvalues: 8.80794e-04 4.45638e-03 2.03010e-02 ... 1.22362e+00 1.22523e+00 1.22636e+00
Step   34 : Displace = [0m7.034e-02[0m/[0m1.476e-01[0m (rms/max) Trust = 3.000e-01 (=) Grad = [0m7.455e-04[0m/[0m1.791e-03[0m (rms/max) E (change) = -1011.9050746512 ([0m-3.137e-04[0m) Quality = [0m1.533[0m
Hessian Eigenvalues: 7.33183e-04 4.08979e-03 1.62803e-02 ... 1.22393e+00 1.22594e+00 1.22670e+00
Step   35 : Displace = [0m1.106e-01[0m/[0m2.317e-01[0m (rms/max) Trust = 3.000e-01 (=) Grad = [0m9.912e-04[0m/[0m2.394e-03[0m (rms/max) E (change) = -1011.9055031323 ([0m-4.285e-04[0m) Quality = [0m1.331[0m
Hessian Eigenvalues: 8.44144e-04 3.45430e-03 1.33796e-02 ... 1.22393e+00 1.22579e+00 1.22645e+00
Step   36 : Displace = [0m5.044e-02[0m/[0m9.597e-02[0m (rms/max) Trust = 3.000e-01 (=) Grad = [0m8.160e-04[0m/[0m2.696e-03[0m (rms/max) E (change) = -1011.9057884760 ([0m-2.853e-04[0m) Quality = [0m1.225[0m
Hessian Eigenvalues: 6.57963e-04 5.62233e-03 1.12528e-02 ... 1.22327e+00 1.22616e+00 1.22806e+00
Step   37 : Displace = [0m1.424e-01[0m/[0m2.978e-01[0m (rms/max) Trust = 3.000e-01 (=) Grad = [0m8.722e-04[0m/[0m2.262e-03[0m (rms/max) E (change) = -1011.9058944394 ([0m-1.060e-04[0m) Quality = [0m0.359[0m
Hessian Eigenvalues: 1.31607e-03 7.43244e-03 9.70060e-03 ... 1.22364e+00 1.22636e+00 1.22894e+00
Step   38 : Displace = [0m6.589e-02[0m/[0m1.448e-01[0m (rms/max) Trust = 3.000e-01 (=) Grad = [0m6.420e-04[0m/[0m1.701e-03[0m (rms/max) E (change) = -1011.9062286804 ([0m-3.342e-04[0m) Quality = [0m1.073[0m
Hessian Eigenvalues: 1.67458e-03 7.52475e-03 9.82087e-03 ... 1.22334e+00 1.22642e+00 1.22924e+00
Step   39 : Displace = [0m3.302e-02[0m/[0m5.779e-02[0m (rms/max) Trust = 3.000e-01 (=) Grad = [0m4.676e-04[0m/[0m1.275e-03[0m (rms/max) E (change) = -1011.9064091580 ([0m-1.805e-04[0m) Quality = [0m1.709[0m
Hessian Eigenvalues: 9.24954e-04 7.94920e-03 8.95232e-03 ... 1.22342e+00 1.22660e+00 1.22977e+00
Step   40 : Displace = [0m1.367e-01[0m/[0m2.552e-01[0m (rms/max) Trust = 3.000e-01 (=) Grad = [0m5.621e-04[0m/[0m1.428e-03[0m (rms/max) E (change) = -1011.9067787978 ([0m-3.696e-04[0m) Quality = [0m1.178[0m
Hessian Eigenvalues: 9.26746e-04 7.93924e-03 8.14325e-03 ... 1.22355e+00 1.22680e+00 1.22971e+00
Step   41 : Displace = [0m2.705e-02[0m/[0m5.866e-02[0m (rms/max) Trust = 3.000e-01 (=) Grad = [0m4.699e-04[0m/[0m1.084e-03[0m (rms/max) E (change) = -1011.9068836125 ([0m-1.048e-04[0m) Quality = [0m1.607[0m
Hessian Eigenvalues: 8.31467e-04 6.50814e-03 8.09229e-03 ... 1.22342e+00 1.22707e+00 1.22949e+00
Step   42 : Displace = [0m5.379e-02[0m/[0m1.070e-01[0m (rms/max) Trust = 3.000e-01 (=) Grad = [0m3.913e-04[0m/[0m8.806e-04[0m (rms/max) E (change) = -1011.9070485985 ([0m-1.650e-04[0m) Quality = [0m1.310[0m
Hessian Eigenvalues: 8.70034e-04 5.25885e-03 8.09252e-03 ... 1.22344e+00 1.22756e+00 1.23001e+00
Step   43 : Displace = [0m2.446e-02[0m/[0m4.146e-02[0m (rms/max) Trust = 3.000e-01 (=) Grad = [0m4.087e-04[0m/[0m1.096e-03[0m (rms/max) E (change) = -1011.9071429724 ([0m-9.437e-05[0m) Quality = [0m1.512[0m
Hessian Eigenvalues: 8.07548e-04 4.15797e-03 8.12153e-03 ... 1.22355e+00 1.22729e+00 1.22990e+00
Step   44 : Displace = [0m4.241e-02[0m/[0m7.220e-02[0m (rms/max) Trust = 3.000e-01 (=) Grad = [0m3.979e-04[0m/[0m1.108e-03[0m (rms/max) E (change) = -1011.9072507445 ([0m-1.078e-04[0m) Quality = [0m1.350[0m
Hessian Eigenvalues: 9.21421e-04 2.84900e-03 8.16913e-03 ... 1.22352e+00 1.22718e+00 1.23003e+00
Step   45 : Displace = [0m3.015e-02[0m/[0m4.854e-02[0m (rms/max) Trust = 3.000e-01 (=) Grad = [0m3.715e-04[0m/[0m8.144e-04[0m (rms/max) E (change) = -1011.9073280525 ([0m-7.731e-05[0m) Quality = [0m1.390[0m
Hessian Eigenvalues: 8.90141e-04 2.52817e-03 8.32200e-03 ... 1.22350e+00 1.22726e+00 1.23076e+00
Step   46 : Displace = [0m4.241e-02[0m/[0m7.123e-02[0m (rms/max) Trust = 3.000e-01 (=) Grad = [0m3.738e-04[0m/[0m8.903e-04[0m (rms/max) E (change) = -1011.9074160104 ([0m-8.796e-05[0m) Quality = [0m1.432[0m
Hessian Eigenvalues: 9.96668e-04 1.88201e-03 8.34035e-03 ... 1.22358e+00 1.22772e+00 1.23073e+00
Step   47 : Displace = [0m4.337e-02[0m/[0m9.430e-02[0m (rms/max) Trust = 3.000e-01 (=) Grad = [0m4.872e-04[0m/[0m1.494e-03[0m (rms/max) E (change) = -1011.9075271123 ([0m-1.111e-04[0m) Quality = [0m1.482[0m
Hessian Eigenvalues: 8.28038e-04 1.77121e-03 8.34751e-03 ... 1.22357e+00 1.22746e+00 1.23078e+00
Step   48 : Displace = [0m6.287e-02[0m/[0m1.493e-01[0m (rms/max) Trust = 3.000e-01 (=) Grad = [0m6.433e-04[0m/[0m2.078e-03[0m (rms/max) E (change) = -1011.9076674136 ([0m-1.403e-04[0m) Quality = [0m1.454[0m
Hessian Eigenvalues: 6.84712e-04 1.71714e-03 7.03630e-03 ... 1.22356e+00 1.22735e+00 1.23075e+00
Step   49 : Displace = [0m6.958e-02[0m/[0m1.725e-01[0m (rms/max) Trust = 3.000e-01 (=) Grad = [0m6.557e-04[0m/[0m1.791e-03[0m (rms/max) E (change) = -1011.9078115945 ([0m-1.442e-04[0m) Quality = [0m1.392[0m
Hessian Eigenvalues: 5.81481e-04 1.91283e-03 6.47987e-03 ... 1.22356e+00 1.22734e+00 1.23078e+00
Step   50 : Displace = [0m6.413e-02[0m/[0m1.428e-01[0m (rms/max) Trust = 3.000e-01 (=) Grad = [0m4.943e-04[0m/[0m1.253e-03[0m (rms/max) E (change) = -1011.9079607535 ([0m-1.492e-04[0m) Quality = [0m1.479[0m
Hessian Eigenvalues: 5.96245e-04 1.92857e-03 5.36208e-03 ... 1.22356e+00 1.22743e+00 1.23089e+00
Step   51 : Displace = [0m5.864e-02[0m/[0m1.273e-01[0m (rms/max) Trust = 3.000e-01 (=) Grad = [0m5.070e-04[0m/[0m1.042e-03[0m (rms/max) E (change) = -1011.9081346376 ([0m-1.739e-04[0m) Quality = [0m1.361[0m
Hessian Eigenvalues: 4.82240e-04 1.92728e-03 5.34668e-03 ... 1.22358e+00 1.22749e+00 1.23082e+00
Step   52 : Displace = [0m7.422e-02[0m/[0m1.536e-01[0m (rms/max) Trust = 3.000e-01 (=) Grad = [0m5.536e-04[0m/[0m1.559e-03[0m (rms/max) E (change) = -1011.9082606584 ([0m-1.260e-04[0m) Quality = [0m1.440[0m
Hessian Eigenvalues: 4.31629e-04 1.99513e-03 4.35539e-03 ... 1.22372e+00 1.22736e+00 1.23079e+00
Step   53 : Displace = [0m7.909e-02[0m/[0m1.778e-01[0m (rms/max) Trust = 3.000e-01 (=) Grad = [0m4.944e-04[0m/[0m1.400e-03[0m (rms/max) E (change) = -1011.9083934829 ([0m-1.328e-04[0m) Quality = [0m1.307[0m
Hessian Eigenvalues: 3.22732e-04 2.00650e-03 4.82224e-03 ... 1.22376e+00 1.22751e+00 1.23104e+00
Step   54 : Displace = [0m8.711e-02[0m/[0m1.991e-01[0m (rms/max) Trust = 3.000e-01 (=) Grad = [0m3.853e-04[0m/[0m7.375e-04[0m (rms/max) E (change) = -1011.9084860430 ([0m-9.256e-05[0m) Quality = [0m1.336[0m
Hessian Eigenvalues: 3.74283e-04 2.03135e-03 4.52628e-03 ... 1.22411e+00 1.22773e+00 1.23110e+00
Step   55 : Displace = [0m4.273e-02[0m/[0m1.101e-01[0m (rms/max) Trust = 3.000e-01 (=) Grad = [0m3.667e-04[0m/[0m8.709e-04[0m (rms/max) E (change) = -1011.9085674558 ([0m-8.141e-05[0m) Quality = [0m1.331[0m
Hessian Eigenvalues: 3.66925e-04 2.18304e-03 4.35354e-03 ... 1.22405e+00 1.22755e+00 1.23228e+00
Step   56 : Displace = [0m2.930e-02[0m/[0m7.931e-02[0m (rms/max) Trust = 3.000e-01 (=) Grad = [0m3.540e-04[0m/[0m9.188e-04[0m (rms/max) E (change) = -1011.9086324112 ([0m-6.496e-05[0m) Quality = [0m1.418[0m
Hessian Eigenvalues: 3.68989e-04 2.16338e-03 3.92345e-03 ... 1.22441e+00 1.22786e+00 1.23221e+00
Step   57 : Displace = [0m2.837e-02[0m/[0m6.543e-02[0m (rms/max) Trust = 3.000e-01 (=) Grad = [0m3.571e-04[0m/[0m1.019e-03[0m (rms/max) E (change) = -1011.9086968794 ([0m-6.447e-05[0m) Quality = [0m1.404[0m
Hessian Eigenvalues: 3.35427e-04 2.22777e-03 3.34132e-03 ... 1.22436e+00 1.22792e+00 1.23220e+00
Step   58 : Displace = [0m5.164e-02[0m/[0m1.298e-01[0m (rms/max) Trust = 3.000e-01 (=) Grad = [0m3.905e-04[0m/[0m8.366e-04[0m (rms/max) E (change) = -1011.9087681500 ([0m-7.127e-05[0m) Quality = [0m1.483[0m
Hessian Eigenvalues: 3.78457e-04 1.88192e-03 2.41696e-03 ... 1.22526e+00 1.22784e+00 1.23356e+00
Step   59 : Displace = [0m6.100e-02[0m/[0m1.414e-01[0m (rms/max) Trust = 3.000e-01 (=) Grad = [0m5.346e-04[0m/[0m1.344e-03[0m (rms/max) E (change) = -1011.9088851319 ([0m-1.170e-04[0m) Quality = [0m1.394[0m
Hessian Eigenvalues: 2.68432e-04 1.85291e-03 2.39086e-03 ... 1.22544e+00 1.22783e+00 1.23327e+00
Step   60 : Displace = [0m1.413e-01[0m/[0m3.394e-01[0m (rms/max) Trust = 3.000e-01 (=) Grad = [0m7.293e-04[0m/[0m1.454e-03[0m (rms/max) E (change) = -1011.9089989333 ([0m-1.138e-04[0m) Quality = [0m0.975[0m
Hessian Eigenvalues: 4.78209e-04 1.55893e-03 2.33109e-03 ... 1.22707e+00 1.22777e+00 1.23324e+00
Step   61 : Displace = [0m5.844e-02[0m/[0m8.324e-02[0m (rms/max) Trust = 3.000e-01 (=) Grad = [0m6.639e-04[0m/[0m1.625e-03[0m (rms/max) E (change) = -1011.9091756672 ([0m-1.767e-04[0m) Quality = [0m1.317[0m
Hessian Eigenvalues: 4.41795e-04 1.58674e-03 2.36103e-03 ... 1.22699e+00 1.22784e+00 1.23383e+00
Step   62 : Displace = [0m7.140e-02[0m/[0m1.372e-01[0m (rms/max) Trust = 3.000e-01 (=) Grad = [0m5.065e-04[0m/[0m1.152e-03[0m (rms/max) E (change) = -1011.9093639284 ([0m-1.883e-04[0m) Quality = [0m1.559[0m
Hessian Eigenvalues: 2.99460e-04 1.47478e-03 2.38256e-03 ... 1.22706e+00 1.22785e+00 1.23430e+00
Step   63 : Displace = [0m1.582e-01[0m/[0m3.391e-01[0m (rms/max) Trust = 3.000e-01 (=) Grad = [0m5.226e-04[0m/[0m1.169e-03[0m (rms/max) E (change) = -1011.9095675095 ([0m-2.036e-04[0m) Quality = [0m1.256[0m
Hessian Eigenvalues: 2.64711e-04 1.42722e-03 2.38345e-03 ... 1.22715e+00 1.22782e+00 1.23460e+00
Step   64 : Displace = [0m6.426e-02[0m/[0m1.406e-01[0m (rms/max) Trust = 3.000e-01 (=) Grad = [0m4.274e-04[0m/[0m1.107e-03[0m (rms/max) E (change) = -1011.9096425639 ([0m-7.505e-05[0m) Quality = [0m1.397[0m
Hessian Eigenvalues: 3.04093e-04 1.38266e-03 2.38040e-03 ... 1.22700e+00 1.22786e+00 1.23459e+00
Step   65 : Displace = [0m3.377e-02[0m/[0m6.549e-02[0m (rms/max) Trust = 3.000e-01 (=) Grad = [92m2.760e-04[0m/[0m6.713e-04[0m (rms/max) E (change) = -1011.9097120292 ([0m-6.947e-05[0m) Quality = [0m1.189[0m
Hessian Eigenvalues: 2.61095e-04 1.70654e-03 2.50901e-03 ... 1.22719e+00 1.22825e+00 1.23460e+00
Step   66 : Displace = [0m7.332e-02[0m/[0m1.746e-01[0m (rms/max) Trust = 3.000e-01 (=) Grad = [0m3.660e-04[0m/[0m9.288e-04[0m (rms/max) E (change) = -1011.9097334960 ([0m-2.147e-05[0m) Quality = [0m0.426[0m
Hessian Eigenvalues: 3.74164e-04 2.21695e-03 2.61041e-03 ... 1.22716e+00 1.22930e+00 1.23464e+00
Step   67 : Displace = [0m4.043e-02[0m/[0m1.020e-01[0m (rms/max) Trust = 3.000e-01 (=) Grad = [92m2.686e-04[0m/[0m7.301e-04[0m (rms/max) E (change) = -1011.9097736096 ([0m-4.011e-05[0m) Quality = [0m1.166[0m
Hessian Eigenvalues: 4.47572e-04 2.47562e-03 2.56514e-03 ... 1.22705e+00 1.22942e+00 1.23553e+00
Step   68 : Displace = [0m1.229e-02[0m/[0m2.325e-02[0m (rms/max) Trust = 3.000e-01 (=) Grad = [92m1.437e-04[0m/[92m3.146e-04[0m (rms/max) E (change) = -1011.9097939458 ([0m-2.034e-05[0m) Quality = [0m1.208[0m
Hessian Eigenvalues: 4.44948e-04 2.45755e-03 2.90616e-03 ... 1.22794e+00 1.23027e+00 1.23750e+00
Step   69 : Displace = [0m1.554e-02[0m/[0m2.850e-02[0m (rms/max) Trust = 3.000e-01 (=) Grad = [92m1.519e-04[0m/[92m4.181e-04[0m (rms/max) E (change) = -1011.9098203057 ([0m-2.636e-05[0m) Quality = [0m1.550[0m
Hessian Eigenvalues: 4.20809e-04 1.88236e-03 2.63044e-03 ... 1.22793e+00 1.22976e+00 1.23720e+00
Step   70 : Displace = [0m3.349e-02[0m/[0m6.592e-02[0m (rms/max) Trust = 3.000e-01 (=) Grad = [92m2.635e-04[0m/[0m6.238e-04[0m (rms/max) E (change) = -1011.9098553826 ([0m-3.508e-05[0m) Quality = [0m1.383[0m
Hessian Eigenvalues: 4.03552e-04 1.56328e-03 2.58562e-03 ... 1.22793e+00 1.22989e+00 1.23722e+00
Step   71 : Displace = [0m2.683e-02[0m/[0m5.578e-02[0m (rms/max) Trust = 3.000e-01 (=) Grad = [92m2.784e-04[0m/[0m7.647e-04[0m (rms/max) E (change) = -1011.9098830677 ([0m-2.769e-05[0m) Quality = [0m1.541[0m
Hessian Eigenvalues: 3.95702e-04 1.24376e-03 2.53801e-03 ... 1.22796e+00 1.22999e+00 1.23728e+00
Step   72 : Displace = [0m3.453e-02[0m/[0m7.081e-02[0m (rms/max) Trust = 3.000e-01 (=) Grad = [92m2.072e-04[0m/[0m6.715e-04[0m (rms/max) E (change) = -1011.9099187130 ([0m-3.565e-05[0m) Quality = [0m1.391[0m
Hessian Eigenvalues: 3.95865e-04 1.14470e-03 2.48402e-03 ... 1.22798e+00 1.22996e+00 1.23728e+00
Step   73 : Displace = [0m2.215e-02[0m/[0m4.297e-02[0m (rms/max) Trust = 3.000e-01 (=) Grad = [92m1.255e-04[0m/[92m3.122e-04[0m (rms/max) E (change) = -1011.9099421673 ([0m-2.345e-05[0m) Quality = [0m1.434[0m
Hessian Eigenvalues: 3.88892e-04 1.12999e-03 2.40685e-03 ... 1.22794e+00 1.22990e+00 1.23726e+00
Step   74 : Displace = [0m1.887e-02[0m/[0m3.714e-02[0m (rms/max) Trust = 3.000e-01 (=) Grad = [92m1.502e-04[0m/[92m3.986e-04[0m (rms/max) E (change) = -1011.9099626335 ([0m-2.047e-05[0m) Quality = [0m1.477[0m
Hessian Eigenvalues: 3.65542e-04 1.08219e-03 2.38635e-03 ... 1.22805e+00 1.22990e+00 1.23737e+00
Step   75 : Displace = [0m2.532e-02[0m/[0m5.327e-02[0m (rms/max) Trust = 3.000e-01 (=) Grad = [92m2.407e-04[0m/[0m6.111e-04[0m (rms/max) E (change) = -1011.9099872602 ([0m-2.463e-05[0m) Quality = [0m1.550[0m
Hessian Eigenvalues: 2.99712e-04 9.92069e-04 2.39763e-03 ... 1.22819e+00 1.22995e+00 1.23758e+00
Step   76 : Displace = [0m5.085e-02[0m/[0m1.104e-01[0m (rms/max) Trust = 3.000e-01 (=) Grad = [0m3.446e-04[0m/[0m1.061e-03[0m (rms/max) E (change) = -1011.9100282821 ([0m-4.102e-05[0m) Quality = [0m1.537[0m
Hessian Eigenvalues: 2.08454e-04 9.38002e-04 2.34902e-03 ... 1.22817e+00 1.22996e+00 1.23766e+00
Step   77 : Displace = [0m9.112e-02[0m/[0m2.002e-01[0m (rms/max) Trust = 3.000e-01 (=) Grad = [0m4.148e-04[0m/[0m1.312e-03[0m (rms/max) E (change) = -1011.9100883836 ([0m-6.010e-05[0m) Quality = [0m1.453[0m
Hessian Eigenvalues: 1.67183e-04 9.36910e-04 2.26721e-03 ... 1.22806e+00 1.22994e+00 1.23747e+00
Step   78 : Displace = [0m9.510e-02[0m/[0m2.099e-01[0m (rms/max) Trust = 3.000e-01 (=) Grad = [0m3.689e-04[0m/[0m1.028e-03[0m (rms/max) E (change) = -1011.9101539786 ([0m-6.559e-05[0m) Quality = [0m1.449[0m
Large rotations - reinitializing coordinates
Setting linear flag for Rotator 1-5
Setting linear flag for Rotator 6-10
Setting linear flag for Rotator 11-15
Setting linear flag for Rotator 16-20
Setting linear flag for Rotator 21-25
Setting linear flag for Rotator 26-30
Rebuilding Hessian using 1 gradients
Hessian Eigenvalues: -8.59150e-03 5.03580e-03 5.00000e-02 ... 1.22286e+00 1.22328e+00 1.22592e+00
Step   79 : Displace = [0m3.034e-01[0m/[0m6.946e-01[0m (rms/max) Trust = 3.000e-01 (=) Grad = [0m8.850e-03[0m/[0m1.596e-02[0m (rms/max) E (change) = -1011.8928666490 ([91m+1.729e-02[0m) Quality = [91m-1.485[0m
Hessian Eigenvalues: -8.59150e-03 5.03580e-03 5.00000e-02 ... 1.22286e+00 1.22328e+00 1.22592e+00
Step   80 : Displace = [0m1.510e-01[0m/[0m3.393e-01[0m (rms/max) Trust = 1.500e-01 ([1;91mx[0m) Grad = [0m4.804e-03[0m/[0m8.645e-03[0m (rms/max) E (change) = -1011.9058396853 ([91m+4.314e-03[0m) Quality = [91m-1.266[0m
Hessian Eigenvalues: -8.59150e-03 5.03580e-03 5.00000e-02 ... 1.22286e+00 1.22328e+00 1.22592e+00
Step   81 : Displace = [0m7.508e-02[0m/[0m1.626e-01[0m (rms/max) Trust = 7.500e-02 ([1;91mx[0m) Grad = [0m2.522e-03[0m/[0m4.628e-03[0m (rms/max) E (change) = -1011.9091820579 ([91m+9.719e-04[0m) Quality = [91m-0.870[0m
Hessian Eigenvalues: 3.70479e-03 1.84044e-02 5.00000e-02 ... 1.22321e+00 1.22371e+00 1.22610e+00
Step   82 : Displace = [0m3.647e-02[0m/[0m6.651e-02[0m (rms/max) Trust = 3.750e-02 ([91m-[0m) Grad = [0m4.950e-04[0m/[0m1.062e-03[0m (rms/max) E (change) = -1011.9102208188 ([0m-1.039e-03[0m) Quality = [0m1.050[0m
Hessian Eigenvalues: 3.79247e-03 2.08249e-02 4.93424e-02 ... 1.22326e+00 1.22347e+00 1.22607e+00
Step   83 : Displace = [0m8.922e-03[0m/[0m2.105e-02[0m (rms/max) Trust = 5.303e-02 ([92m+[0m) Grad = [92m1.124e-04[0m/[92m2.437e-04[0m (rms/max) E (change) = -1011.9102786626 ([0m-5.784e-05[0m) Quality = [0m1.186[0m
Hessian Eigenvalues: 3.59606e-03 2.46268e-02 3.62467e-02 ... 1.22326e+00 1.22351e+00 1.22606e+00
Step   84 : Displace = [0m9.891e-03[0m/[0m2.458e-02[0m (rms/max) Trust = 7.500e-02 ([92m+[0m) Grad = [92m1.017e-04[0m/[92m2.233e-04[0m (rms/max) E (change) = -1011.9103010809 ([0m-2.242e-05[0m) Quality = [0m1.784[0m
Hessian Eigenvalues: 1.18499e-03 1.38305e-02 3.05336e-02 ... 1.22327e+00 1.22383e+00 1.22614e+00
Step   85 : Displace = [0m6.839e-02[0m/[0m1.752e-01[0m (rms/max) Trust = 1.061e-01 ([92m+[0m) Grad = [0m3.581e-04[0m/[0m7.183e-04[0m (rms/max) E (change) = -1011.9104024837 ([0m-1.014e-04[0m) Quality = [0m1.402[0m
Hessian Eigenvalues: 6.13396e-04 1.25847e-02 3.19280e-02 ... 1.22327e+00 1.22401e+00 1.22622e+00
Step   86 : Displace = [0m7.931e-02[0m/[0m2.049e-01[0m (rms/max) Trust = 1.500e-01 ([92m+[0m) Grad = [0m4.544e-04[0m/[0m9.021e-04[0m (rms/max) E (change) = -1011.9104858142 ([0m-8.333e-05[0m) Quality = [0m1.479[0m
Hessian Eigenvalues: 3.87395e-04 1.23127e-02 3.15958e-02 ... 1.22332e+00 1.22375e+00 1.22614e+00
Step   87 : Displace = [0m9.327e-02[0m/[0m2.402e-01[0m (rms/max) Trust = 2.121e-01 ([92m+[0m) Grad = [0m3.686e-04[0m/[0m8.687e-04[0m (rms/max) E (change) = -1011.9105698474 ([0m-8.403e-05[0m) Quality = [0m1.363[0m
Hessian Eigenvalues: 3.61321e-04 1.24176e-02 3.10876e-02 ... 1.22331e+00 1.22362e+00 1.22606e+00
Step   88 : Displace = [0m5.668e-02[0m/[0m1.431e-01[0m (rms/max) Trust = 3.000e-01 ([92m+[0m) Grad = [92m1.940e-04[0m/[0m5.443e-04[0m (rms/max) E (change) = -1011.9106362672 ([0m-6.642e-05[0m) Quality = [0m1.492[0m
Hessian Eigenvalues: 3.10164e-04 1.27717e-02 2.40024e-02 ... 1.22326e+00 1.22384e+00 1.22622e+00
Step   89 : Displace = [0m6.019e-02[0m/[0m1.457e-01[0m (rms/max) Trust = 3.000e-01 (=) Grad = [92m1.887e-04[0m/[92m3.115e-04[0m (rms/max) E (change) = -1011.9106992620 ([0m-6.299e-05[0m) Quality = [0m1.418[0m
Hessian Eigenvalues: 2.65353e-04 1.21261e-02 1.42917e-02 ... 1.22330e+00 1.22413e+00 1.22648e+00
Step   90 : Displace = [0m5.680e-02[0m/[0m1.303e-01[0m (rms/max) Trust = 3.000e-01 (=) Grad = [92m2.667e-04[0m/[0m5.206e-04[0m (rms/max) E (change) = -1011.9107522497 ([0m-5.299e-05[0m) Quality = [0m1.498[0m
Hessian Eigenvalues: 2.47364e-04 6.74808e-03 1.39328e-02 ... 1.22335e+00 1.22384e+00 1.22626e+00
Step   91 : Displace = [0m5.864e-02[0m/[0m1.321e-01[0m (rms/max) Trust = 3.000e-01 (=) Grad = [92m2.902e-04[0m/[0m7.556e-04[0m (rms/max) E (change) = -1011.9108128781 ([0m-6.063e-05[0m) Quality = [0m1.438[0m
Hessian Eigenvalues: 2.37616e-04 4.45836e-03 1.41535e-02 ... 1.22337e+00 1.22367e+00 1.22610e+00
Step   92 : Displace = [0m4.561e-02[0m/[0m1.019e-01[0m (rms/max) Trust = 3.000e-01 (=) Grad = [92m2.260e-04[0m/[0m6.598e-04[0m (rms/max) E (change) = -1011.9108602986 ([0m-4.742e-05[0m) Quality = [0m1.381[0m
Hessian Eigenvalues: 2.36288e-04 3.75771e-03 1.41961e-02 ... 1.22321e+00 1.22387e+00 1.22634e+00
Step   93 : Displace = [0m2.533e-02[0m/[0m5.411e-02[0m (rms/max) Trust = 3.000e-01 (=) Grad = [92m1.473e-04[0m/[92m3.155e-04[0m (rms/max) E (change) = -1011.9108903299 ([0m-3.003e-05[0m) Quality = [0m1.444[0m
Hessian Eigenvalues: 2.35679e-04 3.44011e-03 1.42128e-02 ... 1.22326e+00 1.22393e+00 1.22641e+00
Step   94 : Displace = [0m1.966e-02[0m/[0m3.717e-02[0m (rms/max) Trust = 3.000e-01 (=) Grad = [92m1.514e-04[0m/[92m2.966e-04[0m (rms/max) E (change) = -1011.9109175050 ([0m-2.718e-05[0m) Quality = [0m1.464[0m
Hessian Eigenvalues: 2.32641e-04 2.93303e-03 1.29417e-02 ... 1.22353e+00 1.22386e+00 1.22623e+00
Step   95 : Displace = [0m2.153e-02[0m/[0m3.550e-02[0m (rms/max) Trust = 3.000e-01 (=) Grad = [92m2.172e-04[0m/[0m5.524e-04[0m (rms/max) E (change) = -1011.9109466599 ([0m-2.915e-05[0m) Quality = [0m1.502[0m
Hessian Eigenvalues: 2.26924e-04 2.20772e-03 8.55379e-03 ... 1.22356e+00 1.22371e+00 1.22631e+00
Step   96 : Displace = [0m3.007e-02[0m/[0m5.497e-02[0m (rms/max) Trust = 3.000e-01 (=) Grad = [92m2.597e-04[0m/[0m7.758e-04[0m (rms/max) E (change) = -1011.9109826548 ([0m-3.599e-05[0m) Quality = [0m1.479[0m
Hessian Eigenvalues: 2.21385e-04 1.60323e-03 7.05012e-03 ... 1.22323e+00 1.22376e+00 1.22644e+00
Step   97 : Displace = [0m3.544e-02[0m/[0m7.061e-02[0m (rms/max) Trust = 3.000e-01 (=) Grad = [92m2.242e-04[0m/[0m6.759e-04[0m (rms/max) E (change) = -1011.9110205357 ([0m-3.788e-05[0m) Quality = [0m1.426[0m
Hessian Eigenvalues: 2.15046e-04 1.33301e-03 6.57888e-03 ... 1.22305e+00 1.22376e+00 1.22642e+00
Step   98 : Displace = [0m3.177e-02[0m/[0m6.376e-02[0m (rms/max) Trust = 3.000e-01 (=) Grad = [92m1.295e-04[0m/[92m3.096e-04[0m (rms/max) E (change) = -1011.9110510515 ([0m-3.052e-05[0m) Quality = [0m1.415[0m
Hessian Eigenvalues: 2.17190e-04 1.13406e-03 6.52213e-03 ... 1.22317e+00 1.22370e+00 1.22624e+00
Step   99 : Displace = [0m2.261e-02[0m/[0m4.937e-02[0m (rms/max) Trust = 3.000e-01 (=) Grad = [92m1.155e-04[0m/[92m2.738e-04[0m (rms/max) E (change) = -1011.9110725353 ([0m-2.148e-05[0m) Quality = [0m1.376[0m
Hessian Eigenvalues: 2.05556e-04 1.10484e-03 5.99722e-03 ... 1.22338e+00 1.22365e+00 1.22613e+00
Step  100 : Displace = [0m2.655e-02[0m/[0m5.472e-02[0m (rms/max) Trust = 3.000e-01 (=) Grad = [92m1.614e-04[0m/[92m4.187e-04[0m (rms/max) E (change) = -1011.9110870348 ([0m-1.450e-05[0m) Quality = [0m1.354[0m
Hessian Eigenvalues: 2.89402e-04 7.59077e-04 5.47115e-03 ... 1.22327e+00 1.22431e+00 1.22715e+00
Step  101 : Displace = [0m3.153e-02[0m/[0m8.153e-02[0m (rms/max) Trust = 3.000e-01 (=) Grad = [92m2.162e-04[0m/[0m5.679e-04[0m (rms/max) E (change) = -1011.9111042054 ([0m-1.717e-05[0m) Quality = [0m1.127[0m
Hessian Eigenvalues: 3.03956e-04 7.91017e-04 4.47187e-03 ... 1.22331e+00 1.22439e+00 1.22718e+00
Step  102 : Displace = [0m3.325e-02[0m/[0m6.738e-02[0m (rms/max) Trust = 3.000e-01 (=) Grad = [92m1.964e-04[0m/[0m4.717e-04[0m (rms/max) E (change) = -1011.9111292867 ([0m-2.508e-05[0m) Quality = [0m1.620[0m
Hessian Eigenvalues: 2.73959e-04 6.22904e-04 3.52842e-03 ... 1.22331e+00 1.22475e+00 1.22902e+00
Step  103 : Displace = [0m7.315e-02[0m/[0m1.708e-01[0m (rms/max) Trust = 3.000e-01 (=) Grad = [92m1.979e-04[0m/[0m4.689e-04[0m (rms/max) E (change) = -1011.9112027046 ([0m-7.342e-05[0m) Quality = [0m1.916[0m
Hessian Eigenvalues: 1.49409e-06 5.26367e-04 3.98899e-03 ... 1.22354e+00 1.22572e+00 1.26210e+00
Step  104 : Displace = [0m2.995e-01[0m/[0m7.115e-01[0m (rms/max) Trust = 3.000e-01 (=) Grad = [0m1.070e-03[0m/[0m2.088e-03[0m (rms/max) E (change) = -1011.9124542382 ([0m-1.252e-03[0m) Quality = [0m3.899[0m
Hessian Eigenvalues: -1.34898e-03 1.84659e-04 2.00142e-03 ... 1.22344e+00 1.22567e+00 1.25528e+00
Step  105 : Displace = [0m3.110e-01[0m/[0m8.593e-01[0m (rms/max) Trust = 3.000e-01 (=) Grad = [0m4.598e-03[0m/[0m1.693e-02[0m (rms/max) E (change) = -1011.9090060989 ([91m+3.448e-03[0m) Quality = [91m-0.735[0m
Hessian Eigenvalues: 1.73548e-04 1.90838e-03 7.66378e-03 ... 1.22553e+00 1.22644e+00 1.25867e+00
Step  106 : Displace = [0m1.501e-01[0m/[0m3.715e-01[0m (rms/max) Trust = 1.500e-01 ([91m-[0m) Grad = [0m1.521e-03[0m/[0m3.485e-03[0m (rms/max) E (change) = -1011.9142293712 ([0m-5.223e-03[0m) Quality = [0m0.462[0m
Hessian Eigenvalues: 1.73988e-04 1.90882e-03 8.17155e-03 ... 1.22551e+00 1.22712e+00 1.26004e+00
Step  107 : Displace = [0m1.499e-01[0m/[0m3.195e-01[0m (rms/max) Trust = 1.500e-01 (=) Grad = [0m1.888e-03[0m/[0m4.477e-03[0m (rms/max) E (change) = -1011.9143461874 ([0m-1.168e-04[0m) Quality = [0m0.306[0m
Hessian Eigenvalues: 1.25547e-03 1.67771e-03 7.22048e-03 ... 1.22341e+00 1.22734e+00 1.24793e+00
Step  108 : Displace = [0m1.502e-01[0m/[0m3.844e-01[0m (rms/max) Trust = 1.500e-01 (=) Grad = [0m2.860e-03[0m/[0m8.543e-03[0m (rms/max) E (change) = -1011.9146362826 ([0m-2.901e-04[0m) Quality = [0m0.247[0m
Hessian Eigenvalues: 1.47886e-03 3.14448e-03 7.98796e-03 ... 1.22551e+00 1.23812e+00 1.24811e+00
Step  109 : Displace = [0m7.484e-02[0m/[0m1.516e-01[0m (rms/max) Trust = 7.500e-02 ([91m-[0m) Grad = [0m1.754e-03[0m/[0m4.224e-03[0m (rms/max) E (change) = -1011.9159181551 ([0m-1.282e-03[0m) Quality = [0m1.143[0m
Hessian Eigenvalues: 1.50328e-03 3.72766e-03 8.11457e-03 ... 1.22322e+00 1.22617e+00 1.25835e+00
Step  110 : Displace = [0m8.906e-02[0m/[0m2.508e-01[0m (rms/max) Trust = 1.061e-01 ([92m+[0m) Grad = [0m1.397e-03[0m/[0m2.637e-03[0m (rms/max) E (change) = -1011.9166281261 ([0m-7.100e-04[0m) Quality = [0m1.197[0m
Hessian Eigenvalues: 1.69747e-03 3.91862e-03 7.63599e-03 ... 1.22322e+00 1.22624e+00 1.26366e+00
Step  111 : Displace = [0m4.431e-02[0m/[0m9.097e-02[0m (rms/max) Trust = 1.500e-01 ([92m+[0m) Grad = [0m1.495e-03[0m/[0m4.160e-03[0m (rms/max) E (change) = -1011.9172500290 ([0m-6.219e-04[0m) Quality = [0m1.642[0m
Hessian Eigenvalues: 1.78375e-03 2.84021e-03 5.67661e-03 ... 1.22587e+00 1.23613e+00 1.25366e+00
Step  112 : Displace = [0m1.433e-01[0m/[0m3.410e-01[0m (rms/max) Trust = 2.121e-01 ([92m+[0m) Grad = [0m1.193e-03[0m/[0m2.867e-03[0m (rms/max) E (change) = -1011.9181960823 ([0m-9.461e-04[0m) Quality = [0m1.020[0m
Hessian Eigenvalues: 1.78580e-03 3.78683e-03 4.98411e-03 ... 1.22587e+00 1.23532e+00 1.24320e+00
Step  113 : Displace = [0m3.706e-02[0m/[0m9.078e-02[0m (rms/max) Trust = 3.000e-01 ([92m+[0m) Grad = [0m7.990e-04[0m/[0m1.546e-03[0m (rms/max) E (change) = -1011.9184355720 ([0m-2.395e-04[0m) Quality = [0m0.944[0m
Hessian Eigenvalues: 1.76850e-03 3.89152e-03 5.97240e-03 ... 1.22602e+00 1.22701e+00 1.24143e+00
Step  114 : Displace = [0m2.460e-02[0m/[0m6.103e-02[0m (rms/max) Trust = 3.000e-01 (=) Grad = [0m6.763e-04[0m/[0m1.441e-03[0m (rms/max) E (change) = -1011.9186698415 ([0m-2.343e-04[0m) Quality = [0m1.499[0m
Hessian Eigenvalues: 1.60460e-03 3.64622e-03 5.98244e-03 ... 1.22586e+00 1.24106e+00 1.27206e+00
Step  115 : Displace = [0m5.253e-02[0m/[0m1.128e-01[0m (rms/max) Trust = 3.000e-01 (=) Grad = [0m6.729e-04[0m/[0m1.488e-03[0m (rms/max) E (change) = -1011.9188747604 ([0m-2.049e-04[0m) Quality = [0m1.214[0m
Hessian Eigenvalues: 1.90837e-03 3.35503e-03 5.92945e-03 ... 1.22580e+00 1.24169e+00 1.26656e+00
Step  116 : Displace = [0m2.494e-02[0m/[0m5.380e-02[0m (rms/max) Trust = 3.000e-01 (=) Grad = [0m5.211e-04[0m/[0m1.126e-03[0m (rms/max) E (change) = -1011.9189783590 ([0m-1.036e-04[0m) Quality = [0m1.434[0m
Hessian Eigenvalues: 1.93985e-03 3.40855e-03 6.06223e-03 ... 1.22591e+00 1.24013e+00 1.25202e+00
Step  117 : Displace = [0m2.675e-02[0m/[0m5.390e-02[0m (rms/max) Trust = 3.000e-01 (=) Grad = [92m2.419e-04[0m/[0m5.519e-04[0m (rms/max) E (change) = -1011.9190695791 ([0m-9.122e-05[0m) Quality = [0m1.234[0m
Hessian Eigenvalues: 2.03942e-03 3.42669e-03 5.94541e-03 ... 1.22591e+00 1.23984e+00 1.26136e+00
Step  118 : Displace = [0m1.453e-02[0m/[0m3.552e-02[0m (rms/max) Trust = 3.000e-01 (=) Grad = [92m2.508e-04[0m/[0m5.484e-04[0m (rms/max) E (change) = -1011.9191130521 ([0m-4.347e-05[0m) Quality = [0m1.489[0m
Hessian Eigenvalues: 2.22349e-03 3.32282e-03 4.99970e-03 ... 1.22590e+00 1.24104e+00 1.26081e+00
Step  119 : Displace = [0m2.018e-02[0m/[0m4.571e-02[0m (rms/max) Trust = 3.000e-01 (=) Grad = [0m3.535e-04[0m/[0m8.437e-04[0m (rms/max) E (change) = -1011.9191626659 ([0m-4.961e-05[0m) Quality = [0m1.389[0m
Hessian Eigenvalues: 2.19795e-03 2.99470e-03 4.26580e-03 ... 1.22588e+00 1.24159e+00 1.25699e+00
Step  120 : Displace = [0m1.875e-02[0m/[0m4.699e-02[0m (rms/max) Trust = 3.000e-01 (=) Grad = [0m3.418e-04[0m/[0m8.794e-04[0m (rms/max) E (change) = -1011.9191984760 ([0m-3.581e-05[0m) Quality = [0m1.441[0m
Hessian Eigenvalues: 1.95907e-03 2.71634e-03 4.13622e-03 ... 1.22581e+00 1.24027e+00 1.25977e+00
Step  121 : Displace = [0m1.944e-02[0m/[0m4.195e-02[0m (rms/max) Trust = 3.000e-01 (=) Grad = [92m2.484e-04[0m/[0m5.904e-04[0m (rms/max) E (change) = -1011.9192280956 ([0m-2.962e-05[0m) Quality = [0m1.391[0m
Hessian Eigenvalues: 1.88886e-03 2.60478e-03 4.14986e-03 ... 1.22574e+00 1.23923e+00 1.26184e+00
Step  122 : Displace = [0m1.299e-02[0m/[0m2.602e-02[0m (rms/max) Trust = 3.000e-01 (=) Grad = [92m1.610e-04[0m/[92m3.332e-04[0m (rms/max) E (change) = -1011.9192475101 ([0m-1.941e-05[0m) Quality = [0m1.397[0m
Hessian Eigenvalues: 1.88473e-03 2.59115e-03 4.15961e-03 ... 1.22556e+00 1.23863e+00 1.25990e+00
Step  123 : Displace = [0m9.054e-03[0m/[0m1.768e-02[0m (rms/max) Trust = 3.000e-01 (=) Grad = [92m1.439e-04[0m/[92m3.077e-04[0m (rms/max) E (change) = -1011.9192604360 ([0m-1.293e-05[0m) Quality = [0m1.392[0m
Hessian Eigenvalues: 1.96045e-03 2.50552e-03 4.12713e-03 ... 1.22539e+00 1.23837e+00 1.25829e+00
Step  124 : Displace = [0m7.871e-03[0m/[0m1.360e-02[0m (rms/max) Trust = 3.000e-01 (=) Grad = [92m1.364e-04[0m/[92m3.336e-04[0m (rms/max) E (change) = -1011.9192695790 ([0m-9.143e-06[0m) Quality = [0m1.439[0m
Hessian Eigenvalues: 1.93543e-03 2.41543e-03 4.02102e-03 ... 1.22534e+00 1.23839e+00 1.25968e+00
Step  125 : Displace = [0m8.434e-03[0m/[0m1.642e-02[0m (rms/max) Trust = 3.000e-01 (=) Grad = [92m1.031e-04[0m/[92m3.237e-04[0m (rms/max) E (change) = -1011.9192772276 ([0m-7.649e-06[0m) Quality = [0m1.427[0m
Hessian Eigenvalues: 1.86902e-03 2.25109e-03 3.69261e-03 ... 1.22534e+00 1.23839e+00 1.26126e+00
Step  126 : Displace = [0m8.887e-03[0m/[0m1.865e-02[0m (rms/max) Trust = 3.000e-01 (=) Grad = [92m7.296e-05[0m/[92m2.152e-04[0m (rms/max) E (change) = -1011.9192839085 ([0m-6.681e-06[0m) Quality = [0m1.437[0m
Hessian Eigenvalues: 1.64792e-03 2.23244e-03 3.36162e-03 ... 1.22541e+00 1.23839e+00 1.25967e+00
Step  127 : Displace = [0m9.281e-03[0m/[0m2.059e-02[0m (rms/max) Trust = 3.000e-01 (=) Grad = [92m9.258e-05[0m/[92m1.852e-04[0m (rms/max) E (change) = -1011.9192899499 ([0m-6.041e-06[0m) Quality = [0m1.457[0m
Hessian Eigenvalues: 1.41697e-03 2.19503e-03 3.15028e-03 ... 1.22538e+00 1.23839e+00 1.25895e+00
Step  128 : Displace = [0m9.642e-03[0m/[0m2.285e-02[0m (rms/max) Trust = 3.000e-01 (=) Grad = [92m1.160e-04[0m/[92m2.814e-04[0m (rms/max) E (change) = -1011.9192954907 ([0m-5.541e-06[0m) Quality = [0m1.447[0m
Hessian Eigenvalues: 1.21212e-03 2.17386e-03 3.03717e-03 ... 1.22536e+00 1.23849e+00 1.26049e+00
Step  129 : Displace = [0m9.701e-03[0m/[0m2.439e-02[0m (rms/max) Trust = 3.000e-01 (=) Grad = [92m1.078e-04[0m/[92m2.765e-04[0m (rms/max) E (change) = -1011.9193004823 ([0m-4.992e-06[0m) Quality = [0m1.430[0m
Hessian Eigenvalues: 1.09507e-03 2.12929e-03 3.01701e-03 ... 1.22529e+00 1.23853e+00 1.26076e+00
Step  130 : Displace = [0m8.126e-03[0m/[0m2.177e-02[0m (rms/max) Trust = 3.000e-01 (=) Grad = [92m7.730e-05[0m/[92m1.657e-04[0m (rms/max) E (change) = -1011.9193042702 ([0m-3.788e-06[0m) Quality = [0m1.392[0m
Hessian Eigenvalues: 1.04171e-03 2.06931e-03 3.06953e-03 ... 1.22523e+00 1.23823e+00 1.25957e+00
Step  131 : Displace = [0m5.461e-03[0m/[0m1.427e-02[0m (rms/max) Trust = 3.000e-01 (=) Grad = [92m5.358e-05[0m/[92m1.633e-04[0m (rms/max) E (change) = -1011.9193065952 ([0m-2.325e-06[0m) Quality = [0m1.385[0m
Hessian Eigenvalues: 1.01379e-03 1.97915e-03 3.10203e-03 ... 1.22513e+00 1.23742e+00 1.25973e+00
Step  132 : Displace = [0m3.949e-03[0m/[0m7.900e-03[0m (rms/max) Trust = 3.000e-01 (=) Grad = [92m4.467e-05[0m/[92m1.318e-04[0m (rms/max) E (change) = -1011.9193080734 ([0m-1.478e-06[0m) Quality = [0m1.425[0m
Hessian Eigenvalues: 9.78501e-04 1.90943e-03 3.05779e-03 ... 1.22506e+00 1.23695e+00 1.26098e+00
Step  133 : Displace = [0m3.592e-03[0m/[0m6.847e-03[0m (rms/max) Trust = 3.000e-01 (=) Grad = [92m3.758e-05[0m/[92m8.270e-05[0m (rms/max) E (change) = -1011.9193092577 ([0m-1.184e-06[0m) Quality = [0m1.467[0m
Hessian Eigenvalues: 9.31883e-04 1.86958e-03 2.97808e-03 ... 1.22506e+00 1.23735e+00 1.26110e+00
Step  134 : Displace = [0m3.601e-03[0m/[0m7.579e-03[0m (rms/max) Trust = 3.000e-01 (=) Grad = [92m3.320e-05[0m/[92m7.075e-05[0m (rms/max) E (change) = -1011.9193102537 ([92m-9.960e-07[0m) Quality = [0m1.438[0m
Hessian Eigenvalues: 8.80567e-04 1.88562e-03 2.86688e-03 ... 1.22508e+00 1.23777e+00 1.25943e+00
Step  135 : Displace = [0m3.659e-03[0m/[0m8.194e-03[0m (rms/max) Trust = 3.000e-01 (=) Grad = [92m3.789e-05[0m/[92m1.049e-04[0m (rms/max) E (change) = -1011.9193112005 ([92m-9.468e-07[0m) Quality = [0m1.504[0m
Hessian Eigenvalues: 8.19295e-04 1.88199e-03 2.58807e-03 ... 1.22514e+00 1.23747e+00 1.25964e+00
Step  136 : Displace = [0m4.294e-03[0m/[0m9.561e-03[0m (rms/max) Trust = 3.000e-01 (=) Grad = [92m4.483e-05[0m/[92m1.292e-04[0m (rms/max) E (change) = -1011.9193121958 ([92m-9.953e-07[0m) Quality = [0m1.470[0m
Hessian Eigenvalues: 7.41916e-04 1.81221e-03 2.11817e-03 ... 1.22509e+00 1.23685e+00 1.26143e+00
Step  137 : Displace = [0m5.442e-03[0m/[0m1.172e-02[0m (rms/max) Trust = 3.000e-01 (=) Grad = [92m4.547e-05[0m/[92m1.114e-04[0m (rms/max) E (change) = -1011.9193134235 ([0m-1.228e-06[0m) Quality = [0m1.513[0m
Hessian Eigenvalues: 6.53548e-04 1.55654e-03 1.99193e-03 ... 1.22503e+00 1.23668e+00 1.26168e+00
Step  138 : Displace = [0m6.410e-03[0m/[0m1.325e-02[0m (rms/max) Trust = 3.000e-01 (=) Grad = [92m3.768e-05[0m/[92m8.214e-05[0m (rms/max) E (change) = -1011.9193147252 ([0m-1.302e-06[0m) Quality = [0m1.422[0m
Hessian Eigenvalues: 5.92268e-04 1.38240e-03 1.99507e-03 ... 1.22497e+00 1.23680e+00 1.26020e+00
Step  139 : Displace = [0m5.838e-03[0m/[0m1.144e-02[0m (rms/max) Trust = 3.000e-01 (=) Grad = [92m3.033e-05[0m/[92m5.931e-05[0m (rms/max) E (change) = -1011.9193159265 ([0m-1.201e-06[0m) Quality = [0m1.469[0m
Hessian Eigenvalues: 5.64839e-04 1.30275e-03 2.01644e-03 ... 1.22495e+00 1.23686e+00 1.25955e+00
Step  140 : Displace = [0m4.305e-03[0m/[0m7.829e-03[0m (rms/max) Trust = 3.000e-01 (=) Grad = [92m2.947e-05[0m/[92m7.965e-05[0m (rms/max) E (change) = -1011.9193167097 ([92m-7.832e-07[0m) Quality = [0m1.270[0m
Hessian Eigenvalues: 5.46395e-04 1.27551e-03 2.02363e-03 ... 1.22494e+00 1.23678e+00 1.26074e+00
Step  141 : Displace = [0m3.103e-03[0m/[0m5.343e-03[0m (rms/max) Trust = 3.000e-01 (=) Grad = [92m2.610e-05[0m/[92m6.799e-05[0m (rms/max) E (change) = -1011.9193173893 ([92m-6.796e-07[0m) Quality = [0m1.519[0m
Hessian Eigenvalues: 5.26217e-04 1.27639e-03 2.02169e-03 ... 1.22498e+00 1.23690e+00 1.26100e+00
Step  142 : Displace = [0m2.487e-03[0m/[0m4.572e-03[0m (rms/max) Trust = 3.000e-01 (=) Grad = [92m1.931e-05[0m/[92m4.281e-05[0m (rms/max) E (change) = -1011.9193178761 ([92m-4.868e-07[0m) Quality = [0m1.418[0m
Hessian Eigenvalues: 5.02622e-04 1.28235e-03 2.02858e-03 ... 1.22498e+00 1.23690e+00 1.25994e+00
Step  143 : Displace = [0m2.096e-03[0m/[0m4.084e-03[0m (rms/max) Trust = 3.000e-01 (=) Grad = [92m1.698e-05[0m/[92m4.053e-05[0m (rms/max) E (change) = -1011.9193182373 ([92m-3.612e-07[0m) Quality = [0m1.441[0m
Hessian Eigenvalues: 4.82336e-04 1.28353e-03 2.02266e-03 ... 1.22536e+00 1.23748e+00 1.25953e+00
Step  144 : Displace = [0m1.669e-03[0m/[0m3.554e-03[0m (rms/max) Trust = 3.000e-01 (=) Grad = [92m1.729e-05[0m/[92m3.619e-05[0m (rms/max) E (change) = -1011.9193184876 ([92m-2.503e-07[0m) Quality = [0m1.482[0m
Hessian Eigenvalues: 4.66052e-04 1.27995e-03 1.99056e-03 ... 1.22572e+00 1.23744e+00 1.26119e+00
Step  145 : Displace = [0m1.511e-03[0m/[0m3.362e-03[0m (rms/max) Trust = 3.000e-01 (=) Grad = [92m1.585e-05[0m/[92m3.736e-05[0m (rms/max) E (change) = -1011.9193186933 ([92m-2.057e-07[0m) Quality = [0m1.472[0m
Hessian Eigenvalues: 4.53865e-04 1.26659e-03 1.95920e-03 ... 1.22570e+00 1.23742e+00 1.26132e+00
Step  146 : Displace = [0m1.582e-03[0m/[0m3.785e-03[0m (rms/max) Trust = 3.000e-01 (=) Grad = [92m1.392e-05[0m/[92m2.735e-05[0m (rms/max) E (change) = -1011.9193189530 ([92m-2.597e-07[0m) Quality = [0m1.791[0m
Hessian Eigenvalues: 4.34583e-04 1.22838e-03 1.89973e-03 ... 1.22573e+00 1.23793e+00 1.26018e+00
Step  147 : Displace = [0m2.136e-03[0m/[0m5.415e-03[0m (rms/max) Trust = 3.000e-01 (=) Grad = [92m1.801e-05[0m/[92m4.400e-05[0m (rms/max) E (change) = -1011.9193192268 ([92m-2.738e-07[0m) Quality = [0m1.469[0m
Hessian Eigenvalues: 4.12134e-04 1.13684e-03 1.72989e-03 ... 1.22573e+00 1.23783e+00 1.26021e+00
Step  148 : Displace = [0m2.604e-03[0m/[0m6.902e-03[0m (rms/max) Trust = 3.000e-01 (=) Grad = [92m2.542e-05[0m/[92m5.929e-05[0m (rms/max) E (change) = -1011.9193195282 ([92m-3.014e-07[0m) Quality = [0m1.414[0m
Hessian Eigenvalues: 3.84745e-04 1.00211e-03 1.55161e-03 ... 1.22576e+00 1.23761e+00 1.26161e+00
Step  149 : Displace = [0m2.980e-03[0m/[0m8.092e-03[0m (rms/max) Trust = 3.000e-01 (=) Grad = [92m2.822e-05[0m/[92m6.158e-05[0m (rms/max) E (change) = -1011.9193198462 ([92m-3.180e-07[0m) Quality = [0m1.348[0m
Hessian Eigenvalues: 3.57697e-04 9.03422e-04 1.47777e-03 ... 1.22576e+00 1.23745e+00 1.26180e+00
Step  150 : Displace = [0m2.884e-03[0m/[0m7.949e-03[0m (rms/max) Trust = 3.000e-01 (=) Grad = [92m2.431e-05[0m/[92m5.216e-05[0m (rms/max) E (change) = -1011.9193201270 ([92m-2.808e-07[0m) Quality = [0m1.230[0m
Hessian Eigenvalues: 3.32181e-04 8.52453e-04 1.44113e-03 ... 1.22575e+00 1.23737e+00 1.26040e+00
Step  151 : Displace = [0m2.680e-03[0m/[0m7.344e-03[0m (rms/max) Trust = 3.000e-01 (=) Grad = [92m2.077e-05[0m/[92m4.493e-05[0m (rms/max) E (change) = -1011.9193205282 ([92m-4.012e-07[0m) Quality = [0m1.806[0m
Hessian Eigenvalues: 3.05540e-04 8.19808e-04 1.41514e-03 ... 1.22574e+00 1.23732e+00 1.25949e+00
Step  152 : Displace = [0m2.631e-03[0m/[0m7.027e-03[0m (rms/max) Trust = 3.000e-01 (=) Grad = [92m2.466e-05[0m/[92m4.919e-05[0m (rms/max) E (change) = -1011.9193208730 ([92m-3.448e-07[0m) Quality = [0m1.517[0m
Hessian Eigenvalues: 2.80590e-04 7.91919e-04 1.39406e-03 ... 1.22575e+00 1.23734e+00 1.26053e+00
Step  153 : Displace = [0m2.576e-03[0m/[0m6.589e-03[0m (rms/max) Trust = 3.000e-01 (=) Grad = [92m2.794e-05[0m/[92m6.566e-05[0m (rms/max) E (change) = -1011.9193211360 ([92m-2.630e-07[0m) Quality = [0m1.152[0m
Hessian Eigenvalues: 2.64218e-04 7.68279e-04 1.37713e-03 ... 1.22572e+00 1.23738e+00 1.26105e+00
Step  154 : Displace = [0m2.105e-03[0m/[0m5.095e-03[0m (rms/max) Trust = 3.000e-01 (=) Grad = [92m2.255e-05[0m/[92m5.573e-05[0m (rms/max) E (change) = -1011.9193214665 ([92m-3.305e-07[0m) Quality = [0m1.710[0m
Hessian Eigenvalues: 2.58438e-04 7.48314e-04 1.36497e-03 ... 1.22575e+00 1.23736e+00 1.26030e+00
Step  155 : Displace = [0m1.307e-03[0m/[0m2.827e-03[0m (rms/max) Trust = 3.000e-01 (=) Grad = [92m1.283e-05[0m/[92m2.977e-05[0m (rms/max) E (change) = -1011.9193216440 ([92m-1.775e-07[0m) Quality = [0m1.366[0m
Hessian Eigenvalues: 2.56109e-04 7.26121e-04 1.35244e-03 ... 1.22569e+00 1.23729e+00 1.25946e+00
Step  156 : Displace = [92m9.231e-04[0m/[0m1.897e-03[0m (rms/max) Trust = 3.000e-01 (=) Grad = [92m1.261e-05[0m/[92m2.841e-05[0m (rms/max) E (change) = -1011.9193217485 ([92m-1.045e-07[0m) Quality = [0m1.082[0m
Hessian Eigenvalues: 2.48074e-04 6.87088e-04 1.32928e-03 ... 1.22567e+00 1.23710e+00 1.26120e+00
Step  157 : Displace = [92m1.186e-03[0m/[0m2.243e-03[0m (rms/max) Trust = 3.000e-01 (=) Grad = [92m2.195e-05[0m/[92m4.395e-05[0m (rms/max) E (change) = -1011.9193219826 ([92m-2.341e-07[0m) Quality = [0m2.004[0m
Hessian Eigenvalues: 2.31000e-04 6.22727e-04 1.27908e-03 ... 1.22563e+00 1.23720e+00 1.26340e+00
Step  158 : Displace = [0m1.990e-03[0m/[0m4.351e-03[0m (rms/max) Trust = 3.000e-01 (=) Grad = [92m3.290e-05[0m/[92m6.511e-05[0m (rms/max) E (change) = -1011.9193222918 ([92m-3.092e-07[0m) Quality = [0m1.622[0m
Hessian Eigenvalues: 1.96361e-04 5.39653e-04 1.19124e-03 ... 1.22563e+00 1.23725e+00 1.26271e+00
Step  159 : Displace = [0m3.400e-03[0m/[0m7.790e-03[0m (rms/max) Trust = 3.000e-01 (=) Grad = [92m4.058e-05[0m/[92m7.843e-05[0m (rms/max) E (change) = -1011.9193227345 ([92m-4.427e-07[0m) Quality = [0m1.372[0m
Hessian Eigenvalues: 1.52096e-04 4.76779e-04 1.10151e-03 ... 1.22572e+00 1.23755e+00 1.26155e+00
Step  160 : Displace = [0m5.090e-03[0m/[0m1.205e-02[0m (rms/max) Trust = 3.000e-01 (=) Grad = [92m3.929e-05[0m/[92m9.059e-05[0m (rms/max) E (change) = -1011.9193234818 ([92m-7.473e-07[0m) Quality = [0m1.563[0m
Hessian Eigenvalues: 1.19395e-04 4.47213e-04 1.04392e-03 ... 1.22570e+00 1.23750e+00 1.26055e+00
Step  161 : Displace = [0m5.968e-03[0m/[0m1.432e-02[0m (rms/max) Trust = 3.000e-01 (=) Grad = [92m3.049e-05[0m/[92m6.963e-05[0m (rms/max) E (change) = -1011.9193243103 ([92m-8.285e-07[0m) Quality = [0m1.434[0m
Hessian Eigenvalues: 1.02413e-04 4.32679e-04 1.00440e-03 ... 1.22568e+00 1.23745e+00 1.26129e+00
Step  162 : Displace = [0m5.757e-03[0m/[0m1.397e-02[0m (rms/max) Trust = 3.000e-01 (=) Grad = [92m3.097e-05[0m/[92m7.662e-05[0m (rms/max) E (change) = -1011.9193251693 ([92m-8.590e-07[0m) Quality = [0m1.414[0m
Hessian Eigenvalues: 9.15077e-05 4.22298e-04 9.76351e-04 ... 1.22567e+00 1.23749e+00 1.26244e+00
Step  163 : Displace = [0m5.532e-03[0m/[0m1.315e-02[0m (rms/max) Trust = 3.000e-01 (=) Grad = [92m4.383e-05[0m/[92m1.028e-04[0m (rms/max) E (change) = -1011.9193261501 ([92m-9.808e-07[0m) Quality = [0m1.514[0m
Hessian Eigenvalues: 7.95425e-05 4.11371e-04 9.51528e-04 ... 1.22568e+00 1.23753e+00 1.26199e+00
Step  164 : Displace = [0m6.400e-03[0m/[0m1.488e-02[0m (rms/max) Trust = 3.000e-01 (=) Grad = [92m5.414e-05[0m/[92m1.376e-04[0m (rms/max) E (change) = -1011.9193273107 ([0m-1.161e-06[0m) Quality = [0m1.502[0m
Hessian Eigenvalues: 6.74470e-05 4.01058e-04 9.33536e-04 ... 1.22569e+00 1.23752e+00 1.26062e+00
Step  165 : Displace = [0m7.820e-03[0m/[0m1.815e-02[0m (rms/max) Trust = 3.000e-01 (=) Grad = [92m5.327e-05[0m/[92m1.580e-04[0m (rms/max) E (change) = -1011.9193287351 ([0m-1.424e-06[0m) Quality = [0m1.523[0m
Hessian Eigenvalues: 5.84237e-05 3.93878e-04 9.26003e-04 ... 1.22568e+00 1.23749e+00 1.26014e+00
Step  166 : Displace = [0m8.406e-03[0m/[0m1.996e-02[0m (rms/max) Trust = 3.000e-01 (=) Grad = [92m4.210e-05[0m/[92m1.195e-04[0m (rms/max) E (change) = -1011.9193301365 ([0m-1.401e-06[0m) Quality = [0m1.385[0m
Hessian Eigenvalues: 5.40962e-05 3.92593e-04 9.25652e-04 ... 1.22568e+00 1.23752e+00 1.26110e+00
Step  167 : Displace = [0m7.122e-03[0m/[0m1.751e-02[0m (rms/max) Trust = 3.000e-01 (=) Grad = [92m3.496e-05[0m/[92m8.118e-05[0m (rms/max) E (change) = -1011.9193314965 ([0m-1.360e-06[0m) Quality = [0m1.442[0m
Hessian Eigenvalues: 5.17266e-05 3.94865e-04 9.27384e-04 ... 1.22568e+00 1.23757e+00 1.26170e+00
Step  168 : Displace = [0m5.560e-03[0m/[0m1.428e-02[0m (rms/max) Trust = 3.000e-01 (=) Grad = [92m3.895e-05[0m/[92m7.470e-05[0m (rms/max) E (change) = -1011.9193326946 ([0m-1.198e-06[0m) Quality = [0m1.436[0m
Hessian Eigenvalues: 4.96982e-05 3.96069e-04 9.27096e-04 ... 1.22569e+00 1.23754e+00 1.26058e+00
Step  169 : Displace = [0m4.176e-03[0m/[0m1.113e-02[0m (rms/max) Trust = 3.000e-01 (=) Grad = [92m3.819e-05[0m/[92m1.079e-04[0m (rms/max) E (change) = -1011.9193336731 ([92m-9.785e-07[0m) Quality = [0m1.521[0m
Hessian Eigenvalues: 4.79144e-05 3.96019e-04 9.25690e-04 ... 1.22569e+00 1.23746e+00 1.25953e+00
Step  170 : Displace = [0m2.961e-03[0m/[0m8.242e-03[0m (rms/max) Trust = 3.000e-01 (=) Grad = [92m2.815e-05[0m/[92m8.185e-05[0m (rms/max) E (change) = -1011.9193342851 ([92m-6.120e-07[0m) Quality = [0m1.413[0m
Hessian Eigenvalues: 4.70316e-05 3.95885e-04 9.23940e-04 ... 1.22565e+00 1.23742e+00 1.25991e+00
Step  171 : Displace = [0m1.510e-03[0m/[0m4.085e-03[0m (rms/max) Trust = 3.000e-01 (=) Grad = [92m1.750e-05[0m/[92m4.563e-05[0m (rms/max) E (change) = -1011.9193345583 ([92m-2.732e-07[0m) Quality = [0m1.230[0m
Hessian Eigenvalues: 4.66454e-05 3.95942e-04 9.22553e-04 ... 1.22562e+00 1.23750e+00 1.26092e+00
Step  172 : Displace = [92m6.328e-04[0m/[92m1.167e-03[0m (rms/max) Trust = 3.000e-01 (=) Grad = [92m1.388e-05[0m/[92m2.953e-05[0m (rms/max) E (change) = -1011.9193347043 ([92m-1.460e-07[0m) Quality = [0m1.352[0m
Converged! =D
