geometric-optimize called with the following command line:
/home/b6056633/miniconda3/envs/QUBEKitdev/bin/geometric-optimize --engine gaussian water2.com

                                        [91m())))))))))))))))/[0m                     
                                    [91m())))))))))))))))))))))))),[0m                
                                [91m*)))))))))))))))))))))))))))))))))[0m             
                        [94m#,[0m    [91m()))))))))/[0m                [91m.)))))))))),[0m          
                      [94m#%%%%,[0m  [91m())))))[0m                        [91m.))))))))*[0m        
                      [94m*%%%%%%,[0m  [91m))[0m              [93m..[0m              [91m,))))))).[0m      
                        [94m*%%%%%%,[0m         [93m***************/.[0m        [91m.)))))))[0m     
                [94m#%%/[0m      [94m(%%%%%%,[0m    [93m/*********************.[0m       [91m)))))))[0m    
              [94m.%%%%%%#[0m      [94m*%%%%%%,[0m  [93m*******/,[0m     [93m**********,[0m      [91m.))))))[0m   
                [94m.%%%%%%/[0m      [94m*%%%%%%,[0m  [93m**[0m              [93m********[0m      [91m.))))))[0m  
          [94m##[0m      [94m.%%%%%%/[0m      [94m(%%%%%%,[0m                  [93m,******[0m      [91m/)))))[0m  
        [94m%%%%%%[0m      [94m.%%%%%%#[0m      [94m*%%%%%%,[0m    [92m,/////.[0m       [93m******[0m      [91m))))))[0m 
      [94m#%[0m      [94m%%[0m      [94m.%%%%%%/[0m      [94m*%%%%%%,[0m  [92m////////,[0m      [93m*****/[0m     [91m,)))))[0m 
    [94m#%%[0m  [94m%%%[0m  [94m%%%#[0m      [94m.%%%%%%/[0m      [94m(%%%%%%,[0m  [92m///////.[0m     [93m/*****[0m      [91m))))).[0m
  [94m#%%%%.[0m      [94m%%%%%#[0m      [94m/%%%%%%*[0m      [94m#%%%%%%[0m   [92m/////)[0m     [93m******[0m      [91m))))),[0m
    [94m#%%%%##%[0m  [94m%%%#[0m      [94m.%%%%%%/[0m      [94m(%%%%%%,[0m  [92m///////.[0m     [93m/*****[0m      [91m))))).[0m
      [94m##[0m     [94m%%%[0m      [94m.%%%%%%/[0m      [94m*%%%%%%,[0m  [92m////////.[0m      [93m*****/[0m     [91m,)))))[0m 
        [94m#%%%%#[0m      [94m/%%%%%%/[0m      [94m(%%%%%%[0m      [92m/)/)//[0m       [93m******[0m      [91m))))))[0m 
          [94m##[0m      [94m.%%%%%%/[0m      [94m(%%%%%%,[0m                  [93m*******[0m      [91m))))))[0m  
                [94m.%%%%%%/[0m      [94m*%%%%%%,[0m  [93m**.[0m             [93m/*******[0m      [91m.))))))[0m  
              [94m*%%%%%%/[0m      [94m(%%%%%%[0m   [93m********/*..,*/*********[0m       [91m*))))))[0m   
                [94m#%%/[0m      [94m(%%%%%%,[0m    [93m*********************/[0m        [91m)))))))[0m    
                        [94m*%%%%%%,[0m         [93m,**************/[0m         [91m,))))))/[0m     
                      [94m(%%%%%%[0m   [91m()[0m                              [91m))))))))[0m       
                      [94m#%%%%,[0m  [91m())))))[0m                        [91m,)))))))),[0m        
                        [94m#,[0m    [91m())))))))))[0m                [91m,)))))))))).[0m          
                                 [91m()))))))))))))))))))))))))))))))/[0m             
                                    [91m())))))))))))))))))))))))).[0m                
                                         [91m())))))))))))))),[0m                     

-=# [1;94m geomeTRIC started. Version: 0.9.5.1+215.gc0b60f4 [0m #=-
Gaussian engine selected. Expecting Gaussian input for gradient calculation. 
The gaussian engine exe is set as g0918 internal coordinates being used (instead of 18 Cartesians)
Internal coordinate system (atoms numbered from 1):
Distance 1-2
Distance 1-3
Distance 4-5
Distance 4-6
Angle 2-1-3
Angle 5-4-6
Translation-X 1-3
Translation-X 4-6
Translation-Y 1-3
Translation-Y 4-6
Translation-Z 1-3
Translation-Z 4-6
Rotation-A 1-3
Rotation-A 4-6
Rotation-B 1-3
Rotation-B 4-6
Rotation-C 1-3
Rotation-C 4-6
<class 'geometric.internal.Distance'> : 4
<class 'geometric.internal.Angle'> : 2
<class 'geometric.internal.TranslationX'> : 2
<class 'geometric.internal.TranslationY'> : 2
<class 'geometric.internal.TranslationZ'> : 2
<class 'geometric.internal.RotationA'> : 2
<class 'geometric.internal.RotationB'> : 2
<class 'geometric.internal.RotationC'> : 2
Step    0 : Gradient = 4.640e-02/6.045e-02 (rms/max) Energy = -149.9331787305
Hessian Eigenvalues: 5.00000e-02 5.00000e-02 5.00000e-02 ... 5.60798e-01 5.60798e-01 5.60816e-01
Step    1 : Displace = [0m6.047e-02[0m/[0m1.032e-01[0m (rms/max) Trust = 1.000e-01 (=) Grad = [0m7.999e-03[0m/[0m1.290e-02[0m (rms/max) E (change) = -149.9392399167 ([0m-6.061e-03[0m) Quality = [0m0.858[0m
Hessian Eigenvalues: 4.53654e-02 5.00000e-02 5.00000e-02 ... 5.60798e-01 5.60802e-01 6.18670e-01
Step    2 : Displace = [0m3.131e-02[0m/[0m5.329e-02[0m (rms/max) Trust = 1.414e-01 ([92m+[0m) Grad = [0m3.123e-03[0m/[0m3.943e-03[0m (rms/max) E (change) = -149.9396602705 ([0m-4.204e-04[0m) Quality = [0m0.986[0m
Hessian Eigenvalues: 2.93079e-02 4.99408e-02 5.00000e-02 ... 5.60416e-01 5.60798e-01 5.61224e-01
Step    3 : Displace = [0m2.793e-02[0m/[0m4.606e-02[0m (rms/max) Trust = 2.000e-01 ([92m+[0m) Grad = [0m2.065e-03[0m/[0m2.989e-03[0m (rms/max) E (change) = -149.9398958335 ([0m-2.356e-04[0m) Quality = [0m1.303[0m
Hessian Eigenvalues: 1.52357e-02 4.98356e-02 5.00000e-02 ... 5.60747e-01 5.61157e-01 7.65978e-01
Step    4 : Displace = [0m3.710e-02[0m/[0m5.391e-02[0m (rms/max) Trust = 2.828e-01 ([92m+[0m) Grad = [0m1.786e-03[0m/[0m2.036e-03[0m (rms/max) E (change) = -149.9400518220 ([0m-1.560e-04[0m) Quality = [0m1.427[0m
Hessian Eigenvalues: 8.65630e-03 4.74787e-02 5.00000e-02 ... 5.60764e-01 5.61689e-01 7.23255e-01
Step    5 : Displace = [0m4.007e-02[0m/[0m5.646e-02[0m (rms/max) Trust = 3.000e-01 ([92m+[0m) Grad = [0m6.704e-04[0m/[0m9.078e-04[0m (rms/max) E (change) = -149.9401447139 ([0m-9.289e-05[0m) Quality = [0m1.263[0m
Hessian Eigenvalues: 7.28798e-03 4.25593e-02 5.00000e-02 ... 5.60790e-01 5.61528e-01 6.87392e-01
Step    6 : Displace = [0m1.839e-02[0m/[0m3.013e-02[0m (rms/max) Trust = 3.000e-01 (=) Grad = [0m3.885e-04[0m/[0m4.599e-04[0m (rms/max) E (change) = -149.9401739337 ([0m-2.922e-05[0m) Quality = [0m1.345[0m
Hessian Eigenvalues: 6.00346e-03 2.60656e-02 4.98606e-02 ... 5.60886e-01 5.64007e-01 7.28787e-01
Step    7 : Displace = [0m1.767e-02[0m/[0m2.822e-02[0m (rms/max) Trust = 3.000e-01 (=) Grad = [0m6.066e-04[0m/[0m7.979e-04[0m (rms/max) E (change) = -149.9401981451 ([0m-2.421e-05[0m) Quality = [0m1.381[0m
Hessian Eigenvalues: 4.02539e-03 1.51851e-02 4.98828e-02 ... 5.60890e-01 5.76932e-01 7.47439e-01
Step    8 : Displace = [0m2.740e-02[0m/[0m4.325e-02[0m (rms/max) Trust = 3.000e-01 (=) Grad = [0m8.785e-04[0m/[0m9.663e-04[0m (rms/max) E (change) = -149.9402410199 ([0m-4.287e-05[0m) Quality = [0m1.669[0m
Hessian Eigenvalues: 1.24574e-03 1.15845e-02 4.96598e-02 ... 5.61019e-01 5.81580e-01 7.59681e-01
Step    9 : Displace = [0m1.122e-01[0m/[0m1.774e-01[0m (rms/max) Trust = 3.000e-01 (=) Grad = [0m1.711e-03[0m/[0m2.199e-03[0m (rms/max) E (change) = -149.9404141117 ([0m-1.731e-04[0m) Quality = [0m1.632[0m
Hessian Eigenvalues: 3.75597e-04 1.12143e-02 4.99020e-02 ... 5.61539e-01 5.81771e-01 7.72014e-01
Step   10 : Displace = [0m3.300e-01[0m/[0m5.445e-01[0m (rms/max) Trust = 3.000e-01 (=) Grad = [0m3.255e-03[0m/[0m4.843e-03[0m (rms/max) E (change) = -149.9404253591 ([0m-1.125e-05[0m) Quality = [0m0.036[0m
Hessian Eigenvalues: 9.66095e-04 1.11330e-02 4.98850e-02 ... 5.61754e-01 5.81949e-01 7.62076e-01
Step   11 : Displace = [0m1.516e-01[0m/[0m2.412e-01[0m (rms/max) Trust = 1.500e-01 ([91m-[0m) Grad = [0m1.997e-03[0m/[0m2.770e-03[0m (rms/max) E (change) = -149.9408500754 ([0m-4.247e-04[0m) Quality = [0m1.096[0m
Hessian Eigenvalues: 1.50366e-03 1.11002e-02 4.64599e-02 ... 5.61720e-01 5.81547e-01 7.23366e-01
Step   12 : Displace = [0m2.725e-02[0m/[0m3.992e-02[0m (rms/max) Trust = 2.121e-01 ([92m+[0m) Grad = [0m1.120e-03[0m/[0m1.408e-03[0m (rms/max) E (change) = -149.9410823038 ([0m-2.322e-04[0m) Quality = [0m1.542[0m
Hessian Eigenvalues: 1.17362e-03 1.01926e-02 3.91782e-02 ... 5.62367e-01 5.81819e-01 7.08325e-01
Step   13 : Displace = [0m1.122e-01[0m/[0m1.772e-01[0m (rms/max) Trust = 3.000e-01 ([92m+[0m) Grad = [0m5.097e-04[0m/[0m8.289e-04[0m (rms/max) E (change) = -149.9412297184 ([0m-1.474e-04[0m) Quality = [0m0.842[0m
Hessian Eigenvalues: 1.24358e-03 1.10370e-02 4.02291e-02 ... 5.62238e-01 5.82030e-01 7.08214e-01
Step   14 : Displace = [0m1.669e-02[0m/[0m2.512e-02[0m (rms/max) Trust = 3.000e-01 (=) Grad = [92m1.637e-04[0m/[92m2.601e-04[0m (rms/max) E (change) = -149.9412400459 ([0m-1.033e-05[0m) Quality = [0m0.831[0m
Hessian Eigenvalues: 1.18473e-03 1.42607e-02 3.80768e-02 ... 5.63028e-01 5.82959e-01 7.07532e-01
Step   15 : Displace = [0m4.879e-03[0m/[0m6.312e-03[0m (rms/max) Trust = 3.000e-01 (=) Grad = [92m1.108e-04[0m/[92m1.740e-04[0m (rms/max) E (change) = -149.9412419677 ([0m-1.922e-06[0m) Quality = [0m1.284[0m
Hessian Eigenvalues: 1.23573e-03 9.83859e-03 3.32694e-02 ... 5.63675e-01 5.81785e-01 7.22992e-01
Step   16 : Displace = [0m3.098e-03[0m/[0m4.907e-03[0m (rms/max) Trust = 3.000e-01 (=) Grad = [92m8.588e-05[0m/[92m1.239e-04[0m (rms/max) E (change) = -149.9412434882 ([0m-1.520e-06[0m) Quality = [0m1.441[0m
Hessian Eigenvalues: 1.24592e-03 7.13256e-03 2.65800e-02 ... 5.65459e-01 5.83940e-01 7.23734e-01
Step   17 : Displace = [0m4.549e-03[0m/[0m6.112e-03[0m (rms/max) Trust = 3.000e-01 (=) Grad = [92m3.550e-05[0m/[92m5.041e-05[0m (rms/max) E (change) = -149.9412442975 ([92m-8.093e-07[0m) Quality = [0m1.140[0m
Hessian Eigenvalues: 1.23112e-03 7.42986e-03 2.43108e-02 ... 5.65033e-01 5.83964e-01 7.16435e-01
Step   18 : Displace = [92m7.335e-04[0m/[92m1.022e-03[0m (rms/max) Trust = 3.000e-01 (=) Grad = [92m8.145e-06[0m/[92m1.067e-05[0m (rms/max) E (change) = -149.9412443448 ([92m-4.728e-08[0m) Quality = [0m1.150[0m
Hessian Eigenvalues: 1.23112e-03 7.42986e-03 2.43108e-02 ... 5.65033e-01 5.83964e-01 7.16435e-01
Converged! =D

    #==========================================================================#
    #| If this code has benefited your research, please support us by citing: |#
    #|                                                                        |#
    #| Wang, L.-P.; Song, C.C. (2016) "Geometry optimization made simple with |#
    #| translation and rotation coordinates", J. Chem, Phys. 144, 214108.     |#
    #| http://dx.doi.org/10.1063/1.4952956                                    |#
    #==========================================================================#
    Time elapsed since start of run_optimizer: 20.664 seconds
