Input coordinates have 11 frames. The following will be used to initialize NEB images:
0, 1, 2, 3, 4, 5, 6, 7, 8, 9, 10
Optimizing the chain.
Metric completed in 0.002 seconds, maxerr = 0.000e+00
-=# Chain optimization cycle 0 #=-
Spring Force: 0.20 kcal/mol/Ang^2
Image Number          :     0       1       2       3       4       5       6       7       8       9      10  
                        [94m  (min)[0m   ---->   ---->   ---->   (max)   <----   <----   (min)   (max)   <---- [94m  (min)[0m
Energies  (kcal/mol)  :  14.668  21.459  39.037  55.605  62.173  35.851   5.845   0.760   0.762   0.741   0.000
Spacing (Ang)         :       0.272   0.191   0.162   0.174   0.221   0.237   0.288   0.219   0.177   0.133 
Gradients (eV/Ang)    :   0.933   1.564   1.475   1.807   1.617   2.061   2.359   2.311   2.374   2.357   1.249
Straightness          :   1.000   0.593   0.976   0.918   0.938   0.967   0.304   0.860   0.976   0.997   1.000
-= Chain Properties =-
@ GAvg(eV/Ang)  GMax(eV/Ang)   Length(Ang)  DeltaE(kcal)   RMSD(Ang) TrustRad(Ang)  Step Quality
@     1.9916        2.3739        2.0742  
-=# Chain optimization cycle 1 #=-
Time since last ComputeChain: 0.003 s
Hessian Eigenvalues (Working) :  5.0000e-02  5.0000e-02  5.0000e-02  5.0000e-02  5.0000e-02 ...  1.0000e+00  1.0000e+00  1.0000e+00  1.0000e+00  1.0000e+00
Image Number          :     0       1       2       3       4       5       6       7       8       9      10  
                        [94m  (min)[0m   ---->   ---->   ---->   (max)   <----   <----   (min)   (max)   <---- [94m  (min)[0m
Energies  (kcal/mol)  :  14.668  21.284  38.869  55.486  62.174  36.290   6.896   1.826   2.001   1.971   0.000
Spacing (Ang)         :       0.279   0.195   0.165   0.174   0.224   0.243   0.295   0.227   0.180   0.136 
Gradients (eV/Ang)    :   0.933   1.764   1.209   1.466   1.467   2.520   3.826   3.713   3.918   3.889   1.249
Straightness          :   1.000   0.578   0.981   0.911   0.943   0.965   0.339   0.858   0.974   0.970   1.000

  GAvg(eV/Ang)  GMax(eV/Ang)   Length(Ang)  DeltaE(kcal)   RMSD(Ang)  TrustRad(Ang)  Step Quality
@     2.6415        3.9176        2.1185        0.4154      0.0246      0.1000 (=)   -0.35 (Poor)
-=# Chain optimization cycle 2 #=-
Time since last ComputeChain: 0.007 s
Hessian Eigenvalues (Working) :  4.9999e-02  5.0000e-02  5.0000e-02  5.0000e-02  5.0000e-02 ...  1.0000e+00  1.0000e+00  1.0000e+00  1.0000e+00  2.5805e+00
Hessian Eigenvalues (Plain)   :  4.9993e-02  5.0000e-02  5.0000e-02  5.0000e-02  5.0000e-02 ...  1.0000e+00  1.0000e+00  1.0000e+00  1.0000e+00  2.6177e+00
Image Number          :     0       1       2       3       4       5       6       7       8       9      10  
                        [94m  (min)[0m   ---->   ---->   ---->   (max)   <----   <----   <----   <----   (min) [94m  (min)[0m
Energies  (kcal/mol)  :  14.748  20.919  38.724  55.226  61.920  35.395   4.978   0.013   0.000   0.000   0.080
Spacing (Ang)         :       0.277   0.194   0.164   0.174   0.223   0.241   0.293   0.225   0.180   0.134 
Gradients (eV/Ang)    :   0.933   0.519   0.607   0.822   0.755   0.993   0.856   0.885   0.868   0.863   1.249
Straightness          :   1.000   0.579   0.980   0.910   0.938   0.966   0.327   0.855   0.975   0.982   1.000

  GAvg(eV/Ang)  GMax(eV/Ang)   Length(Ang)  DeltaE(kcal)   RMSD(Ang)  TrustRad(Ang)  Step Quality
@     0.7963        0.9931        2.1064       -0.9403      0.0124      0.0123 ([91m-[0m)    1.40 (Good)
-=# Chain optimization cycle 3 #=-
Time since last ComputeChain: 0.010 s
Hessian Eigenvalues (Working) :  4.9998e-02  5.0000e-02  5.0000e-02  5.0000e-02  5.0000e-02 ...  1.0000e+00  1.0000e+00  1.0000e+00  1.0010e+00  2.4647e+00
Hessian Eigenvalues (Plain)   :  4.9993e-02  4.9999e-02  5.0000e-02  5.0000e-02  5.0000e-02 ...  1.0000e+00  1.0000e+00  1.0000e+00  1.0164e+00  2.4926e+00
Image Number          :     0       1       2       3       4       5       6       7       8       9      10  
                        [94m  (min)[0m   ---->   ---->   ---->   (max)   <----   <----   (min)   ---->   ----> [94m  (min)[0m
Energies  (kcal/mol)  :  14.857  21.004  38.806  55.223  61.961  35.436   5.021   0.000   0.000   0.001   0.189
Spacing (Ang)         :       0.277   0.193   0.162   0.174   0.221   0.239   0.293   0.226   0.178   0.136 
Gradients (eV/Ang)    :   0.933   0.164   0.400   0.542   0.530   0.739   0.184   0.115   0.217   0.222   1.249
Straightness          :   1.000   0.570   0.980   0.913   0.935   0.972   0.316   0.852   0.975   0.982   1.000

  GAvg(eV/Ang)  GMax(eV/Ang)   Length(Ang)  DeltaE(kcal)   RMSD(Ang)  TrustRad(Ang)  Step Quality
@     0.3457        0.7391        2.0993       -0.0639      0.0080      0.0174 ([92m+[0m)    1.13 (Good)
-=# Chain optimization cycle 4 #=-
Time since last ComputeChain: 0.006 s
Hessian Eigenvalues (Working) :  4.9998e-02  4.9999e-02  5.0000e-02  5.0000e-02  5.0000e-02 ...  1.0000e+00  1.0000e+00  1.0005e+00  1.5621e+00  2.2973e+00
Hessian Eigenvalues (Plain)   :  4.9986e-02  4.9993e-02  4.9999e-02  5.0000e-02  5.0000e-02 ...  1.0000e+00  1.0000e+00  1.0055e+00  1.5663e+00  2.3568e+00
--== Images set to Climbing Mode: 4 ==--
Image Number          :     0       1       2       3       4       5       6       7       8       9      10  
                        [94m  (min)[0m   ---->   ---->   ---->   (^_^)   <----   <----   (min)   ---->   ----> [94m  (min)[0m
Energies  (kcal/mol)  :  14.860  21.000  38.783  55.169  61.915  35.376   5.016   0.000   0.004   0.005   0.192
Spacing (Ang)         :       0.278   0.194   0.162   0.174   0.222   0.240   0.293   0.226   0.178   0.136 
Gradients (eV/Ang)    :   0.933   0.031   0.033   0.049   0.517   0.285   0.299   0.175   0.299   0.303   1.249
Straightness          :   1.000   0.572   0.980   0.915   0.937   0.966   0.325   0.849   0.975   0.982   1.000

  GAvg(eV/Ang)  GMax(eV/Ang)   Length(Ang)  DeltaE(kcal)   RMSD(Ang)  TrustRad(Ang)  Step Quality
@     0.2212        0.5175        2.1027       -0.0191      0.0045      0.0246 ([92m+[0m)    0.72 (Good)
-=# Chain optimization cycle 5 #=-
Time since last ComputeChain: 0.006 s
Hessian Eigenvalues (Working) :  4.9895e-02  4.9999e-02  5.0000e-02  5.0000e-02  5.0000e-02 ...  1.0000e+00  1.0004e+00  1.0039e+00  2.0818e+00  2.7703e+00
Hessian Eigenvalues (Plain)   :  4.9983e-02  4.9993e-02  4.9998e-02  5.0000e-02  5.0000e-02 ...  1.0000e+00  1.0051e+00  1.0189e+00  2.0535e+00  2.5223e+00
Image Number          :     0       1       2       3       4       5       6       7       8       9      10  
                        [94m  (min)[0m [94m  ---->[0m   ---->   ---->   (^_^)   <----   <----   <----   (min)   ----> [94m  (min)[0m
Energies  (kcal/mol)  :  14.867  21.006  38.797  55.242  62.100  35.260   5.013   0.003   0.000   0.001   0.199
Spacing (Ang)         :       0.278   0.194   0.163   0.168   0.228   0.239   0.293   0.227   0.178   0.136 
Gradients (eV/Ang)    :   0.933   0.019   0.161   0.217   0.462   0.157   0.030   0.082   0.060   0.059   1.249
Straightness          :   1.000   0.573   0.979   0.917   0.937   0.969   0.325   0.849   0.975   0.981   1.000

  GAvg(eV/Ang)  GMax(eV/Ang)   Length(Ang)  DeltaE(kcal)   RMSD(Ang)  TrustRad(Ang)  Step Quality
@     0.1384        0.4618        2.1038        0.0081      0.0053      0.0348 ([92m+[0m)    0.75 (Good)
-=# Chain optimization cycle 6 #=-
Time since last ComputeChain: 0.009 s
Hessian Eigenvalues (Working) :  4.9824e-02  4.9998e-02  4.9999e-02  5.0000e-02  5.0000e-02 ...  1.0004e+00  1.0020e+00  1.3197e+00  1.9148e+00  3.1331e+00
Hessian Eigenvalues (Plain)   :  4.5020e-02  4.9987e-02  4.9994e-02  4.9999e-02  5.0000e-02 ...  1.0028e+00  1.0075e+00  1.4097e+00  2.1563e+00  5.1691e+00
Image Number          :     0       1       2       3       4       5       6       7       8       9      10  
                        [94m  (min)[0m [94m  ---->[0m   ---->   ---->   (^_^)   <----   <----   <----   (min)   ----> [94m  (min)[0m
Energies  (kcal/mol)  :  14.862  21.000  38.799  55.419  62.479  34.898   5.007   0.013   0.000   0.000   0.194
Spacing (Ang)         :       0.278   0.194   0.164   0.148   0.247   0.237   0.293   0.228   0.178   0.136 
Gradients (eV/Ang)    :   0.933   0.019   0.049   0.092   0.234   0.252   0.086   0.341   0.177   0.170   1.249
Straightness          :   1.000   0.571   0.980   0.928   0.937   0.967   0.330   0.844   0.975   0.979   1.000

  GAvg(eV/Ang)  GMax(eV/Ang)   Length(Ang)  DeltaE(kcal)   RMSD(Ang)  TrustRad(Ang)  Step Quality
@     0.1576        0.3408        2.1049        0.0222      0.0179      0.0492 ([92m+[0m)    0.42 (Okay)
-=# Chain optimization cycle 7 #=-
Time since last ComputeChain: 0.006 s
Hessian Eigenvalues (Working) :  4.9817e-02  4.9998e-02  5.0000e-02  5.0000e-02  5.0000e-02 ...  1.0019e+00  1.0584e+00  1.5873e+00  1.8056e+00  3.3422e+00
Hessian Eigenvalues (Plain)   : -2.9532e-01  4.9830e-02  4.9989e-02  4.9994e-02  4.9997e-02 ...  1.0027e+00  1.0070e+00  1.0783e+00  1.8280e+00  2.6157e+00
Image Number          :     0       1       2       3       4       5       6       7       8       9      10  
                        [94m  (min)[0m [94m  ---->[0m   ---->   ---->   (^_^)   <----   <----   <----   (min)   ----> [94m  (min)[0m
Energies  (kcal/mol)  :  14.865  21.003  38.802  55.575  62.542  34.592   5.028   0.011   0.000   0.001   0.196
Spacing (Ang)         :       0.278   0.194   0.166   0.133   0.263   0.235   0.294   0.228   0.178   0.136 
Gradients (eV/Ang)    :   0.933   0.018   0.061   0.126   0.160   0.116   0.286   0.282   0.100   0.112   1.249
Straightness          :   1.000   0.571   0.979   0.936   0.931   0.968   0.326   0.844   0.975   0.979   1.000

  GAvg(eV/Ang)  GMax(eV/Ang)   Length(Ang)  DeltaE(kcal)   RMSD(Ang)  TrustRad(Ang)  Step Quality
@     0.1400        0.2865        2.1049       -0.0078      0.0142      0.0492 (=)    0.38 (Okay)
-=# Chain optimization cycle 8 #=-
Time since last ComputeChain: 0.006 s
Hessian Eigenvalues (Working) :  4.9920e-02  4.9998e-02  4.9999e-02  5.0000e-02  5.0000e-02 ...  1.0067e+00  1.1587e+00  1.7159e+00  2.2824e+00  3.0315e+00
Hessian Eigenvalues (Plain)   : -8.3416e+00  2.0460e-03  4.9991e-02  4.9992e-02  4.9997e-02 ...  1.0061e+00  1.0426e+00  1.1167e+00  1.7402e+00  2.6804e+00
Image Number          :     0       1       2       3       4       5       6       7       8       9      10  
                        [94m  (min)[0m [94m  ---->[0m   ---->   ---->   (^_^)   <----   <----   <----   (min) [94m  ---->[0m [94m  (min)[0m
Energies  (kcal/mol)  :  14.867  21.006  38.797  55.578  62.533  34.587   5.021   0.004   0.000   0.001   0.199
Spacing (Ang)         :       0.278   0.194   0.167   0.133   0.264   0.235   0.293   0.229   0.177   0.136 
Gradients (eV/Ang)    :   0.933   0.018   0.032   0.099   0.106   0.128   0.114   0.138   0.029   0.025   1.249
Straightness          :   1.000   0.571   0.979   0.934   0.931   0.966   0.329   0.841   0.975   0.980   1.000

  GAvg(eV/Ang)  GMax(eV/Ang)   Length(Ang)  DeltaE(kcal)   RMSD(Ang)  TrustRad(Ang)  Step Quality
@     0.0765        0.1384        2.1047       -0.0048      0.0018      0.0492 (=)    0.91 (Good)
-=# Chain optimization cycle 9 #=-
Time since last ComputeChain: 0.006 s
Hessian Eigenvalues (Working) :  4.9961e-02  4.9997e-02  4.9999e-02  5.0000e-02  5.0000e-02 ...  1.0412e+00  1.3833e+00  1.8036e+00  2.8989e+00  2.9578e+00
Hessian Eigenvalues (Plain)   :  1.9228e-03  4.9985e-02  4.9992e-02  4.9995e-02  4.9999e-02 ...  1.0900e+00  1.1762e+00  2.4522e+00  2.9271e+00  6.8633e+00
Image Number          :     0       1       2       3       4       5       6       7       8       9      10  
                        [94m  (min)[0m [94m  ---->[0m   ---->   ---->   (^_^)   <---- [94m  <----[0m   <---- [94m  (min)[0m [94m  ---->[0m [94m  (min)[0m
Energies  (kcal/mol)  :  14.868  21.006  38.790  55.549  62.531  34.639   5.017   0.002   0.000   0.001   0.199
Spacing (Ang)         :       0.278   0.194   0.167   0.135   0.261   0.235   0.294   0.228   0.177   0.136 
Gradients (eV/Ang)    :   0.933   0.019   0.052   0.076   0.076   0.111   0.018   0.057   0.015   0.025   1.249
Straightness          :   1.000   0.571   0.979   0.932   0.930   0.964   0.329   0.843   0.976   0.979   1.000

  GAvg(eV/Ang)  GMax(eV/Ang)   Length(Ang)  DeltaE(kcal)   RMSD(Ang)  TrustRad(Ang)  Step Quality
@     0.0499        0.1113        2.1052        0.0006      0.0028      0.0696 ([92m+[0m)    0.70 (Good)
-=# Chain optimization cycle 10 #=-
Time since last ComputeChain: 0.006 s
Hessian Eigenvalues (Working) :  4.9976e-02  4.9995e-02  4.9999e-02  5.0000e-02  5.0012e-02 ...  1.0521e+00  1.7301e+00  2.2865e+00  2.6309e+00  2.9557e+00
Hessian Eigenvalues (Plain)   :  1.7140e-03  4.9985e-02  4.9990e-02  4.9998e-02  4.9999e-02 ...  1.0798e+00  1.6740e+00  2.7419e+00  2.8449e+00  4.9381e+00
Image Number          :     0       1       2       3       4       5       6       7       8       9      10  
                        [94m  (min)[0m [94m  ---->[0m [94m  ---->[0m   ---->   (^_^) [94m  <----[0m [94m  <----[0m [94m  <----[0m [94m  (min)[0m [94m  ---->[0m [94m  (min)[0m
Energies  (kcal/mol)  :  14.868  21.006  38.786  55.546  62.529  34.631   5.017   0.001   0.000   0.001   0.199
Spacing (Ang)         :       0.278   0.194   0.167   0.136   0.261   0.235   0.294   0.228   0.177   0.136 
Gradients (eV/Ang)    :   0.933   0.020   0.023   0.038   0.031   0.006   0.018   0.016   0.015   0.025   1.249
Straightness          :   1.000   0.572   0.979   0.932   0.928   0.966   0.328   0.843   0.976   0.979   1.000

  GAvg(eV/Ang)  GMax(eV/Ang)   Length(Ang)  DeltaE(kcal)   RMSD(Ang)  TrustRad(Ang)  Step Quality
@     0.0215        0.0383        2.1056       -0.0016      0.0009      0.0985 ([92m+[0m)    1.36 (Good)
--== Optimization Converged. ==--
