Input coordinates have 56 frames. The following will be used to initialize NEB images:
0, 6, 11, 16, 22, 28, 33, 38, 44, 50, 55
First, optimizing endpoint images.
Optimizing End Points are done.
Now optimizing the chain.
Aligning Chain
Metric completed in 0.002 seconds, maxerr = 0.000e+00
-=# Chain optimization cycle 0 #=-
Spring Force: 1.00 kcal/mol/Ang^2
Image Number          :     0       1       2       3       4       5       6       7       8       9      10  
                        [94m  (min)[0m   (max)   <----   (min)   ---->   ---->   ---->   (max)   <----   <---- [94m  (min)[0m
Energies  (kcal/mol)  :   5.094  30.191  28.530  28.334  37.009  44.072  52.504  53.025  51.185  31.217   0.000
Spacing (Ang)         :       0.157   0.155   0.149   0.216   0.221   0.194   0.182   0.214   0.201   0.165 
Gradients (eV/Ang)    :   0.003   6.863   5.842   5.563   6.870   6.839   7.007   6.700   6.114   5.155   0.001
Straightness          :   1.000   0.815   0.873   0.795   0.973   0.975   0.912   0.977   0.827   0.663   1.000
-= Chain Properties =-
@ GAvg(eV/Ang)  GMax(eV/Ang)   Length(Ang)  DeltaE(kcal)   RMSD(Ang) TrustRad(Ang)  Step Quality
@     6.3279        7.0065        1.8544  
-=# Chain optimization cycle 1 #=-
Time since last ComputeChain: 0.004 s
Hessian Eigenvalues (Working) :  5.0000e-02  5.0000e-02  5.0000e-02  5.0000e-02  5.0000e-02 ...  1.0000e+00  1.0000e+00  1.0000e+00  1.0000e+00  1.0000e+00
Image Number          :     0       1       2       3       4       5       6       7       8       9      10  
                        [94m  (min)[0m   (max)   <----   (min)   (max)   (min)   ---->   (max)   <----   <---- [94m  (min)[0m
Energies  (kcal/mol)  :   5.094  26.139  20.319  19.877  38.469  37.172  37.671  37.836  36.483  20.231   0.000
Spacing (Ang)         :       0.146   0.159   0.143   0.212   0.218   0.187   0.182   0.213   0.198   0.151 
Gradients (eV/Ang)    :   0.003   9.060   6.445   5.862  10.064   8.134   6.939   6.267   5.298   4.510   0.001
Straightness          :   1.000   0.854   0.897   0.825   0.968   0.979   0.923   0.977   0.853   0.710   1.000

  GAvg(eV/Ang)  GMax(eV/Ang)   Length(Ang)  DeltaE(kcal)   RMSD(Ang)  TrustRad(Ang)  Step Quality
@     6.9532       10.0640        1.8106       -7.4468      0.0722      0.1000 (=)   -0.20 (Poor)
-=# Chain optimization cycle 2 #=-
Time since last ComputeChain: 0.011 s
Hessian Eigenvalues (Working) :  5.0000e-02  5.0000e-02  5.0000e-02  5.0000e-02  5.0000e-02 ...  1.0000e+00  1.0000e+00  1.0000e+00  1.0000e+00  2.1917e+00
Hessian Eigenvalues (Plain)   :  4.9999e-02  5.0000e-02  5.0000e-02  5.0000e-02  5.0000e-02 ...  1.0000e+00  1.0000e+00  1.0000e+00  1.0000e+00  2.1942e+00
Image Number          :     0       1       2       3       4       5       6       7       8       9      10  
                        [94m  (min)[0m   ---->   ---->   ---->   ---->   ---->   ---->   ---->   (max)   <---- [94m  (min)[0m
Energies  (kcal/mol)  :   5.094   7.751  10.652  11.953  16.751  21.446  25.611  28.011  29.579  15.050   0.000
Spacing (Ang)         :       0.143   0.158   0.145   0.211   0.219   0.188   0.182   0.213   0.197   0.150 
Gradients (eV/Ang)    :   0.003   0.622   0.680   0.454   0.732   0.979   1.407   1.339   1.077   0.995   0.001
Straightness          :   1.000   0.886   0.901   0.828   0.974   0.979   0.926   0.976   0.845   0.723   1.000

  GAvg(eV/Ang)  GMax(eV/Ang)   Length(Ang)  DeltaE(kcal)   RMSD(Ang)  TrustRad(Ang)  Step Quality
@     0.9207        1.4073        1.8069       -9.7632      0.0345      0.0361 ([91m-[0m)    1.74 (Good)
-=# Chain optimization cycle 3 #=-
Time since last ComputeChain: 0.011 s
Hessian Eigenvalues (Working) :  4.9999e-02  5.0000e-02  5.0000e-02  5.0000e-02  5.0000e-02 ...  1.0000e+00  1.0000e+00  1.0000e+00  1.0006e+00  2.9575e+00
Hessian Eigenvalues (Plain)   :  4.9997e-02  5.0000e-02  5.0000e-02  5.0000e-02  5.0000e-02 ...  1.0000e+00  1.0000e+00  1.0000e+00  1.0020e+00  2.9610e+00
Image Number          :     0       1       2       3       4       5       6       7       8       9      10  
                        [94m  (min)[0m   ---->   ---->   ---->   ---->   ---->   ---->   ---->   (max)   <---- [94m  (min)[0m
Energies  (kcal/mol)  :   5.094   7.256  10.121  11.749  16.511  20.495  23.993  26.671  28.588  13.920   0.000
Spacing (Ang)         :       0.141   0.155   0.145   0.211   0.218   0.186   0.182   0.214   0.196   0.147 
Gradients (eV/Ang)    :   0.003   0.565   0.621   0.404   1.190   0.805   1.214   1.122   0.795   0.906   0.001
Straightness          :   1.000   0.904   0.910   0.835   0.973   0.979   0.934   0.976   0.841   0.748   1.000

  GAvg(eV/Ang)  GMax(eV/Ang)   Length(Ang)  DeltaE(kcal)   RMSD(Ang)  TrustRad(Ang)  Step Quality
@     0.8470        1.2141        1.7943       -0.6831      0.0148      0.0511 ([92m+[0m)    0.16 (Okay)
-=# Chain optimization cycle 4 #=-
Time since last ComputeChain: 0.010 s
Hessian Eigenvalues (Working) :  4.9996e-02  4.9999e-02  5.0000e-02  5.0000e-02  5.0000e-02 ...  1.0000e+00  1.0000e+00  1.0004e+00  2.3636e+00  3.0759e+00
Hessian Eigenvalues (Plain)   :  4.9996e-02  4.9998e-02  5.0000e-02  5.0000e-02  5.0000e-02 ...  1.0000e+00  1.0000e+00  1.0011e+00  2.3661e+00  3.0841e+00
Image Number          :     0       1       2       3       4       5       6       7       8       9      10  
                        [94m  (min)[0m   ---->   ---->   ---->   ---->   ---->   ---->   ---->   (max)   <---- [94m  (min)[0m
Energies  (kcal/mol)  :   5.094   6.520   9.096  11.357  15.482  19.335  22.369  25.552  27.757  11.492   0.000
Spacing (Ang)         :       0.138   0.150   0.145   0.210   0.219   0.183   0.181   0.214   0.194   0.139 
Gradients (eV/Ang)    :   0.003   0.629   0.510   0.428   1.088   0.637   0.874   1.025   0.992   0.725   0.001
Straightness          :   1.000   0.937   0.930   0.851   0.975   0.979   0.949   0.973   0.830   0.785   1.000

  GAvg(eV/Ang)  GMax(eV/Ang)   Length(Ang)  DeltaE(kcal)   RMSD(Ang)  TrustRad(Ang)  Step Quality
@     0.7676        1.0878        1.7720       -0.9422      0.0273      0.0511 (=)    0.19 (Okay)
-=# Chain optimization cycle 5 #=-
Time since last ComputeChain: 0.011 s
Hessian Eigenvalues (Working) :  4.9990e-02  5.0000e-02  5.0000e-02  5.0000e-02  5.0000e-02 ...  1.0000e+00  1.0004e+00  1.2475e+00  2.2630e+00  3.2320e+00
Hessian Eigenvalues (Plain)   :  4.9983e-02  4.9998e-02  5.0000e-02  5.0000e-02  5.0000e-02 ...  1.0000e+00  1.0011e+00  1.2597e+00  2.2591e+00  3.2424e+00
Image Number          :     0       1       2       3       4       5       6       7       8       9      10  
                        [94m  (min)[0m   ---->   ---->   ---->   ---->   ---->   ---->   ---->   (max)   <---- [94m  (min)[0m
Energies  (kcal/mol)  :   5.094   6.123   8.518  11.090  14.680  19.017  22.514  25.782  27.378   9.862   0.000
Spacing (Ang)         :       0.136   0.146   0.146   0.209   0.220   0.183   0.182   0.215   0.193   0.135 
Gradients (eV/Ang)    :   0.003   0.651   0.688   0.638   1.007   0.795   0.841   1.033   0.811   0.535   0.001
Straightness          :   1.000   0.954   0.943   0.863   0.973   0.979   0.956   0.968   0.817   0.788   1.000

  GAvg(eV/Ang)  GMax(eV/Ang)   Length(Ang)  DeltaE(kcal)   RMSD(Ang)  TrustRad(Ang)  Step Quality
@     0.7774        1.0328        1.7642       -0.3639      0.0199      0.0511 (=)   -0.03 (Poor)
-=# Chain optimization cycle 6 #=-
Time since last ComputeChain: 0.012 s
Hessian Eigenvalues (Working) :  4.9995e-02  4.9999e-02  5.0000e-02  5.0000e-02  5.0000e-02 ...  1.0003e+00  1.0015e+00  2.1408e+00  2.3949e+00  2.9631e+00
Hessian Eigenvalues (Plain)   :  4.9987e-02  4.9998e-02  4.9999e-02  5.0000e-02  5.0000e-02 ...  1.0011e+00  1.0221e+00  2.1436e+00  2.4199e+00  2.9618e+00
Image Number          :     0       1       2       3       4       5       6       7       8       9      10  
                        [94m  (min)[0m   ---->   ---->   ---->   ---->   ---->   ---->   ---->   (max)   <---- [94m  (min)[0m
Energies  (kcal/mol)  :   5.094   5.853   8.141  10.814  14.091  18.574  22.155  25.389  27.043   9.238   0.000
Spacing (Ang)         :       0.136   0.144   0.146   0.209   0.220   0.183   0.183   0.215   0.193   0.134 
Gradients (eV/Ang)    :   0.003   0.212   0.297   0.277   0.395   0.482   0.564   0.519   0.595   0.383   0.001
Straightness          :   1.000   0.959   0.949   0.873   0.975   0.978   0.958   0.965   0.812   0.788   1.000

  GAvg(eV/Ang)  GMax(eV/Ang)   Length(Ang)  DeltaE(kcal)   RMSD(Ang)  TrustRad(Ang)  Step Quality
@     0.4137        0.5951        1.7623       -0.3332      0.0093      0.0099 ([91m-[0m)    0.94 (Good)
-=# Chain optimization cycle 7 #=-
Time since last ComputeChain: 0.019 s
Hessian Eigenvalues (Working) :  4.9967e-02  5.0000e-02  5.0000e-02  5.0000e-02  5.0000e-02 ...  1.0003e+00  1.0708e+00  2.2110e+00  2.8829e+00  3.3064e+00
Hessian Eigenvalues (Plain)   :  4.9958e-02  4.9996e-02  4.9999e-02  5.0000e-02  5.0000e-02 ...  1.0053e+00  1.0711e+00  2.2103e+00  2.8792e+00  3.3429e+00
Image Number          :     0       1       2       3       4       5       6       7       8       9      10  
                        [94m  (min)[0m   ---->   ---->   ---->   ---->   ---->   ---->   ---->   (max)   <---- [94m  (min)[0m
Energies  (kcal/mol)  :   5.094   5.744   7.856  10.584  13.613  18.053  21.658  25.005  26.673   8.543   0.000
Spacing (Ang)         :       0.136   0.143   0.145   0.209   0.222   0.185   0.184   0.215   0.192   0.133 
Gradients (eV/Ang)    :   0.003   0.276   0.394   0.413   0.443   0.457   0.569   0.438   0.545   0.385   0.001
Straightness          :   1.000   0.962   0.955   0.886   0.975   0.977   0.959   0.959   0.807   0.780   1.000

  GAvg(eV/Ang)  GMax(eV/Ang)   Length(Ang)  DeltaE(kcal)   RMSD(Ang)  TrustRad(Ang)  Step Quality
@     0.4355        0.5689        1.7635       -0.3243      0.0129      0.0141 ([92m+[0m)   -0.11 (Poor)
-=# Chain optimization cycle 8 #=-
Time since last ComputeChain: 0.041 s
Hessian Eigenvalues (Working) :  4.9909e-02  5.0000e-02  5.0000e-02  5.0000e-02  5.0000e-02 ...  1.0273e+00  1.5529e+00  2.1846e+00  2.8855e+00  3.6646e+00
Hessian Eigenvalues (Plain)   :  4.9793e-02  4.9997e-02  4.9998e-02  5.0000e-02  5.0000e-02 ...  1.0293e+00  1.5708e+00  2.1840e+00  2.8825e+00  3.7250e+00
--== Images set to Climbing Mode: 8 ==--
Image Number          :     0       1       2       3       4       5       6       7       8       9      10  
                        [94m  (min)[0m   ---->   ---->   ---->   ---->   ---->   ---->   ---->   (^_^)   <---- [94m  (min)[0m
Energies  (kcal/mol)  :   5.094   5.717   7.705  10.411  13.338  17.790  21.373  24.816  26.446   8.217   0.000
Spacing (Ang)         :       0.136   0.142   0.144   0.210   0.223   0.186   0.185   0.215   0.191   0.133 
Gradients (eV/Ang)    :   0.003   0.340   0.280   0.306   0.334   0.458   0.333   0.284   0.268   0.283   0.001
Straightness          :   1.000   0.963   0.957   0.893   0.975   0.976   0.959   0.954   0.804   0.771   1.000

  GAvg(eV/Ang)  GMax(eV/Ang)   Length(Ang)  DeltaE(kcal)   RMSD(Ang)  TrustRad(Ang)  Step Quality
@     0.3208        0.4580        1.7656       -0.1739      0.0066      0.0065 ([91m-[0m)    0.53 (Good)
-=# Chain optimization cycle 9 #=-
Time since last ComputeChain: 0.015 s
Hessian Eigenvalues (Working) :  4.9642e-02  4.9999e-02  5.0000e-02  5.0000e-02  5.0000e-02 ...  1.0557e+00  1.9824e+00  2.5410e+00  2.6511e+00  2.8976e+00
Hessian Eigenvalues (Plain)   :  4.9257e-02  4.9994e-02  4.9999e-02  5.0000e-02  5.0000e-02 ...  1.0530e+00  1.9870e+00  2.5472e+00  2.6593e+00  2.8952e+00
Image Number          :     0       1       2       3       4       5       6       7       8       9      10  
                        [94m  (min)[0m   ---->   ---->   ---->   ---->   ---->   ---->   ---->   (^_^)   <---- [94m  (min)[0m
Energies  (kcal/mol)  :   5.094   5.658   7.545  10.187  13.002  17.450  21.143  24.685  26.300   7.812   0.000
Spacing (Ang)         :       0.136   0.141   0.143   0.211   0.224   0.187   0.187   0.215   0.191   0.134 
Gradients (eV/Ang)    :   0.003   0.135   0.161   0.230   0.256   0.330   0.204   0.227   0.229   0.222   0.001
Straightness          :   1.000   0.966   0.960   0.902   0.974   0.975   0.959   0.948   0.805   0.750   1.000

  GAvg(eV/Ang)  GMax(eV/Ang)   Length(Ang)  DeltaE(kcal)   RMSD(Ang)  TrustRad(Ang)  Step Quality
@     0.2215        0.3300        1.7690       -0.1843      0.0092      0.0091 ([92m+[0m)    0.64 (Good)
-=# Chain optimization cycle 10 #=-
Time since last ComputeChain: 0.056 s
Hessian Eigenvalues (Working) :  4.9667e-02  4.9999e-02  5.0000e-02  5.0000e-02  5.0001e-02 ...  1.2434e+00  2.0481e+00  2.5180e+00  2.8389e+00  2.9964e+00
Hessian Eigenvalues (Plain)   :  4.5082e-02  4.9989e-02  4.9998e-02  5.0000e-02  5.0000e-02 ...  1.2530e+00  2.0535e+00  2.5334e+00  2.8532e+00  3.0147e+00
Image Number          :     0       1       2       3       4       5       6       7       8       9      10  
                        [94m  (min)[0m   ---->   ---->   ---->   ---->   ---->   ---->   ---->   (^_^)   <---- [94m  (min)[0m
Energies  (kcal/mol)  :   5.094   5.660   7.419   9.927  12.648  17.093  20.927  24.567  26.165   7.336   0.000
Spacing (Ang)         :       0.137   0.140   0.141   0.212   0.226   0.188   0.189   0.214   0.192   0.136 
Gradients (eV/Ang)    :   0.003   0.189   0.203   0.257   0.260   0.326   0.259   0.248   0.276   0.183   0.001
Straightness          :   1.000   0.968   0.963   0.913   0.972   0.973   0.959   0.937   0.809   0.712   1.000

  GAvg(eV/Ang)  GMax(eV/Ang)   Length(Ang)  DeltaE(kcal)   RMSD(Ang)  TrustRad(Ang)  Step Quality
@     0.2445        0.3265        1.7750       -0.1848      0.0122      0.0129 ([92m+[0m)    0.00 (Okay)
-=# Chain optimization cycle 11 #=-
Time since last ComputeChain: 0.016 s
Hessian Eigenvalues (Working) :  4.6711e-02  4.9999e-02  5.0000e-02  5.0000e-02  5.0001e-02 ...  1.6619e+00  2.2713e+00  2.5703e+00  2.8521e+00  3.0307e+00
Hessian Eigenvalues (Plain)   :  4.1387e-02  4.9987e-02  4.9998e-02  5.0000e-02  5.0000e-02 ...  1.6759e+00  2.2837e+00  2.5984e+00  2.8610e+00  3.0492e+00
Image Number          :     0       1       2       3       4       5       6       7       8       9      10  
                        [94m  (min)[0m   ---->   ---->   ---->   ---->   ---->   ---->   ---->   (^_^)   <---- [94m  (min)[0m
Energies  (kcal/mol)  :   5.094   5.677   7.339   9.660  12.362  16.768  20.694  24.435  26.039   6.924   0.000
Spacing (Ang)         :       0.137   0.139   0.140   0.214   0.227   0.190   0.191   0.212   0.194   0.139 
Gradients (eV/Ang)    :   0.003   0.147   0.194   0.235   0.214   0.311   0.231   0.182   0.261   0.160   0.001
Straightness          :   1.000   0.971   0.965   0.923   0.970   0.970   0.958   0.926   0.816   0.666   1.000

  GAvg(eV/Ang)  GMax(eV/Ang)   Length(Ang)  DeltaE(kcal)   RMSD(Ang)  TrustRad(Ang)  Step Quality
@     0.2149        0.3108        1.7825       -0.1670      0.0124      0.0129 (=)    0.24 (Okay)
-=# Chain optimization cycle 12 #=-
Time since last ComputeChain: 0.040 s
Hessian Eigenvalues (Working) :  4.4248e-02  4.9999e-02  5.0000e-02  5.0000e-02  5.0001e-02 ...  1.7899e+00  2.3767e+00  2.4934e+00  2.8420e+00  2.9434e+00
Hessian Eigenvalues (Plain)   :  3.9647e-02  4.9982e-02  4.9998e-02  4.9999e-02  5.0000e-02 ...  1.7945e+00  2.3816e+00  2.5084e+00  2.8558e+00  2.9557e+00
Image Number          :     0       1       2       3       4       5       6       7       8       9      10  
                        [94m  (min)[0m   ---->   ---->   ---->   ---->   ---->   ---->   ---->   (^_^)   <---- [94m  (min)[0m
Energies  (kcal/mol)  :   5.094   5.691   7.270   9.380  12.141  16.463  20.449  24.308  25.932   6.615   0.000
Spacing (Ang)         :       0.138   0.138   0.137   0.215   0.229   0.192   0.193   0.210   0.196   0.141 
Gradients (eV/Ang)    :   0.003   0.278   0.239   0.234   0.212   0.218   0.219   0.161   0.238   0.176   0.001
Straightness          :   1.000   0.974   0.967   0.934   0.968   0.968   0.957   0.910   0.834   0.628   1.000

  GAvg(eV/Ang)  GMax(eV/Ang)   Length(Ang)  DeltaE(kcal)   RMSD(Ang)  TrustRad(Ang)  Step Quality
@     0.2193        0.2776        1.7898       -0.1489      0.0130      0.0129 (=)   -0.04 (Poor)
-=# Chain optimization cycle 13 #=-
Time since last ComputeChain: 0.016 s
Hessian Eigenvalues (Working) :  3.1760e-02  4.9999e-02  5.0000e-02  5.0000e-02  5.0001e-02 ...  1.7972e+00  2.3927e+00  2.4166e+00  2.7346e+00  2.8844e+00
Hessian Eigenvalues (Plain)   :  2.8669e-02  4.9967e-02  4.9997e-02  4.9999e-02  5.0000e-02 ...  1.8008e+00  2.3964e+00  2.4318e+00  2.7345e+00  2.8846e+00
Image Number          :     0       1       2       3       4       5       6       7       8       9      10  
                        [94m  (min)[0m   ---->   ---->   ---->   ---->   ---->   ---->   ---->   (^_^)   <---- [94m  (min)[0m
Energies  (kcal/mol)  :   5.094   5.640   7.187   9.225  12.027  16.323  20.311  24.243  25.887   6.532   0.000
Spacing (Ang)         :       0.138   0.138   0.136   0.216   0.229   0.193   0.195   0.207   0.197   0.142 
Gradients (eV/Ang)    :   0.003   0.170   0.186   0.200   0.186   0.239   0.193   0.129   0.202   0.089   0.001
Straightness          :   1.000   0.977   0.970   0.940   0.969   0.967   0.955   0.900   0.851   0.626   1.000

  GAvg(eV/Ang)  GMax(eV/Ang)   Length(Ang)  DeltaE(kcal)   RMSD(Ang)  TrustRad(Ang)  Step Quality
@     0.1771        0.2385        1.7904       -0.0795      0.0063      0.0065 ([91m-[0m)    0.38 (Okay)
-=# Chain optimization cycle 14 #=-
Time since last ComputeChain: 0.025 s
Hessian Eigenvalues (Working) :  2.7118e-02  4.9996e-02  5.0000e-02  5.0000e-02  5.0000e-02 ...  1.9597e+00  2.4001e+00  2.5518e+00  2.7136e+00  2.9740e+00
Hessian Eigenvalues (Plain)   :  2.5409e-02  4.9924e-02  4.9995e-02  4.9999e-02  5.0000e-02 ...  1.9683e+00  2.4136e+00  2.5838e+00  2.6997e+00  2.9715e+00
Image Number          :     0       1       2       3       4       5       6       7       8       9      10  
                        [94m  (min)[0m   ---->   ---->   ---->   ---->   ---->   ---->   ---->   (^_^)   <---- [94m  (min)[0m
Energies  (kcal/mol)  :   5.094   5.584   7.080   9.069  11.905  16.182  20.179  24.190  25.872   6.530   0.000
Spacing (Ang)         :       0.138   0.138   0.134   0.217   0.230   0.193   0.196   0.203   0.199   0.141 
Gradients (eV/Ang)    :   0.003   0.100   0.152   0.186   0.172   0.178   0.160   0.095   0.179   0.076   0.001
Straightness          :   1.000   0.979   0.975   0.945   0.971   0.967   0.954   0.890   0.872   0.639   1.000

  GAvg(eV/Ang)  GMax(eV/Ang)   Length(Ang)  DeltaE(kcal)   RMSD(Ang)  TrustRad(Ang)  Step Quality
@     0.1443        0.1864        1.7882       -0.0713      0.0063      0.0065 (=)    0.79 (Good)
-=# Chain optimization cycle 15 #=-
Time since last ComputeChain: 0.019 s
Hessian Eigenvalues (Working) :  2.4054e-02  4.9994e-02  5.0000e-02  5.0000e-02  5.0001e-02 ...  2.3558e+00  2.4562e+00  2.5432e+00  2.7864e+00  3.0212e+00
Hessian Eigenvalues (Plain)   :  2.2395e-02  4.9908e-02  4.9995e-02  4.9999e-02  5.0000e-02 ...  2.3653e+00  2.4933e+00  2.5702e+00  2.7701e+00  3.0087e+00
Image Number          :     0       1       2       3       4       5       6       7       8       9      10  
                        [94m  (min)[0m   ---->   ---->   ---->   ---->   ---->   ---->   ---->   (^_^)   <---- [94m  (min)[0m
Energies  (kcal/mol)  :   5.094   5.547   6.963   8.855  11.750  16.015  20.013  24.128  25.872   6.552   0.000
Spacing (Ang)         :       0.138   0.137   0.131   0.218   0.230   0.194   0.198   0.198   0.201   0.141 
Gradients (eV/Ang)    :   0.003   0.074   0.123   0.172   0.155   0.146   0.140   0.077   0.168   0.061   0.001
Straightness          :   1.000   0.980   0.979   0.952   0.973   0.966   0.951   0.874   0.897   0.651   1.000

  GAvg(eV/Ang)  GMax(eV/Ang)   Length(Ang)  DeltaE(kcal)   RMSD(Ang)  TrustRad(Ang)  Step Quality
@     0.1239        0.1719        1.7881       -0.0813      0.0092      0.0091 ([92m+[0m)    0.78 (Good)
-=# Chain optimization cycle 16 #=-
Time since last ComputeChain: 0.020 s
Hessian Eigenvalues (Working) :  2.3673e-02  4.9990e-02  5.0000e-02  5.0000e-02  5.0001e-02 ...  2.3899e+00  2.4835e+00  2.5418e+00  2.7704e+00  2.9604e+00
Hessian Eigenvalues (Plain)   :  2.1687e-02  4.9846e-02  4.9995e-02  4.9999e-02  5.0000e-02 ...  2.4017e+00  2.5117e+00  2.5663e+00  2.7603e+00  2.9585e+00
Image Number          :     0       1       2       3       4       5       6       7       8       9      10  
                        [94m  (min)[0m   ---->   ---->   ---->   ---->   ---->   ---->   ---->   (^_^)   <---- [94m  (min)[0m
Energies  (kcal/mol)  :   5.094   5.537   6.841   8.581  11.554  15.813  19.801  24.050  25.895   6.595   0.000
Spacing (Ang)         :       0.139   0.137   0.128   0.219   0.231   0.196   0.201   0.192   0.206   0.143 
Gradients (eV/Ang)    :   0.003   0.066   0.117   0.169   0.147   0.153   0.151   0.073   0.161   0.136   0.001
Straightness          :   1.000   0.981   0.984   0.961   0.976   0.965   0.945   0.850   0.922   0.658   1.000

  GAvg(eV/Ang)  GMax(eV/Ang)   Length(Ang)  DeltaE(kcal)   RMSD(Ang)  TrustRad(Ang)  Step Quality
@     0.1304        0.1695        1.7916       -0.0930      0.0130      0.0129 ([92m+[0m)    0.40 (Okay)
-=# Chain optimization cycle 17 #=-
Time since last ComputeChain: 0.016 s
Hessian Eigenvalues (Working) :  2.1719e-02  4.9988e-02  5.0000e-02  5.0000e-02  5.0001e-02 ...  2.3867e+00  2.4838e+00  2.5585e+00  2.7728e+00  3.0128e+00
Hessian Eigenvalues (Plain)   :  1.8709e-02  4.9842e-02  4.9995e-02  4.9999e-02  5.0000e-02 ...  2.3949e+00  2.5091e+00  2.5874e+00  2.7663e+00  3.0266e+00
Image Number          :     0       1       2       3       4       5       6       7       8       9      10  
                        [94m  (min)[0m   ---->   ---->   ---->   ---->   ---->   ---->   ---->   (^_^)   <---- [94m  (min)[0m
Energies  (kcal/mol)  :   5.094   5.548   6.749   8.339  11.384  15.638  19.610  23.985  25.927   6.627   0.000
Spacing (Ang)         :       0.140   0.137   0.125   0.221   0.232   0.198   0.204   0.186   0.212   0.145 
Gradients (eV/Ang)    :   0.003   0.147   0.103   0.157   0.198   0.144   0.126   0.062   0.130   0.253   0.001
Straightness          :   1.000   0.982   0.986   0.968   0.977   0.965   0.939   0.824   0.937   0.656   1.000

  GAvg(eV/Ang)  GMax(eV/Ang)   Length(Ang)  DeltaE(kcal)   RMSD(Ang)  TrustRad(Ang)  Step Quality
@     0.1466        0.2526        1.7981       -0.0775      0.0131      0.0129 (=)   -0.19 (Poor)
-=# Chain optimization cycle 18 #=-
Time since last ComputeChain: 0.045 s
Hessian Eigenvalues (Working) :  1.9153e-02  4.9989e-02  5.0000e-02  5.0000e-02  5.0001e-02 ...  2.3820e+00  2.4941e+00  2.5477e+00  2.7731e+00  3.0106e+00
Hessian Eigenvalues (Plain)   :  1.5916e-02  4.9853e-02  4.9995e-02  5.0000e-02  5.0000e-02 ...  2.3955e+00  2.5268e+00  2.5742e+00  2.7666e+00  3.0150e+00
Image Number          :     0       1       2       3       4       5       6       7       8       9      10  
                        [94m  (min)[0m   ---->   ---->   ---->   ---->   ---->   ---->   ---->   (^_^)   <---- [94m  (min)[0m
Energies  (kcal/mol)  :   5.094   5.540   6.709   8.227  11.287  15.551  19.522  23.959  25.947   6.604   0.000
Spacing (Ang)         :       0.140   0.137   0.123   0.221   0.232   0.199   0.206   0.182   0.215   0.146 
Gradients (eV/Ang)    :   0.003   0.095   0.105   0.132   0.128   0.133   0.116   0.060   0.120   0.114   0.001
Straightness          :   1.000   0.983   0.987   0.971   0.978   0.965   0.935   0.812   0.941   0.652   1.000

  GAvg(eV/Ang)  GMax(eV/Ang)   Length(Ang)  DeltaE(kcal)   RMSD(Ang)  TrustRad(Ang)  Step Quality
@     0.1114        0.1331        1.8020       -0.0413      0.0066      0.0065 ([91m-[0m)    0.48 (Okay)
-=# Chain optimization cycle 19 #=-
Time since last ComputeChain: 0.044 s
Hessian Eigenvalues (Working) :  1.8960e-02  4.9991e-02  5.0000e-02  5.0001e-02  5.0001e-02 ...  2.4237e+00  2.5393e+00  2.6395e+00  2.7815e+00  2.9553e+00
Hessian Eigenvalues (Plain)   :  1.4948e-02  4.9866e-02  4.9995e-02  5.0000e-02  5.0000e-02 ...  2.4488e+00  2.5640e+00  2.7243e+00  2.7863e+00  2.9464e+00
Image Number          :     0       1       2       3       4       5       6       7       8       9      10  
                        [94m  (min)[0m   ---->   ---->   ---->   ---->   ---->   ---->   ---->   (^_^)   <---- [94m  (min)[0m
Energies  (kcal/mol)  :   5.094   5.523   6.664   8.125  11.198  15.460  19.441  23.937  25.968   6.571   0.000
Spacing (Ang)         :       0.140   0.137   0.122   0.222   0.232   0.200   0.207   0.179   0.219   0.148 
Gradients (eV/Ang)    :   0.003   0.099   0.091   0.116   0.121   0.122   0.100   0.037   0.102   0.119   0.001
Straightness          :   1.000   0.985   0.987   0.975   0.979   0.966   0.930   0.802   0.943   0.641   1.000

  GAvg(eV/Ang)  GMax(eV/Ang)   Length(Ang)  DeltaE(kcal)   RMSD(Ang)  TrustRad(Ang)  Step Quality
@     0.1009        0.1215        1.8063       -0.0413      0.0064      0.0065 (=)    0.51 (Good)
-=# Chain optimization cycle 20 #=-
Time since last ComputeChain: 0.016 s
Hessian Eigenvalues (Working) :  1.6413e-02  4.9993e-02  5.0000e-02  5.0000e-02  5.0001e-02 ...  2.4182e+00  2.5480e+00  2.6697e+00  2.8014e+00  3.2004e+00
Hessian Eigenvalues (Plain)   :  1.1475e-02  4.9887e-02  4.9992e-02  5.0000e-02  5.0000e-02 ...  2.4367e+00  2.5756e+00  2.7078e+00  2.8040e+00  3.3081e+00
Image Number          :     0       1       2       3       4       5       6       7       8       9      10  
                        [94m  (min)[0m   ---->   ---->   ---->   ---->   ---->   ---->   ---->   (^_^)   <---- [94m  (min)[0m
Energies  (kcal/mol)  :   5.094   5.498   6.607   8.002  11.086  15.336  19.336  23.915  25.993   6.535   0.000
Spacing (Ang)         :       0.140   0.137   0.121   0.222   0.233   0.202   0.209   0.174   0.225   0.151 
Gradients (eV/Ang)    :   0.003   0.078   0.079   0.148   0.106   0.119   0.117   0.059   0.087   0.074   0.001
Straightness          :   1.000   0.987   0.987   0.979   0.979   0.967   0.922   0.789   0.942   0.623   1.000

  GAvg(eV/Ang)  GMax(eV/Ang)   Length(Ang)  DeltaE(kcal)   RMSD(Ang)  TrustRad(Ang)  Step Quality
@     0.0964        0.1485        1.8127       -0.0518      0.0090      0.0091 ([92m+[0m)    0.54 (Good)
-=# Chain optimization cycle 21 #=-
Time since last ComputeChain: 0.018 s
Hessian Eigenvalues (Working) :  1.6115e-02  4.9991e-02  4.9999e-02  5.0000e-02  5.0001e-02 ...  2.4161e+00  2.5479e+00  2.6432e+00  2.7918e+00  3.1382e+00
Hessian Eigenvalues (Plain)   :  1.0261e-02  4.9915e-02  4.9989e-02  4.9999e-02  5.0000e-02 ...  2.4333e+00  2.5752e+00  2.6844e+00  2.7905e+00  3.1912e+00
Image Number          :     0       1       2       3       4       5       6       7       8       9      10  
                        [94m  (min)[0m   ---->   ---->   ---->   ---->   ---->   ---->   ---->   (^_^)   <---- [94m  (min)[0m
Energies  (kcal/mol)  :   5.094   5.484   6.543   7.866  10.951  15.172  19.204  23.888  26.018   6.534   0.000
Spacing (Ang)         :       0.141   0.137   0.120   0.223   0.233   0.204   0.211   0.166   0.233   0.155 
Gradients (eV/Ang)    :   0.003   0.121   0.070   0.242   0.103   0.124   0.167   0.106   0.063   0.084   0.001
Straightness          :   1.000   0.988   0.986   0.984   0.980   0.969   0.910   0.769   0.938   0.603   1.000

  GAvg(eV/Ang)  GMax(eV/Ang)   Length(Ang)  DeltaE(kcal)   RMSD(Ang)  TrustRad(Ang)  Step Quality
@     0.1200        0.2418        1.8222       -0.0576      0.0128      0.0129 ([92m+[0m)   -0.20 (Poor)
-=# Chain optimization cycle 22 #=-
Time since last ComputeChain: 0.040 s
Hessian Eigenvalues (Working) :  1.7274e-02  4.9985e-02  5.0000e-02  5.0001e-02  5.0001e-02 ...  2.4158e+00  2.5486e+00  2.6528e+00  2.7978e+00  3.2053e+00
Hessian Eigenvalues (Plain)   :  1.1561e-02  4.9937e-02  4.9986e-02  4.9999e-02  5.0000e-02 ...  2.4335e+00  2.5762e+00  2.6920e+00  2.7989e+00  3.2818e+00
Image Number          :     0       1       2       3       4       5       6       7       8       9      10  
                        [94m  (min)[0m   ---->   ---->   ---->   ---->   ---->   ---->   ---->   (^_^)   <---- [94m  (min)[0m
Energies  (kcal/mol)  :   5.094   5.477   6.516   7.794  10.890  15.089  19.136  23.875  26.027   6.552   0.000
Spacing (Ang)         :       0.141   0.137   0.119   0.223   0.233   0.205   0.212   0.163   0.237   0.157 
Gradients (eV/Ang)    :   0.003   0.051   0.067   0.101   0.100   0.098   0.084   0.042   0.058   0.080   0.001
Straightness          :   1.000   0.987   0.987   0.985   0.981   0.971   0.903   0.761   0.934   0.596   1.000

  GAvg(eV/Ang)  GMax(eV/Ang)   Length(Ang)  DeltaE(kcal)   RMSD(Ang)  TrustRad(Ang)  Step Quality
@     0.0756        0.1006        1.8264       -0.0271      0.0064      0.0064 ([91m-[0m)    0.74 (Good)
-=# Chain optimization cycle 23 #=-
Time since last ComputeChain: 0.015 s
Hessian Eigenvalues (Working) :  1.7802e-02  4.9986e-02  4.9999e-02  5.0000e-02  5.0001e-02 ...  2.5462e+00  2.6361e+00  2.7641e+00  2.8433e+00  3.1672e+00
Hessian Eigenvalues (Plain)   :  1.1830e-02  4.9937e-02  4.9984e-02  4.9999e-02  5.0000e-02 ...  2.5737e+00  2.6819e+00  2.7651e+00  2.8764e+00  3.2495e+00
Image Number          :     0       1       2       3       4       5       6       7       8       9      10  
                        [94m  (min)[0m   ---->   ---->   ---->   ---->   ---->   ---->   ---->   (^_^)   <---- [94m  (min)[0m
Energies  (kcal/mol)  :   5.094   5.475   6.486   7.724  10.812  14.982  19.051  23.856  26.028   6.583   0.000
Spacing (Ang)         :       0.141   0.137   0.118   0.223   0.233   0.206   0.214   0.158   0.243   0.159 
Gradients (eV/Ang)    :   0.003   0.064   0.082   0.090   0.110   0.100   0.083   0.051   0.052   0.082   0.001
Straightness          :   1.000   0.986   0.987   0.986   0.981   0.972   0.893   0.748   0.925   0.588   1.000

  GAvg(eV/Ang)  GMax(eV/Ang)   Length(Ang)  DeltaE(kcal)   RMSD(Ang)  TrustRad(Ang)  Step Quality
@     0.0792        0.1099        1.8331       -0.0317      0.0090      0.0091 ([92m+[0m)   -0.10 (Poor)
-=# Chain optimization cycle 24 #=-
Time since last ComputeChain: 0.084 s
Hessian Eigenvalues (Working) :  1.5539e-02  4.9985e-02  4.9999e-02  5.0000e-02  5.0001e-02 ...  2.5467e+00  2.6236e+00  2.7505e+00  2.7961e+00  3.1306e+00
Hessian Eigenvalues (Plain)   :  1.0389e-02  4.9939e-02  4.9975e-02  4.9997e-02  5.0000e-02 ...  2.5746e+00  2.6616e+00  2.7549e+00  2.7938e+00  3.1556e+00
Image Number          :     0       1       2       3       4       5       6       7       8       9      10  
                        [94m  (min)[0m   ---->   ---->   ---->   ---->   ---->   ---->   ---->   (^_^)   <---- [94m  (min)[0m
Energies  (kcal/mol)  :   5.094   5.473   6.470   7.693  10.769  14.925  19.009  23.847  26.025   6.603   0.000
Spacing (Ang)         :       0.141   0.137   0.118   0.223   0.233   0.207   0.214   0.156   0.246   0.160 
Gradients (eV/Ang)    :   0.003   0.041   0.053   0.076   0.087   0.087   0.071   0.057   0.051   0.075   0.001
Straightness          :   1.000   0.985   0.988   0.987   0.982   0.973   0.888   0.744   0.920   0.585   1.000

  GAvg(eV/Ang)  GMax(eV/Ang)   Length(Ang)  DeltaE(kcal)   RMSD(Ang)  TrustRad(Ang)  Step Quality
@     0.0666        0.0873        1.8357       -0.0163      0.0046      0.0045 ([91m-[0m)    0.32 (Okay)
-=# Chain optimization cycle 25 #=-
Time since last ComputeChain: 0.063 s
Hessian Eigenvalues (Working) :  1.1587e-02  4.9986e-02  4.9999e-02  5.0000e-02  5.0000e-02 ...  2.5358e+00  2.5928e+00  2.6965e+00  2.7962e+00  3.1435e+00
Hessian Eigenvalues (Plain)   :  7.9113e-03  4.9933e-02  4.9985e-02  4.9995e-02  5.0000e-02 ...  2.5646e+00  2.6099e+00  2.7125e+00  2.8025e+00  3.1952e+00
Image Number          :     0       1       2       3       4       5       6       7       8       9      10  
                        [94m  (min)[0m   ---->   ---->   ---->   ---->   ---->   ---->   ---->   (^_^)   <---- [94m  (min)[0m
Energies  (kcal/mol)  :   5.094   5.471   6.455   7.665  10.725  14.871  18.969  23.835  26.017   6.627   0.000
Spacing (Ang)         :       0.142   0.137   0.117   0.223   0.233   0.208   0.215   0.154   0.248   0.161 
Gradients (eV/Ang)    :   0.003   0.035   0.041   0.053   0.082   0.085   0.083   0.069   0.047   0.044   0.001
Straightness          :   1.000   0.984   0.989   0.987   0.982   0.973   0.884   0.744   0.914   0.583   1.000

  GAvg(eV/Ang)  GMax(eV/Ang)   Length(Ang)  DeltaE(kcal)   RMSD(Ang)  TrustRad(Ang)  Step Quality
@     0.0598        0.0847        1.8382       -0.0159      0.0047      0.0045 (=)    0.51 (Good)
-=# Chain optimization cycle 26 #=-
Time since last ComputeChain: 0.016 s
Hessian Eigenvalues (Working) :  1.4146e-02  4.9985e-02  4.9999e-02  5.0000e-02  5.0001e-02 ...  2.5327e+00  2.6011e+00  2.6932e+00  2.7959e+00  3.2265e+00
Hessian Eigenvalues (Plain)   :  9.4493e-03  4.9911e-02  4.9958e-02  4.9989e-02  4.9999e-02 ...  2.5636e+00  2.6221e+00  2.7155e+00  2.7999e+00  3.2748e+00
Image Number          :     0       1       2       3       4       5       6       7       8       9      10  
                        [94m  (min)[0m   ---->   ---->   ---->   ---->   ---->   ---->   ---->   (^_^)   <---- [94m  (min)[0m
Energies  (kcal/mol)  :   5.094   5.469   6.442   7.635  10.671  14.797  18.915  23.818  26.004   6.675   0.000
Spacing (Ang)         :       0.142   0.137   0.117   0.223   0.234   0.209   0.215   0.152   0.251   0.163 
Gradients (eV/Ang)    :   0.003   0.029   0.034   0.049   0.073   0.074   0.066   0.051   0.045   0.048   0.001
Straightness          :   1.000   0.983   0.990   0.987   0.982   0.974   0.878   0.744   0.905   0.580   1.000

  GAvg(eV/Ang)  GMax(eV/Ang)   Length(Ang)  DeltaE(kcal)   RMSD(Ang)  TrustRad(Ang)  Step Quality
@     0.0524        0.0744        1.8416       -0.0185      0.0066      0.0063 ([92m+[0m)    0.48 (Okay)
-=# Chain optimization cycle 27 #=-
Time since last ComputeChain: 0.064 s
Hessian Eigenvalues (Working) :  1.4409e-02  4.9985e-02  4.9998e-02  5.0000e-02  5.0000e-02 ...  2.5462e+00  2.6045e+00  2.7098e+00  2.7958e+00  3.1812e+00
Hessian Eigenvalues (Plain)   :  9.2821e-03  4.9703e-02  4.9955e-02  4.9990e-02  4.9999e-02 ...  2.5830e+00  2.6330e+00  2.7348e+00  2.7992e+00  3.2298e+00
Image Number          :     0       1       2       3       4       5       6       7       8       9      10  
                        [94m  (min)[0m   ---->   ---->   ---->   ---->   ---->   ---->   ---->   (^_^)   <---- [94m  (min)[0m
Energies  (kcal/mol)  :   5.094   5.468   6.434   7.614  10.624  14.728  18.866  23.803  25.991   6.732   0.000
Spacing (Ang)         :       0.142   0.137   0.117   0.223   0.234   0.210   0.215   0.150   0.253   0.164 
Gradients (eV/Ang)    :   0.003   0.035   0.058   0.074   0.078   0.077   0.070   0.053   0.049   0.033   0.001
Straightness          :   1.000   0.982   0.990   0.986   0.982   0.974   0.873   0.748   0.897   0.575   1.000

  GAvg(eV/Ang)  GMax(eV/Ang)   Length(Ang)  DeltaE(kcal)   RMSD(Ang)  TrustRad(Ang)  Step Quality
@     0.0585        0.0782        1.8447       -0.0146      0.0066      0.0063 (=)    0.06 (Okay)
-=# Chain optimization cycle 28 #=-
Time since last ComputeChain: 0.028 s
Hessian Eigenvalues (Working) :  1.2235e-02  4.9982e-02  4.9997e-02  5.0000e-02  5.0000e-02 ...  2.5458e+00  2.5961e+00  2.6992e+00  2.7974e+00  3.1527e+00
Hessian Eigenvalues (Plain)   :  7.3841e-03  4.9314e-02  4.9961e-02  4.9996e-02  4.9998e-02 ...  2.5808e+00  2.6156e+00  2.7162e+00  2.8027e+00  3.2119e+00
Image Number          :     0       1       2       3       4       5       6       7       8       9      10  
                        [94m  (min)[0m   ---->   ---->   ---->   ---->   ---->   ---->   ---->   (^_^)   <---- [94m  (min)[0m
Energies  (kcal/mol)  :   5.094   5.466   6.427   7.597  10.579  14.664  18.822  23.790  25.978   6.795   0.000
Spacing (Ang)         :       0.142   0.137   0.118   0.223   0.234   0.210   0.214   0.149   0.256   0.165 
Gradients (eV/Ang)    :   0.003   0.026   0.042   0.041   0.066   0.072   0.054   0.057   0.048   0.050   0.001
Straightness          :   1.000   0.982   0.989   0.987   0.981   0.974   0.868   0.754   0.889   0.571   1.000

  GAvg(eV/Ang)  GMax(eV/Ang)   Length(Ang)  DeltaE(kcal)   RMSD(Ang)  TrustRad(Ang)  Step Quality
@     0.0507        0.0725        1.8475       -0.0126      0.0065      0.0063 (=)    0.27 (Okay)
-=# Chain optimization cycle 29 #=-
Time since last ComputeChain: 0.043 s
Hessian Eigenvalues (Working) :  1.2059e-02  4.9980e-02  4.9992e-02  5.0000e-02  5.0001e-02 ...  2.5725e+00  2.5904e+00  2.7010e+00  2.7976e+00  3.2034e+00
Hessian Eigenvalues (Plain)   :  8.8631e-03  4.7388e-02  4.9968e-02  4.9992e-02  4.9999e-02 ...  2.6042e+00  2.6443e+00  2.7282e+00  2.7995e+00  3.2695e+00
Image Number          :     0       1       2       3       4       5       6       7       8       9      10  
                        [94m  (min)[0m   ---->   ---->   ---->   ---->   ---->   ---->   ---->   (^_^)   <---- [94m  (min)[0m
Energies  (kcal/mol)  :   5.094   5.465   6.422   7.585  10.539  14.604  18.784  23.777  25.965   6.866   0.000
Spacing (Ang)         :       0.142   0.137   0.118   0.223   0.234   0.211   0.214   0.147   0.258   0.166 
Gradients (eV/Ang)    :   0.003   0.027   0.042   0.034   0.050   0.064   0.043   0.039   0.032   0.045   0.001
Straightness          :   1.000   0.982   0.988   0.987   0.980   0.974   0.864   0.761   0.882   0.568   1.000

  GAvg(eV/Ang)  GMax(eV/Ang)   Length(Ang)  DeltaE(kcal)   RMSD(Ang)  TrustRad(Ang)  Step Quality
@     0.0417        0.0641        1.8497       -0.0099      0.0065      0.0063 (=)    0.35 (Okay)
-=# Chain optimization cycle 30 #=-
Time since last ComputeChain: 0.032 s
Hessian Eigenvalues (Working) :  1.2375e-02  4.9979e-02  4.9992e-02  4.9999e-02  5.0000e-02 ...  2.5588e+00  2.5888e+00  2.6987e+00  2.7975e+00  3.1855e+00
Hessian Eigenvalues (Plain)   :  8.3205e-03  4.6197e-02  4.9970e-02  4.9992e-02  4.9999e-02 ...  2.5821e+00  2.6088e+00  2.7166e+00  2.7998e+00  3.2364e+00
Image Number          :     0       1       2       3       4       5       6       7       8       9      10  
                        [94m  (min)[0m   ---->   ---->   ---->   ---->   ---->   ---->   ---->   (^_^)   <---- [94m  (min)[0m
Energies  (kcal/mol)  :   5.094   5.464   6.416   7.579  10.505  14.547  18.751  23.762  25.954   6.944   0.000
Spacing (Ang)         :       0.142   0.137   0.118   0.223   0.234   0.211   0.214   0.146   0.259   0.167 
Gradients (eV/Ang)    :   0.003   0.034   0.034   0.060   0.052   0.061   0.042   0.046   0.042   0.048   0.001
Straightness          :   1.000   0.982   0.988   0.986   0.979   0.973   0.861   0.769   0.875   0.566   1.000

  GAvg(eV/Ang)  GMax(eV/Ang)   Length(Ang)  DeltaE(kcal)   RMSD(Ang)  TrustRad(Ang)  Step Quality
@     0.0466        0.0606        1.8519       -0.0075      0.0065      0.0063 (=)   -0.10 (Poor)
-=# Chain optimization cycle 31 #=-
Time since last ComputeChain: 0.016 s
Hessian Eigenvalues (Working) :  1.1374e-02  4.9969e-02  4.9992e-02  5.0000e-02  5.0001e-02 ...  2.5663e+00  2.5927e+00  2.7005e+00  2.7989e+00  3.1794e+00
Hessian Eigenvalues (Plain)   :  8.4416e-03  4.0392e-02  4.9974e-02  4.9991e-02  4.9994e-02 ...  2.5889e+00  2.6273e+00  2.7165e+00  2.8020e+00  3.2298e+00
Image Number          :     0       1       2       3       4       5       6       7       8       9      10  
                        [94m  (min)[0m   ---->   ---->   ---->   ---->   ---->   ---->   ---->   (^_^)   <---- [94m  (min)[0m
Energies  (kcal/mol)  :   5.094   5.464   6.412   7.577  10.490  14.520  18.739  23.753  25.949   6.988   0.000
Spacing (Ang)         :       0.142   0.137   0.119   0.223   0.234   0.212   0.213   0.146   0.259   0.168 
Gradients (eV/Ang)    :   0.003   0.039   0.028   0.037   0.047   0.057   0.035   0.042   0.032   0.035   0.001
Straightness          :   1.000   0.982   0.987   0.987   0.979   0.973   0.860   0.774   0.873   0.566   1.000

  GAvg(eV/Ang)  GMax(eV/Ang)   Length(Ang)  DeltaE(kcal)   RMSD(Ang)  TrustRad(Ang)  Step Quality
@     0.0390        0.0572        1.8523       -0.0024      0.0032      0.0032 ([91m-[0m)    0.32 (Okay)
-=# Chain optimization cycle 32 #=-
Time since last ComputeChain: 0.016 s
Hessian Eigenvalues (Working) :  1.2448e-02  4.9981e-02  4.9991e-02  5.0000e-02  5.0001e-02 ...  2.5708e+00  2.6592e+00  2.7032e+00  2.8081e+00  3.2232e+00
Hessian Eigenvalues (Plain)   :  9.1974e-03  4.4312e-02  4.9973e-02  4.9992e-02  5.0000e-02 ...  2.6093e+00  2.6881e+00  2.7167e+00  2.8118e+00  3.2400e+00
Image Number          :     0       1       2       3       4       5       6       7       8       9      10  
                        [94m  (min)[0m   ----> [94m  ---->[0m   ---->   ---->   ---->   ---->   ---->   (^_^)   <---- [94m  (min)[0m
Energies  (kcal/mol)  :   5.094   5.464   6.409   7.576  10.476  14.493  18.727  23.743  25.946   7.036   0.000
Spacing (Ang)         :       0.142   0.137   0.119   0.223   0.234   0.212   0.213   0.147   0.259   0.168 
Gradients (eV/Ang)    :   0.003   0.028   0.019   0.029   0.047   0.053   0.031   0.039   0.031   0.029   0.001
Straightness          :   1.000   0.983   0.987   0.987   0.979   0.972   0.859   0.777   0.871   0.566   1.000

  GAvg(eV/Ang)  GMax(eV/Ang)   Length(Ang)  DeltaE(kcal)   RMSD(Ang)  TrustRad(Ang)  Step Quality
@     0.0341        0.0530        1.8531       -0.0020      0.0032      0.0032 (=)    0.43 (Okay)
-=# Chain optimization cycle 33 #=-
Time since last ComputeChain: 0.019 s
Hessian Eigenvalues (Working) :  1.2807e-02  4.9982e-02  4.9990e-02  4.9999e-02  5.0001e-02 ...  2.5636e+00  2.6206e+00  2.6983e+00  2.8078e+00  3.2077e+00
Hessian Eigenvalues (Plain)   :  9.9466e-03  3.7646e-02  4.9970e-02  4.9991e-02  4.9995e-02 ...  2.5914e+00  2.6251e+00  2.7157e+00  2.8103e+00  3.2247e+00
Image Number          :     0       1       2       3       4       5       6       7       8       9      10  
                        [94m  (min)[0m [94m  ---->[0m [94m  ---->[0m [94m  ---->[0m   ---->   ---->   ---->   ---->   (^_^) [94m  <----[0m [94m  (min)[0m
Energies  (kcal/mol)  :   5.094   5.464   6.409   7.576  10.463  14.469  18.718  23.731  25.943   7.088   0.000
Spacing (Ang)         :       0.142   0.137   0.119   0.223   0.235   0.212   0.212   0.147   0.258   0.168 
Gradients (eV/Ang)    :   0.003   0.016   0.019   0.022   0.043   0.050   0.029   0.036   0.029   0.023   0.001
Straightness          :   1.000   0.983   0.986   0.986   0.979   0.970   0.859   0.780   0.870   0.567   1.000

  GAvg(eV/Ang)  GMax(eV/Ang)   Length(Ang)  DeltaE(kcal)   RMSD(Ang)  TrustRad(Ang)  Step Quality
@     0.0298        0.0504        1.8537       -0.0009      0.0032      0.0032 (=)    0.69 (Good)
-=# Chain optimization cycle 34 #=-
Time since last ComputeChain: 0.059 s
Hessian Eigenvalues (Working) :  1.1799e-02  4.9976e-02  4.9989e-02  4.9994e-02  5.0000e-02 ...  2.5711e+00  2.6606e+00  2.6980e+00  2.8085e+00  3.2082e+00
Hessian Eigenvalues (Plain)   :  8.7677e-03  3.4710e-02  4.9937e-02  4.9983e-02  4.9993e-02 ...  2.6075e+00  2.6847e+00  2.7150e+00  2.8116e+00  3.2380e+00
Image Number          :     0       1       2       3       4       5       6       7       8       9      10  
                        [94m  (min)[0m [94m  ---->[0m [94m  ---->[0m [94m  ---->[0m   ---->   ---->   ---->   ---->   (^_^)   <---- [94m  (min)[0m
Energies  (kcal/mol)  :   5.094   5.464   6.409   7.576  10.444  14.436  18.706  23.714  25.941   7.088   0.000
Spacing (Ang)         :       0.142   0.137   0.119   0.223   0.235   0.212   0.211   0.149   0.258   0.168 
Gradients (eV/Ang)    :   0.003   0.016   0.019   0.023   0.039   0.054   0.029   0.034   0.029   0.027   0.001
Straightness          :   1.000   0.983   0.986   0.986   0.979   0.968   0.859   0.783   0.868   0.568   1.000

  GAvg(eV/Ang)  GMax(eV/Ang)   Length(Ang)  DeltaE(kcal)   RMSD(Ang)  TrustRad(Ang)  Step Quality
@     0.0300        0.0544        1.8548       -0.0074      0.0045      0.0045 ([92m+[0m)    0.55 (Good)
-=# Chain optimization cycle 35 #=-
Time since last ComputeChain: 0.035 s
Hessian Eigenvalues (Working) :  9.4074e-03  4.8678e-02  4.9986e-02  4.9990e-02  5.0000e-02 ...  2.5724e+00  2.6628e+00  2.7001e+00  2.8279e+00  3.2908e+00
Hessian Eigenvalues (Plain)   :  6.6672e-03  2.5974e-02  4.9897e-02  4.9971e-02  4.9984e-02 ...  2.6072e+00  2.6888e+00  2.7165e+00  2.8406e+00  3.3514e+00
Image Number          :     0       1       2       3       4       5       6       7       8       9      10  
                        [94m  (min)[0m [94m  ---->[0m [94m  ---->[0m [94m  ---->[0m   ---->   ----> [94m  ---->[0m   ---->   (^_^)   <---- [94m  (min)[0m
Energies  (kcal/mol)  :   5.094   5.464   6.409   7.576  10.421  14.394  18.692  23.692  25.938   7.134   0.000
Spacing (Ang)         :       0.142   0.137   0.119   0.224   0.235   0.213   0.211   0.151   0.257   0.169 
Gradients (eV/Ang)    :   0.003   0.016   0.019   0.024   0.037   0.048   0.024   0.032   0.030   0.030   0.001
Straightness          :   1.000   0.983   0.986   0.986   0.978   0.964   0.858   0.786   0.866   0.570   1.000

  GAvg(eV/Ang)  GMax(eV/Ang)   Length(Ang)  DeltaE(kcal)   RMSD(Ang)  TrustRad(Ang)  Step Quality
@     0.0289        0.0477        1.8562       -0.0053      0.0063      0.0063 ([92m+[0m)    0.32 (Okay)
-=# Chain optimization cycle 36 #=-
Time since last ComputeChain: 0.012 s
Hessian Eigenvalues (Working) :  8.9437e-03  4.9408e-02  4.9988e-02  4.9991e-02  5.0000e-02 ...  2.5710e+00  2.6575e+00  2.7001e+00  2.8208e+00  3.2329e+00
Hessian Eigenvalues (Plain)   :  6.1553e-03  2.7358e-02  4.9869e-02  4.9969e-02  4.9984e-02 ...  2.6100e+00  2.6810e+00  2.7164e+00  2.8280e+00  3.2407e+00
Image Number          :     0       1       2       3       4       5       6       7       8       9      10  
                        [94m  (min)[0m [94m  ---->[0m [94m  ---->[0m   ---->   ---->   ---->   ---->   ---->   (^_^)   <---- [94m  (min)[0m
Energies  (kcal/mol)  :   5.094   5.464   6.409   7.576  10.400  14.354  18.692  23.669  25.935   7.208   0.000
Spacing (Ang)         :       0.142   0.137   0.119   0.224   0.236   0.213   0.210   0.152   0.256   0.169 
Gradients (eV/Ang)    :   0.003   0.016   0.019   0.026   0.038   0.060   0.025   0.032   0.029   0.030   0.001
Straightness          :   1.000   0.983   0.986   0.985   0.977   0.958   0.860   0.790   0.864   0.572   1.000

  GAvg(eV/Ang)  GMax(eV/Ang)   Length(Ang)  DeltaE(kcal)   RMSD(Ang)  TrustRad(Ang)  Step Quality
@     0.0306        0.0600        1.8578       -0.0010      0.0063      0.0063 (=)    0.00 (Okay)
-=# Chain optimization cycle 37 #=-
Time since last ComputeChain: 0.029 s
Hessian Eigenvalues (Working) :  9.3059e-03  4.4591e-02  4.9982e-02  4.9990e-02  5.0001e-02 ...  2.5720e+00  2.6584e+00  2.7029e+00  2.8248e+00  3.2758e+00
Hessian Eigenvalues (Plain)   :  6.4713e-03  2.5270e-02  4.1154e-02  4.9957e-02  4.9979e-02 ...  2.6247e+00  2.6829e+00  2.7183e+00  2.8384e+00  3.3160e+00
Image Number          :     0       1       2       3       4       5       6       7       8       9      10  
                        [94m  (min)[0m [94m  ---->[0m [94m  ---->[0m [94m  ---->[0m   ---->   ---->   ---->   ---->   (^_^)   <---- [94m  (min)[0m
Energies  (kcal/mol)  :   5.094   5.464   6.409   7.575  10.381  14.316  18.683  23.648  25.933   7.301   0.000
Spacing (Ang)         :       0.142   0.137   0.120   0.225   0.236   0.214   0.209   0.154   0.255   0.169 
Gradients (eV/Ang)    :   0.003   0.016   0.020   0.025   0.060   0.036   0.035   0.030   0.035   0.031   0.001
Straightness          :   1.000   0.983   0.986   0.984   0.975   0.953   0.859   0.793   0.862   0.576   1.000

  GAvg(eV/Ang)  GMax(eV/Ang)   Length(Ang)  DeltaE(kcal)   RMSD(Ang)  TrustRad(Ang)  Step Quality
@     0.0320        0.0605        1.8598        0.0005      0.0062      0.0063 (=)   -0.09 (Poor)
-=# Chain optimization cycle 38 #=-
Time since last ComputeChain: 0.067 s
Hessian Eigenvalues (Working) :  7.7821e-03  4.3596e-02  4.9985e-02  4.9988e-02  4.9997e-02 ...  2.5731e+00  2.6624e+00  2.7055e+00  2.8294e+00  3.2562e+00
Hessian Eigenvalues (Plain)   :  6.2855e-03  2.5257e-02  4.1120e-02  4.9953e-02  4.9980e-02 ...  2.6405e+00  2.6925e+00  2.7212e+00  2.8369e+00  3.2702e+00
Image Number          :     0       1       2       3       4       5       6       7       8       9      10  
                        [94m  (min)[0m [94m  ---->[0m [94m  ---->[0m   ---->   ---->   ---->   ---->   ---->   (^_^)   <---- [94m  (min)[0m
Energies  (kcal/mol)  :   5.094   5.464   6.409   7.575  10.372  14.299  18.679  23.638  25.932   7.361   0.000
Spacing (Ang)         :       0.142   0.137   0.120   0.225   0.236   0.214   0.209   0.154   0.255   0.169 
Gradients (eV/Ang)    :   0.003   0.016   0.020   0.026   0.029   0.036   0.025   0.029   0.029   0.027   0.001
Straightness          :   1.000   0.983   0.986   0.983   0.974   0.951   0.859   0.794   0.862   0.578   1.000

  GAvg(eV/Ang)  GMax(eV/Ang)   Length(Ang)  DeltaE(kcal)   RMSD(Ang)  TrustRad(Ang)  Step Quality
@     0.0262        0.0363        1.8605        0.0017      0.0029      0.0031 ([91m-[0m)    0.36 (Okay)
-=# Chain optimization cycle 39 #=-
Time since last ComputeChain: 0.016 s
Hessian Eigenvalues (Working) :  8.1671e-03  4.3566e-02  4.9974e-02  4.9991e-02  5.0000e-02 ...  2.6049e+00  2.6833e+00  2.7092e+00  2.8622e+00  3.4047e+00
Hessian Eigenvalues (Plain)   :  5.9668e-03  2.5642e-02  4.0925e-02  4.9930e-02  4.9982e-02 ...  2.6335e+00  2.7164e+00  2.7207e+00  2.8940e+00  3.4782e+00
Image Number          :     0       1       2       3       4       5       6       7       8       9      10  
                        [94m  (min)[0m [94m  ---->[0m [94m  ---->[0m   ---->   ---->   ---->   ---->   ---->   (^_^) [94m  <----[0m [94m  (min)[0m
Energies  (kcal/mol)  :   5.094   5.464   6.409   7.574  10.363  14.282  18.672  23.627  25.931   7.439   0.000
Spacing (Ang)         :       0.142   0.137   0.120   0.225   0.237   0.214   0.209   0.155   0.254   0.170 
Gradients (eV/Ang)    :   0.003   0.016   0.020   0.025   0.027   0.031   0.026   0.028   0.028   0.024   0.001
Straightness          :   1.000   0.983   0.985   0.983   0.973   0.949   0.857   0.793   0.863   0.581   1.000

  GAvg(eV/Ang)  GMax(eV/Ang)   Length(Ang)  DeltaE(kcal)   RMSD(Ang)  TrustRad(Ang)  Step Quality
@     0.0249        0.0308        1.8614        0.0030      0.0029      0.0031 (=)    0.14 (Okay)
--== Optimization Converged. ==--
