-=# [1;94m geomeTRIC started. Version: 0.9.3+85.gb6a219a.dirty [0m #=-
geometric-optimize called with the following command line:
/home/leeping/opt/miniconda3/envs/geometric_psi4/bin/geometric-optimize --openmm --pdb ../water6.pdb tip3p.xml
xml file not in the current folder, treating as a force field XML file and setting up in gas phase.
54 internal coordinates being used (instead of 54 Cartesians)
Internal coordinate system (atoms numbered from 1):
Distance 1-2
Distance 1-3
Distance 4-5
Distance 4-6
Distance 7-8
Distance 7-9
Distance 10-11
Distance 10-12
Distance 13-14
Distance 13-15
Distance 16-17
Distance 16-18
Angle 2-1-3
Angle 5-4-6
Angle 8-7-9
Angle 11-10-12
Angle 14-13-15
Angle 17-16-18
Translation-X 1-3
Translation-X 4-6
Translation-X 7-9
Translation-X 10-12
Translation-X 13-15
Translation-X 16-18
Translation-Y 1-3
Translation-Y 4-6
Translation-Y 7-9
Translation-Y 10-12
Translation-Y 13-15
Translation-Y 16-18
Translation-Z 1-3
Translation-Z 4-6
Translation-Z 7-9
Translation-Z 10-12
Translation-Z 13-15
Translation-Z 16-18
Rotation-A 1-3
Rotation-A 4-6
Rotation-A 7-9
Rotation-A 10-12
Rotation-A 13-15
Rotation-A 16-18
Rotation-B 1-3
Rotation-B 4-6
Rotation-B 7-9
Rotation-B 10-12
Rotation-B 13-15
Rotation-B 16-18
Rotation-C 1-3
Rotation-C 4-6
Rotation-C 7-9
Rotation-C 10-12
Rotation-C 13-15
Rotation-C 16-18
<class 'geometric.internal.Distance'> : 12
<class 'geometric.internal.Angle'> : 6
<class 'geometric.internal.TranslationX'> : 6
<class 'geometric.internal.TranslationY'> : 6
<class 'geometric.internal.TranslationZ'> : 6
<class 'geometric.internal.RotationA'> : 6
<class 'geometric.internal.RotationB'> : 6
<class 'geometric.internal.RotationC'> : 6
Step    0 : Gradient = 1.124e-02/2.681e-02 (rms/max) Energy = -0.0145977188
Hessian Eigenvalues: 5.00000e-02 5.00000e-02 5.00000e-02 ... 5.61317e-01 5.61339e-01 5.61419e-01
Step    1 : Displace = [0m9.928e-02[0m/[0m2.063e-01[0m (rms/max) Trust = 1.000e-01 (=) Grad = [0m8.081e-03[0m/[0m1.969e-02[0m (rms/max) E (change) = -0.0251905334 ([0m-1.059e-02[0m) Quality = [0m1.302[0m
Hessian Eigenvalues: 1.62103e-02 5.00000e-02 5.00000e-02 ... 5.61330e-01 5.61393e-01 6.41910e-01
Step    2 : Displace = [0m1.411e-01[0m/[0m3.264e-01[0m (rms/max) Trust = 1.414e-01 ([92m+[0m) Grad = [0m8.588e-03[0m/[0m2.038e-02[0m (rms/max) E (change) = -0.0359439228 ([0m-1.075e-02[0m) Quality = [0m1.054[0m
Hessian Eigenvalues: 1.39125e-02 5.00000e-02 5.00000e-02 ... 5.61373e-01 5.64110e-01 6.45172e-01
Step    3 : Displace = [0m7.786e-02[0m/[0m1.895e-01[0m (rms/max) Trust = 2.000e-01 ([92m+[0m) Grad = [0m5.190e-03[0m/[0m1.061e-02[0m (rms/max) E (change) = -0.0398464645 ([0m-3.903e-03[0m) Quality = [0m1.356[0m
Hessian Eigenvalues: 9.08273e-03 4.17548e-02 5.00000e-02 ... 5.61372e-01 5.69722e-01 6.14026e-01
Step    4 : Displace = [0m1.356e-01[0m/[0m3.186e-01[0m (rms/max) Trust = 2.828e-01 ([92m+[0m) Grad = [0m7.735e-03[0m/[0m1.812e-02[0m (rms/max) E (change) = -0.0448116039 ([0m-4.965e-03[0m) Quality = [0m1.142[0m
Hessian Eigenvalues: 6.86833e-03 3.25501e-02 5.00000e-02 ... 5.61417e-01 5.67915e-01 6.94524e-01
Step    5 : Displace = [0m8.895e-02[0m/[0m1.646e-01[0m (rms/max) Trust = 3.000e-01 ([92m+[0m) Grad = [0m6.588e-03[0m/[0m1.424e-02[0m (rms/max) E (change) = -0.0484143538 ([0m-3.603e-03[0m) Quality = [0m1.504[0m
Hessian Eigenvalues: 3.93323e-03 2.15527e-02 5.00000e-02 ... 5.62141e-01 6.15241e-01 6.25722e-01
Step    6 : Displace = [0m2.065e-01[0m/[0m3.525e-01[0m (rms/max) Trust = 3.000e-01 (=) Grad = [0m7.201e-03[0m/[0m1.604e-02[0m (rms/max) E (change) = -0.0538803173 ([0m-5.466e-03[0m) Quality = [0m1.141[0m
Hessian Eigenvalues: 3.58217e-03 1.82918e-02 4.95291e-02 ... 5.62986e-01 5.97207e-01 6.39552e-01
Step    7 : Displace = [0m1.025e-01[0m/[0m1.774e-01[0m (rms/max) Trust = 3.000e-01 (=) Grad = [0m5.907e-03[0m/[0m1.577e-02[0m (rms/max) E (change) = -0.0573838927 ([0m-3.504e-03[0m) Quality = [0m1.274[0m
Hessian Eigenvalues: 3.86339e-03 1.47305e-02 3.53994e-02 ... 5.64150e-01 5.95533e-01 6.55432e-01
Step    8 : Displace = [0m9.004e-02[0m/[0m1.266e-01[0m (rms/max) Trust = 3.000e-01 (=) Grad = [0m5.363e-03[0m/[0m1.409e-02[0m (rms/max) E (change) = -0.0611399918 ([0m-3.756e-03[0m) Quality = [0m1.490[0m
Hessian Eigenvalues: 3.42362e-03 8.97217e-03 2.55030e-02 ... 5.64686e-01 6.03673e-01 6.66265e-01
Step    9 : Displace = [0m1.721e-01[0m/[0m2.554e-01[0m (rms/max) Trust = 3.000e-01 (=) Grad = [0m7.424e-03[0m/[0m1.959e-02[0m (rms/max) E (change) = -0.0650686444 ([0m-3.929e-03[0m) Quality = [0m1.080[0m
Hessian Eigenvalues: 3.04606e-03 9.52643e-03 2.25217e-02 ... 5.71342e-01 6.05901e-01 6.52837e-01
Step   10 : Displace = [0m9.252e-02[0m/[0m1.418e-01[0m (rms/max) Trust = 3.000e-01 (=) Grad = [0m7.315e-03[0m/[0m1.631e-02[0m (rms/max) E (change) = -0.0677573624 ([0m-2.689e-03[0m) Quality = [0m1.107[0m
Hessian Eigenvalues: 3.28650e-03 9.31826e-03 2.44168e-02 ... 5.79781e-01 6.05205e-01 6.27626e-01
Step   11 : Displace = [0m6.688e-02[0m/[0m1.409e-01[0m (rms/max) Trust = 3.000e-01 (=) Grad = [0m3.758e-03[0m/[0m1.081e-02[0m (rms/max) E (change) = -0.0702942406 ([0m-2.537e-03[0m) Quality = [0m1.142[0m
Hessian Eigenvalues: 3.13929e-03 9.83227e-03 1.75484e-02 ... 5.87203e-01 6.09393e-01 6.59584e-01
Step   12 : Displace = [0m8.211e-02[0m/[0m1.513e-01[0m (rms/max) Trust = 3.000e-01 (=) Grad = [0m3.797e-03[0m/[0m8.346e-03[0m (rms/max) E (change) = -0.0715114216 ([0m-1.217e-03[0m) Quality = [0m0.938[0m
Hessian Eigenvalues: 4.38565e-03 9.35945e-03 1.48373e-02 ... 5.90632e-01 6.04454e-01 6.38339e-01
Step   13 : Displace = [0m6.621e-02[0m/[0m1.254e-01[0m (rms/max) Trust = 3.000e-01 (=) Grad = [0m3.857e-03[0m/[0m6.817e-03[0m (rms/max) E (change) = -0.0722301556 ([0m-7.187e-04[0m) Quality = [0m0.625[0m
Hessian Eigenvalues: 4.90623e-03 1.01474e-02 1.71973e-02 ... 5.84456e-01 6.10092e-01 6.26335e-01
Step   14 : Displace = [0m4.335e-02[0m/[0m8.301e-02[0m (rms/max) Trust = 3.000e-01 (=) Grad = [0m2.613e-03[0m/[0m6.109e-03[0m (rms/max) E (change) = -0.0726059791 ([0m-3.758e-04[0m) Quality = [0m0.580[0m
Hessian Eigenvalues: 7.04593e-03 1.00263e-02 2.13876e-02 ... 5.86100e-01 6.09367e-01 6.18019e-01
Step   15 : Displace = [0m5.461e-02[0m/[0m9.926e-02[0m (rms/max) Trust = 3.000e-01 (=) Grad = [0m4.241e-03[0m/[0m8.312e-03[0m (rms/max) E (change) = -0.0727074723 ([0m-1.015e-04[0m) Quality = [0m0.132[0m
Hessian Eigenvalues: 7.56748e-03 1.36180e-02 2.03564e-02 ... 5.91969e-01 6.02218e-01 6.24044e-01
Step   16 : Displace = [0m3.177e-02[0m/[0m6.022e-02[0m (rms/max) Trust = 1.500e-01 ([91m-[0m) Grad = [0m1.616e-03[0m/[0m3.623e-03[0m (rms/max) E (change) = -0.0733772379 ([0m-6.698e-04[0m) Quality = [0m1.247[0m
Hessian Eigenvalues: 7.33801e-03 8.98237e-03 2.07839e-02 ... 5.84905e-01 6.03516e-01 6.19012e-01
Step   17 : Displace = [0m3.911e-02[0m/[0m7.384e-02[0m (rms/max) Trust = 2.121e-01 ([92m+[0m) Grad = [0m9.017e-04[0m/[0m2.379e-03[0m (rms/max) E (change) = -0.0737433097 ([0m-3.661e-04[0m) Quality = [0m1.289[0m
Hessian Eigenvalues: 4.47258e-03 7.65897e-03 2.08977e-02 ... 5.89181e-01 6.03015e-01 6.22904e-01
Step   18 : Displace = [0m5.673e-02[0m/[0m1.171e-01[0m (rms/max) Trust = 3.000e-01 ([92m+[0m) Grad = [0m1.236e-03[0m/[0m2.235e-03[0m (rms/max) E (change) = -0.0742119935 ([0m-4.687e-04[0m) Quality = [0m1.467[0m
Hessian Eigenvalues: 2.53461e-03 7.63728e-03 1.98380e-02 ... 5.89708e-01 6.04291e-01 6.22298e-01
Step   19 : Displace = [0m7.511e-02[0m/[0m1.701e-01[0m (rms/max) Trust = 3.000e-01 (=) Grad = [0m8.130e-04[0m/[0m1.488e-03[0m (rms/max) E (change) = -0.0745733569 ([0m-3.614e-04[0m) Quality = [0m1.147[0m
Hessian Eigenvalues: 2.39922e-03 7.75342e-03 1.86601e-02 ... 5.88056e-01 6.02561e-01 6.22685e-01
Step   20 : Displace = [0m2.287e-02[0m/[0m6.411e-02[0m (rms/max) Trust = 3.000e-01 (=) Grad = [0m6.443e-04[0m/[0m1.425e-03[0m (rms/max) E (change) = -0.0747182741 ([0m-1.449e-04[0m) Quality = [0m1.658[0m
Hessian Eigenvalues: 1.67828e-03 7.12443e-03 1.19097e-02 ... 5.89471e-01 6.18901e-01 6.23425e-01
Step   21 : Displace = [0m7.646e-02[0m/[0m2.272e-01[0m (rms/max) Trust = 3.000e-01 (=) Grad = [0m1.346e-03[0m/[0m2.590e-03[0m (rms/max) E (change) = -0.0750941240 ([0m-3.758e-04[0m) Quality = [0m1.339[0m
Hessian Eigenvalues: 1.35875e-03 6.19611e-03 9.71333e-03 ... 5.90481e-01 6.22906e-01 6.36233e-01
Step   22 : Displace = [0m6.393e-02[0m/[0m1.958e-01[0m (rms/max) Trust = 3.000e-01 (=) Grad = [0m1.466e-03[0m/[0m2.772e-03[0m (rms/max) E (change) = -0.0753670525 ([0m-2.729e-04[0m) Quality = [0m1.364[0m
Hessian Eigenvalues: 1.15859e-03 5.06152e-03 9.06074e-03 ... 5.89691e-01 6.19590e-01 6.23987e-01
Step   23 : Displace = [0m6.450e-02[0m/[0m1.952e-01[0m (rms/max) Trust = 3.000e-01 (=) Grad = [0m1.067e-03[0m/[0m2.202e-03[0m (rms/max) E (change) = -0.0756502728 ([0m-2.832e-04[0m) Quality = [0m1.368[0m
Hessian Eigenvalues: 1.14243e-03 4.40146e-03 8.74063e-03 ... 5.87691e-01 6.03866e-01 6.23372e-01
Step   24 : Displace = [0m5.266e-02[0m/[0m1.458e-01[0m (rms/max) Trust = 3.000e-01 (=) Grad = [0m7.520e-04[0m/[0m1.431e-03[0m (rms/max) E (change) = -0.0759239717 ([0m-2.737e-04[0m) Quality = [0m1.356[0m
Hessian Eigenvalues: 1.04381e-03 4.04060e-03 8.78384e-03 ... 5.90406e-01 6.07671e-01 6.23149e-01
Step   25 : Displace = [0m4.953e-02[0m/[0m1.282e-01[0m (rms/max) Trust = 3.000e-01 (=) Grad = [0m7.739e-04[0m/[0m1.408e-03[0m (rms/max) E (change) = -0.0761284298 ([0m-2.045e-04[0m) Quality = [0m1.312[0m
Hessian Eigenvalues: 1.03488e-03 3.71054e-03 8.49438e-03 ... 5.90046e-01 6.15244e-01 6.22983e-01
Step   26 : Displace = [0m3.462e-02[0m/[0m7.013e-02[0m (rms/max) Trust = 3.000e-01 (=) Grad = [0m8.159e-04[0m/[0m1.540e-03[0m (rms/max) E (change) = -0.0762636589 ([0m-1.352e-04[0m) Quality = [0m1.242[0m
Hessian Eigenvalues: 8.64423e-04 4.38272e-03 8.15344e-03 ... 5.91706e-01 6.08307e-01 6.23034e-01
Step   27 : Displace = [0m4.768e-02[0m/[0m1.214e-01[0m (rms/max) Trust = 3.000e-01 (=) Grad = [0m5.225e-04[0m/[0m1.095e-03[0m (rms/max) E (change) = -0.0763406320 ([0m-7.697e-05[0m) Quality = [0m1.024[0m
Hessian Eigenvalues: 1.16250e-03 4.63897e-03 7.18402e-03 ... 6.00275e-01 6.03052e-01 6.26750e-01
Step   28 : Displace = [0m1.529e-02[0m/[0m3.319e-02[0m (rms/max) Trust = 3.000e-01 (=) Grad = [0m5.068e-04[0m/[0m1.237e-03[0m (rms/max) E (change) = -0.0763840539 ([0m-4.342e-05[0m) Quality = [0m1.054[0m
Hessian Eigenvalues: 1.22746e-03 4.98168e-03 7.09948e-03 ... 6.00937e-01 6.12964e-01 6.31587e-01
Step   29 : Displace = [0m1.267e-02[0m/[0m2.640e-02[0m (rms/max) Trust = 3.000e-01 (=) Grad = [0m4.359e-04[0m/[0m9.404e-04[0m (rms/max) E (change) = -0.0764212624 ([0m-3.721e-05[0m) Quality = [0m1.455[0m
Hessian Eigenvalues: 1.13489e-03 4.77063e-03 5.89706e-03 ... 6.09536e-01 6.19740e-01 6.32308e-01
Step   30 : Displace = [0m2.162e-02[0m/[0m4.988e-02[0m (rms/max) Trust = 3.000e-01 (=) Grad = [0m3.861e-04[0m/[0m6.001e-04[0m (rms/max) E (change) = -0.0764689701 ([0m-4.771e-05[0m) Quality = [0m1.268[0m
Hessian Eigenvalues: 1.06742e-03 4.58262e-03 5.14658e-03 ... 6.07365e-01 6.16245e-01 6.34373e-01
Step   31 : Displace = [0m1.502e-02[0m/[0m3.698e-02[0m (rms/max) Trust = 3.000e-01 (=) Grad = [0m3.269e-04[0m/[0m5.827e-04[0m (rms/max) E (change) = -0.0764959672 ([0m-2.700e-05[0m) Quality = [0m1.448[0m
Hessian Eigenvalues: 1.04072e-03 3.49176e-03 5.00231e-03 ... 6.04013e-01 6.14107e-01 6.34138e-01
Step   32 : Displace = [0m1.686e-02[0m/[0m4.056e-02[0m (rms/max) Trust = 3.000e-01 (=) Grad = [92m2.585e-04[0m/[0m4.860e-04[0m (rms/max) E (change) = -0.0765241029 ([0m-2.814e-05[0m) Quality = [0m1.384[0m
Hessian Eigenvalues: 1.00168e-03 2.99054e-03 4.97228e-03 ... 6.06278e-01 6.12508e-01 6.34986e-01
Step   33 : Displace = [0m1.452e-02[0m/[0m3.291e-02[0m (rms/max) Trust = 3.000e-01 (=) Grad = [92m2.964e-04[0m/[0m5.884e-04[0m (rms/max) E (change) = -0.0765462914 ([0m-2.219e-05[0m) Quality = [0m1.402[0m
Hessian Eigenvalues: 9.22256e-04 2.43238e-03 4.92991e-03 ... 6.07523e-01 6.13750e-01 6.35080e-01
Step   34 : Displace = [0m1.758e-02[0m/[0m3.879e-02[0m (rms/max) Trust = 3.000e-01 (=) Grad = [0m3.350e-04[0m/[0m5.669e-04[0m (rms/max) E (change) = -0.0765707194 ([0m-2.443e-05[0m) Quality = [0m1.370[0m
Hessian Eigenvalues: 7.72898e-04 2.11814e-03 4.91043e-03 ... 6.06271e-01 6.13659e-01 6.35811e-01
Step   35 : Displace = [0m2.335e-02[0m/[0m5.280e-02[0m (rms/max) Trust = 3.000e-01 (=) Grad = [92m2.999e-04[0m/[0m5.559e-04[0m (rms/max) E (change) = -0.0766026760 ([0m-3.196e-05[0m) Quality = [0m1.464[0m
Hessian Eigenvalues: 5.79270e-04 1.95646e-03 4.68934e-03 ... 6.05602e-01 6.14429e-01 6.35922e-01
Step   36 : Displace = [0m3.536e-02[0m/[0m8.716e-02[0m (rms/max) Trust = 3.000e-01 (=) Grad = [0m3.124e-04[0m/[0m5.218e-04[0m (rms/max) E (change) = -0.0766471276 ([0m-4.445e-05[0m) Quality = [0m1.495[0m
Hessian Eigenvalues: 3.94113e-04 1.90355e-03 4.42430e-03 ... 6.06788e-01 6.13783e-01 6.35591e-01
Step   37 : Displace = [0m5.321e-02[0m/[0m1.341e-01[0m (rms/max) Trust = 3.000e-01 (=) Grad = [0m4.275e-04[0m/[0m7.102e-04[0m (rms/max) E (change) = -0.0767053954 ([0m-5.827e-05[0m) Quality = [0m1.508[0m
Large rotations - refreshing Rotator reference points and DLC vectors
Rebuilding Hessian using 2 gradients
Hessian Eigenvalues: -2.74052e-01 2.28886e-05 2.00245e-02 ... 5.61251e-01 5.61375e-01 5.78185e-01
Step   38 : Displace = [0m3.081e-01[0m/[0m5.750e-01[0m (rms/max) Trust = 3.000e-01 (=) Grad = [0m8.194e-02[0m/[0m1.793e-01[0m (rms/max) E (change) =  0.0176294540 ([91m+9.433e-02[0m) Quality = [91m-0.248[0m
Hessian Eigenvalues: 2.28798e-05 1.49697e-02 2.00961e-02 ... 5.61337e-01 5.77514e-01 7.33703e-01
Step   39 : Displace = [0m1.510e-01[0m/[0m2.771e-01[0m (rms/max) Trust = 1.500e-01 ([91m-[0m) Grad = [0m2.607e-02[0m/[0m4.882e-02[0m (rms/max) E (change) = -0.0630944950 ([0m-8.072e-02[0m) Quality = [0m0.793[0m
Hessian Eigenvalues: 2.28687e-05 1.39557e-02 2.00796e-02 ... 5.61326e-01 5.77580e-01 6.94271e-01
Step   40 : Displace = [0m2.196e-01[0m/[0m3.674e-01[0m (rms/max) Trust = 2.121e-01 ([92m+[0m) Grad = [0m3.559e-02[0m/[0m6.842e-02[0m (rms/max) E (change) = -0.0588923551 ([91m+4.202e-03[0m) Quality = [91m-0.112[0m
Hessian Eigenvalues: 2.34693e-05 1.99623e-02 2.50356e-02 ... 5.74639e-01 5.85857e-01 6.97490e-01
Step   41 : Displace = [0m1.078e-01[0m/[0m2.915e-01[0m (rms/max) Trust = 1.061e-01 ([91m-[0m) Grad = [0m6.152e-03[0m/[0m1.079e-02[0m (rms/max) E (change) = -0.0764330896 ([0m-1.754e-02[0m) Quality = [0m0.921[0m
Hessian Eigenvalues: 2.50332e-05 1.99918e-02 2.43006e-02 ... 5.63975e-01 5.77655e-01 6.93648e-01
Step   42 : Displace = [0m1.541e-01[0m/[0m3.335e-01[0m (rms/max) Trust = 1.500e-01 ([92m+[0m) Grad = [0m4.109e-03[0m/[0m7.742e-03[0m (rms/max) E (change) = -0.0763876246 ([91m+4.547e-05[0m) Quality = [91m-0.029[0m
Hessian Eigenvalues: 5.63789e-05 2.01155e-02 2.67771e-02 ... 5.69438e-01 5.77454e-01 7.07506e-01
Step   43 : Displace = [0m7.512e-02[0m/[0m1.727e-01[0m (rms/max) Trust = 7.500e-02 ([91m-[0m) Grad = [0m1.793e-03[0m/[0m3.419e-03[0m (rms/max) E (change) = -0.0771730021 ([0m-7.854e-04[0m) Quality = [0m1.150[0m
Hessian Eigenvalues: 6.68862e-05 1.92271e-02 2.34020e-02 ... 5.72394e-01 5.77682e-01 6.95380e-01
Step   44 : Displace = [0m1.057e-01[0m/[0m2.665e-01[0m (rms/max) Trust = 1.061e-01 ([92m+[0m) Grad = [0m2.410e-03[0m/[0m5.513e-03[0m (rms/max) E (change) = -0.0769844535 ([91m+1.885e-04[0m) Quality = [91m-0.385[0m
Hessian Eigenvalues: 1.19374e-03 1.16966e-02 2.10764e-02 ... 5.75927e-01 5.77720e-01 6.95231e-01
Step   45 : Displace = [0m5.499e-02[0m/[0m1.277e-01[0m (rms/max) Trust = 5.303e-02 ([91m-[0m) Grad = [0m6.551e-03[0m/[0m1.200e-02[0m (rms/max) E (change) = -0.0767508644 ([91m+2.336e-04[0m) Quality = [91m-0.276[0m
Hessian Eigenvalues: 4.62656e-03 6.78637e-03 2.31295e-02 ... 5.72838e-01 5.87958e-01 6.92892e-01
Step   46 : Displace = [0m2.472e-02[0m/[0m5.743e-02[0m (rms/max) Trust = 2.652e-02 ([91m-[0m) Grad = [0m3.267e-03[0m/[0m7.612e-03[0m (rms/max) E (change) = -0.0772927445 ([0m-5.419e-04[0m) Quality = [0m0.469[0m
Hessian Eigenvalues: 5.05061e-03 1.15122e-02 2.43902e-02 ... 5.76297e-01 5.86145e-01 6.98960e-01
Step   47 : Displace = [0m2.708e-02[0m/[0m6.987e-02[0m (rms/max) Trust = 2.652e-02 (=) Grad = [0m3.686e-03[0m/[0m6.558e-03[0m (rms/max) E (change) = -0.0771735557 ([91m+1.192e-04[0m) Quality = [91m-0.402[0m
Hessian Eigenvalues: 5.04973e-03 1.71528e-02 2.52691e-02 ... 5.72551e-01 5.78569e-01 6.92740e-01
Step   48 : Displace = [0m1.260e-02[0m/[0m3.020e-02[0m (rms/max) Trust = 1.326e-02 ([91m-[0m) Grad = [0m7.227e-04[0m/[0m1.434e-03[0m (rms/max) E (change) = -0.0774852563 ([0m-3.117e-04[0m) Quality = [0m0.922[0m
Hessian Eigenvalues: 5.04979e-03 1.78144e-02 2.47336e-02 ... 5.71604e-01 5.79669e-01 6.92672e-01
Step   49 : Displace = [0m7.863e-03[0m/[0m1.816e-02[0m (rms/max) Trust = 1.875e-02 ([92m+[0m) Grad = [0m4.509e-04[0m/[0m1.144e-03[0m (rms/max) E (change) = -0.0775222750 ([0m-3.702e-05[0m) Quality = [0m1.176[0m
Hessian Eigenvalues: 4.76076e-03 1.35617e-02 1.98125e-02 ... 5.78386e-01 5.85384e-01 6.98383e-01
Step   50 : Displace = [0m1.208e-02[0m/[0m3.933e-02[0m (rms/max) Trust = 2.652e-02 ([92m+[0m) Grad = [0m5.903e-04[0m/[0m1.094e-03[0m (rms/max) E (change) = -0.0775606700 ([0m-3.840e-05[0m) Quality = [0m1.468[0m
Hessian Eigenvalues: 3.05808e-03 7.60339e-03 1.94596e-02 ... 5.76913e-01 6.06108e-01 6.97234e-01
Step   51 : Displace = [0m2.970e-02[0m/[0m9.304e-02[0m (rms/max) Trust = 3.750e-02 ([92m+[0m) Grad = [0m4.550e-04[0m/[0m7.598e-04[0m (rms/max) E (change) = -0.0776203309 ([0m-5.966e-05[0m) Quality = [0m1.167[0m
Hessian Eigenvalues: 3.23602e-03 6.59551e-03 1.91928e-02 ... 5.74772e-01 5.97362e-01 6.94528e-01
Step   52 : Displace = [0m1.804e-02[0m/[0m3.047e-02[0m (rms/max) Trust = 5.303e-02 ([92m+[0m) Grad = [92m2.905e-04[0m/[0m5.093e-04[0m (rms/max) E (change) = -0.0776597372 ([0m-3.941e-05[0m) Quality = [0m1.390[0m
Hessian Eigenvalues: 2.44474e-03 5.17643e-03 1.86075e-02 ... 5.75459e-01 5.99240e-01 6.98877e-01
Step   53 : Displace = [0m2.352e-02[0m/[0m3.800e-02[0m (rms/max) Trust = 7.500e-02 ([92m+[0m) Grad = [0m4.062e-04[0m/[0m6.415e-04[0m (rms/max) E (change) = -0.0776972914 ([0m-3.755e-05[0m) Quality = [0m1.275[0m
Hessian Eigenvalues: 2.10748e-03 4.62132e-03 1.94704e-02 ... 5.77452e-01 6.05326e-01 7.02842e-01
Step   54 : Displace = [0m1.432e-02[0m/[0m2.480e-02[0m (rms/max) Trust = 1.061e-01 ([92m+[0m) Grad = [0m4.151e-04[0m/[0m7.661e-04[0m (rms/max) E (change) = -0.0777134408 ([0m-1.615e-05[0m) Quality = [0m1.131[0m
Hessian Eigenvalues: 2.00477e-03 4.25804e-03 1.73536e-02 ... 5.75523e-01 5.98598e-01 6.91618e-01
Step   55 : Displace = [0m6.434e-03[0m/[0m1.250e-02[0m (rms/max) Trust = 1.500e-01 ([92m+[0m) Grad = [92m1.717e-04[0m/[92m3.515e-04[0m (rms/max) E (change) = -0.0777209715 ([0m-7.531e-06[0m) Quality = [0m1.147[0m
Hessian Eigenvalues: 2.00804e-03 4.19541e-03 1.40274e-02 ... 5.72229e-01 6.06923e-01 6.85094e-01
Step   56 : Displace = [0m3.339e-03[0m/[0m8.149e-03[0m (rms/max) Trust = 2.121e-01 ([92m+[0m) Grad = [92m1.365e-04[0m/[92m2.214e-04[0m (rms/max) E (change) = -0.0777259846 ([0m-5.013e-06[0m) Quality = [0m1.397[0m
Hessian Eigenvalues: 1.92563e-03 4.02806e-03 8.81889e-03 ... 5.83353e-01 6.10507e-01 6.87516e-01
Step   57 : Displace = [0m5.212e-03[0m/[0m1.434e-02[0m (rms/max) Trust = 3.000e-01 ([92m+[0m) Grad = [92m2.085e-04[0m/[92m4.195e-04[0m (rms/max) E (change) = -0.0777304665 ([0m-4.482e-06[0m) Quality = [0m1.137[0m
Hessian Eigenvalues: 1.77004e-03 3.81666e-03 7.27061e-03 ... 5.81472e-01 6.10622e-01 6.88765e-01
Step   58 : Displace = [0m4.182e-03[0m/[0m1.275e-02[0m (rms/max) Trust = 3.000e-01 (=) Grad = [92m1.083e-04[0m/[92m2.116e-04[0m (rms/max) E (change) = -0.0777332804 ([0m-2.814e-06[0m) Quality = [0m1.331[0m
Hessian Eigenvalues: 1.59777e-03 3.73976e-03 6.21836e-03 ... 5.74573e-01 6.04468e-01 6.86642e-01
Step   59 : Displace = [0m4.443e-03[0m/[0m1.432e-02[0m (rms/max) Trust = 3.000e-01 (=) Grad = [92m7.502e-05[0m/[92m1.457e-04[0m (rms/max) E (change) = -0.0777358619 ([0m-2.581e-06[0m) Quality = [0m1.466[0m
Hessian Eigenvalues: 1.50368e-03 3.42246e-03 5.23440e-03 ... 5.78205e-01 6.24562e-01 6.90756e-01
Step   60 : Displace = [0m4.938e-03[0m/[0m1.664e-02[0m (rms/max) Trust = 3.000e-01 (=) Grad = [92m1.053e-04[0m/[92m1.957e-04[0m (rms/max) E (change) = -0.0777381734 ([0m-2.312e-06[0m) Quality = [0m1.378[0m
Hessian Eigenvalues: 1.43627e-03 2.92926e-03 4.67595e-03 ... 5.83430e-01 6.27089e-01 6.91347e-01
Step   61 : Displace = [0m4.271e-03[0m/[0m1.382e-02[0m (rms/max) Trust = 3.000e-01 (=) Grad = [92m9.864e-05[0m/[92m1.617e-04[0m (rms/max) E (change) = -0.0777397744 ([0m-1.601e-06[0m) Quality = [0m1.394[0m
Hessian Eigenvalues: 1.37843e-03 2.45863e-03 4.45214e-03 ... 5.78033e-01 6.06445e-01 6.88849e-01
Step   62 : Displace = [0m4.102e-03[0m/[0m1.203e-02[0m (rms/max) Trust = 3.000e-01 (=) Grad = [92m4.873e-05[0m/[92m8.280e-05[0m (rms/max) E (change) = -0.0777410562 ([0m-1.282e-06[0m) Quality = [0m1.295[0m
Hessian Eigenvalues: 1.33208e-03 2.29765e-03 4.36958e-03 ... 5.76839e-01 6.12367e-01 6.91205e-01
Step   63 : Displace = [0m3.126e-03[0m/[0m7.792e-03[0m (rms/max) Trust = 3.000e-01 (=) Grad = [92m5.984e-05[0m/[92m1.285e-04[0m (rms/max) E (change) = -0.0777420398 ([92m-9.836e-07[0m) Quality = [0m1.362[0m
Hessian Eigenvalues: 1.28080e-03 2.30742e-03 4.27507e-03 ... 5.86005e-01 6.17613e-01 6.94453e-01
Step   64 : Displace = [0m2.988e-03[0m/[0m6.059e-03[0m (rms/max) Trust = 3.000e-01 (=) Grad = [92m7.192e-05[0m/[92m1.513e-04[0m (rms/max) E (change) = -0.0777429944 ([92m-9.546e-07[0m) Quality = [0m1.444[0m
Hessian Eigenvalues: 1.18435e-03 2.34467e-03 4.31474e-03 ... 5.83324e-01 6.19829e-01 6.90146e-01
Step   65 : Displace = [0m3.420e-03[0m/[0m6.446e-03[0m (rms/max) Trust = 3.000e-01 (=) Grad = [92m5.686e-05[0m/[92m9.405e-05[0m (rms/max) E (change) = -0.0777438770 ([92m-8.826e-07[0m) Quality = [0m1.381[0m
Hessian Eigenvalues: 1.07258e-03 2.35726e-03 4.12518e-03 ... 5.79050e-01 6.09697e-01 6.87039e-01
Step   66 : Displace = [0m3.102e-03[0m/[0m5.953e-03[0m (rms/max) Trust = 3.000e-01 (=) Grad = [92m3.470e-05[0m/[92m6.184e-05[0m (rms/max) E (change) = -0.0777445079 ([92m-6.309e-07[0m) Quality = [0m1.380[0m
Hessian Eigenvalues: 9.73087e-04 2.34286e-03 4.02646e-03 ... 5.81669e-01 6.09461e-01 6.91016e-01
Step   67 : Displace = [0m2.707e-03[0m/[0m5.157e-03[0m (rms/max) Trust = 3.000e-01 (=) Grad = [92m3.070e-05[0m/[92m5.772e-05[0m (rms/max) E (change) = -0.0777449545 ([92m-4.466e-07[0m) Quality = [0m1.310[0m
Hessian Eigenvalues: 9.66564e-04 2.32533e-03 3.94057e-03 ... 5.82563e-01 6.16040e-01 6.91211e-01
Step   68 : Displace = [0m1.351e-03[0m/[0m2.354e-03[0m (rms/max) Trust = 3.000e-01 (=) Grad = [92m2.725e-05[0m/[92m5.691e-05[0m (rms/max) E (change) = -0.0777451745 ([92m-2.200e-07[0m) Quality = [0m1.271[0m
Hessian Eigenvalues: 9.91063e-04 2.29617e-03 4.00713e-03 ... 5.80268e-01 6.11278e-01 6.88679e-01
Step   69 : Displace = [92m5.498e-04[0m/[92m9.543e-04[0m (rms/max) Trust = 3.000e-01 (=) Grad = [92m1.185e-05[0m/[92m2.319e-05[0m (rms/max) E (change) = -0.0777452561 ([92m-8.164e-08[0m) Quality = [0m1.246[0m
Converged! =D
Time elapsed since start of run_optimizer: 4.869 seconds
