geometric-optimize called with the following command line:
/home/leeping/opt/miniconda3/envs/main/bin/geometric-optimize --engine gmx conf.gro

                                        [91m())))))))))))))))/[0m                     
                                    [91m())))))))))))))))))))))))),[0m                
                                [91m*)))))))))))))))))))))))))))))))))[0m             
                        [94m#,[0m    [91m()))))))))/[0m                [91m.)))))))))),[0m          
                      [94m#%%%%,[0m  [91m())))))[0m                        [91m.))))))))*[0m        
                      [94m*%%%%%%,[0m  [91m))[0m              [93m..[0m              [91m,))))))).[0m      
                        [94m*%%%%%%,[0m         [93m***************/.[0m        [91m.)))))))[0m     
                [94m#%%/[0m      [94m(%%%%%%,[0m    [93m/*********************.[0m       [91m)))))))[0m    
              [94m.%%%%%%#[0m      [94m*%%%%%%,[0m  [93m*******/,[0m     [93m**********,[0m      [91m.))))))[0m   
                [94m.%%%%%%/[0m      [94m*%%%%%%,[0m  [93m**[0m              [93m********[0m      [91m.))))))[0m  
          [94m##[0m      [94m.%%%%%%/[0m      [94m(%%%%%%,[0m                  [93m,******[0m      [91m/)))))[0m  
        [94m%%%%%%[0m      [94m.%%%%%%#[0m      [94m*%%%%%%,[0m    [92m,/////.[0m       [93m******[0m      [91m))))))[0m 
      [94m#%[0m      [94m%%[0m      [94m.%%%%%%/[0m      [94m*%%%%%%,[0m  [92m////////,[0m      [93m*****/[0m     [91m,)))))[0m 
    [94m#%%[0m  [94m%%%[0m  [94m%%%#[0m      [94m.%%%%%%/[0m      [94m(%%%%%%,[0m  [92m///////.[0m     [93m/*****[0m      [91m))))).[0m
  [94m#%%%%.[0m      [94m%%%%%#[0m      [94m/%%%%%%*[0m      [94m#%%%%%%[0m   [92m/////)[0m     [93m******[0m      [91m))))),[0m
    [94m#%%%%##%[0m  [94m%%%#[0m      [94m.%%%%%%/[0m      [94m(%%%%%%,[0m  [92m///////.[0m     [93m/*****[0m      [91m))))).[0m
      [94m##[0m     [94m%%%[0m      [94m.%%%%%%/[0m      [94m*%%%%%%,[0m  [92m////////.[0m      [93m*****/[0m     [91m,)))))[0m 
        [94m#%%%%#[0m      [94m/%%%%%%/[0m      [94m(%%%%%%[0m      [92m/)/)//[0m       [93m******[0m      [91m))))))[0m 
          [94m##[0m      [94m.%%%%%%/[0m      [94m(%%%%%%,[0m                  [93m*******[0m      [91m))))))[0m  
                [94m.%%%%%%/[0m      [94m*%%%%%%,[0m  [93m**.[0m             [93m/*******[0m      [91m.))))))[0m  
              [94m*%%%%%%/[0m      [94m(%%%%%%[0m   [93m********/*..,*/*********[0m       [91m*))))))[0m   
                [94m#%%/[0m      [94m(%%%%%%,[0m    [93m*********************/[0m        [91m)))))))[0m    
                        [94m*%%%%%%,[0m         [93m,**************/[0m         [91m,))))))/[0m     
                      [94m(%%%%%%[0m   [91m()[0m                              [91m))))))))[0m       
                      [94m#%%%%,[0m  [91m())))))[0m                        [91m,)))))))),[0m        
                        [94m#,[0m    [91m())))))))))[0m                [91m,)))))))))).[0m          
                                 [91m()))))))))))))))))))))))))))))))/[0m             
                                    [91m())))))))))))))))))))))))).[0m                
                                         [91m())))))))))))))),[0m                     

-=# [1;94m geomeTRIC started. Version: 0.9.7.2+133.g9dbc890.dirty [0m #=-
Backed up existing log file: conf.log -> conf_2.log
Gromacs engine selected. Expecting conf.gro, topol.top and shot.mdp (exact names).
912 internal coordinates being used (instead of 912 Cartesians)
<class 'geometric.internal.Distance'> : 310
<class 'geometric.internal.Angle'> : 502
<class 'geometric.internal.OutOfPlane'> : 63
<class 'geometric.internal.Dihedral'> : 843
<class 'geometric.internal.TranslationX'> : 20
<class 'geometric.internal.TranslationY'> : 20
<class 'geometric.internal.TranslationZ'> : 20
<class 'geometric.internal.RotationA'> : 20
<class 'geometric.internal.RotationB'> : 20
<class 'geometric.internal.RotationC'> : 20
Note: NumExpr detected 12 cores but "NUMEXPR_MAX_THREADS" not set, so enforcing safe limit of 8.NumExpr defaulting to 8 threads.Step    0 : Gradient = 4.294e-02/7.092e-02 (rms/max) Energy =  0.0450429519
Hessian Eigenvalues: 2.30000e-02 2.30000e-02 2.30000e-02 ... 9.40904e-01 9.44915e-01 9.57839e-01
Step    1 : Displace = [0m1.084e-01[0m/[0m6.384e-01[0m (rms/max) Trust = 1.000e-01 (=) Grad = [0m1.572e-02[0m/[0m3.003e-02[0m (rms/max) E (change) = -0.4320418357 ([0m-4.771e-01[0m) Quality = [0m1.200[0m
Hessian Eigenvalues: 2.24280e-02 2.30000e-02 2.30000e-02 ... 9.40970e-01 9.44917e-01 9.57837e-01
Step    2 : Displace = [0m1.452e-01[0m/[0m8.483e-01[0m (rms/max) Trust = 1.414e-01 ([92m+[0m) Grad = [0m1.538e-02[0m/[0m1.065e-01[0m (rms/max) E (change) = -0.3930403305 ([91m+3.900e-02[0m) Quality = [91m-0.199[0m
Hessian Eigenvalues: 2.21857e-02 2.30000e-02 2.30000e-02 ... 9.41424e-01 9.44970e-01 9.58797e-01
Step    3 : Displace = [0m7.491e-02[0m/[0m6.673e-01[0m (rms/max) Trust = 7.071e-02 ([91m-[0m) Grad = [0m7.305e-03[0m/[0m4.915e-02[0m (rms/max) E (change) = -0.5126633951 ([0m-1.196e-01[0m) Quality = [0m0.729[0m
Hessian Eigenvalues: 2.22345e-02 2.29987e-02 2.30000e-02 ... 9.41269e-01 9.44935e-01 9.61137e-01
Step    4 : Displace = [0m7.173e-02[0m/[0m4.549e-01[0m (rms/max) Trust = 7.071e-02 (=) Grad = [0m9.176e-03[0m/[0m1.018e-01[0m (rms/max) E (change) = -0.5090398288 ([91m+3.624e-03[0m) Quality = [91m-0.064[0m
Hessian Eigenvalues: 2.20498e-02 2.29285e-02 2.30000e-02 ... 9.44444e-01 9.58915e-01 1.07826e+00
Step    5 : Displace = [0m3.554e-02[0m/[0m4.223e-01[0m (rms/max) Trust = 3.536e-02 ([91m-[0m) Grad = [0m4.530e-03[0m/[0m2.794e-02[0m (rms/max) E (change) = -0.5383041619 ([0m-2.926e-02[0m) Quality = [0m0.466[0m
Hessian Eigenvalues: 2.20336e-02 2.29483e-02 2.30000e-02 ... 9.44759e-01 9.59149e-01 1.73192e+00
Step    6 : Displace = [0m3.677e-02[0m/[0m1.952e-01[0m (rms/max) Trust = 3.536e-02 (=) Grad = [0m4.765e-03[0m/[0m2.343e-02[0m (rms/max) E (change) = -0.5396281286 ([0m-1.324e-03[0m) Quality = [0m0.046[0m
Hessian Eigenvalues: 2.16229e-02 2.29584e-02 2.29998e-02 ... 9.44761e-01 9.59117e-01 1.66600e+00
Step    7 : Displace = [0m1.846e-02[0m/[0m1.309e-01[0m (rms/max) Trust = 1.768e-02 ([91m-[0m) Grad = [0m1.658e-03[0m/[0m7.176e-03[0m (rms/max) E (change) = -0.5538317123 ([0m-1.420e-02[0m) Quality = [0m0.985[0m
Hessian Eigenvalues: 2.11149e-02 2.29447e-02 2.29993e-02 ... 9.44759e-01 9.59116e-01 1.64082e+00
Step    8 : Displace = [0m2.670e-02[0m/[0m1.747e-01[0m (rms/max) Trust = 2.500e-02 ([92m+[0m) Grad = [0m1.457e-03[0m/[0m6.742e-03[0m (rms/max) E (change) = -0.5589300722 ([0m-5.098e-03[0m) Quality = [0m0.830[0m
Hessian Eigenvalues: 1.43927e-02 2.28800e-02 2.29971e-02 ... 9.44758e-01 9.59119e-01 1.59185e+00
Step    9 : Displace = [0m3.676e-02[0m/[0m2.539e-01[0m (rms/max) Trust = 3.536e-02 ([92m+[0m) Grad = [0m1.329e-03[0m/[0m6.286e-03[0m (rms/max) E (change) = -0.5650473973 ([0m-6.117e-03[0m) Quality = [0m0.959[0m
Hessian Eigenvalues: 9.63372e-03 2.29076e-02 2.29973e-02 ... 9.44758e-01 9.59963e-01 1.60853e+00
Step   10 : Displace = [0m5.162e-02[0m/[0m2.005e-01[0m (rms/max) Trust = 5.000e-02 ([92m+[0m) Grad = [0m1.717e-03[0m/[0m1.466e-02[0m (rms/max) E (change) = -0.5705647624 ([0m-5.517e-03[0m) Quality = [0m0.711[0m
Hessian Eigenvalues: 5.28532e-03 2.29090e-02 2.29974e-02 ... 9.44759e-01 9.59519e-01 1.63564e+00
Step   11 : Displace = [0m5.241e-02[0m/[0m1.775e-01[0m (rms/max) Trust = 5.000e-02 (=) Grad = [0m2.019e-03[0m/[0m1.194e-02[0m (rms/max) E (change) = -0.5774563078 ([0m-6.892e-03[0m) Quality = [0m0.745[0m
Hessian Eigenvalues: 5.29531e-03 2.29041e-02 2.29975e-02 ... 9.44759e-01 9.59550e-01 1.58108e+00
Step   12 : Displace = [0m5.331e-02[0m/[0m2.244e-01[0m (rms/max) Trust = 5.000e-02 (=) Grad = [0m1.794e-03[0m/[0m9.889e-03[0m (rms/max) E (change) = -0.5848663557 ([0m-7.410e-03[0m) Quality = [0m0.855[0m
Hessian Eigenvalues: 3.87634e-03 2.26632e-02 2.29768e-02 ... 9.44774e-01 9.61570e-01 1.52956e+00
Step   13 : Displace = [0m7.373e-02[0m/[0m2.620e-01[0m (rms/max) Trust = 7.071e-02 ([92m+[0m) Grad = [0m1.644e-03[0m/[0m7.281e-03[0m (rms/max) E (change) = -0.5946258447 ([0m-9.759e-03[0m) Quality = [0m0.991[0m
Hessian Eigenvalues: 2.04181e-03 2.14696e-02 2.29600e-02 ... 9.44761e-01 9.80842e-01 1.53646e+00
Step   14 : Displace = [0m1.036e-01[0m/[0m3.813e-01[0m (rms/max) Trust = 1.000e-01 ([92m+[0m) Grad = [0m2.142e-03[0m/[0m1.559e-02[0m (rms/max) E (change) = -0.6060602386 ([0m-1.143e-02[0m) Quality = [0m0.785[0m
Hessian Eigenvalues: 2.04258e-03 1.93443e-02 2.29496e-02 ... 9.44755e-01 9.70849e-01 1.54216e+00
Step   15 : Displace = [0m1.435e-01[0m/[0m6.805e-01[0m (rms/max) Trust = 1.414e-01 ([92m+[0m) Grad = [0m3.038e-03[0m/[0m1.854e-02[0m (rms/max) E (change) = -0.6133036515 ([0m-7.243e-03[0m) Quality = [0m0.458[0m
Hessian Eigenvalues: 3.51048e-03 1.61483e-02 2.29152e-02 ... 9.44760e-01 9.70240e-01 1.52939e+00
Step   16 : Displace = [0m1.438e-01[0m/[0m8.346e-01[0m (rms/max) Trust = 1.414e-01 (=) Grad = [0m1.787e-02[0m/[0m2.381e-01[0m (rms/max) E (change) = -0.5561151318 ([91m+5.719e-02[0m) Quality = [91m-1.835[0m
[93mStep Is Rejected[0m
Hessian Eigenvalues: 3.51048e-03 1.61483e-02 2.29152e-02 ... 9.44760e-01 9.70240e-01 1.52939e+00
Step   17 : Displace = [0m7.606e-02[0m/[0m3.995e-01[0m (rms/max) Trust = 7.071e-02 ([1;91mx[0m) Grad = [0m4.787e-03[0m/[0m2.786e-02[0m (rms/max) E (change) = -0.6141952228 ([0m-8.916e-04[0m) Quality = [0m0.034[0m
Hessian Eigenvalues: 4.07069e-03 1.72424e-02 2.29135e-02 ... 9.44762e-01 9.69195e-01 1.53046e+00
Step   18 : Displace = [0m3.518e-02[0m/[0m2.348e-01[0m (rms/max) Trust = 3.536e-02 ([91m-[0m) Grad = [0m2.452e-03[0m/[0m1.841e-02[0m (rms/max) E (change) = -0.6268548296 ([0m-1.266e-02[0m) Quality = [0m0.536[0m
Hessian Eigenvalues: 4.07309e-03 1.71705e-02 2.29132e-02 ... 9.44759e-01 9.69251e-01 1.53118e+00
Step   19 : Displace = [0m3.842e-02[0m/[0m1.720e-01[0m (rms/max) Trust = 3.536e-02 (=) Grad = [0m2.087e-03[0m/[0m7.199e-03[0m (rms/max) E (change) = -0.6345083206 ([0m-7.653e-03[0m) Quality = [0m0.677[0m
Hessian Eigenvalues: 3.93072e-03 1.63088e-02 2.22235e-02 ... 9.44762e-01 9.68565e-01 1.53078e+00
Step   20 : Displace = [0m3.451e-02[0m/[0m1.726e-01[0m (rms/max) Trust = 3.536e-02 (=) Grad = [0m1.527e-03[0m/[0m8.409e-03[0m (rms/max) E (change) = -0.6390599095 ([0m-4.552e-03[0m) Quality = [0m0.681[0m
Hessian Eigenvalues: 4.40891e-03 1.44641e-02 2.15136e-02 ... 9.44779e-01 9.68564e-01 1.52869e+00
Step   21 : Displace = [0m3.722e-02[0m/[0m1.696e-01[0m (rms/max) Trust = 3.536e-02 (=) Grad = [0m1.766e-03[0m/[0m1.037e-02[0m (rms/max) E (change) = -0.6424219930 ([0m-3.362e-03[0m) Quality = [0m0.632[0m
Hessian Eigenvalues: 3.05000e-03 1.33977e-02 2.09747e-02 ... 9.44760e-01 9.69673e-01 1.52930e+00
Step   22 : Displace = [0m3.687e-02[0m/[0m1.728e-01[0m (rms/max) Trust = 3.536e-02 (=) Grad = [0m1.341e-03[0m/[0m6.830e-03[0m (rms/max) E (change) = -0.6464327622 ([0m-4.011e-03[0m) Quality = [0m0.736[0m
Hessian Eigenvalues: 3.88971e-03 1.22374e-02 2.03440e-02 ... 9.44735e-01 9.70379e-01 1.52990e+00
Step   23 : Displace = [0m3.541e-02[0m/[0m1.166e-01[0m (rms/max) Trust = 3.536e-02 (=) Grad = [0m1.293e-03[0m/[0m5.184e-03[0m (rms/max) E (change) = -0.6501935793 ([0m-3.761e-03[0m) Quality = [0m0.867[0m
Hessian Eigenvalues: 2.77105e-03 1.06585e-02 1.98068e-02 ... 9.44733e-01 9.70613e-01 1.53023e+00
Step   24 : Displace = [0m4.848e-02[0m/[0m1.434e-01[0m (rms/max) Trust = 5.000e-02 ([92m+[0m) Grad = [0m9.761e-04[0m/[0m3.896e-03[0m (rms/max) E (change) = -0.6541546928 ([0m-3.961e-03[0m) Quality = [0m0.864[0m
Hessian Eigenvalues: 2.91316e-03 9.05790e-03 1.91290e-02 ... 9.44735e-01 9.71418e-01 1.52932e+00
Step   25 : Displace = [0m7.054e-02[0m/[0m2.651e-01[0m (rms/max) Trust = 7.071e-02 ([92m+[0m) Grad = [0m1.181e-03[0m/[0m6.105e-03[0m (rms/max) E (change) = -0.6569973437 ([0m-2.843e-03[0m) Quality = [0m0.694[0m
Hessian Eigenvalues: 3.26154e-03 8.19624e-03 1.82815e-02 ... 9.44735e-01 9.71027e-01 1.53048e+00
Step   26 : Displace = [0m4.933e-02[0m/[0m2.253e-01[0m (rms/max) Trust = 7.071e-02 (=) Grad = [0m1.087e-03[0m/[0m4.425e-03[0m (rms/max) E (change) = -0.6599839406 ([0m-2.987e-03[0m) Quality = [0m1.045[0m
Hessian Eigenvalues: 2.23108e-03 8.70108e-03 1.63883e-02 ... 9.44745e-01 9.70818e-01 1.52893e+00
Step   27 : Displace = [0m9.603e-02[0m/[0m4.029e-01[0m (rms/max) Trust = 1.000e-01 ([92m+[0m) Grad = [0m1.630e-03[0m/[0m7.580e-03[0m (rms/max) E (change) = -0.6637274615 ([0m-3.744e-03[0m) Quality = [0m0.994[0m
Hessian Eigenvalues: 1.56995e-03 8.86324e-03 1.23066e-02 ... 9.57146e-01 9.91085e-01 1.53002e+00
Step   28 : Displace = [0m1.445e-01[0m/[0m7.252e-01[0m (rms/max) Trust = 1.414e-01 ([92m+[0m) Grad = [0m2.659e-03[0m/[0m9.509e-03[0m (rms/max) E (change) = -0.6624297173 ([91m+1.298e-03[0m) Quality = [91m-0.212[0m
Hessian Eigenvalues: 3.36086e-03 8.93471e-03 9.91193e-03 ... 9.44719e-01 9.71915e-01 1.52981e+00
Step   29 : Displace = [0m7.266e-02[0m/[0m3.879e-01[0m (rms/max) Trust = 7.071e-02 ([91m-[0m) Grad = [0m1.479e-03[0m/[0m6.328e-03[0m (rms/max) E (change) = -0.6722410940 ([0m-9.811e-03[0m) Quality = [0m0.842[0m
Hessian Eigenvalues: 3.99670e-03 8.95250e-03 9.80949e-03 ... 9.44721e-01 9.72216e-01 1.52996e+00
Step   30 : Displace = [0m4.640e-02[0m/[0m2.583e-01[0m (rms/max) Trust = 1.000e-01 ([92m+[0m) Grad = [0m2.298e-03[0m/[0m1.412e-02[0m (rms/max) E (change) = -0.6729187925 ([0m-6.777e-04[0m) Quality = [0m0.143[0m
Hessian Eigenvalues: 4.05739e-03 8.38417e-03 9.79122e-03 ... 9.46629e-01 9.82976e-01 1.53080e+00
Step   31 : Displace = [0m2.365e-02[0m/[0m1.689e-01[0m (rms/max) Trust = 2.320e-02 ([91m-[0m) Grad = [0m1.508e-03[0m/[0m1.103e-02[0m (rms/max) E (change) = -0.6763909739 ([0m-3.472e-03[0m) Quality = [0m0.619[0m
Hessian Eigenvalues: 4.06307e-03 8.21590e-03 9.88304e-03 ... 9.48937e-01 9.76896e-01 1.53006e+00
Step   32 : Displace = [0m2.481e-02[0m/[0m1.291e-01[0m (rms/max) Trust = 2.320e-02 (=) Grad = [0m1.758e-03[0m/[0m8.859e-03[0m (rms/max) E (change) = -0.6766273498 ([0m-2.364e-04[0m) Quality = [0m0.057[0m
Hessian Eigenvalues: 4.12487e-03 8.14735e-03 9.86737e-03 ... 9.44752e-01 9.74122e-01 1.52937e+00
Step   33 : Displace = [0m1.260e-02[0m/[0m5.728e-02[0m (rms/max) Trust = 1.160e-02 ([91m-[0m) Grad = [0m6.360e-04[0m/[0m3.660e-03[0m (rms/max) E (change) = -0.6791118099 ([0m-2.484e-03[0m) Quality = [0m0.919[0m
Hessian Eigenvalues: 4.12103e-03 8.18392e-03 9.86101e-03 ... 9.44734e-01 9.73967e-01 1.52934e+00
Step   34 : Displace = [0m1.757e-02[0m/[0m6.879e-02[0m (rms/max) Trust = 1.641e-02 ([92m+[0m) Grad = [0m8.275e-04[0m/[0m4.054e-03[0m (rms/max) E (change) = -0.6797225569 ([0m-6.107e-04[0m) Quality = [0m0.475[0m
Hessian Eigenvalues: 4.05097e-03 7.33855e-03 9.85571e-03 ... 9.44794e-01 9.77176e-01 1.53008e+00
Step   35 : Displace = [0m1.628e-02[0m/[0m6.389e-02[0m (rms/max) Trust = 1.641e-02 (=) Grad = [0m4.123e-04[0m/[0m1.567e-03[0m (rms/max) E (change) = -0.6808648248 ([0m-1.142e-03[0m) Quality = [0m1.194[0m
Hessian Eigenvalues: 3.87648e-03 5.82573e-03 9.80350e-03 ... 9.44751e-01 9.80497e-01 1.52898e+00
Step   36 : Displace = [0m2.315e-02[0m/[0m9.650e-02[0m (rms/max) Trust = 2.320e-02 ([92m+[0m) Grad = [0m5.400e-04[0m/[0m2.565e-03[0m (rms/max) E (change) = -0.6817699721 ([0m-9.051e-04[0m) Quality = [0m0.864[0m
Hessian Eigenvalues: 2.84359e-03 5.32560e-03 9.66787e-03 ... 9.44936e-01 9.92587e-01 1.52909e+00
Step   37 : Displace = [0m3.301e-02[0m/[0m1.368e-01[0m (rms/max) Trust = 3.281e-02 ([92m+[0m) Grad = [0m4.989e-04[0m/[0m2.810e-03[0m (rms/max) E (change) = -0.6829981612 ([0m-1.228e-03[0m) Quality = [0m1.081[0m
Hessian Eigenvalues: 1.89026e-03 4.77984e-03 9.39300e-03 ... 9.44762e-01 9.80672e-01 1.52936e+00
Step   38 : Displace = [0m4.693e-02[0m/[0m2.039e-01[0m (rms/max) Trust = 4.640e-02 ([92m+[0m) Grad = [0m6.409e-04[0m/[0m2.306e-03[0m (rms/max) E (change) = -0.6845094061 ([0m-1.511e-03[0m) Quality = [0m0.966[0m
Hessian Eigenvalues: 1.18702e-03 5.25545e-03 9.11626e-03 ... 9.49241e-01 9.87097e-01 1.52961e+00
Step   39 : Displace = [0m6.586e-02[0m/[0m2.817e-01[0m (rms/max) Trust = 6.562e-02 ([92m+[0m) Grad = [0m7.604e-04[0m/[0m4.247e-03[0m (rms/max) E (change) = -0.6861478592 ([0m-1.638e-03[0m) Quality = [0m0.789[0m
Hessian Eigenvalues: 1.30517e-03 5.20422e-03 8.57175e-03 ... 9.44857e-01 9.83011e-01 1.52965e+00
Step   40 : Displace = [0m9.268e-02[0m/[0m3.988e-01[0m (rms/max) Trust = 9.281e-02 ([92m+[0m) Grad = [0m9.669e-04[0m/[0m5.315e-03[0m (rms/max) E (change) = -0.6877288455 ([0m-1.581e-03[0m) Quality = [0m0.678[0m
Hessian Eigenvalues: 1.64290e-03 5.16742e-03 7.99567e-03 ... 9.44919e-01 9.88137e-01 1.52948e+00
Step   41 : Displace = [0m5.412e-02[0m/[0m2.162e-01[0m (rms/max) Trust = 9.281e-02 (=) Grad = [0m1.096e-03[0m/[0m5.562e-03[0m (rms/max) E (change) = -0.6891712792 ([0m-1.442e-03[0m) Quality = [0m0.721[0m
Hessian Eigenvalues: 1.54181e-03 5.23440e-03 7.05257e-03 ... 9.79596e-01 1.03896e+00 1.52924e+00
Step   42 : Displace = [0m4.611e-02[0m/[0m1.737e-01[0m (rms/max) Trust = 9.281e-02 (=) Grad = [0m1.070e-03[0m/[0m4.650e-03[0m (rms/max) E (change) = -0.6916036661 ([0m-2.432e-03[0m) Quality = [0m1.109[0m
Hessian Eigenvalues: 1.23446e-03 5.19813e-03 6.31135e-03 ... 9.87839e-01 1.04454e+00 1.52958e+00
Step   43 : Displace = [0m1.203e-01[0m/[0m4.956e-01[0m (rms/max) Trust = 1.312e-01 ([92m+[0m) Grad = [0m1.441e-03[0m/[0m7.326e-03[0m (rms/max) E (change) = -0.6946618638 ([0m-3.058e-03[0m) Quality = [0m1.064[0m
Hessian Eigenvalues: 7.95515e-04 5.31233e-03 5.65033e-03 ... 9.95370e-01 1.09724e+00 1.53399e+00
Step   44 : Displace = [0m1.867e-01[0m/[0m7.918e-01[0m (rms/max) Trust = 1.856e-01 ([92m+[0m) Grad = [0m1.955e-03[0m/[0m8.192e-03[0m (rms/max) E (change) = -0.6987139200 ([0m-4.052e-03[0m) Quality = [0m1.064[0m
Hessian Eigenvalues: 7.54414e-04 4.72238e-03 5.31951e-03 ... 1.00458e+00 1.06722e+00 1.53341e+00
Step   45 : Displace = [0m2.359e-01[0m/[0m8.816e-01[0m (rms/max) Trust = 2.625e-01 ([92m+[0m) Grad = [0m3.545e-03[0m/[0m2.639e-02[0m (rms/max) E (change) = -0.7048561657 ([0m-6.142e-03[0m) Quality = [0m0.708[0m
Hessian Eigenvalues: 6.33985e-04 5.26509e-03 6.74116e-03 ... 1.00330e+00 1.06951e+00 1.52751e+00
Step   46 : Displace = [0m2.742e-01[0m/[0m1.100e+00[0m (rms/max) Trust = 2.625e-01 (=) Grad = [0m4.028e-03[0m/[0m2.244e-02[0m (rms/max) E (change) = -0.7147142227 ([0m-9.858e-03[0m) Quality = [0m0.648[0m
Hessian Eigenvalues: 1.40654e-03 5.05618e-03 5.80104e-03 ... 1.00156e+00 1.06583e+00 1.51881e+00
Step   47 : Displace = [0m2.622e-01[0m/[0m9.761e-01[0m (rms/max) Trust = 2.625e-01 (=) Grad = [0m1.059e-02[0m/[0m7.208e-02[0m (rms/max) E (change) = -0.6553551713 ([91m+5.936e-02[0m) Quality = [91m-1.268[0m
[93mStep Is Rejected[0m
Hessian Eigenvalues: 1.40654e-03 5.05618e-03 5.80104e-03 ... 1.00156e+00 1.06583e+00 1.51881e+00
Step   48 : Displace = [0m1.304e-01[0m/[0m4.709e-01[0m (rms/max) Trust = 1.311e-01 ([1;91mx[0m) Grad = [0m6.286e-03[0m/[0m4.500e-02[0m (rms/max) E (change) = -0.7244378180 ([0m-9.724e-03[0m) Quality = [0m0.243[0m
Hessian Eigenvalues: 1.45341e-03 5.28493e-03 7.65524e-03 ... 1.00152e+00 1.08224e+00 1.51960e+00
Step   49 : Displace = [0m6.110e-02[0m/[0m2.261e-01[0m (rms/max) Trust = 6.519e-02 ([91m-[0m) Grad = [0m3.391e-03[0m/[0m2.260e-02[0m (rms/max) E (change) = -0.7596467042 ([0m-3.521e-02[0m) Quality = [0m1.004[0m
Hessian Eigenvalues: 1.41004e-03 5.25115e-03 7.60454e-03 ... 1.00149e+00 1.07024e+00 1.51582e+00
Step   50 : Displace = [0m8.793e-02[0m/[0m3.629e-01[0m (rms/max) Trust = 9.219e-02 ([92m+[0m) Grad = [0m3.079e-03[0m/[0m1.532e-02[0m (rms/max) E (change) = -0.7806668850 ([0m-2.102e-02[0m) Quality = [0m0.783[0m
Hessian Eigenvalues: 1.41593e-03 5.22495e-03 7.43441e-03 ... 1.00148e+00 1.07809e+00 1.51583e+00
Step   51 : Displace = [0m1.290e-01[0m/[0m4.653e-01[0m (rms/max) Trust = 1.304e-01 ([92m+[0m) Grad = [0m8.097e-03[0m/[0m9.473e-02[0m (rms/max) E (change) = -0.7784258681 ([91m+2.241e-03[0m) Quality = [91m-0.092[0m
Hessian Eigenvalues: 1.96763e-03 5.35467e-03 7.55842e-03 ... 1.05386e+00 1.14302e+00 1.62159e+00
Step   52 : Displace = [0m6.814e-02[0m/[0m5.550e-01[0m (rms/max) Trust = 6.452e-02 ([91m-[0m) Grad = [0m1.189e-02[0m/[0m1.481e-01[0m (rms/max) E (change) = -0.7472965623 ([91m+3.113e-02[0m) Quality = [91m-0.552[0m
Hessian Eigenvalues: 1.89372e-03 5.52827e-03 7.91299e-03 ... 1.07363e+00 1.34086e+00 1.56796e+00
Step   53 : Displace = [0m3.472e-02[0m/[0m2.078e-01[0m (rms/max) Trust = 3.226e-02 ([91m-[0m) Grad = [0m4.896e-03[0m/[0m3.975e-02[0m (rms/max) E (change) = -0.7834386789 ([0m-3.614e-02[0m) Quality = [0m0.416[0m
Hessian Eigenvalues: 1.92777e-03 5.54517e-03 7.95941e-03 ... 1.07367e+00 1.39430e+00 1.54293e+00
Step   54 : Displace = [0m3.240e-02[0m/[0m1.744e-01[0m (rms/max) Trust = 3.226e-02 (=) Grad = [0m3.037e-03[0m/[0m2.313e-02[0m (rms/max) E (change) = -0.8008144638 ([0m-1.738e-02[0m) Quality = [0m0.565[0m
Hessian Eigenvalues: 1.95698e-03 5.57253e-03 7.99288e-03 ... 1.08933e+00 1.36801e+00 1.54306e+00
Step   55 : Displace = [0m3.369e-02[0m/[0m2.074e-01[0m (rms/max) Trust = 3.226e-02 (=) Grad = [0m2.166e-03[0m/[0m1.270e-02[0m (rms/max) E (change) = -0.8063111856 ([0m-5.497e-03[0m) Quality = [0m0.505[0m
Hessian Eigenvalues: 1.95254e-03 5.57462e-03 8.00020e-03 ... 1.07659e+00 1.35344e+00 1.54292e+00
Step   56 : Displace = [0m3.189e-02[0m/[0m9.646e-02[0m (rms/max) Trust = 3.226e-02 (=) Grad = [0m1.233e-03[0m/[0m6.660e-03[0m (rms/max) E (change) = -0.8109423723 ([0m-4.631e-03[0m) Quality = [0m0.783[0m
Hessian Eigenvalues: 2.15260e-03 5.52656e-03 8.02168e-03 ... 1.07984e+00 1.35489e+00 1.55234e+00
Step   57 : Displace = [0m4.435e-02[0m/[0m1.982e-01[0m (rms/max) Trust = 4.562e-02 ([92m+[0m) Grad = [0m1.754e-03[0m/[0m9.778e-03[0m (rms/max) E (change) = -0.8126918534 ([0m-1.749e-03[0m) Quality = [0m0.457[0m
Hessian Eigenvalues: 2.30208e-03 6.04084e-03 8.29193e-03 ... 1.07279e+00 1.36246e+00 1.54391e+00
Step   58 : Displace = [0m4.626e-02[0m/[0m1.457e-01[0m (rms/max) Trust = 4.562e-02 (=) Grad = [0m1.879e-03[0m/[0m7.838e-03[0m (rms/max) E (change) = -0.8154231042 ([0m-2.731e-03[0m) Quality = [0m0.519[0m
Hessian Eigenvalues: 3.04034e-03 6.05955e-03 7.85168e-03 ... 1.08125e+00 1.36592e+00 1.52757e+00
Step   59 : Displace = [0m4.565e-02[0m/[0m1.941e-01[0m (rms/max) Trust = 4.562e-02 (=) Grad = [0m2.172e-03[0m/[0m8.576e-03[0m (rms/max) E (change) = -0.8164865181 ([0m-1.063e-03[0m) Quality = [0m0.214[0m
Hessian Eigenvalues: 3.28137e-03 6.09841e-03 7.95602e-03 ... 1.07747e+00 1.36356e+00 1.52846e+00
Step   60 : Displace = [0m2.468e-02[0m/[0m1.087e-01[0m (rms/max) Trust = 2.281e-02 ([91m-[0m) Grad = [0m1.140e-03[0m/[0m6.067e-03[0m (rms/max) E (change) = -0.8202324569 ([0m-3.746e-03[0m) Quality = [0m0.771[0m
Hessian Eigenvalues: 3.27545e-03 6.14284e-03 7.76422e-03 ... 1.08026e+00 1.36060e+00 1.52854e+00
Step   61 : Displace = [0m3.239e-02[0m/[0m1.118e-01[0m (rms/max) Trust = 3.226e-02 ([92m+[0m) Grad = [0m1.345e-03[0m/[0m7.996e-03[0m (rms/max) E (change) = -0.8214989568 ([0m-1.266e-03[0m) Quality = [0m0.458[0m
Hessian Eigenvalues: 3.28292e-03 5.93758e-03 6.65822e-03 ... 1.08955e+00 1.36061e+00 1.53118e+00
Step   62 : Displace = [0m3.222e-02[0m/[0m1.265e-01[0m (rms/max) Trust = 3.226e-02 (=) Grad = [0m7.481e-04[0m/[0m2.822e-03[0m (rms/max) E (change) = -0.8241998934 ([0m-2.701e-03[0m) Quality = [0m1.183[0m
Hessian Eigenvalues: 3.07003e-03 4.28320e-03 6.26154e-03 ... 1.09169e+00 1.35589e+00 1.53512e+00
Step   63 : Displace = [0m4.596e-02[0m/[0m1.934e-01[0m (rms/max) Trust = 4.562e-02 ([92m+[0m) Grad = [0m1.013e-03[0m/[0m6.190e-03[0m (rms/max) E (change) = -0.8263092390 ([0m-2.109e-03[0m) Quality = [0m0.815[0m
Hessian Eigenvalues: 2.13725e-03 4.09584e-03 6.19785e-03 ... 1.09170e+00 1.35731e+00 1.53991e+00
Step   64 : Displace = [0m6.495e-02[0m/[0m2.531e-01[0m (rms/max) Trust = 6.452e-02 ([92m+[0m) Grad = [0m9.277e-04[0m/[0m3.711e-03[0m (rms/max) E (change) = -0.8290129655 ([0m-2.704e-03[0m) Quality = [0m1.136[0m
Hessian Eigenvalues: 1.38697e-03 3.95490e-03 6.18585e-03 ... 1.10290e+00 1.36998e+00 1.53626e+00
Step   65 : Displace = [0m9.060e-02[0m/[0m3.489e-01[0m (rms/max) Trust = 9.124e-02 ([92m+[0m) Grad = [0m1.104e-03[0m/[0m5.308e-03[0m (rms/max) E (change) = -0.8315671669 ([0m-2.554e-03[0m) Quality = [0m0.773[0m
Hessian Eigenvalues: 1.57745e-03 3.94347e-03 6.15972e-03 ... 1.10051e+00 1.36067e+00 1.53986e+00
Step   66 : Displace = [0m5.143e-02[0m/[0m1.824e-01[0m (rms/max) Trust = 1.290e-01 ([92m+[0m) Grad = [0m9.323e-04[0m/[0m4.191e-03[0m (rms/max) E (change) = -0.8336376433 ([0m-2.070e-03[0m) Quality = [0m1.019[0m
Hessian Eigenvalues: 1.72370e-03 4.04723e-03 5.98864e-03 ... 1.10296e+00 1.34408e+00 1.59439e+00
Step   67 : Displace = [0m2.820e-02[0m/[0m9.942e-02[0m (rms/max) Trust = 1.825e-01 ([92m+[0m) Grad = [0m9.323e-04[0m/[0m5.289e-03[0m (rms/max) E (change) = -0.8350566441 ([0m-1.419e-03[0m) Quality = [0m0.893[0m
Hessian Eigenvalues: 1.73902e-03 4.20473e-03 5.69605e-03 ... 1.10484e+00 1.31776e+00 1.56363e+00
Step   68 : Displace = [0m2.745e-02[0m/[0m8.105e-02[0m (rms/max) Trust = 2.581e-01 ([92m+[0m) Grad = [0m9.159e-04[0m/[0m5.096e-03[0m (rms/max) E (change) = -0.8359437522 ([0m-8.871e-04[0m) Quality = [0m0.711[0m
Hessian Eigenvalues: 1.79940e-03 4.41576e-03 5.59678e-03 ... 1.10465e+00 1.26635e+00 1.54145e+00
Step   69 : Displace = [0m2.283e-02[0m/[0m8.935e-02[0m (rms/max) Trust = 2.581e-01 (=) Grad = [0m6.566e-04[0m/[0m3.456e-03[0m (rms/max) E (change) = -0.8366508347 ([0m-7.071e-04[0m) Quality = [0m0.793[0m
Hessian Eigenvalues: 1.79406e-03 4.44218e-03 5.78033e-03 ... 1.10601e+00 1.23856e+00 1.52854e+00
Step   70 : Displace = [0m1.616e-02[0m/[0m5.566e-02[0m (rms/max) Trust = 3.000e-01 ([92m+[0m) Grad = [0m5.138e-04[0m/[0m2.237e-03[0m (rms/max) E (change) = -0.8372334991 ([0m-5.827e-04[0m) Quality = [0m0.943[0m
Hessian Eigenvalues: 1.77941e-03 4.51209e-03 5.99449e-03 ... 1.11060e+00 1.21948e+00 1.52299e+00
Step   71 : Displace = [0m2.062e-02[0m/[0m7.828e-02[0m (rms/max) Trust = 3.000e-01 (=) Grad = [0m5.060e-04[0m/[0m2.003e-03[0m (rms/max) E (change) = -0.8377741329 ([0m-5.406e-04[0m) Quality = [0m1.073[0m
Hessian Eigenvalues: 1.71051e-03 4.25188e-03 4.62742e-03 ... 1.10905e+00 1.21138e+00 1.52570e+00
Step   72 : Displace = [0m3.605e-02[0m/[0m1.406e-01[0m (rms/max) Trust = 3.000e-01 (=) Grad = [0m5.108e-04[0m/[0m2.092e-03[0m (rms/max) E (change) = -0.8384064530 ([0m-6.323e-04[0m) Quality = [0m1.063[0m
Hessian Eigenvalues: 1.48516e-03 3.25597e-03 4.64457e-03 ... 1.11445e+00 1.20975e+00 1.52574e+00
Step   73 : Displace = [0m4.000e-02[0m/[0m1.749e-01[0m (rms/max) Trust = 3.000e-01 (=) Grad = [0m4.873e-04[0m/[0m2.232e-03[0m (rms/max) E (change) = -0.8388275039 ([0m-4.211e-04[0m) Quality = [0m0.883[0m
Hessian Eigenvalues: 1.38871e-03 2.86787e-03 4.84366e-03 ... 1.11479e+00 1.22171e+00 1.52411e+00
Step   74 : Displace = [0m2.676e-02[0m/[0m1.179e-01[0m (rms/max) Trust = 3.000e-01 (=) Grad = [0m4.977e-04[0m/[0m2.627e-03[0m (rms/max) E (change) = -0.8391535207 ([0m-3.260e-04[0m) Quality = [0m0.824[0m
Hessian Eigenvalues: 1.20594e-03 3.10820e-03 4.98077e-03 ... 1.12380e+00 1.21135e+00 1.52186e+00
Step   75 : Displace = [0m2.963e-02[0m/[0m1.469e-01[0m (rms/max) Trust = 3.000e-01 (=) Grad = [0m4.963e-04[0m/[0m2.299e-03[0m (rms/max) E (change) = -0.8394929277 ([0m-3.394e-04[0m) Quality = [0m0.807[0m
Hessian Eigenvalues: 1.32264e-03 3.11822e-03 4.93760e-03 ... 1.11757e+00 1.21151e+00 1.52347e+00
Step   76 : Displace = [0m2.029e-02[0m/[0m6.744e-02[0m (rms/max) Trust = 3.000e-01 (=) Grad = [0m5.943e-04[0m/[0m3.046e-03[0m (rms/max) E (change) = -0.8397744962 ([0m-2.816e-04[0m) Quality = [0m0.646[0m
Hessian Eigenvalues: 1.26601e-03 3.25558e-03 5.12336e-03 ... 1.12336e+00 1.19673e+00 1.52322e+00
Step   77 : Displace = [0m2.711e-02[0m/[0m1.257e-01[0m (rms/max) Trust = 3.000e-01 (=) Grad = [0m4.721e-04[0m/[0m1.561e-03[0m (rms/max) E (change) = -0.8401678366 ([0m-3.933e-04[0m) Quality = [0m0.962[0m
Hessian Eigenvalues: 1.14046e-03 3.26261e-03 5.12999e-03 ... 1.12062e+00 1.19601e+00 1.52715e+00
Step   78 : Displace = [0m3.000e-02[0m/[0m1.283e-01[0m (rms/max) Trust = 3.000e-01 (=) Grad = [0m5.141e-04[0m/[0m1.918e-03[0m (rms/max) E (change) = -0.8404700484 ([0m-3.022e-04[0m) Quality = [0m0.811[0m
Hessian Eigenvalues: 9.83815e-04 3.15356e-03 5.02067e-03 ... 1.12041e+00 1.19593e+00 1.52337e+00
Step   79 : Displace = [0m2.762e-02[0m/[0m1.289e-01[0m (rms/max) Trust = 3.000e-01 (=) Grad = [0m3.435e-04[0m/[0m1.408e-03[0m (rms/max) E (change) = -0.8407863943 ([0m-3.163e-04[0m) Quality = [0m1.163[0m
Hessian Eigenvalues: 9.13529e-04 2.98719e-03 4.41256e-03 ... 1.13337e+00 1.19607e+00 1.51953e+00
Step   80 : Displace = [0m2.677e-02[0m/[0m1.305e-01[0m (rms/max) Trust = 3.000e-01 (=) Grad = [0m3.618e-04[0m/[0m1.634e-03[0m (rms/max) E (change) = -0.8410387645 ([0m-2.524e-04[0m) Quality = [0m0.958[0m
Hessian Eigenvalues: 8.83565e-04 2.67935e-03 3.80302e-03 ... 1.12999e+00 1.19647e+00 1.51296e+00
Step   81 : Displace = [0m1.867e-02[0m/[0m9.189e-02[0m (rms/max) Trust = 3.000e-01 (=) Grad = [0m3.481e-04[0m/[0m1.709e-03[0m (rms/max) E (change) = -0.8412470582 ([0m-2.083e-04[0m) Quality = [0m1.051[0m
Hessian Eigenvalues: 8.37243e-04 2.34868e-03 3.88338e-03 ... 1.12741e+00 1.20173e+00 1.48611e+00
Step   82 : Displace = [0m1.953e-02[0m/[0m1.038e-01[0m (rms/max) Trust = 3.000e-01 (=) Grad = [92m2.825e-04[0m/[0m1.154e-03[0m (rms/max) E (change) = -0.8414596292 ([0m-2.126e-04[0m) Quality = [0m1.191[0m
Hessian Eigenvalues: 7.43322e-04 2.21461e-03 3.93098e-03 ... 1.12901e+00 1.19636e+00 1.46772e+00
Step   83 : Displace = [0m2.961e-02[0m/[0m1.615e-01[0m (rms/max) Trust = 3.000e-01 (=) Grad = [0m3.385e-04[0m/[0m1.703e-03[0m (rms/max) E (change) = -0.8416761057 ([0m-2.165e-04[0m) Quality = [0m1.074[0m
Hessian Eigenvalues: 7.17715e-04 2.00658e-03 3.89560e-03 ... 1.12887e+00 1.18965e+00 1.45765e+00
Step   84 : Displace = [0m2.407e-02[0m/[0m1.183e-01[0m (rms/max) Trust = 3.000e-01 (=) Grad = [0m3.572e-04[0m/[0m2.076e-03[0m (rms/max) E (change) = -0.8418803079 ([0m-2.042e-04[0m) Quality = [0m1.075[0m
Hessian Eigenvalues: 6.59898e-04 1.84074e-03 3.76743e-03 ... 1.13000e+00 1.19050e+00 1.44502e+00
Step   85 : Displace = [0m2.699e-02[0m/[0m1.268e-01[0m (rms/max) Trust = 3.000e-01 (=) Grad = [0m3.083e-04[0m/[0m1.594e-03[0m (rms/max) E (change) = -0.8421124066 ([0m-2.321e-04[0m) Quality = [0m1.216[0m
Hessian Eigenvalues: 5.68220e-04 1.78567e-03 3.51690e-03 ... 1.12954e+00 1.19060e+00 1.43465e+00
Step   86 : Displace = [0m3.756e-02[0m/[0m1.850e-01[0m (rms/max) Trust = 3.000e-01 (=) Grad = [0m3.463e-04[0m/[0m1.048e-03[0m (rms/max) E (change) = -0.8423405998 ([0m-2.282e-04[0m) Quality = [0m1.038[0m
Hessian Eigenvalues: 5.48870e-04 1.75436e-03 3.25305e-03 ... 1.13017e+00 1.19234e+00 1.43099e+00
Step   87 : Displace = [0m2.272e-02[0m/[0m1.061e-01[0m (rms/max) Trust = 3.000e-01 (=) Grad = [0m3.034e-04[0m/[0m1.202e-03[0m (rms/max) E (change) = -0.8425494514 ([0m-2.089e-04[0m) Quality = [0m1.188[0m
Hessian Eigenvalues: 5.12576e-04 1.80555e-03 2.81625e-03 ... 1.13334e+00 1.19422e+00 1.42847e+00
Step   88 : Displace = [0m2.853e-02[0m/[0m1.527e-01[0m (rms/max) Trust = 3.000e-01 (=) Grad = [0m3.569e-04[0m/[0m1.556e-03[0m (rms/max) E (change) = -0.8427930809 ([0m-2.436e-04[0m) Quality = [0m1.147[0m
Hessian Eigenvalues: 5.25572e-04 1.77532e-03 2.51477e-03 ... 1.13125e+00 1.19047e+00 1.41016e+00
Step   89 : Displace = [0m1.996e-02[0m/[0m9.971e-02[0m (rms/max) Trust = 3.000e-01 (=) Grad = [0m3.554e-04[0m/[0m1.618e-03[0m (rms/max) E (change) = -0.8429911457 ([0m-1.981e-04[0m) Quality = [0m0.961[0m
Hessian Eigenvalues: 5.01340e-04 1.84406e-03 2.48176e-03 ... 1.13460e+00 1.18778e+00 1.39791e+00
Step   90 : Displace = [0m2.270e-02[0m/[0m1.585e-01[0m (rms/max) Trust = 3.000e-01 (=) Grad = [0m3.341e-04[0m/[0m1.158e-03[0m (rms/max) E (change) = -0.8431310002 ([0m-1.399e-04[0m) Quality = [0m0.764[0m
Hessian Eigenvalues: 6.75327e-04 1.85123e-03 2.44614e-03 ... 1.13320e+00 1.18118e+00 1.40388e+00
Step   91 : Displace = [0m3.739e-02[0m/[0m1.460e-01[0m (rms/max) Trust = 3.000e-01 (=) Grad = [0m3.684e-04[0m/[0m1.626e-03[0m (rms/max) E (change) = -0.8431763782 ([0m-4.538e-05[0m) Quality = [0m0.270[0m
Hessian Eigenvalues: 1.25355e-03 1.89102e-03 2.50584e-03 ... 1.13294e+00 1.17536e+00 1.41429e+00
Step   92 : Displace = [0m1.985e-02[0m/[0m1.350e-01[0m (rms/max) Trust = 3.000e-01 (=) Grad = [0m3.491e-04[0m/[0m2.124e-03[0m (rms/max) E (change) = -0.8432989370 ([0m-1.226e-04[0m) Quality = [0m0.617[0m
Hessian Eigenvalues: 1.16639e-03 1.97101e-03 2.59911e-03 ... 1.13287e+00 1.17519e+00 1.43171e+00
Step   93 : Displace = [0m1.299e-02[0m/[0m6.387e-02[0m (rms/max) Trust = 3.000e-01 (=) Grad = [92m2.701e-04[0m/[0m1.154e-03[0m (rms/max) E (change) = -0.8433891354 ([0m-9.020e-05[0m) Quality = [0m0.647[0m
Hessian Eigenvalues: 1.21372e-03 2.05564e-03 2.48471e-03 ... 1.13298e+00 1.17474e+00 1.41931e+00
Step   94 : Displace = [0m8.417e-03[0m/[0m3.342e-02[0m (rms/max) Trust = 3.000e-01 (=) Grad = [92m1.537e-04[0m/[0m7.145e-04[0m (rms/max) E (change) = -0.8434746845 ([0m-8.555e-05[0m) Quality = [0m1.019[0m
Hessian Eigenvalues: 1.16896e-03 2.06432e-03 2.41427e-03 ... 1.13294e+00 1.17639e+00 1.41466e+00
Step   95 : Displace = [0m1.193e-02[0m/[0m4.001e-02[0m (rms/max) Trust = 3.000e-01 (=) Grad = [92m1.443e-04[0m/[0m5.304e-04[0m (rms/max) E (change) = -0.8435399623 ([0m-6.528e-05[0m) Quality = [0m1.114[0m
Hessian Eigenvalues: 1.30753e-03 2.01434e-03 2.12642e-03 ... 1.13386e+00 1.17435e+00 1.41205e+00
Step   96 : Displace = [0m1.497e-02[0m/[0m1.150e-01[0m (rms/max) Trust = 3.000e-01 (=) Grad = [92m1.590e-04[0m/[0m7.308e-04[0m (rms/max) E (change) = -0.8436102617 ([0m-7.030e-05[0m) Quality = [0m1.127[0m
Hessian Eigenvalues: 1.28506e-03 1.58387e-03 2.10450e-03 ... 1.13390e+00 1.17435e+00 1.41094e+00
Step   97 : Displace = [0m1.440e-02[0m/[0m9.236e-02[0m (rms/max) Trust = 3.000e-01 (=) Grad = [92m1.470e-04[0m/[0m5.848e-04[0m (rms/max) E (change) = -0.8436509903 ([0m-4.073e-05[0m) Quality = [0m0.760[0m
Hessian Eigenvalues: 1.29526e-03 1.60739e-03 2.10407e-03 ... 1.13470e+00 1.17436e+00 1.40775e+00
Step   98 : Displace = [0m4.166e-03[0m/[0m2.779e-02[0m (rms/max) Trust = 3.000e-01 (=) Grad = [92m1.070e-04[0m/[92m3.535e-04[0m (rms/max) E (change) = -0.8436839083 ([0m-3.292e-05[0m) Quality = [0m1.043[0m
Hessian Eigenvalues: 1.30088e-03 1.61886e-03 2.10315e-03 ... 1.13338e+00 1.17556e+00 1.40797e+00
Step   99 : Displace = [0m4.120e-03[0m/[0m2.320e-02[0m (rms/max) Trust = 3.000e-01 (=) Grad = [92m1.021e-04[0m/[0m5.114e-04[0m (rms/max) E (change) = -0.8437155243 ([0m-3.162e-05[0m) Quality = [0m1.269[0m
Hessian Eigenvalues: 1.30745e-03 1.58624e-03 2.08556e-03 ... 1.13381e+00 1.17619e+00 1.40864e+00
Step  100 : Displace = [0m6.616e-03[0m/[0m4.568e-02[0m (rms/max) Trust = 3.000e-01 (=) Grad = [92m9.610e-05[0m/[92m4.245e-04[0m (rms/max) E (change) = -0.8437348658 ([0m-1.934e-05[0m) Quality = [0m0.828[0m
Hessian Eigenvalues: 1.25721e-03 1.41447e-03 2.08475e-03 ... 1.13432e+00 1.17458e+00 1.40976e+00
Step  101 : Displace = [0m6.471e-03[0m/[0m4.569e-02[0m (rms/max) Trust = 3.000e-01 (=) Grad = [92m8.046e-05[0m/[92m2.739e-04[0m (rms/max) E (change) = -0.8437508597 ([0m-1.599e-05[0m) Quality = [0m1.188[0m
Hessian Eigenvalues: 1.08654e-03 1.41633e-03 2.08348e-03 ... 1.13459e+00 1.15962e+00 1.40493e+00
Step  102 : Displace = [0m5.572e-03[0m/[0m2.892e-02[0m (rms/max) Trust = 3.000e-01 (=) Grad = [92m7.000e-05[0m/[92m2.971e-04[0m (rms/max) E (change) = -0.8437616462 ([0m-1.079e-05[0m) Quality = [0m1.016[0m
Hessian Eigenvalues: 1.04158e-03 1.40611e-03 2.12794e-03 ... 1.13459e+00 1.15811e+00 1.40160e+00
Step  103 : Displace = [0m5.361e-03[0m/[0m2.804e-02[0m (rms/max) Trust = 3.000e-01 (=) Grad = [92m8.114e-05[0m/[92m3.685e-04[0m (rms/max) E (change) = -0.8437731770 ([0m-1.153e-05[0m) Quality = [0m1.036[0m
Hessian Eigenvalues: 1.02395e-03 1.44745e-03 2.19553e-03 ... 1.13456e+00 1.14557e+00 1.39937e+00
Step  104 : Displace = [0m3.910e-03[0m/[0m1.409e-02[0m (rms/max) Trust = 3.000e-01 (=) Grad = [92m7.400e-05[0m/[92m2.691e-04[0m (rms/max) E (change) = -0.8437813598 ([0m-8.183e-06[0m) Quality = [0m0.922[0m
Hessian Eigenvalues: 1.02732e-03 1.47287e-03 2.18481e-03 ... 1.10606e+00 1.13683e+00 1.39817e+00
Step  105 : Displace = [0m3.038e-03[0m/[0m1.346e-02[0m (rms/max) Trust = 3.000e-01 (=) Grad = [92m5.651e-05[0m/[92m2.388e-04[0m (rms/max) E (change) = -0.8437915887 ([0m-1.023e-05[0m) Quality = [0m1.576[0m
Hessian Eigenvalues: 1.00257e-03 1.43130e-03 2.07727e-03 ... 1.09367e+00 1.14081e+00 1.39918e+00
Step  106 : Displace = [0m5.014e-03[0m/[0m2.562e-02[0m (rms/max) Trust = 3.000e-01 (=) Grad = [92m6.446e-05[0m/[92m2.387e-04[0m (rms/max) E (change) = -0.8437975400 ([0m-5.951e-06[0m) Quality = [0m0.758[0m
Hessian Eigenvalues: 9.12263e-04 1.44850e-03 1.96829e-03 ... 1.08528e+00 1.14054e+00 1.39578e+00
Step  107 : Displace = [0m5.525e-03[0m/[0m2.271e-02[0m (rms/max) Trust = 3.000e-01 (=) Grad = [92m7.020e-05[0m/[92m2.520e-04[0m (rms/max) E (change) = -0.8438066525 ([0m-9.113e-06[0m) Quality = [0m1.313[0m
Hessian Eigenvalues: 8.03864e-04 1.45969e-03 1.96398e-03 ... 1.07466e+00 1.13840e+00 1.38869e+00
Step  108 : Displace = [0m5.349e-03[0m/[0m1.924e-02[0m (rms/max) Trust = 3.000e-01 (=) Grad = [92m5.838e-05[0m/[92m1.998e-04[0m (rms/max) E (change) = -0.8438142777 ([0m-7.625e-06[0m) Quality = [0m1.231[0m
Hessian Eigenvalues: 7.11727e-04 1.45981e-03 1.82249e-03 ... 1.07591e+00 1.13786e+00 1.38701e+00
Step  109 : Displace = [0m6.844e-03[0m/[0m2.382e-02[0m (rms/max) Trust = 3.000e-01 (=) Grad = [92m5.923e-05[0m/[92m1.919e-04[0m (rms/max) E (change) = -0.8438250643 ([0m-1.079e-05[0m) Quality = [0m1.422[0m
Hessian Eigenvalues: 6.94651e-04 1.45153e-03 1.71547e-03 ... 1.07732e+00 1.13778e+00 1.38672e+00
Step  110 : Displace = [0m4.698e-03[0m/[0m1.862e-02[0m (rms/max) Trust = 3.000e-01 (=) Grad = [92m6.807e-05[0m/[92m3.371e-04[0m (rms/max) E (change) = -0.8438293419 ([0m-4.278e-06[0m) Quality = [0m0.684[0m
Hessian Eigenvalues: 6.88969e-04 1.48675e-03 1.60691e-03 ... 1.07557e+00 1.13854e+00 1.38619e+00
Step  111 : Displace = [0m2.739e-03[0m/[0m1.350e-02[0m (rms/max) Trust = 3.000e-01 (=) Grad = [92m5.662e-05[0m/[92m2.465e-04[0m (rms/max) E (change) = -0.8438351073 ([0m-5.765e-06[0m) Quality = [0m1.160[0m
Hessian Eigenvalues: 6.64970e-04 1.38808e-03 1.62031e-03 ... 1.07575e+00 1.13821e+00 1.38656e+00
Step  112 : Displace = [0m5.037e-03[0m/[0m2.200e-02[0m (rms/max) Trust = 3.000e-01 (=) Grad = [92m5.300e-05[0m/[92m1.781e-04[0m (rms/max) E (change) = -0.8438429180 ([0m-7.811e-06[0m) Quality = [0m1.100[0m
Hessian Eigenvalues: 5.85548e-04 1.27777e-03 1.60335e-03 ... 1.07575e+00 1.13820e+00 1.38725e+00
Step  113 : Displace = [0m6.632e-03[0m/[0m2.860e-02[0m (rms/max) Trust = 3.000e-01 (=) Grad = [92m7.061e-05[0m/[92m2.692e-04[0m (rms/max) E (change) = -0.8438503574 ([0m-7.439e-06[0m) Quality = [0m1.303[0m
Hessian Eigenvalues: 4.55211e-04 1.19233e-03 1.65819e-03 ... 1.07578e+00 1.13820e+00 1.38490e+00
Step  114 : Displace = [0m9.264e-03[0m/[0m4.508e-02[0m (rms/max) Trust = 3.000e-01 (=) Grad = [92m7.210e-05[0m/[92m3.624e-04[0m (rms/max) E (change) = -0.8438574242 ([0m-7.067e-06[0m) Quality = [0m0.996[0m
Hessian Eigenvalues: 3.63317e-04 1.14913e-03 1.65574e-03 ... 1.07583e+00 1.14091e+00 1.38476e+00
Step  115 : Displace = [0m1.212e-02[0m/[0m5.986e-02[0m (rms/max) Trust = 3.000e-01 (=) Grad = [92m7.282e-05[0m/[92m2.690e-04[0m (rms/max) E (change) = -0.8438696988 ([0m-1.227e-05[0m) Quality = [0m1.272[0m
Hessian Eigenvalues: 3.15726e-04 1.09775e-03 1.65341e-03 ... 1.07614e+00 1.14047e+00 1.38480e+00
Step  116 : Displace = [0m1.253e-02[0m/[0m6.022e-02[0m (rms/max) Trust = 3.000e-01 (=) Grad = [92m8.603e-05[0m/[92m3.027e-04[0m (rms/max) E (change) = -0.8438827173 ([0m-1.302e-05[0m) Quality = [0m1.126[0m
Hessian Eigenvalues: 2.75450e-04 1.04648e-03 1.64377e-03 ... 1.07796e+00 1.14117e+00 1.38487e+00
Step  117 : Displace = [0m1.171e-02[0m/[0m5.902e-02[0m (rms/max) Trust = 3.000e-01 (=) Grad = [92m9.047e-05[0m/[92m3.824e-04[0m (rms/max) E (change) = -0.8438987112 ([0m-1.599e-05[0m) Quality = [0m1.462[0m
Hessian Eigenvalues: 2.18802e-04 9.73179e-04 1.60750e-03 ... 1.08671e+00 1.14048e+00 1.38539e+00
Step  118 : Displace = [0m2.067e-02[0m/[0m1.092e-01[0m (rms/max) Trust = 3.000e-01 (=) Grad = [92m1.046e-04[0m/[0m5.054e-04[0m (rms/max) E (change) = -0.8439191686 ([0m-2.046e-05[0m) Quality = [0m1.205[0m
Hessian Eigenvalues: 1.88968e-04 9.17874e-04 1.60379e-03 ... 1.09295e+00 1.14018e+00 1.39132e+00
Step  119 : Displace = [0m2.208e-02[0m/[0m1.119e-01[0m (rms/max) Trust = 3.000e-01 (=) Grad = [92m1.232e-04[0m/[0m5.555e-04[0m (rms/max) E (change) = -0.8439459491 ([0m-2.678e-05[0m) Quality = [0m1.302[0m
Hessian Eigenvalues: 1.56907e-04 8.78665e-04 1.56203e-03 ... 1.07499e+00 1.14023e+00 1.38714e+00
Step  120 : Displace = [0m2.700e-02[0m/[0m1.406e-01[0m (rms/max) Trust = 3.000e-01 (=) Grad = [92m1.478e-04[0m/[0m4.927e-04[0m (rms/max) E (change) = -0.8439758912 ([0m-2.994e-05[0m) Quality = [0m1.171[0m
Hessian Eigenvalues: 1.38091e-04 9.02932e-04 1.56738e-03 ... 1.05583e+00 1.14019e+00 1.38753e+00
Step  121 : Displace = [0m2.846e-02[0m/[0m1.444e-01[0m (rms/max) Trust = 3.000e-01 (=) Grad = [92m1.465e-04[0m/[0m7.951e-04[0m (rms/max) E (change) = -0.8440223856 ([0m-4.649e-05[0m) Quality = [0m1.380[0m
Hessian Eigenvalues: 1.30093e-04 8.94054e-04 1.49428e-03 ... 1.05318e+00 1.14066e+00 1.37902e+00
Step  122 : Displace = [0m2.965e-02[0m/[0m1.558e-01[0m (rms/max) Trust = 3.000e-01 (=) Grad = [92m1.845e-04[0m/[0m8.538e-04[0m (rms/max) E (change) = -0.8440729710 ([0m-5.059e-05[0m) Quality = [0m1.105[0m
Hessian Eigenvalues: 9.12344e-05 9.19563e-04 1.59539e-03 ... 1.07214e+00 1.14109e+00 1.37729e+00
Step  123 : Displace = [0m7.509e-02[0m/[0m3.825e-01[0m (rms/max) Trust = 3.000e-01 (=) Grad = [0m3.814e-04[0m/[0m2.464e-03[0m (rms/max) E (change) = -0.8439922572 ([91m+8.071e-05[0m) Quality = [91m-1.217[0m
[93mStep Is Rejected[0m
Hessian Eigenvalues: 9.12344e-05 9.19563e-04 1.59539e-03 ... 1.07214e+00 1.14109e+00 1.37729e+00
Step  124 : Displace = [0m3.747e-02[0m/[0m1.884e-01[0m (rms/max) Trust = 3.754e-02 ([1;91mx[0m) Grad = [92m2.308e-04[0m/[0m1.123e-03[0m (rms/max) E (change) = -0.8441261605 ([0m-5.319e-05[0m) Quality = [0m0.894[0m
Hessian Eigenvalues: 2.09483e-04 9.38903e-04 1.47291e-03 ... 1.06901e+00 1.14131e+00 1.37747e+00
Step  125 : Displace = [0m2.677e-02[0m/[0m9.461e-02[0m (rms/max) Trust = 5.309e-02 ([92m+[0m) Grad = [0m5.566e-04[0m/[0m1.878e-03[0m (rms/max) E (change) = -0.8438708148 ([91m+2.553e-04[0m) Quality = [91m-2.055[0m
[93mStep Is Rejected[0m
Hessian Eigenvalues: 2.09483e-04 9.38903e-04 1.47291e-03 ... 1.06901e+00 1.14131e+00 1.37747e+00
Step  126 : Displace = [0m1.305e-02[0m/[0m4.876e-02[0m (rms/max) Trust = 1.338e-02 ([1;91mx[0m) Grad = [0m3.370e-04[0m/[0m1.002e-03[0m (rms/max) E (change) = -0.8441228129 ([91m+3.348e-06[0m) Quality = [91m-0.031[0m
Hessian Eigenvalues: 2.10004e-04 9.38912e-04 1.61885e-03 ... 1.04741e+00 1.14037e+00 1.38170e+00
Step  127 : Displace = [0m6.607e-03[0m/[0m3.632e-02[0m (rms/max) Trust = 6.523e-03 ([91m-[0m) Grad = [92m1.776e-04[0m/[0m8.535e-04[0m (rms/max) E (change) = -0.8442332829 ([0m-1.105e-04[0m) Quality = [0m1.015[0m
Hessian Eigenvalues: 2.10090e-04 9.38883e-04 1.61900e-03 ... 1.04479e+00 1.13997e+00 1.38008e+00
Step  128 : Displace = [0m8.910e-03[0m/[0m3.682e-02[0m (rms/max) Trust = 9.225e-03 ([92m+[0m) Grad = [92m1.395e-04[0m/[0m5.684e-04[0m (rms/max) E (change) = -0.8442730818 ([0m-3.980e-05[0m) Quality = [0m0.781[0m
Hessian Eigenvalues: 1.90775e-04 9.40226e-04 1.61894e-03 ... 1.04583e+00 1.14106e+00 1.38041e+00
Step  129 : Displace = [0m1.308e-02[0m/[0m6.199e-02[0m (rms/max) Trust = 1.305e-02 ([92m+[0m) Grad = [92m9.582e-05[0m/[92m3.652e-04[0m (rms/max) E (change) = -0.8443290609 ([0m-5.598e-05[0m) Quality = [0m1.227[0m
Hessian Eigenvalues: 1.78624e-04 9.41194e-04 1.61277e-03 ... 1.04084e+00 1.14072e+00 1.39512e+00
Step  130 : Displace = [0m1.778e-02[0m/[0m7.410e-02[0m (rms/max) Trust = 1.845e-02 ([92m+[0m) Grad = [92m1.170e-04[0m/[92m4.231e-04[0m (rms/max) E (change) = -0.8443991740 ([0m-7.011e-05[0m) Quality = [0m1.061[0m
Hessian Eigenvalues: 1.47013e-04 9.36813e-04 1.55648e-03 ... 1.04849e+00 1.13994e+00 1.38770e+00
Step  131 : Displace = [0m2.585e-02[0m/[0m1.055e-01[0m (rms/max) Trust = 2.609e-02 ([92m+[0m) Grad = [92m1.221e-04[0m/[92m4.229e-04[0m (rms/max) E (change) = -0.8444681712 ([0m-6.900e-05[0m) Quality = [0m0.944[0m
Hessian Eigenvalues: 1.69576e-04 9.23665e-04 1.44718e-03 ... 1.04444e+00 1.14108e+00 1.37805e+00
Step  132 : Displace = [0m3.667e-02[0m/[0m1.578e-01[0m (rms/max) Trust = 3.690e-02 ([92m+[0m) Grad = [92m1.168e-04[0m/[0m6.357e-04[0m (rms/max) E (change) = -0.8445360527 ([0m-6.788e-05[0m) Quality = [0m0.907[0m
Hessian Eigenvalues: 3.76830e-04 8.49106e-04 1.20725e-03 ... 1.04204e+00 1.13979e+00 1.37877e+00
Step  133 : Displace = [0m2.642e-02[0m/[0m1.089e-01[0m (rms/max) Trust = 5.219e-02 ([92m+[0m) Grad = [92m1.624e-04[0m/[0m6.572e-04[0m (rms/max) E (change) = -0.8445596715 ([0m-2.362e-05[0m) Quality = [0m0.400[0m
Hessian Eigenvalues: 2.58667e-04 9.47102e-04 1.48244e-03 ... 1.04208e+00 1.13858e+00 1.37405e+00
Step  134 : Displace = [0m4.147e-02[0m/[0m2.020e-01[0m (rms/max) Trust = 5.219e-02 (=) Grad = [92m2.261e-04[0m/[0m1.005e-03[0m (rms/max) E (change) = -0.8446039339 ([0m-4.426e-05[0m) Quality = [0m0.631[0m
Hessian Eigenvalues: 4.32710e-04 9.62135e-04 1.46084e-03 ... 1.04994e+00 1.13759e+00 1.37133e+00
Step  135 : Displace = [0m1.896e-02[0m/[0m8.651e-02[0m (rms/max) Trust = 5.219e-02 (=) Grad = [92m1.718e-04[0m/[0m6.709e-04[0m (rms/max) E (change) = -0.8446649341 ([0m-6.100e-05[0m) Quality = [0m0.808[0m
Hessian Eigenvalues: 4.87125e-04 9.72118e-04 1.42046e-03 ... 1.04192e+00 1.13732e+00 1.37325e+00
Step  136 : Displace = [0m1.115e-02[0m/[0m6.312e-02[0m (rms/max) Trust = 7.380e-02 ([92m+[0m) Grad = [92m1.152e-04[0m/[92m4.373e-04[0m (rms/max) E (change) = -0.8447106846 ([0m-4.575e-05[0m) Quality = [0m1.019[0m
Hessian Eigenvalues: 3.82266e-04 9.75085e-04 1.50608e-03 ... 1.04049e+00 1.13814e+00 1.37862e+00
Step  137 : Displace = [0m3.542e-02[0m/[0m1.583e-01[0m (rms/max) Trust = 1.044e-01 ([92m+[0m) Grad = [92m1.144e-04[0m/[0m5.734e-04[0m (rms/max) E (change) = -0.8447755904 ([0m-6.491e-05[0m) Quality = [0m1.345[0m
Hessian Eigenvalues: 2.19496e-04 9.76093e-04 1.50727e-03 ... 1.04042e+00 1.13785e+00 1.38074e+00
Step  138 : Displace = [0m5.326e-02[0m/[0m2.466e-01[0m (rms/max) Trust = 1.476e-01 ([92m+[0m) Grad = [92m1.428e-04[0m/[0m8.626e-04[0m (rms/max) E (change) = -0.8448179930 ([0m-4.240e-05[0m) Quality = [0m0.810[0m
Hessian Eigenvalues: 2.97777e-04 9.80072e-04 1.50708e-03 ... 1.04134e+00 1.13781e+00 1.37368e+00
Step  139 : Displace = [0m1.618e-02[0m/[0m6.697e-02[0m (rms/max) Trust = 2.087e-01 ([92m+[0m) Grad = [92m1.505e-04[0m/[0m6.624e-04[0m (rms/max) E (change) = -0.8448726702 ([0m-5.468e-05[0m) Quality = [0m0.844[0m
Hessian Eigenvalues: 2.71753e-04 9.82513e-04 1.51259e-03 ... 1.04434e+00 1.14005e+00 1.37816e+00
Step  140 : Displace = [0m2.114e-02[0m/[0m1.190e-01[0m (rms/max) Trust = 2.952e-01 ([92m+[0m) Grad = [92m1.303e-04[0m/[0m6.047e-04[0m (rms/max) E (change) = -0.8449301370 ([0m-5.747e-05[0m) Quality = [0m1.362[0m
Hessian Eigenvalues: 2.10400e-04 1.00631e-03 1.62179e-03 ... 1.04754e+00 1.13908e+00 1.38979e+00
Step  141 : Displace = [0m4.057e-02[0m/[0m1.883e-01[0m (rms/max) Trust = 3.000e-01 ([92m+[0m) Grad = [92m1.848e-04[0m/[0m8.222e-04[0m (rms/max) E (change) = -0.8449805365 ([0m-5.040e-05[0m) Quality = [0m0.855[0m
Hessian Eigenvalues: 1.94678e-04 1.01092e-03 1.63952e-03 ... 1.05288e+00 1.13923e+00 1.39318e+00
Step  142 : Displace = [0m2.530e-02[0m/[0m1.423e-01[0m (rms/max) Trust = 3.000e-01 (=) Grad = [92m1.668e-04[0m/[0m7.690e-04[0m (rms/max) E (change) = -0.8450446984 ([0m-6.416e-05[0m) Quality = [0m1.137[0m
Hessian Eigenvalues: 2.06383e-04 1.01838e-03 1.71662e-03 ... 1.04537e+00 1.13993e+00 1.40490e+00
Step  143 : Displace = [0m1.651e-02[0m/[0m6.502e-02[0m (rms/max) Trust = 3.000e-01 (=) Grad = [92m1.835e-04[0m/[0m8.269e-04[0m (rms/max) E (change) = -0.8451073726 ([0m-6.267e-05[0m) Quality = [0m0.883[0m
Hessian Eigenvalues: 1.71866e-04 1.01437e-03 1.70671e-03 ... 1.08837e+00 1.14439e+00 1.42320e+00
Step  144 : Displace = [0m7.113e-02[0m/[0m3.468e-01[0m (rms/max) Trust = 3.000e-01 (=) Grad = [92m2.582e-04[0m/[0m9.894e-04[0m (rms/max) E (change) = -0.8451144394 ([0m-7.067e-06[0m) Quality = [0m0.082[0m
Hessian Eigenvalues: 3.21952e-04 1.00939e-03 1.69276e-03 ... 1.12000e+00 1.14902e+00 1.42011e+00
Step  145 : Displace = [0m3.455e-02[0m/[0m1.666e-01[0m (rms/max) Trust = 3.556e-02 ([91m-[0m) Grad = [92m1.698e-04[0m/[0m7.595e-04[0m (rms/max) E (change) = -0.8452059401 ([0m-9.150e-05[0m) Quality = [0m0.790[0m
Hessian Eigenvalues: 3.80823e-04 1.01836e-03 1.67846e-03 ... 1.13014e+00 1.15769e+00 1.42765e+00
Step  146 : Displace = [0m1.402e-02[0m/[0m6.900e-02[0m (rms/max) Trust = 5.029e-02 ([92m+[0m) Grad = [92m1.276e-04[0m/[0m5.491e-04[0m (rms/max) E (change) = -0.8452578274 ([0m-5.189e-05[0m) Quality = [0m1.098[0m
Hessian Eigenvalues: 2.99283e-04 1.06216e-03 1.65726e-03 ... 1.12661e+00 1.15349e+00 1.41972e+00
Step  147 : Displace = [0m3.281e-02[0m/[0m1.596e-01[0m (rms/max) Trust = 7.113e-02 ([92m+[0m) Grad = [92m1.131e-04[0m/[92m4.414e-04[0m (rms/max) E (change) = -0.8453208733 ([0m-6.305e-05[0m) Quality = [0m1.379[0m
Hessian Eigenvalues: 2.36143e-04 1.08448e-03 1.61722e-03 ... 1.12915e+00 1.16267e+00 1.41964e+00
Step  148 : Displace = [0m3.369e-02[0m/[0m1.921e-01[0m (rms/max) Trust = 1.006e-01 ([92m+[0m) Grad = [92m1.407e-04[0m/[0m9.169e-04[0m (rms/max) E (change) = -0.8453537912 ([0m-3.292e-05[0m) Quality = [0m0.729[0m
Hessian Eigenvalues: 3.37492e-04 1.08716e-03 1.56790e-03 ... 1.13232e+00 1.17043e+00 1.42693e+00
Step  149 : Displace = [0m1.253e-02[0m/[0m5.591e-02[0m (rms/max) Trust = 1.006e-01 (=) Grad = [92m1.159e-04[0m/[0m6.120e-04[0m (rms/max) E (change) = -0.8453768523 ([0m-2.306e-05[0m) Quality = [0m0.642[0m
Hessian Eigenvalues: 3.61432e-04 1.18590e-03 1.55779e-03 ... 1.13041e+00 1.16592e+00 1.42689e+00
Step  150 : Displace = [0m9.446e-03[0m/[0m3.614e-02[0m (rms/max) Trust = 1.006e-01 (=) Grad = [92m9.916e-05[0m/[0m6.318e-04[0m (rms/max) E (change) = -0.8454017733 ([0m-2.492e-05[0m) Quality = [0m0.984[0m
Hessian Eigenvalues: 3.52464e-04 1.21628e-03 1.55236e-03 ... 1.13105e+00 1.16849e+00 1.42661e+00
Step  151 : Displace = [0m5.907e-03[0m/[0m3.520e-02[0m (rms/max) Trust = 1.423e-01 ([92m+[0m) Grad = [92m6.858e-05[0m/[92m3.744e-04[0m (rms/max) E (change) = -0.8454192549 ([0m-1.748e-05[0m) Quality = [0m1.009[0m
Hessian Eigenvalues: 3.25451e-04 1.18410e-03 1.54374e-03 ... 1.13037e+00 1.17141e+00 1.42901e+00
Step  152 : Displace = [0m1.181e-02[0m/[0m6.337e-02[0m (rms/max) Trust = 2.012e-01 ([92m+[0m) Grad = [92m8.282e-05[0m/[92m3.108e-04[0m (rms/max) E (change) = -0.8454384105 ([0m-1.916e-05[0m) Quality = [0m1.167[0m
Hessian Eigenvalues: 3.10860e-04 1.19247e-03 1.51093e-03 ... 1.14135e+00 1.17741e+00 1.42758e+00
Step  153 : Displace = [0m9.143e-03[0m/[0m4.860e-02[0m (rms/max) Trust = 2.845e-01 ([92m+[0m) Grad = [92m7.316e-05[0m/[92m3.430e-04[0m (rms/max) E (change) = -0.8454575661 ([0m-1.916e-05[0m) Quality = [0m1.310[0m
Hessian Eigenvalues: 2.95057e-04 1.16893e-03 1.37229e-03 ... 1.13643e+00 1.16938e+00 1.42683e+00
Step  154 : Displace = [0m1.058e-02[0m/[0m4.570e-02[0m (rms/max) Trust = 3.000e-01 ([92m+[0m) Grad = [92m6.520e-05[0m/[92m2.670e-04[0m (rms/max) E (change) = -0.8454733741 ([0m-1.581e-05[0m) Quality = [0m1.116[0m
Hessian Eigenvalues: 2.81070e-04 1.11143e-03 1.37320e-03 ... 1.13207e+00 1.17109e+00 1.42745e+00
Step  155 : Displace = [0m1.009e-02[0m/[0m4.712e-02[0m (rms/max) Trust = 3.000e-01 (=) Grad = [92m6.674e-05[0m/[92m2.580e-04[0m (rms/max) E (change) = -0.8454906699 ([0m-1.730e-05[0m) Quality = [0m1.332[0m
Hessian Eigenvalues: 2.64307e-04 1.10483e-03 1.38958e-03 ... 1.13107e+00 1.17584e+00 1.42786e+00
Step  156 : Displace = [0m8.823e-03[0m/[0m4.238e-02[0m (rms/max) Trust = 3.000e-01 (=) Grad = [92m6.575e-05[0m/[92m3.255e-04[0m (rms/max) E (change) = -0.8455016427 ([0m-1.097e-05[0m) Quality = [0m1.079[0m
Hessian Eigenvalues: 2.69821e-04 1.04365e-03 1.40430e-03 ... 1.13143e+00 1.17248e+00 1.42739e+00
Step  157 : Displace = [0m6.351e-03[0m/[0m2.489e-02[0m (rms/max) Trust = 3.000e-01 (=) Grad = [92m5.934e-05[0m/[92m2.911e-04[0m (rms/max) E (change) = -0.8455178224 ([0m-1.618e-05[0m) Quality = [0m1.722[0m
Hessian Eigenvalues: 2.44192e-04 1.05587e-03 1.40714e-03 ... 1.12618e+00 1.16921e+00 1.42731e+00
Step  158 : Displace = [0m1.330e-02[0m/[0m5.956e-02[0m (rms/max) Trust = 3.000e-01 (=) Grad = [92m7.132e-05[0m/[92m3.128e-04[0m (rms/max) E (change) = -0.8455263774 ([0m-8.555e-06[0m) Quality = [0m0.797[0m
Hessian Eigenvalues: 2.70827e-04 9.70261e-04 1.46756e-03 ... 1.12595e+00 1.18248e+00 1.43753e+00
Step  159 : Displace = [0m7.686e-03[0m/[0m2.813e-02[0m (rms/max) Trust = 3.000e-01 (=) Grad = [92m7.311e-05[0m/[92m2.660e-04[0m (rms/max) E (change) = -0.8455379081 ([0m-1.153e-05[0m) Quality = [0m1.011[0m
Hessian Eigenvalues: 2.39204e-04 1.01821e-03 1.46860e-03 ... 1.12385e+00 1.18230e+00 1.43000e+00
Step  160 : Displace = [0m1.437e-02[0m/[0m8.088e-02[0m (rms/max) Trust = 3.000e-01 (=) Grad = [92m7.219e-05[0m/[92m3.400e-04[0m (rms/max) E (change) = -0.8455492527 ([0m-1.134e-05[0m) Quality = [0m1.119[0m
Hessian Eigenvalues: 2.53118e-04 1.01291e-03 1.47811e-03 ... 1.12551e+00 1.18411e+00 1.42738e+00
Step  161 : Displace = [0m1.020e-02[0m/[0m4.810e-02[0m (rms/max) Trust = 3.000e-01 (=) Grad = [92m7.564e-05[0m/[92m2.632e-04[0m (rms/max) E (change) = -0.8455637588 ([0m-1.451e-05[0m) Quality = [0m1.159[0m
Hessian Eigenvalues: 2.11162e-04 1.05278e-03 1.47698e-03 ... 1.12578e+00 1.18589e+00 1.42590e+00
Step  162 : Displace = [0m1.409e-02[0m/[0m7.902e-02[0m (rms/max) Trust = 3.000e-01 (=) Grad = [92m7.358e-05[0m/[92m3.257e-04[0m (rms/max) E (change) = -0.8455769632 ([0m-1.320e-05[0m) Quality = [0m1.445[0m
Hessian Eigenvalues: 2.03866e-04 1.11760e-03 1.47971e-03 ... 1.12914e+00 1.21113e+00 1.42462e+00
Step  163 : Displace = [0m1.155e-02[0m/[0m6.100e-02[0m (rms/max) Trust = 3.000e-01 (=) Grad = [92m7.628e-05[0m/[92m2.833e-04[0m (rms/max) E (change) = -0.8455881218 ([0m-1.116e-05[0m) Quality = [0m1.035[0m
Hessian Eigenvalues: 1.62777e-04 1.10017e-03 1.47733e-03 ... 1.12765e+00 1.19976e+00 1.42601e+00
Step  164 : Displace = [0m2.012e-02[0m/[0m1.098e-01[0m (rms/max) Trust = 3.000e-01 (=) Grad = [92m8.412e-05[0m/[0m4.581e-04[0m (rms/max) E (change) = -0.8456029998 ([0m-1.488e-05[0m) Quality = [0m1.178[0m
Hessian Eigenvalues: 1.56393e-04 1.08589e-03 1.43510e-03 ... 1.12818e+00 1.18904e+00 1.42745e+00
Step  165 : Displace = [0m1.307e-02[0m/[0m6.278e-02[0m (rms/max) Trust = 3.000e-01 (=) Grad = [92m7.293e-05[0m/[92m2.816e-04[0m (rms/max) E (change) = -0.8456176918 ([0m-1.469e-05[0m) Quality = [0m1.370[0m
Hessian Eigenvalues: 1.17480e-04 1.05468e-03 1.45757e-03 ... 1.12243e+00 1.18367e+00 1.42613e+00
Step  166 : Displace = [0m2.659e-02[0m/[0m1.436e-01[0m (rms/max) Trust = 3.000e-01 (=) Grad = [92m9.068e-05[0m/[92m4.091e-04[0m (rms/max) E (change) = -0.8456327560 ([0m-1.506e-05[0m) Quality = [0m1.132[0m
Hessian Eigenvalues: 1.39158e-04 1.03207e-03 1.46377e-03 ... 1.12385e+00 1.19119e+00 1.43922e+00
Step  167 : Displace = [0m1.537e-02[0m/[0m7.762e-02[0m (rms/max) Trust = 3.000e-01 (=) Grad = [92m1.168e-04[0m/[0m4.737e-04[0m (rms/max) E (change) = -0.8456513536 ([0m-1.860e-05[0m) Quality = [0m0.978[0m
Hessian Eigenvalues: 1.05469e-04 1.10561e-03 1.47413e-03 ... 1.12534e+00 1.20224e+00 1.44182e+00
Step  168 : Displace = [0m3.558e-02[0m/[0m2.073e-01[0m (rms/max) Trust = 3.000e-01 (=) Grad = [92m1.333e-04[0m/[0m4.579e-04[0m (rms/max) E (change) = -0.8456634420 ([0m-1.209e-05[0m) Quality = [0m0.556[0m
Hessian Eigenvalues: 1.68651e-04 1.11623e-03 1.45950e-03 ... 1.13663e+00 1.22095e+00 1.46069e+00
Step  169 : Displace = [0m1.096e-02[0m/[0m4.897e-02[0m (rms/max) Trust = 3.000e-01 (=) Grad = [92m1.129e-04[0m/[92m3.679e-04[0m (rms/max) E (change) = -0.8456848295 ([0m-2.139e-05[0m) Quality = [0m0.894[0m
Hessian Eigenvalues: 2.00062e-04 1.11166e-03 1.44283e-03 ... 1.13577e+00 1.22169e+00 1.44615e+00
Step  170 : Displace = [0m1.925e-02[0m/[0m1.000e-01[0m (rms/max) Trust = 3.000e-01 (=) Grad = [92m1.033e-04[0m/[0m4.755e-04[0m (rms/max) E (change) = -0.8457123538 ([0m-2.752e-05[0m) Quality = [0m1.337[0m
Hessian Eigenvalues: 1.29303e-04 1.11230e-03 1.44406e-03 ... 1.13677e+00 1.25968e+00 1.44607e+00
Step  171 : Displace = [0m4.204e-02[0m/[0m2.344e-01[0m (rms/max) Trust = 3.000e-01 (=) Grad = [92m1.668e-04[0m/[0m1.193e-03[0m (rms/max) E (change) = -0.8457519668 ([0m-3.961e-05[0m) Quality = [0m1.428[0m
Hessian Eigenvalues: 1.15657e-04 1.11477e-03 1.43928e-03 ... 1.14548e+00 1.28768e+00 1.44727e+00
Step  172 : Displace = [0m4.776e-02[0m/[0m2.559e-01[0m (rms/max) Trust = 3.000e-01 (=) Grad = [92m2.776e-04[0m/[0m1.658e-03[0m (rms/max) E (change) = -0.8458138971 ([0m-6.193e-05[0m) Quality = [0m1.287[0m
Hessian Eigenvalues: 1.07826e-04 1.15740e-03 1.41080e-03 ... 1.15065e+00 1.25276e+00 1.44667e+00
Step  173 : Displace = [0m5.268e-02[0m/[0m2.717e-01[0m (rms/max) Trust = 3.000e-01 (=) Grad = [0m3.680e-04[0m/[0m2.184e-03[0m (rms/max) E (change) = -0.8459347819 ([0m-1.209e-04[0m) Quality = [0m1.474[0m
Hessian Eigenvalues: 9.16609e-05 1.16291e-03 1.37148e-03 ... 1.13211e+00 1.19376e+00 1.44967e+00
Step  174 : Displace = [0m1.122e-01[0m/[0m5.831e-01[0m (rms/max) Trust = 3.000e-01 (=) Grad = [0m5.270e-04[0m/[0m2.294e-03[0m (rms/max) E (change) = -0.8459319924 ([91m+2.790e-06[0m) Quality = [91m-0.012[0m
Hessian Eigenvalues: 5.76587e-04 9.62615e-04 1.26207e-03 ... 1.12159e+00 1.19012e+00 1.45072e+00
Step  175 : Displace = [0m5.597e-02[0m/[0m3.053e-01[0m (rms/max) Trust = 5.612e-02 ([91m-[0m) Grad = [0m7.405e-04[0m/[0m4.685e-03[0m (rms/max) E (change) = -0.8452321625 ([91m+6.998e-04[0m) Quality = [91m-1.014[0m
[93mStep Is Rejected[0m
Hessian Eigenvalues: 5.76587e-04 9.62615e-04 1.26207e-03 ... 1.12159e+00 1.19012e+00 1.45072e+00
Step  176 : Displace = [0m2.761e-02[0m/[0m1.539e-01[0m (rms/max) Trust = 2.798e-02 ([1;91mx[0m) Grad = [0m4.565e-04[0m/[0m2.081e-03[0m (rms/max) E (change) = -0.8460424624 ([0m-1.105e-04[0m) Quality = [0m0.212[0m
Hessian Eigenvalues: 6.86250e-04 1.08415e-03 1.37950e-03 ... 1.12934e+00 1.20951e+00 1.45012e+00
Step  177 : Displace = [0m1.324e-02[0m/[0m4.365e-02[0m (rms/max) Trust = 1.380e-02 ([91m-[0m) Grad = [92m2.995e-04[0m/[0m1.790e-03[0m (rms/max) E (change) = -0.8464023269 ([0m-3.599e-04[0m) Quality = [0m0.766[0m
Hessian Eigenvalues: 6.89286e-04 1.18982e-03 1.38460e-03 ... 1.12296e+00 1.20157e+00 1.45073e+00
Step  178 : Displace = [0m1.649e-02[0m/[0m5.220e-02[0m (rms/max) Trust = 1.952e-02 ([92m+[0m) Grad = [92m2.856e-04[0m/[0m1.626e-03[0m (rms/max) E (change) = -0.8465334402 ([0m-1.311e-04[0m) Quality = [0m0.654[0m
Hessian Eigenvalues: 7.52216e-04 1.13387e-03 1.38689e-03 ... 1.12608e+00 1.20594e+00 1.45047e+00
Step  179 : Displace = [0m1.793e-02[0m/[0m6.606e-02[0m (rms/max) Trust = 1.952e-02 (=) Grad = [92m2.122e-04[0m/[0m1.048e-03[0m (rms/max) E (change) = -0.8467093739 ([0m-1.759e-04[0m) Quality = [0m0.921[0m
Hessian Eigenvalues: 7.24725e-04 1.15975e-03 1.37582e-03 ... 1.12050e+00 1.19256e+00 1.45244e+00
Step  180 : Displace = [0m2.722e-02[0m/[0m9.169e-02[0m (rms/max) Trust = 2.761e-02 ([92m+[0m) Grad = [92m2.598e-04[0m/[0m1.355e-03[0m (rms/max) E (change) = -0.8468246796 ([0m-1.153e-04[0m) Quality = [0m0.760[0m
Hessian Eigenvalues: 8.38039e-04 1.12820e-03 1.43967e-03 ... 1.11775e+00 1.19541e+00 1.47533e+00
Step  181 : Displace = [0m1.278e-02[0m/[0m4.603e-02[0m (rms/max) Trust = 3.904e-02 ([92m+[0m) Grad = [92m1.544e-04[0m/[0m5.722e-04[0m (rms/max) E (change) = -0.8469357076 ([0m-1.110e-04[0m) Quality = [0m1.103[0m
Hessian Eigenvalues: 8.38637e-04 1.04883e-03 1.44222e-03 ... 1.12350e+00 1.19995e+00 1.52059e+00
Step  182 : Displace = [0m1.496e-02[0m/[0m5.309e-02[0m (rms/max) Trust = 5.521e-02 ([92m+[0m) Grad = [92m1.504e-04[0m/[0m6.159e-04[0m (rms/max) E (change) = -0.8470115857 ([0m-7.588e-05[0m) Quality = [0m1.072[0m
Hessian Eigenvalues: 8.38550e-04 9.62816e-04 1.46316e-03 ... 1.12174e+00 1.19938e+00 1.51776e+00
Step  183 : Displace = [0m1.205e-02[0m/[0m4.558e-02[0m (rms/max) Trust = 7.808e-02 ([92m+[0m) Grad = [92m1.340e-04[0m/[0m5.520e-04[0m (rms/max) E (change) = -0.8470722142 ([0m-6.063e-05[0m) Quality = [0m1.226[0m
Hessian Eigenvalues: 8.08036e-04 9.83092e-04 1.43787e-03 ... 1.12624e+00 1.21150e+00 1.53373e+00
Step  184 : Displace = [0m1.636e-02[0m/[0m5.079e-02[0m (rms/max) Trust = 1.104e-01 ([92m+[0m) Grad = [92m1.163e-04[0m/[0m4.896e-04[0m (rms/max) E (change) = -0.8471348884 ([0m-6.267e-05[0m) Quality = [0m1.189[0m
Hessian Eigenvalues: 7.93704e-04 1.01096e-03 1.59636e-03 ... 1.12591e+00 1.20445e+00 1.53016e+00
Step  185 : Displace = [0m1.712e-02[0m/[0m6.850e-02[0m (rms/max) Trust = 1.562e-01 ([92m+[0m) Grad = [92m1.423e-04[0m/[0m7.521e-04[0m (rms/max) E (change) = -0.8471586934 ([0m-2.380e-05[0m) Quality = [0m0.501[0m
Hessian Eigenvalues: 7.64411e-04 1.16043e-03 1.70828e-03 ... 1.12567e+00 1.20703e+00 1.54994e+00
Step  186 : Displace = [0m1.059e-02[0m/[0m5.117e-02[0m (rms/max) Trust = 1.562e-01 (=) Grad = [92m1.111e-04[0m/[92m4.243e-04[0m (rms/max) E (change) = -0.8472061171 ([0m-4.742e-05[0m) Quality = [0m1.158[0m
Hessian Eigenvalues: 7.72163e-04 1.20363e-03 1.67948e-03 ... 1.13081e+00 1.20966e+00 1.54730e+00
Step  187 : Displace = [0m7.829e-03[0m/[0m2.502e-02[0m (rms/max) Trust = 2.208e-01 ([92m+[0m) Grad = [92m1.027e-04[0m/[0m6.084e-04[0m (rms/max) E (change) = -0.8472395930 ([0m-3.348e-05[0m) Quality = [0m1.035[0m
Hessian Eigenvalues: 7.44909e-04 1.20031e-03 1.67928e-03 ... 1.13002e+00 1.21065e+00 1.55423e+00
Step  188 : Displace = [0m1.318e-02[0m/[0m3.832e-02[0m (rms/max) Trust = 3.000e-01 ([92m+[0m) Grad = [92m9.819e-05[0m/[92m4.207e-04[0m (rms/max) E (change) = -0.8472758585 ([0m-3.627e-05[0m) Quality = [0m1.263[0m
Hessian Eigenvalues: 6.48968e-04 1.24578e-03 1.59411e-03 ... 1.13086e+00 1.20832e+00 1.55007e+00
Step  189 : Displace = [0m1.906e-02[0m/[0m6.725e-02[0m (rms/max) Trust = 3.000e-01 (=) Grad = [92m1.051e-04[0m/[92m4.360e-04[0m (rms/max) E (change) = -0.8473137976 ([0m-3.794e-05[0m) Quality = [0m1.148[0m
Hessian Eigenvalues: 5.43149e-04 1.34293e-03 1.49899e-03 ... 1.13028e+00 1.21199e+00 1.54921e+00
Step  190 : Displace = [0m1.630e-02[0m/[0m5.224e-02[0m (rms/max) Trust = 3.000e-01 (=) Grad = [92m9.743e-05[0m/[0m5.394e-04[0m (rms/max) E (change) = -0.8473446698 ([0m-3.087e-05[0m) Quality = [0m1.292[0m
Hessian Eigenvalues: 5.38956e-04 1.31538e-03 1.44005e-03 ... 1.12984e+00 1.21547e+00 1.55002e+00
Step  191 : Displace = [0m1.567e-02[0m/[0m4.472e-02[0m (rms/max) Trust = 3.000e-01 (=) Grad = [92m9.738e-05[0m/[92m3.648e-04[0m (rms/max) E (change) = -0.8473824230 ([0m-3.775e-05[0m) Quality = [0m1.279[0m
Hessian Eigenvalues: 5.10987e-04 1.28278e-03 1.46563e-03 ... 1.13003e+00 1.21440e+00 1.54993e+00
Step  192 : Displace = [0m1.160e-02[0m/[0m3.170e-02[0m (rms/max) Trust = 3.000e-01 (=) Grad = [92m9.617e-05[0m/[92m3.444e-04[0m (rms/max) E (change) = -0.8474132952 ([0m-3.087e-05[0m) Quality = [0m1.273[0m
Hessian Eigenvalues: 4.95039e-04 1.19735e-03 1.47038e-03 ... 1.12899e+00 1.21350e+00 1.55009e+00
Step  193 : Displace = [0m1.111e-02[0m/[0m3.118e-02[0m (rms/max) Trust = 3.000e-01 (=) Grad = [92m9.086e-05[0m/[92m3.040e-04[0m (rms/max) E (change) = -0.8474423076 ([0m-2.901e-05[0m) Quality = [0m1.298[0m
Hessian Eigenvalues: 4.64178e-04 1.15024e-03 1.46978e-03 ... 1.12857e+00 1.21278e+00 1.55012e+00
Step  194 : Displace = [0m1.021e-02[0m/[0m3.239e-02[0m (rms/max) Trust = 3.000e-01 (=) Grad = [92m7.114e-05[0m/[92m2.958e-04[0m (rms/max) E (change) = -0.8474646245 ([0m-2.232e-05[0m) Quality = [0m1.283[0m
Hessian Eigenvalues: 4.11171e-04 1.13905e-03 1.46848e-03 ... 1.12845e+00 1.21198e+00 1.55023e+00
Step  195 : Displace = [0m1.111e-02[0m/[0m4.197e-02[0m (rms/max) Trust = 3.000e-01 (=) Grad = [92m6.724e-05[0m/[92m2.270e-04[0m (rms/max) E (change) = -0.8474800608 ([0m-1.544e-05[0m) Quality = [0m1.094[0m
Hessian Eigenvalues: 3.66451e-04 1.14887e-03 1.47067e-03 ... 1.12909e+00 1.21178e+00 1.55138e+00
Step  196 : Displace = [0m1.263e-02[0m/[0m5.266e-02[0m (rms/max) Trust = 3.000e-01 (=) Grad = [92m7.974e-05[0m/[92m2.686e-04[0m (rms/max) E (change) = -0.8475027498 ([0m-2.269e-05[0m) Quality = [0m1.551[0m
Hessian Eigenvalues: 3.14286e-04 1.12597e-03 1.47087e-03 ... 1.13008e+00 1.21192e+00 1.55185e+00
Step  197 : Displace = [0m1.401e-02[0m/[0m5.293e-02[0m (rms/max) Trust = 3.000e-01 (=) Grad = [92m7.520e-05[0m/[92m2.564e-04[0m (rms/max) E (change) = -0.8475198597 ([0m-1.711e-05[0m) Quality = [0m1.296[0m
Hessian Eigenvalues: 2.85265e-04 1.10807e-03 1.46770e-03 ... 1.12976e+00 1.21272e+00 1.55005e+00
Step  198 : Displace = [0m1.131e-02[0m/[0m4.162e-02[0m (rms/max) Trust = 3.000e-01 (=) Grad = [92m5.546e-05[0m/[92m2.018e-04[0m (rms/max) E (change) = -0.8475313900 ([0m-1.153e-05[0m) Quality = [0m1.123[0m
Hessian Eigenvalues: 2.59696e-04 1.06253e-03 1.47887e-03 ... 1.13142e+00 1.21263e+00 1.55528e+00
Step  199 : Displace = [0m1.042e-02[0m/[0m3.656e-02[0m (rms/max) Trust = 3.000e-01 (=) Grad = [92m4.941e-05[0m/[92m1.866e-04[0m (rms/max) E (change) = -0.8475410610 ([0m-9.671e-06[0m) Quality = [0m1.197[0m
Hessian Eigenvalues: 2.42219e-04 1.01965e-03 1.47356e-03 ... 1.13119e+00 1.21262e+00 1.55428e+00
Step  200 : Displace = [0m9.038e-03[0m/[0m2.971e-02[0m (rms/max) Trust = 3.000e-01 (=) Grad = [92m5.360e-05[0m/[92m1.809e-04[0m (rms/max) E (change) = -0.8475518475 ([0m-1.079e-05[0m) Quality = [0m1.584[0m
Hessian Eigenvalues: 2.03552e-04 1.01134e-03 1.47481e-03 ... 1.13848e+00 1.21467e+00 1.55289e+00
Step  201 : Displace = [0m1.284e-02[0m/[0m4.652e-02[0m (rms/max) Trust = 3.000e-01 (=) Grad = [92m5.620e-05[0m/[92m1.892e-04[0m (rms/max) E (change) = -0.8475587288 ([0m-6.881e-06[0m) Quality = [0m0.962[0m
Hessian Eigenvalues: 1.75876e-04 1.01802e-03 1.47226e-03 ... 1.13503e+00 1.21384e+00 1.55096e+00
Step  202 : Displace = [0m1.433e-02[0m/[0m5.466e-02[0m (rms/max) Trust = 3.000e-01 (=) Grad = [92m5.989e-05[0m/[92m2.222e-04[0m (rms/max) E (change) = -0.8475704451 ([0m-1.172e-05[0m) Quality = [0m1.440[0m
Hessian Eigenvalues: 1.29313e-04 1.03356e-03 1.46288e-03 ... 1.12844e+00 1.21643e+00 1.56343e+00
Step  203 : Displace = [0m2.352e-02[0m/[0m9.061e-02[0m (rms/max) Trust = 3.000e-01 (=) Grad = [92m6.958e-05[0m/[92m2.827e-04[0m (rms/max) E (change) = -0.8475840215 ([0m-1.358e-05[0m) Quality = [0m1.436[0m
Hessian Eigenvalues: 9.40799e-05 1.03363e-03 1.45178e-03 ... 1.12542e+00 1.21751e+00 1.56247e+00
Step  204 : Displace = [0m3.227e-02[0m/[0m1.242e-01[0m (rms/max) Trust = 3.000e-01 (=) Grad = [92m8.563e-05[0m/[92m3.088e-04[0m (rms/max) E (change) = -0.8476013173 ([0m-1.730e-05[0m) Quality = [0m1.422[0m
Hessian Eigenvalues: 5.27253e-05 1.03343e-03 1.43704e-03 ... 1.12513e+00 1.21756e+00 1.56868e+00
Step  205 : Displace = [0m6.869e-02[0m/[0m2.611e-01[0m (rms/max) Trust = 3.000e-01 (=) Grad = [92m1.314e-04[0m/[0m4.669e-04[0m (rms/max) E (change) = -0.8476238204 ([0m-2.250e-05[0m) Quality = [0m1.071[0m
Hessian Eigenvalues: 5.80068e-05 1.05705e-03 1.44603e-03 ... 1.12763e+00 1.22270e+00 1.55704e+00
Step  206 : Displace = [0m6.289e-02[0m/[0m2.161e-01[0m (rms/max) Trust = 3.000e-01 (=) Grad = [92m1.975e-04[0m/[0m7.953e-04[0m (rms/max) E (change) = -0.8476714304 ([0m-4.761e-05[0m) Quality = [0m1.084[0m
Hessian Eigenvalues: 6.02368e-05 1.08467e-03 1.47080e-03 ... 1.12876e+00 1.22813e+00 1.55346e+00
Step  207 : Displace = [0m3.346e-02[0m/[0m1.198e-01[0m (rms/max) Trust = 3.000e-01 (=) Grad = [92m1.747e-04[0m/[0m5.333e-04[0m (rms/max) E (change) = -0.8477484249 ([0m-7.699e-05[0m) Quality = [0m1.552[0m
Hessian Eigenvalues: 5.45921e-05 1.22326e-03 1.45187e-03 ... 1.12454e+00 1.22098e+00 1.56229e+00
Step  208 : Displace = [0m8.661e-02[0m/[0m2.796e-01[0m (rms/max) Trust = 3.000e-01 (=) Grad = [92m2.334e-04[0m/[0m8.916e-04[0m (rms/max) E (change) = -0.8478918125 ([0m-1.434e-04[0m) Quality = [0m1.059[0m
Hessian Eigenvalues: 1.09463e-04 1.02952e-03 1.32672e-03 ... 1.12377e+00 1.22010e+00 1.56329e+00
Step  209 : Displace = [0m1.155e-01[0m/[0m4.731e-01[0m (rms/max) Trust = 3.000e-01 (=) Grad = [0m6.765e-04[0m/[0m2.961e-03[0m (rms/max) E (change) = -0.8467372703 ([91m+1.155e-03[0m) Quality = [91m-6.396[0m
[93mStep Is Rejected[0m
Hessian Eigenvalues: 1.09463e-04 1.02952e-03 1.32672e-03 ... 1.12377e+00 1.22010e+00 1.56329e+00
Step  210 : Displace = [0m5.457e-02[0m/[0m2.244e-01[0m (rms/max) Trust = 5.776e-02 ([1;91mx[0m) Grad = [0m4.819e-04[0m/[0m2.009e-03[0m (rms/max) E (change) = -0.8474789448 ([91m+4.129e-04[0m) Quality = [91m-2.602[0m
[93mStep Is Rejected[0m
Hessian Eigenvalues: 1.09463e-04 1.02952e-03 1.32672e-03 ... 1.12377e+00 1.22010e+00 1.56329e+00
Step  211 : Displace = [0m2.758e-02[0m/[0m1.052e-01[0m (rms/max) Trust = 2.729e-02 ([1;91mx[0m) Grad = [0m3.547e-04[0m/[0m1.312e-03[0m (rms/max) E (change) = -0.8477941751 ([91m+9.764e-05[0m) Quality = [91m-0.749[0m
Hessian Eigenvalues: 1.69742e-04 1.24246e-03 1.53476e-03 ... 1.12406e+00 1.22091e+00 1.56410e+00
Step  212 : Displace = [0m1.409e-02[0m/[0m5.652e-02[0m (rms/max) Trust = 1.364e-02 ([91m-[0m) Grad = [92m1.901e-04[0m/[0m7.339e-04[0m (rms/max) E (change) = -0.8480292492 ([0m-2.351e-04[0m) Quality = [0m1.024[0m
Hessian Eigenvalues: 1.74296e-04 1.24354e-03 1.52873e-03 ... 1.12348e+00 1.21997e+00 1.56463e+00
Step  213 : Displace = [0m1.838e-02[0m/[0m5.602e-02[0m (rms/max) Trust = 1.930e-02 ([92m+[0m) Grad = [92m1.244e-04[0m/[0m4.515e-04[0m (rms/max) E (change) = -0.8481038258 ([0m-7.458e-05[0m) Quality = [0m0.997[0m
Hessian Eigenvalues: 1.45411e-04 1.27030e-03 1.57709e-03 ... 1.13064e+00 1.21990e+00 1.56970e+00
Step  214 : Displace = [0m2.698e-02[0m/[0m7.863e-02[0m (rms/max) Trust = 2.729e-02 ([92m+[0m) Grad = [92m1.066e-04[0m/[92m4.305e-04[0m (rms/max) E (change) = -0.8481735672 ([0m-6.974e-05[0m) Quality = [0m1.140[0m
Hessian Eigenvalues: 3.14793e-04 1.22311e-03 1.58114e-03 ... 1.12819e+00 1.22215e+00 1.56324e+00
Step  215 : Displace = [0m2.552e-02[0m/[0m6.647e-02[0m (rms/max) Trust = 3.859e-02 ([92m+[0m) Grad = [92m1.825e-04[0m/[0m8.830e-04[0m (rms/max) E (change) = -0.8482572565 ([0m-8.369e-05[0m) Quality = [0m0.878[0m
Hessian Eigenvalues: 2.72220e-04 1.20228e-03 1.57018e-03 ... 1.12961e+00 1.22161e+00 1.56321e+00
Step  216 : Displace = [0m5.213e-02[0m/[0m1.525e-01[0m (rms/max) Trust = 5.457e-02 ([92m+[0m) Grad = [92m1.441e-04[0m/[0m6.959e-04[0m (rms/max) E (change) = -0.8482609761 ([0m-3.720e-06[0m) Quality = [0m0.060[0m
Hessian Eigenvalues: 6.48411e-04 1.21368e-03 1.58142e-03 ... 1.12835e+00 1.22303e+00 1.56321e+00
Step  217 : Displace = [0m2.601e-02[0m/[0m8.644e-02[0m (rms/max) Trust = 2.606e-02 ([91m-[0m) Grad = [92m8.800e-05[0m/[92m4.071e-04[0m (rms/max) E (change) = -0.8483314610 ([0m-7.048e-05[0m) Quality = [0m0.956[0m
Hessian Eigenvalues: 7.50398e-04 1.20642e-03 1.60683e-03 ... 1.12965e+00 1.22368e+00 1.56750e+00
Step  218 : Displace = [0m5.615e-03[0m/[0m1.691e-02[0m (rms/max) Trust = 3.686e-02 ([92m+[0m) Grad = [92m7.200e-05[0m/[92m2.703e-04[0m (rms/max) E (change) = -0.8483569400 ([0m-2.548e-05[0m) Quality = [0m1.281[0m
Hessian Eigenvalues: 7.57235e-04 1.25745e-03 1.56487e-03 ... 1.13035e+00 1.22371e+00 1.56216e+00
Step  219 : Displace = [0m1.044e-02[0m/[0m2.991e-02[0m (rms/max) Trust = 5.213e-02 ([92m+[0m) Grad = [92m7.118e-05[0m/[92m2.683e-04[0m (rms/max) E (change) = -0.8483874401 ([0m-3.050e-05[0m) Quality = [0m1.284[0m
Hessian Eigenvalues: 6.23927e-04 1.22696e-03 1.62392e-03 ... 1.13038e+00 1.22354e+00 1.56242e+00
Step  220 : Displace = [0m1.530e-02[0m/[0m4.117e-02[0m (rms/max) Trust = 7.372e-02 ([92m+[0m) Grad = [92m7.795e-05[0m/[92m3.837e-04[0m (rms/max) E (change) = -0.8484190561 ([0m-3.162e-05[0m) Quality = [0m1.445[0m
Hessian Eigenvalues: 5.28013e-04 1.22039e-03 1.60570e-03 ... 1.13291e+00 1.22255e+00 1.56292e+00
Step  221 : Displace = [0m1.319e-02[0m/[0m3.747e-02[0m (rms/max) Trust = 1.043e-01 ([92m+[0m) Grad = [92m7.843e-05[0m/[92m4.356e-04[0m (rms/max) E (change) = -0.8484357939 ([0m-1.674e-05[0m) Quality = [0m0.967[0m
Hessian Eigenvalues: 5.45262e-04 1.19561e-03 1.58225e-03 ... 1.13192e+00 1.22120e+00 1.57375e+00
Step  222 : Displace = [0m8.883e-03[0m/[0m2.945e-02[0m (rms/max) Trust = 1.474e-01 ([92m+[0m) Grad = [92m8.498e-05[0m/[92m3.371e-04[0m (rms/max) E (change) = -0.8484560655 ([0m-2.027e-05[0m) Quality = [0m1.118[0m
Hessian Eigenvalues: 5.31646e-04 1.19731e-03 1.56381e-03 ... 1.13462e+00 1.22499e+00 1.57039e+00
Step  223 : Displace = [0m8.328e-03[0m/[0m3.018e-02[0m (rms/max) Trust = 2.085e-01 ([92m+[0m) Grad = [92m7.430e-05[0m/[92m2.744e-04[0m (rms/max) E (change) = -0.8484781965 ([0m-2.213e-05[0m) Quality = [0m1.139[0m
Hessian Eigenvalues: 5.68277e-04 1.17883e-03 1.46083e-03 ... 1.13137e+00 1.22470e+00 1.56962e+00
Step  224 : Displace = [0m5.393e-03[0m/[0m1.462e-02[0m (rms/max) Trust = 2.949e-01 ([92m+[0m) Grad = [92m5.892e-05[0m/[92m1.816e-04[0m (rms/max) E (change) = -0.8484938187 ([0m-1.562e-05[0m) Quality = [0m1.447[0m
Hessian Eigenvalues: 5.97390e-04 1.16538e-03 1.43942e-03 ... 1.12915e+00 1.22816e+00 1.56779e+00
Step  225 : Displace = [0m5.873e-03[0m/[0m2.366e-02[0m (rms/max) Trust = 3.000e-01 ([92m+[0m) Grad = [92m6.203e-05[0m/[92m2.367e-04[0m (rms/max) E (change) = -0.8485072089 ([0m-1.339e-05[0m) Quality = [0m1.284[0m
Hessian Eigenvalues: 5.17805e-04 1.15696e-03 1.39374e-03 ... 1.12980e+00 1.22581e+00 1.56440e+00
Step  226 : Displace = [0m9.218e-03[0m/[0m3.830e-02[0m (rms/max) Trust = 3.000e-01 (=) Grad = [92m6.442e-05[0m/[92m2.533e-04[0m (rms/max) E (change) = -0.8485222731 ([0m-1.506e-05[0m) Quality = [0m1.437[0m
Hessian Eigenvalues: 4.39778e-04 1.15289e-03 1.42283e-03 ... 1.13166e+00 1.22430e+00 1.56313e+00
Step  227 : Displace = [0m8.547e-03[0m/[0m3.322e-02[0m (rms/max) Trust = 3.000e-01 (=) Grad = [92m5.827e-05[0m/[92m1.870e-04[0m (rms/max) E (change) = -0.8485313860 ([0m-9.113e-06[0m) Quality = [0m1.168[0m
Hessian Eigenvalues: 4.19811e-04 1.15237e-03 1.40366e-03 ... 1.13094e+00 1.22398e+00 1.56745e+00
Step  228 : Displace = [0m7.083e-03[0m/[0m3.160e-02[0m (rms/max) Trust = 3.000e-01 (=) Grad = [92m4.877e-05[0m/[92m1.993e-04[0m (rms/max) E (change) = -0.8485416145 ([0m-1.023e-05[0m) Quality = [0m1.278[0m
Hessian Eigenvalues: 4.23896e-04 1.14741e-03 1.38901e-03 ... 1.13287e+00 1.22510e+00 1.56751e+00
Step  229 : Displace = [0m4.717e-03[0m/[0m1.975e-02[0m (rms/max) Trust = 3.000e-01 (=) Grad = [92m5.034e-05[0m/[92m2.152e-04[0m (rms/max) E (change) = -0.8485503553 ([0m-8.741e-06[0m) Quality = [0m1.395[0m
Hessian Eigenvalues: 4.30786e-04 1.12916e-03 1.32560e-03 ... 1.13410e+00 1.22479e+00 1.56686e+00
Step  230 : Displace = [0m4.169e-03[0m/[0m1.373e-02[0m (rms/max) Trust = 3.000e-01 (=) Grad = [92m4.823e-05[0m/[92m2.001e-04[0m (rms/max) E (change) = -0.8485579805 ([0m-7.625e-06[0m) Quality = [0m1.472[0m
Hessian Eigenvalues: 4.24704e-04 1.12467e-03 1.22705e-03 ... 1.13684e+00 1.22610e+00 1.56370e+00
Step  231 : Displace = [0m3.923e-03[0m/[0m1.438e-02[0m (rms/max) Trust = 3.000e-01 (=) Grad = [92m3.855e-05[0m/[92m1.657e-04[0m (rms/max) E (change) = -0.8485644898 ([0m-6.509e-06[0m) Quality = [0m1.519[0m
Hessian Eigenvalues: 4.19448e-04 1.09406e-03 1.21969e-03 ... 1.13772e+00 1.22613e+00 1.56465e+00
Step  232 : Displace = [0m3.145e-03[0m/[0m1.058e-02[0m (rms/max) Trust = 3.000e-01 (=) Grad = [92m3.212e-05[0m/[92m9.861e-05[0m (rms/max) E (change) = -0.8485646757 ([92m-1.859e-07[0m) Quality = [0m0.056[0m
Hessian Eigenvalues: 4.02713e-04 1.11004e-03 1.17621e-03 ... 1.13772e+00 1.22480e+00 1.56472e+00
Step  233 : Displace = [0m1.438e-03[0m/[0m4.356e-03[0m (rms/max) Trust = 1.572e-03 ([91m-[0m) Grad = [92m2.824e-05[0m/[92m1.097e-04[0m (rms/max) E (change) = -0.8485663496 ([0m-1.674e-06[0m) Quality = [0m0.687[0m
Hessian Eigenvalues: 3.94461e-04 1.12160e-03 1.16845e-03 ... 1.13765e+00 1.22044e+00 1.56903e+00
Step  234 : Displace = [0m1.581e-03[0m/[0m4.870e-03[0m (rms/max) Trust = 1.572e-03 (=) Grad = [92m2.388e-05[0m/[92m1.147e-04[0m (rms/max) E (change) = -0.8485702548 ([0m-3.905e-06[0m) Quality = [0m1.719[0m
Hessian Eigenvalues: 3.87134e-04 1.10617e-03 1.16032e-03 ... 1.13739e+00 1.22235e+00 1.56542e+00
Step  235 : Displace = [0m2.109e-03[0m/[0m7.138e-03[0m (rms/max) Trust = 2.224e-03 ([92m+[0m) Grad = [92m2.170e-05[0m/[92m9.941e-05[0m (rms/max) E (change) = -0.8485749042 ([0m-4.649e-06[0m) Quality = [0m2.441[0m
Hessian Eigenvalues: 3.68733e-04 1.02613e-03 1.14340e-03 ... 1.13902e+00 1.22454e+00 1.56103e+00
Step  236 : Displace = [0m3.053e-03[0m/[0m1.049e-02[0m (rms/max) Trust = 3.145e-03 ([92m+[0m) Grad = [92m2.097e-05[0m/[92m5.933e-05[0m (rms/max) E (change) = -0.8485771361 ([0m-2.232e-06[0m) Quality = [0m1.082[0m
Hessian Eigenvalues: 3.49300e-04 9.51333e-04 1.15175e-03 ... 1.13902e+00 1.22295e+00 1.56019e+00
Step  237 : Displace = [0m4.401e-03[0m/[0m1.621e-02[0m (rms/max) Trust = 4.447e-03 ([92m+[0m) Grad = [92m2.069e-05[0m/[92m9.140e-05[0m (rms/max) E (change) = -0.8485795536 ([0m-2.417e-06[0m) Quality = [0m1.232[0m
Hessian Eigenvalues: 3.53894e-04 8.82178e-04 1.14978e-03 ... 1.14112e+00 1.22010e+00 1.56137e+00
Step  238 : Displace = [0m4.175e-03[0m/[0m1.554e-02[0m (rms/max) Trust = 6.290e-03 ([92m+[0m) Grad = [92m1.920e-05[0m/[92m9.424e-05[0m (rms/max) E (change) = -0.8485815997 ([0m-2.046e-06[0m) Quality = [0m1.729[0m
Hessian Eigenvalues: 3.52572e-04 8.63925e-04 1.14997e-03 ... 1.14003e+00 1.21940e+00 1.56139e+00
Step  239 : Displace = [0m2.182e-03[0m/[0m6.738e-03[0m (rms/max) Trust = 8.895e-03 ([92m+[0m) Grad = [92m1.542e-05[0m/[92m8.244e-05[0m (rms/max) E (change) = -0.8485817855 ([92m-1.859e-07[0m) Quality = [0m0.247[0m
Hessian Eigenvalues: 3.62706e-04 8.64608e-04 1.14792e-03 ... 1.14066e+00 1.22812e+00 1.56140e+00
Step  240 : Displace = [92m1.154e-03[0m/[0m3.818e-03[0m (rms/max) Trust = 1.200e-03 ([91m-[0m) Grad = [92m1.266e-05[0m/[92m4.182e-05[0m (rms/max) E (change) = -0.8485834591 ([0m-1.674e-06[0m) Quality = [0m1.970[0m
Hessian Eigenvalues: 3.70641e-04 8.62200e-04 1.15082e-03 ... 1.14093e+00 1.22736e+00 1.56725e+00
Step  241 : Displace = [0m1.778e-03[0m/[0m6.234e-03[0m (rms/max) Trust = 1.697e-03 ([92m+[0m) Grad = [92m1.556e-05[0m/[92m7.206e-05[0m (rms/max) E (change) = -0.8485856911 ([0m-2.232e-06[0m) Quality = [0m3.086[0m
Hessian Eigenvalues: 3.69982e-04 8.02981e-04 1.14903e-03 ... 1.14145e+00 1.22124e+00 1.56433e+00
Step  242 : Displace = [0m1.254e-03[0m/[0m3.475e-03[0m (rms/max) Trust = 2.400e-03 ([92m+[0m) Grad = [92m1.342e-05[0m/[92m6.156e-05[0m (rms/max) E (change) = -0.8485836454 ([91m+2.046e-06[0m) Quality = [91m-5.410[0m
[93mNot rejecting step - trust below 1.000e-02[0m
Hessian Eigenvalues: 3.66887e-04 7.16336e-04 1.16343e-03 ... 1.13830e+00 1.20330e+00 1.55766e+00
Step  243 : Displace = [92m1.191e-03[0m/[0m3.415e-03[0m (rms/max) Trust = 1.200e-03 ([91m-[0m) Grad = [92m8.530e-06[0m/[92m5.270e-05[0m (rms/max) E (change) = -0.8485862491 ([0m-2.604e-06[0m) Quality = [0m6.528[0m
Hessian Eigenvalues: 3.60918e-04 7.31486e-04 1.16615e-03 ... 1.13718e+00 1.19601e+00 1.54816e+00
Step  244 : Displace = [92m1.120e-03[0m/[0m3.535e-03[0m (rms/max) Trust = 1.697e-03 ([92m+[0m) Grad = [92m8.006e-06[0m/[92m2.929e-05[0m (rms/max) E (change) = -0.8485847610 ([91m+1.488e-06[0m) Quality = [91m-5.847[0m
[93mNot rejecting step - trust below 1.000e-02[0m
Hessian Eigenvalues: 3.53491e-04 7.16186e-04 1.17245e-03 ... 1.13724e+00 1.19701e+00 1.54673e+00
Step  245 : Displace = [92m6.938e-04[0m/[0m2.000e-03[0m (rms/max) Trust = 1.200e-03 ([91m-[0m) Grad = [92m6.824e-06[0m/[92m3.528e-05[0m (rms/max) E (change) = -0.8485840171 ([91m+7.439e-07[0m) Quality = [91m-5.905[0m
[93mNot rejecting step - trust below 1.000e-02[0m
Hessian Eigenvalues: 3.32374e-04 7.43665e-04 1.18978e-03 ... 1.13724e+00 1.19983e+00 1.54634e+00
Step  246 : Displace = [92m9.107e-04[0m/[0m3.167e-03[0m (rms/max) Trust = 1.200e-03 (=) Grad = [92m6.115e-06[0m/[92m3.108e-05[0m (rms/max) E (change) = -0.8485851331 ([0m-1.116e-06[0m) Quality = [0m8.903[0m
Hessian Eigenvalues: 3.60794e-04 7.41728e-04 1.19638e-03 ... 1.13754e+00 1.19906e+00 1.55037e+00
Step  247 : Displace = [92m3.958e-04[0m/[92m1.026e-03[0m (rms/max) Trust = 1.697e-03 ([92m+[0m) Grad = [92m4.757e-06[0m/[92m2.202e-05[0m (rms/max) E (change) = -0.8485847610 ([91m+3.721e-07[0m) Quality = [91m-4.995[0m
Hessian Eigenvalues: 3.60794e-04 7.41728e-04 1.19638e-03 ... 1.13754e+00 1.19906e+00 1.55037e+00
Converged! =D

    #==========================================================================#
    #| If this code has benefited your research, please support us by citing: |#
    #|                                                                        |#
    #| Wang, L.-P.; Song, C.C. (2016) "Geometry optimization made simple with |#
    #| translation and rotation coordinates", J. Chem, Phys. 144, 214108.     |#
    #| http://dx.doi.org/10.1063/1.4952956                                    |#
    #==========================================================================#
    Time elapsed since start of run_optimizer: 1442.908 seconds
