geometric-optimize called with the following command line:
/home/leeping/opt/miniconda3/envs/main/bin/geometric-optimize --engine bagel P4_casscf_ang.json

                                        [91m())))))))))))))))/[0m                     
                                    [91m())))))))))))))))))))))))),[0m                
                                [91m*)))))))))))))))))))))))))))))))))[0m             
                        [94m#,[0m    [91m()))))))))/[0m                [91m.)))))))))),[0m          
                      [94m#%%%%,[0m  [91m())))))[0m                        [91m.))))))))*[0m        
                      [94m*%%%%%%,[0m  [91m))[0m              [93m..[0m              [91m,))))))).[0m      
                        [94m*%%%%%%,[0m         [93m***************/.[0m        [91m.)))))))[0m     
                [94m#%%/[0m      [94m(%%%%%%,[0m    [93m/*********************.[0m       [91m)))))))[0m    
              [94m.%%%%%%#[0m      [94m*%%%%%%,[0m  [93m*******/,[0m     [93m**********,[0m      [91m.))))))[0m   
                [94m.%%%%%%/[0m      [94m*%%%%%%,[0m  [93m**[0m              [93m********[0m      [91m.))))))[0m  
          [94m##[0m      [94m.%%%%%%/[0m      [94m(%%%%%%,[0m                  [93m,******[0m      [91m/)))))[0m  
        [94m%%%%%%[0m      [94m.%%%%%%#[0m      [94m*%%%%%%,[0m    [92m,/////.[0m       [93m******[0m      [91m))))))[0m 
      [94m#%[0m      [94m%%[0m      [94m.%%%%%%/[0m      [94m*%%%%%%,[0m  [92m////////,[0m      [93m*****/[0m     [91m,)))))[0m 
    [94m#%%[0m  [94m%%%[0m  [94m%%%#[0m      [94m.%%%%%%/[0m      [94m(%%%%%%,[0m  [92m///////.[0m     [93m/*****[0m      [91m))))).[0m
  [94m#%%%%.[0m      [94m%%%%%#[0m      [94m/%%%%%%*[0m      [94m#%%%%%%[0m   [92m/////)[0m     [93m******[0m      [91m))))),[0m
    [94m#%%%%##%[0m  [94m%%%#[0m      [94m.%%%%%%/[0m      [94m(%%%%%%,[0m  [92m///////.[0m     [93m/*****[0m      [91m))))).[0m
      [94m##[0m     [94m%%%[0m      [94m.%%%%%%/[0m      [94m*%%%%%%,[0m  [92m////////.[0m      [93m*****/[0m     [91m,)))))[0m 
        [94m#%%%%#[0m      [94m/%%%%%%/[0m      [94m(%%%%%%[0m      [92m/)/)//[0m       [93m******[0m      [91m))))))[0m 
          [94m##[0m      [94m.%%%%%%/[0m      [94m(%%%%%%,[0m                  [93m*******[0m      [91m))))))[0m  
                [94m.%%%%%%/[0m      [94m*%%%%%%,[0m  [93m**.[0m             [93m/*******[0m      [91m.))))))[0m  
              [94m*%%%%%%/[0m      [94m(%%%%%%[0m   [93m********/*..,*/*********[0m       [91m*))))))[0m   
                [94m#%%/[0m      [94m(%%%%%%,[0m    [93m*********************/[0m        [91m)))))))[0m    
                        [94m*%%%%%%,[0m         [93m,**************/[0m         [91m,))))))/[0m     
                      [94m(%%%%%%[0m   [91m()[0m                              [91m))))))))[0m       
                      [94m#%%%%,[0m  [91m())))))[0m                        [91m,)))))))),[0m        
                        [94m#,[0m    [91m())))))))))[0m                [91m,)))))))))).[0m          
                                 [91m()))))))))))))))))))))))))))))))/[0m             
                                    [91m())))))))))))))))))))))))).[0m                
                                         [91m())))))))))))))),[0m                     

-=# [1;94m geomeTRIC started. Version: 1.0.1+228.g3731120 [0m #=-
Current date and time: 2024-06-06 11:47:14
#========================================================#
#| [92m    Arguments passed to driver run_optimizer():     [0m |#
#========================================================#
engine                    bagel 
input                     P4_casscf_ang.json 
----------------------------------------------------------
Bagel engine selected. Expecting Bagel input for gradient calculation.
Bonds will be generated from interatomic distances less than 1.20 times sum of covalent radii
12 internal coordinates being used (instead of 12 Cartesians)
Internal coordinate system (atoms numbered from 1):
Distance 1-2
Distance 1-3
Distance 1-4
Distance 2-3
Distance 2-4
Distance 3-4
Angle 2-1-3
Angle 2-1-4
Angle 3-1-4
Angle 1-2-3
Angle 1-2-4
Angle 3-2-4
Angle 1-3-2
Angle 1-3-4
Angle 2-3-4
Angle 1-4-2
Angle 1-4-3
Angle 2-4-3
Dihedral 3-1-2-4
Dihedral 4-1-2-3
Dihedral 2-1-3-4
Dihedral 4-1-3-2
Dihedral 2-1-4-3
Dihedral 3-1-4-2
Dihedral 1-2-3-4
Dihedral 4-2-3-1
Dihedral 1-2-4-3
Dihedral 3-2-4-1
Dihedral 1-3-4-2
Dihedral 2-3-4-1
Translation-X 1-4
Translation-Y 1-4
Translation-Z 1-4
Rotation-A 1-4
Rotation-B 1-4
Rotation-C 1-4
<class 'geometric.internal.Distance'> : 6
<class 'geometric.internal.Angle'> : 12
<class 'geometric.internal.Dihedral'> : 12
<class 'geometric.internal.TranslationX'> : 1
<class 'geometric.internal.TranslationY'> : 1
<class 'geometric.internal.TranslationZ'> : 1
<class 'geometric.internal.RotationA'> : 1
<class 'geometric.internal.RotationB'> : 1
<class 'geometric.internal.RotationC'> : 1
> ===== Optimization Info: ====
> Job type: Energy minimization
> Maximum number of optimization cycles: 300
> Initial / maximum trust radius (Angstrom): 0.100 / 0.300
> Convergence Criteria:
> Will converge when all 5 criteria are reached:
>  |Delta-E| < 1.00e-06
>  RMS-Grad  < 3.00e-04
>  Max-Grad  < 4.50e-04
>  RMS-Disp  < 1.20e-03
>  Max-Disp  < 1.80e-03
> === End Optimization Info ===
Step    0 : Gradient = 4.614e-02/4.614e-02 (rms/max) Energy = -1363.1059640900
Hessian Eigenvalues: 5.00000e-02 5.00000e-02 5.00000e-02 ... 1.94892e-01 1.94902e-01 1.99904e-01
Step    1 : Displace = [0m3.053e-02[0m/[0m3.054e-02[0m (rms/max) Trust = 1.000e-01 (=) Grad = [0m1.818e-02[0m/[0m1.819e-02[0m (rms/max) E (change) = -1363.1132801200 ([0m-7.316e-03[0m) Quality = [0m1.374[0m
Hessian Eigenvalues: 5.00000e-02 5.00000e-02 5.00000e-02 ... 1.94887e-01 1.94892e-01 1.94902e-01
Step    2 : Displace = [0m1.986e-02[0m/[0m1.986e-02[0m (rms/max) Trust = 1.414e-01 ([92m+[0m) Grad = [0m2.802e-03[0m/[0m2.803e-03[0m (rms/max) E (change) = -1363.1148298400 ([0m-1.550e-03[0m) Quality = [0m1.135[0m
Hessian Eigenvalues: 5.00000e-02 5.00000e-02 5.00000e-02 ... 1.94887e-01 1.94892e-01 1.94902e-01
Step    3 : Displace = [0m3.618e-03[0m/[0m3.619e-03[0m (rms/max) Trust = 2.000e-01 ([92m+[0m) Grad = [92m2.152e-04[0m/[92m2.154e-04[0m (rms/max) E (change) = -1363.1148709600 ([0m-4.112e-05[0m) Quality = [0m1.073[0m
Hessian Eigenvalues: 5.00000e-02 5.00000e-02 5.00000e-02 ... 1.94887e-01 1.94892e-01 1.94902e-01
Step    4 : Displace = [92m3.009e-04[0m/[92m3.013e-04[0m (rms/max) Trust = 2.828e-01 ([92m+[0m) Grad = [92m2.865e-06[0m/[92m2.999e-06[0m (rms/max) E (change) = -1363.1148712000 ([92m-2.400e-07[0m) Quality = [0m0.981[0m
Hessian Eigenvalues: 5.00000e-02 5.00000e-02 5.00000e-02 ... 1.94887e-01 1.94892e-01 1.94902e-01
Converged! =D

    #==========================================================================#
    #| If this code has benefited your research, please support us by citing: |#
    #|                                                                        |#
    #| Wang, L.-P.; Song, C.C. (2016) "Geometry optimization made simple with |#
    #| translation and rotation coordinates", J. Chem, Phys. 144, 214108.     |#
    #| http://dx.doi.org/10.1063/1.4952956                                    |#
    #==========================================================================#
    Time elapsed since start of run_optimizer: 1906.633 seconds
