geometric-neb called with the following command line:
/home/heepark/miniconda3/envs/geometric/bin/geometric-neb tera.in HCN.xyz --engine tera --images 11 --nebk 0.2

                                        [91m())))))))))))))))/[0m                     
                                    [91m())))))))))))))))))))))))),[0m                
                                [91m*)))))))))))))))))))))))))))))))))[0m             
                        [94m#,[0m    [91m()))))))))/[0m                [91m.)))))))))),[0m          
                      [94m#%%%%,[0m  [91m())))))[0m                        [91m.))))))))*[0m        
                      [94m*%%%%%%,[0m  [91m))[0m              [93m..[0m              [91m,))))))).[0m      
                        [94m*%%%%%%,[0m         [93m***************/.[0m        [91m.)))))))[0m     
                [94m#%%/[0m      [94m(%%%%%%,[0m    [93m/*********************.[0m       [91m)))))))[0m    
              [94m.%%%%%%#[0m      [94m*%%%%%%,[0m  [93m*******/,[0m     [93m**********,[0m      [91m.))))))[0m   
                [94m.%%%%%%/[0m      [94m*%%%%%%,[0m  [93m**[0m              [93m********[0m      [91m.))))))[0m  
          [94m##[0m      [94m.%%%%%%/[0m      [94m(%%%%%%,[0m                  [93m,******[0m      [91m/)))))[0m  
        [94m%%%%%%[0m      [94m.%%%%%%#[0m      [94m*%%%%%%,[0m    [92m,/////.[0m       [93m******[0m      [91m))))))[0m 
      [94m#%[0m      [94m%%[0m      [94m.%%%%%%/[0m      [94m*%%%%%%,[0m  [92m////////,[0m      [93m*****/[0m     [91m,)))))[0m 
    [94m#%%[0m  [94m%%%[0m  [94m%%%#[0m      [94m.%%%%%%/[0m      [94m(%%%%%%,[0m  [92m///////.[0m     [93m/*****[0m      [91m))))).[0m
  [94m#%%%%.[0m      [94m%%%%%#[0m      [94m/%%%%%%*[0m      [94m#%%%%%%[0m   [92m/////)[0m     [93m******[0m      [91m))))),[0m
    [94m#%%%%##%[0m  [94m%%%#[0m      [94m.%%%%%%/[0m      [94m(%%%%%%,[0m  [92m///////.[0m     [93m/*****[0m      [91m))))).[0m
      [94m##[0m     [94m%%%[0m      [94m.%%%%%%/[0m      [94m*%%%%%%,[0m  [92m////////.[0m      [93m*****/[0m     [91m,)))))[0m 
        [94m#%%%%#[0m      [94m/%%%%%%/[0m      [94m(%%%%%%[0m      [92m/)/)//[0m       [93m******[0m      [91m))))))[0m 
          [94m##[0m      [94m.%%%%%%/[0m      [94m(%%%%%%,[0m                  [93m*******[0m      [91m))))))[0m  
                [94m.%%%%%%/[0m      [94m*%%%%%%,[0m  [93m**.[0m             [93m/*******[0m      [91m.))))))[0m  
              [94m*%%%%%%/[0m      [94m(%%%%%%[0m   [93m********/*..,*/*********[0m       [91m*))))))[0m   
                [94m#%%/[0m      [94m(%%%%%%,[0m    [93m*********************/[0m        [91m)))))))[0m    
                        [94m*%%%%%%,[0m         [93m,**************/[0m         [91m,))))))/[0m     
                      [94m(%%%%%%[0m   [91m()[0m                              [91m))))))))[0m       
                      [94m#%%%%,[0m  [91m())))))[0m                        [91m,)))))))),[0m        
                        [94m#,[0m    [91m())))))))))[0m                [91m,)))))))))).[0m          
                                 [91m()))))))))))))))))))))))))))))))/[0m             
                                    [91m())))))))))))))))))))))))).[0m                
                                         [91m())))))))))))))),[0m                     

-=# [1;94m geomeTRIC started. Version: 1.0.1+242.gb4edfb2.dirty [0m #=-
Current date and time: 2024-11-13 10:53:07
TeraChem engine selected. Expecting TeraChem input for gradient calculation.

Nudged Elastic Band calculation will be performed.
Input coordinates have 50 frames. The following will be used to initialize NEB images: 
0, 5, 10, 15, 20, 24, 29, 34, 39, 44, 49
Creating artificial bond to isolated atom: 3-2
Creating artificial bond to isolated atom: 3-2
Creating artificial bond to isolated atom: 3-2
Creating artificial bond to isolated atom: 3-1
Creating artificial bond to isolated atom: 3-1
Creating artificial bond to isolated atom: 3-2
Creating artificial bond to isolated atom: 3-2
Creating artificial bond to isolated atom: 3-2
Creating artificial bond to isolated atom: 3-1
Creating artificial bond to isolated atom: 3-1
Aligning images 
Creating artificial bond to isolated atom: 3-2
Creating artificial bond to isolated atom: 3-2
Creating artificial bond to isolated atom: 3-2
Creating artificial bond to isolated atom: 3-1
Creating artificial bond to isolated atom: 3-1
Optimizing the input chain 
Creating artificial bond to isolated atom: 3-2
Creating artificial bond to isolated atom: 3-2
Creating artificial bond to isolated atom: 3-1
Creating artificial bond to isolated atom: 3-1
Evening out spacings: Deleted image  4 and added a new image between  9 and 10 
Image Number          :    0       1       2       3       4       5       6       7       8       9      10  
Spacing (Ang)     Old :      0.123   0.124   0.125   0.128   0.105   0.139   0.156   0.191   0.246   0.296 
                  New :      0.123   0.124   0.125   0.231   0.139   0.156   0.191   0.246   0.148   0.148 

-=# Chain optimization cycle 0 #=- 
Spring Force: 0.20 kcal/mol/Ang^2 
Image Number          :    0       1       2       3       4       5       6       7       8       9      10  
                       [94m  (min)[0m   ---->   ---->   ---->   (max)   <----   <----   <----   <----   <---- [94m  (min)[0m
Energies  (kcal/mol)  : 14.668  18.705  35.305  61.535  92.288  84.747  59.373  27.975   6.355   5.849   0.000
Spacing   (Ang)       :     0.123   0.124   0.125   0.231   0.139   0.156   0.191   0.246   0.148   0.148 
Gradients (eV/Ang)    :  0.933   2.535   4.528   4.964   5.068   4.157   4.025   3.851   2.220   6.569   1.249
Straightness          :  1.000   0.982   0.979   0.946   0.920   0.933   0.910   0.899   0.895   1.000   1.000

-= Chain Properties =- 
 GAvg(eV/Ang)  GMax(eV/Ang)   Length(Ang)  DeltaE(kcal)   RMSD(Ang) TrustRad(Ang)  Step Quality 
@   [91m4.2131[0m        [91m6.5694[0m        1.6322   

-=# Chain optimization cycle 1 #=- 
Time since last ComputeChain: 0.005 s 
Hessian Eigenvalues (Working) : 5.0000e-02  5.0000e-02  5.0000e-02  5.0000e-02  5.0000e-02... 5.0000e-01  5.0000e-01  5.0000e-01  5.0000e-01  5.0000e-01
Image Number          :    0       1       2       3       4       5       6       7       8       9      10  
                       [94m  (min)[0m   ---->   ---->   ---->   (max)   <----   <----   <----   (min)   (max) [94m  (min)[0m
Energies  (kcal/mol)  : 14.668  22.308  35.903  57.232  93.069  82.754  52.806  23.199   7.411  45.241   0.000
Spacing   (Ang)       :     0.134   0.136   0.141   0.248   0.147   0.175   0.211   0.266   0.177   0.180 
Gradients (eV/Ang)    :  0.933   5.195   5.641   5.574   6.123   5.355   5.069   5.010   4.414  14.345   1.249
Straightness          :  1.000   0.954   0.931   0.954   0.873   0.961   0.910   0.868   0.988   0.503   1.000

 GAvg(eV/Ang)  GMax(eV/Ang)   Length(Ang)  DeltaE(kcal)   RMSD(Ang)  TrustRad(Ang)  Step Quality 
@   [91m6.3028[0m        [91m14.3455[0m        1.8144        2.5284       0.1017      0.1000 (=)   -0.24 (Poor) 

-=# Chain optimization cycle 2 #=- 
Time since last ComputeChain: 0.011 s 
Hessian Eigenvalues (Working) : 4.9991e-02  5.0000e-02  5.0000e-02  5.0000e-02  5.0000e-02... 5.0000e-01  5.0000e-01  5.0000e-01  5.0000e-01  1.9776e+00
Hessian Eigenvalues (Plain)   : 4.9988e-02  5.0000e-02  5.0000e-02  5.0000e-02  5.0000e-02... 5.0000e-01  5.0000e-01  5.0000e-01  5.0000e-01  2.0414e+00
Image Number          :    0       1       2       3       4       5       6       7       8       9      10  
                       [94m  (min)[0m   ---->   ---->   ---->   (max)   <----   <----   <----   (min)   (max) [94m  (min)[0m
Energies  (kcal/mol)  : 14.668  17.951  29.701  50.177  84.942  76.310  46.593  17.897   4.127   8.714   0.000
Spacing   (Ang)       :     0.131   0.131   0.137   0.241   0.143   0.172   0.209   0.263   0.160   0.161 
Gradients (eV/Ang)    :  0.933   1.603   3.732   4.204   4.812   3.811   3.244   2.594   1.318   6.547   1.249
Straightness          :  1.000   0.974   0.932   0.941   0.883   0.960   0.892   0.862   0.987   0.786   1.000

 GAvg(eV/Ang)  GMax(eV/Ang)   Length(Ang)  DeltaE(kcal)   RMSD(Ang)  TrustRad(Ang)  Step Quality 
@   [91m3.5406[0m        [91m6.5469[0m        1.7490       -7.5926       0.0509      0.0500 ([91m-[0m)    1.14 (Good) 

-=# Chain optimization cycle 3 #=- 
Time since last ComputeChain: 0.006 s 
Hessian Eigenvalues (Working) : 4.9965e-02  5.0000e-02  5.0000e-02  5.0000e-02  5.0000e-02... 5.0000e-01  5.0000e-01  5.0000e-01  5.0000e-01  1.7653e+00
Hessian Eigenvalues (Plain)   : 4.9968e-02  4.9989e-02  5.0000e-02  5.0000e-02  5.0000e-02... 5.0000e-01  5.0000e-01  5.0000e-01  5.2376e-01  1.7792e+00
Image Number          :    0       1       2       3       4       5       6       7       8       9      10  
                       [94m  (min)[0m   ---->   ---->   ---->   (max)   <----   <----   <----   (min)   (max) [94m  (min)[0m
Energies  (kcal/mol)  : 14.668  18.454  29.388  44.297  77.321  69.128  39.542  14.166   4.761   4.831   0.000
Spacing   (Ang)       :     0.133   0.124   0.127   0.219   0.138   0.166   0.215   0.267   0.175   0.138 
Gradients (eV/Ang)    :  0.933   2.443   5.097   4.489   6.208   3.873   2.099   1.313   3.482   6.240   1.249
Straightness          :  1.000   0.862   0.993   0.892   0.961   0.942   0.830   0.863   0.817   0.989   1.000

 GAvg(eV/Ang)  GMax(eV/Ang)   Length(Ang)  DeltaE(kcal)   RMSD(Ang)  TrustRad(Ang)  Step Quality 
@   [91m3.9158[0m        [91m6.2399[0m        1.7026       -3.1392       0.0750      0.0707 ([92m+[0m)    0.46 (Okay) 

-=# Chain optimization cycle 4 #=- 
Time since last ComputeChain: 0.006 s 
Hessian Eigenvalues (Working) : 4.9916e-02  4.9998e-02  5.0000e-02  5.0000e-02  5.0000e-02... 5.0000e-01  5.0000e-01  5.0000e-01  1.1136e+00  2.4149e+00
Hessian Eigenvalues (Plain)   : 4.9923e-02  4.9991e-02  4.9996e-02  5.0000e-02  5.0000e-02... 5.0000e-01  5.0000e-01  5.1470e-01  1.1166e+00  2.4413e+00
Image Number          :    0       1       2       3       4       5       6       7       8       9      10  
                       [94m  (min)[0m   ---->   ---->   ---->   (max)   <----   <----   <----   <----   <---- [94m  (min)[0m
Energies  (kcal/mol)  : 14.668  18.903  25.967  40.189  68.594  64.538  37.604  13.337   4.250   0.426   0.000
Spacing   (Ang)       :     0.127   0.130   0.139   0.221   0.140   0.173   0.224   0.273   0.172   0.134 
Gradients (eV/Ang)    :  0.933   3.412   0.726   0.967   1.923   1.877   1.540   1.924   3.934   0.931   1.249
Straightness          :  1.000   0.938   0.929   0.913   0.920   0.958   0.826   0.816   0.935   0.969   1.000

 GAvg(eV/Ang)  GMax(eV/Ang)   Length(Ang)  DeltaE(kcal)   RMSD(Ang)  TrustRad(Ang)  Step Quality 
@   [0m1.9148        [0m3.9344        1.7328       -2.5524       0.0369      0.0707 (=)    1.02 (Good) 

-=# Chain optimization cycle 5 #=- 
Time since last ComputeChain: 0.006 s 
Hessian Eigenvalues (Working) : 4.9929e-02  4.9997e-02  4.9998e-02  5.0000e-02  5.0000e-02... 5.0000e-01  5.0000e-01  5.0056e-01  1.5688e+00  2.5989e+00
Hessian Eigenvalues (Plain)   : 4.9906e-02  4.9966e-02  4.9996e-02  4.9997e-02  5.0000e-02... 5.0000e-01  5.1367e-01  5.3293e-01  1.5720e+00  2.6928e+00
Image Number          :    0       1       2       3       4       5       6       7       8       9      10  
                       [94m  (min)[0m   ---->   ---->   ---->   (max)   <----   <----   <----   <----   <---- [94m  (min)[0m
Energies  (kcal/mol)  : 14.668  19.032  26.508  43.693  63.776  61.793  37.342  11.083   4.900   2.438   0.000
Spacing   (Ang)       :     0.124   0.140   0.162   0.223   0.142   0.190   0.251   0.304   0.185   0.140 
Gradients (eV/Ang)    :  0.933   3.512   1.843   3.680   3.340   2.922   2.744   2.711   4.912   3.000   1.249
Straightness          :  1.000   0.854   0.992   0.854   0.922   0.948   0.826   0.795   0.871   0.857   1.000

 GAvg(eV/Ang)  GMax(eV/Ang)   Length(Ang)  DeltaE(kcal)   RMSD(Ang)  TrustRad(Ang)  Step Quality 
@   [91m3.1849[0m        [0m4.9121        1.8616       -0.2931       0.0724      0.1000 ([92m+[0m)    0.14 (Okay) 

-=# Chain optimization cycle 6 #=- 
Time since last ComputeChain: 0.006 s 
Hessian Eigenvalues (Working) : 4.9959e-02  4.9973e-02  4.9999e-02  5.0000e-02  5.0000e-02... 5.0000e-01  5.0021e-01  1.0885e+00  2.0033e+00  2.7638e+00
Hessian Eigenvalues (Plain)   : 4.9918e-02  4.9953e-02  4.9988e-02  4.9997e-02  4.9999e-02... 5.0471e-01  5.1662e-01  1.0993e+00  2.1253e+00  2.7774e+00
Image Number          :    0       1       2       3       4       5       6       7       8       9      10  
                       [94m  (min)[0m   ---->   ---->   ---->   ---->   (max)   <----   <----   (min)   (max) [94m  (min)[0m
Energies  (kcal/mol)  : 14.668  17.238  26.693  41.021  60.640  60.946  35.566   7.788   0.585   6.446   0.000
Spacing   (Ang)       :     0.113   0.150   0.157   0.222   0.145   0.198   0.262   0.326   0.185   0.142 
Gradients (eV/Ang)    :  0.933   1.879   2.601   1.286   1.780   1.190   1.016   1.032   0.887   5.511   1.249
Straightness          :  1.000   0.843   0.968   0.901   0.859   0.924   0.818   0.721   0.960   0.781   1.000

 GAvg(eV/Ang)  GMax(eV/Ang)   Length(Ang)  DeltaE(kcal)   RMSD(Ang)  TrustRad(Ang)  Step Quality 
@   [0m1.9091        [91m5.5113[0m        1.9000       -1.2397       0.0601      0.1000 (=)    0.80 (Good) 

-=# Chain optimization cycle 7 #=- 
Time since last ComputeChain: 0.007 s 
Hessian Eigenvalues (Working) : 4.9963e-02  4.9976e-02  4.9999e-02  5.0000e-02  5.0000e-02... 5.0015e-01  5.2104e-01  1.5948e+00  1.9359e+00  2.6614e+00
Hessian Eigenvalues (Plain)   : 4.9920e-02  4.9959e-02  4.9978e-02  4.9995e-02  4.9998e-02... 5.1662e-01  5.8307e-01  1.5929e+00  1.9787e+00  2.7842e+00
Image Number          :    0       1       2       3       4       5       6       7       8       9      10  
                       [94m  (min)[0m   ---->   ---->   ---->   ---->   (max)   <----   <----   (min)   (max) [94m  (min)[0m
Energies  (kcal/mol)  : 14.668  17.844  27.203  42.193  60.078  60.493  35.042   7.371   1.046   1.568   0.000
Spacing   (Ang)       :     0.103   0.161   0.152   0.224   0.146   0.193   0.265   0.339   0.179   0.127 
Gradients (eV/Ang)    :  0.933   3.402   3.172   3.929   1.106   1.782   1.134   1.701   2.435   3.686   1.249
Straightness          :  1.000   0.927   0.797   0.985   0.754   0.956   0.812   0.649   0.892   0.998   1.000

 GAvg(eV/Ang)  GMax(eV/Ang)   Length(Ang)  DeltaE(kcal)   RMSD(Ang)  TrustRad(Ang)  Step Quality 
@   [0m2.4831        [0m3.9294        1.8892       -0.3713       0.0562      0.1132 ([92m+[0m)    0.25 (Okay) 

-=# Chain optimization cycle 8 #=- 
Time since last ComputeChain: 0.006 s 
Hessian Eigenvalues (Working) : 4.9960e-02  4.9990e-02  4.9996e-02  5.0000e-02  5.0000e-02... 5.0038e-01  9.0034e-01  1.7307e+00  2.4740e+00  2.6799e+00
Hessian Eigenvalues (Plain)   : 4.9899e-02  4.9959e-02  4.9973e-02  4.9996e-02  4.9998e-02... 5.1612e-01  8.9772e-01  1.7915e+00  2.4830e+00  2.7871e+00
Image Number          :    0       1       2       3       4       5       6       7       8       9      10  
                       [94m  (min)[0m   ---->   ---->   ---->   (max)   <----   <----   <----   (min)   (max) [94m  (min)[0m
Energies  (kcal/mol)  : 14.668  16.219  24.936  40.945  60.033  59.987  34.797   8.412   0.208   0.635   0.000
Spacing   (Ang)       :     0.098   0.149   0.166   0.227   0.146   0.193   0.268   0.339   0.179   0.127 
Gradients (eV/Ang)    :  0.933   0.392   1.963   2.690   1.155   0.837   0.795   4.215   0.601   2.358   1.249
Straightness          :  1.000   0.908   0.989   0.873   0.815   0.959   0.809   0.683   0.883   0.997   1.000

 GAvg(eV/Ang)  GMax(eV/Ang)   Length(Ang)  DeltaE(kcal)   RMSD(Ang)  TrustRad(Ang)  Step Quality 
@   [0m1.6674        [0m4.2149        1.8916       -0.6059       0.0343      0.1030 (=)    0.66 (Good) 

-=# Chain optimization cycle 9 #=- 
Time since last ComputeChain: 0.005 s 
Hessian Eigenvalues (Working) : 4.9959e-02  4.9988e-02  4.9996e-02  4.9999e-02  5.0000e-02... 5.1132e-01  1.4946e+00  1.7129e+00  2.3282e+00  2.6637e+00
Hessian Eigenvalues (Plain)   : 4.9878e-02  4.9954e-02  4.9980e-02  4.9995e-02  4.9998e-02... 5.6184e-01  1.4790e+00  1.7596e+00  2.4069e+00  2.7665e+00
Evening out spacings: Deleted image  1 and added a new image between  7 and  8 
Image Number          :    0       1       2       3       4       5       6       7       8       9      10  
Spacing (Ang)     Old :      0.094   0.147   0.170   0.227   0.148   0.196   0.280   0.366   0.181   0.134 
                  New :      0.234   0.170   0.227   0.148   0.196   0.280   0.183   0.183   0.181   0.134 
Image Number          :    0       1       2       3       4       5       6       7       8       9      10  
                       [94m  (min)[0m   ---->   ---->   ---->   (max)   <----   <----   <----   (min)   (max) [94m  (min)[0m
Energies  (kcal/mol)  : 14.668  23.778  39.380  59.627  60.014  34.708   9.160   2.865   0.434   2.552   0.000
Spacing   (Ang)       :     0.234   0.170   0.227   0.148   0.196   0.280   0.183   0.183   0.181   0.134 
Gradients (eV/Ang)    :  0.933   0.975   1.611   0.272   0.503   1.299   5.113   1.723   1.885   3.845   1.249
Straightness          :  1.000   0.934   0.896   0.845   0.965   0.820   0.595   1.000   0.941   0.883   1.000
Respaced images - skipping trust radius update 

@ GAvg(eV/Ang)  GMax(eV/Ang)   Length(Ang)  DeltaE(kcal)   RMSD(Ang) TrustRad(Ang)  Step Quality 
@   [0m1.9140        [91m5.1131[0m        1.9358   

-=# Chain optimization cycle 10 #=- 
Time since last ComputeChain: 0.003 s 
Hessian Eigenvalues (Working) : 5.0000e-02  5.0000e-02  5.0000e-02  5.0000e-02  5.0000e-02... 5.0000e-01  5.0000e-01  5.0000e-01  5.0000e-01  5.0000e-01
Image Number          :    0       1       2       3       4       5       6       7       8       9      10  
                       [94m  (min)[0m   ---->   ---->   ---->   (max)   (min)   (max)   (min)   ---->   (max) [94m  (min)[0m
Energies  (kcal/mol)  : 14.668  24.953  41.943  59.567  60.309  36.800  85.719   3.888  10.157  45.978   0.000
Spacing   (Ang)       :     0.240   0.163   0.228   0.148   0.194   0.289   0.189   0.195   0.173   0.140 
Gradients (eV/Ang)    :  0.933   3.028   4.951   0.349   1.568   5.193  35.611   3.592   9.951  25.004   1.249
Straightness          :  1.000   0.799   0.977   0.770   0.963   0.761   0.591   0.571   0.939   0.855   1.000

 GAvg(eV/Ang)  GMax(eV/Ang)   Length(Ang)  DeltaE(kcal)   RMSD(Ang)  TrustRad(Ang)  Step Quality 
@   [91m9.9162[0m        [91m35.6111[0m        1.9592       12.4363       0.1059      0.0980 ([92m+[0m)   -3.61 (Reject) 
Reducing trust radius to 4.9e-02 and rejecting step 

-=# Chain optimization cycle 11 #=- 
Time since last ComputeChain: 0.006 s 
Hessian Eigenvalues (Working) : 5.0000e-02  5.0000e-02  5.0000e-02  5.0000e-02  5.0000e-02... 5.0000e-01  5.0000e-01  5.0000e-01  5.0000e-01  5.0000e-01
Image Number          :    0       1       2       3       4       5       6       7       8       9      10  
                       [94m  (min)[0m   ---->   ---->   ---->   (max)   <----   <----   <----   (min)   (max) [94m  (min)[0m
Energies  (kcal/mol)  : 14.668  23.711  38.947  59.589  59.990  34.545  11.829   2.101   1.124   4.145   0.000
Spacing   (Ang)       :     0.236   0.166   0.227   0.148   0.195   0.281   0.178   0.185   0.176   0.131 
Gradients (eV/Ang)    :  0.933   1.218   1.234   0.206   0.458   1.418   8.286   1.846   3.191   6.103   1.249
Straightness          :  1.000   0.887   0.958   0.814   0.965   0.795   0.678   0.893   0.943   0.954   1.000

 GAvg(eV/Ang)  GMax(eV/Ang)   Length(Ang)  DeltaE(kcal)   RMSD(Ang)  TrustRad(Ang)  Step Quality 
@   [91m2.6623[0m        [91m8.2864[0m        1.9215        0.3147       0.0502      0.0490 ([91m-[0m)   -0.13 (Poor) 

-=# Chain optimization cycle 12 #=- 
Time since last ComputeChain: 0.006 s 
Hessian Eigenvalues (Working) : 4.9997e-02  5.0000e-02  5.0000e-02  5.0000e-02  5.0000e-02... 5.0000e-01  5.0000e-01  5.0000e-01  5.0000e-01  2.7242e+00
Hessian Eigenvalues (Plain)   : 4.9976e-02  5.0000e-02  5.0000e-02  5.0000e-02  5.0000e-02... 5.0000e-01  5.0000e-01  5.0000e-01  5.0000e-01  2.8085e+00
Image Number          :    0       1       2       3       4       5       6       7       8       9      10  
                       [94m  (min)[0m   ---->   ---->   ---->   (max)   <----   <----   <----   (min)   (max) [94m  (min)[0m
Energies  (kcal/mol)  : 14.694  23.506  38.780  59.601  59.988  34.300   4.659   1.546   0.000   0.133   0.025
Spacing   (Ang)       :     0.235   0.166   0.227   0.148   0.195   0.284   0.181   0.184   0.175   0.131 
Gradients (eV/Ang)    :  0.933   0.652   0.803   0.156   0.279   0.599   1.322   0.878   0.712   1.268   1.249
Straightness          :  1.000   0.900   0.949   0.822   0.966   0.810   0.658   0.963   0.949   0.964   1.000

 GAvg(eV/Ang)  GMax(eV/Ang)   Length(Ang)  DeltaE(kcal)   RMSD(Ang)  TrustRad(Ang)  Step Quality 
@   [0m0.7412        [0m1.3220        1.9270       -1.2450       0.0222      0.0245 ([91m-[0m)    1.44 (Good) 

-=# Chain optimization cycle 13 #=- 
Time since last ComputeChain: 0.006 s 
Hessian Eigenvalues (Working) : 4.9986e-02  5.0000e-02  5.0000e-02  5.0000e-02  5.0000e-02... 5.0000e-01  5.0000e-01  5.0000e-01  5.0001e-01  3.2171e+00
Hessian Eigenvalues (Plain)   : 4.9963e-02  4.9985e-02  5.0000e-02  5.0000e-02  5.0000e-02... 5.0000e-01  5.0000e-01  5.0000e-01  5.1273e-01  3.2432e+00
Image Number          :    0       1       2       3       4       5       6       7       8       9      10  
                       [94m  (min)[0m   ---->   ---->   ---->   (max)   <----   <----   <----   <----   (min) [94m  (min)[0m
Energies  (kcal/mol)  : 14.760  23.650  39.330  59.642  60.123  34.614   4.505   1.353   0.053   0.000   0.092
Spacing   (Ang)       :     0.232   0.173   0.225   0.148   0.196   0.288   0.191   0.182   0.178   0.130 
Gradients (eV/Ang)    :  0.933   1.752   1.840   0.186   0.701   1.444   1.797   1.789   0.804   0.830   1.249
Straightness          :  1.000   0.942   0.882   0.868   0.964   0.796   0.664   0.963   0.953   0.980   1.000

 GAvg(eV/Ang)  GMax(eV/Ang)   Length(Ang)  DeltaE(kcal)   RMSD(Ang)  TrustRad(Ang)  Step Quality 
@   [0m1.2380        [0m1.8397        1.9434        0.0146       0.0175      0.0346 ([92m+[0m)   -0.07 (Poor) 

-=# Chain optimization cycle 14 #=- 
Time since last ComputeChain: 0.006 s 
Hessian Eigenvalues (Working) : 4.9938e-02  4.9995e-02  5.0000e-02  5.0000e-02  5.0000e-02... 5.0000e-01  5.0000e-01  5.0001e-01  2.1163e+00  3.0392e+00
Hessian Eigenvalues (Plain)   : 4.9935e-02  4.9977e-02  4.9989e-02  5.0000e-02  5.0000e-02... 5.0000e-01  5.0000e-01  5.0890e-01  2.0989e+00  3.1217e+00
Image Number          :    0       1       2       3       4       5       6       7       8       9      10  
                       [94m  (min)[0m   ---->   ---->   ---->   (max)   <----   <----   <----   <----   (min) [94m  (min)[0m
Energies  (kcal/mol)  : 14.831  23.238  38.838  59.706  60.117  34.361   4.093   0.929   0.036   0.000   0.163
Spacing   (Ang)       :     0.233   0.172   0.225   0.148   0.195   0.287   0.195   0.183   0.178   0.130 
Gradients (eV/Ang)    :  0.933   0.468   0.982   0.066   0.302   0.495   0.590   0.499   0.240   0.345   1.249
Straightness          :  1.000   0.923   0.915   0.860   0.966   0.812   0.657   0.953   0.960   0.984   1.000

 GAvg(eV/Ang)  GMax(eV/Ang)   Length(Ang)  DeltaE(kcal)   RMSD(Ang)  TrustRad(Ang)  Step Quality 
@   [0m0.4431        [0m0.9816        1.9464       -0.2357       0.0082      0.0087 ([91m-[0m)    1.28 (Good) 

-=# Chain optimization cycle 15 #=- 
Time since last ComputeChain: 0.005 s 
Hessian Eigenvalues (Working) : 4.9969e-02  4.9996e-02  5.0000e-02  5.0000e-02  5.0000e-02... 5.0000e-01  5.0000e-01  5.0083e-01  2.4413e+00  3.1141e+00
Hessian Eigenvalues (Plain)   : 4.9950e-02  4.9975e-02  4.9996e-02  4.9999e-02  5.0000e-02... 5.0000e-01  5.0796e-01  5.1780e-01  2.4695e+00  3.1923e+00
Image Number          :    0       1       2       3       4       5       6       7       8       9      10  
                       [94m  (min)[0m   ---->   ---->   ---->   (max)   <----   <----   <----   (min)   ----> [94m  (min)[0m
Energies  (kcal/mol)  : 14.799  23.055  38.815  59.672  60.088  34.298   3.719   0.707   0.000   0.002   0.131
Spacing   (Ang)       :     0.234   0.169   0.225   0.148   0.195   0.287   0.202   0.184   0.178   0.130 
Gradients (eV/Ang)    :  0.933   0.321   1.278   0.072   0.364   0.462   0.457   0.845   0.413   0.681   1.249
Straightness          :  1.000   0.895   0.951   0.842   0.971   0.822   0.633   0.957   0.964   0.979   1.000

 GAvg(eV/Ang)  GMax(eV/Ang)   Length(Ang)  DeltaE(kcal)   RMSD(Ang)  TrustRad(Ang)  Step Quality 
@   [0m0.5437        [0m1.2780        1.9514       -0.0610       0.0122      0.0123 ([92m+[0m)    0.52 (Good) 

-=# Chain optimization cycle 16 #=- 
Time since last ComputeChain: 0.005 s 
Hessian Eigenvalues (Working) : 4.9909e-02  4.9990e-02  5.0000e-02  5.0000e-02  5.0000e-02... 5.0000e-01  5.0045e-01  2.0744e+00  2.2039e+00  3.1134e+00
Hessian Eigenvalues (Plain)   : 4.9910e-02  4.9962e-02  4.9978e-02  4.9996e-02  4.9999e-02... 5.0481e-01  5.0696e-01  2.1350e+00  2.2439e+00  3.1850e+00
Image Number          :    0       1       2       3       4       5       6       7       8       9      10  
                       [94m  (min)[0m   ---->   ---->   ---->   (max)   <----   <----   <----   <----   (min) [94m  (min)[0m
Energies  (kcal/mol)  : 14.861  22.831  38.487  59.728  60.124  34.283   3.285   0.376   0.017   0.000   0.192
Spacing   (Ang)       :     0.235   0.171   0.225   0.148   0.195   0.291   0.215   0.186   0.177   0.131 
Gradients (eV/Ang)    :  0.933   0.295   0.515   0.038   0.139   0.063   0.780   0.699   0.169   0.153   1.249
Straightness          :  1.000   0.893   0.943   0.860   0.972   0.834   0.612   0.936   0.974   0.981   1.000

 GAvg(eV/Ang)  GMax(eV/Ang)   Length(Ang)  DeltaE(kcal)   RMSD(Ang)  TrustRad(Ang)  Step Quality 
@   [0m0.3167        [0m0.7805        1.9750       -0.1615       0.0172      0.0175 ([92m+[0m)    1.16 (Good) 

-=# Chain optimization cycle 17 #=- 
Time since last ComputeChain: 0.005 s 
Hessian Eigenvalues (Working) : 4.9753e-02  4.9995e-02  5.0000e-02  5.0000e-02  5.0000e-02... 5.0039e-01  5.7740e-01  1.9928e+00  2.6541e+00  3.5611e+00
Hessian Eigenvalues (Plain)   : 4.9522e-02  4.9965e-02  4.9987e-02  4.9997e-02  4.9999e-02... 5.0589e-01  5.8477e-01  1.9711e+00  2.6878e+00  3.7622e+00
Image Number          :    0       1       2       3       4       5       6       7       8       9      10  
                       [94m  (min)[0m   ---->   ---->   ---->   (max)   <----   <----   <----   <----   (min) [94m  (min)[0m
Energies  (kcal/mol)  : 14.866  22.673  38.428  59.726  60.118  34.292   2.529   0.064   0.002   0.000   0.197
Spacing   (Ang)       :     0.239   0.176   0.227   0.149   0.195   0.295   0.233   0.189   0.177   0.132 
Gradients (eV/Ang)    :  0.933   1.395   1.062   0.066   0.174   0.812   0.631   0.283   0.129   0.045   1.249
Straightness          :  1.000   0.865   0.932   0.883   0.967   0.861   0.559   0.917   0.980   0.982   1.000

 GAvg(eV/Ang)  GMax(eV/Ang)   Length(Ang)  DeltaE(kcal)   RMSD(Ang)  TrustRad(Ang)  Step Quality 
@   [0m0.5108        [0m1.3946        2.0104       -0.1217       0.0245      0.0247 ([92m+[0m)    0.73 (Good) 

-=# Chain optimization cycle 18 #=- 
Time since last ComputeChain: 0.008 s 
Hessian Eigenvalues (Working) : 4.6412e-02  4.9990e-02  4.9999e-02  5.0000e-02  5.0000e-02... 5.0075e-01  1.8633e+00  2.1453e+00  2.6627e+00  3.1965e+00
Hessian Eigenvalues (Plain)   : 4.0618e-02  4.9966e-02  4.9980e-02  4.9994e-02  4.9997e-02... 5.1810e-01  1.8164e+00  2.1944e+00  2.7114e+00  3.2624e+00
Image Number          :    0       1       2       3       4       5       6       7       8       9      10  
                       [94m  (min)[0m   ---->   ---->   ---->   (max)   <----   <----   <----   (min)   ----> [94m  (min)[0m
Energies  (kcal/mol)  : 14.859  21.716  37.906  59.707  60.086  34.080   1.583   0.128   0.000   0.000   0.191
Spacing   (Ang)       :     0.241   0.179   0.229   0.149   0.196   0.304   0.257   0.196   0.177   0.133 
Gradients (eV/Ang)    :  0.933   0.339   0.619   0.072   0.095   0.446   0.288   0.590   0.122   0.130   1.249
Straightness          :  1.000   0.819   0.936   0.888   0.975   0.870   0.501   0.880   0.982   0.985   1.000

 GAvg(eV/Ang)  GMax(eV/Ang)   Length(Ang)  DeltaE(kcal)   RMSD(Ang)  TrustRad(Ang)  Step Quality 
@   [0m0.3002        [0m0.6187        2.0613       -0.2327       0.0349      0.0349 ([92m+[0m)    1.02 (Good) 

-=# Chain optimization cycle 19 #=- 
Time since last ComputeChain: 0.006 s 
Hessian Eigenvalues (Working) : 4.9074e-02  4.9982e-02  4.9999e-02  5.0000e-02  5.0000e-02... 5.2358e-01  1.8105e+00  2.3447e+00  2.6863e+00  3.1488e+00
Hessian Eigenvalues (Plain)   : 3.6734e-02  4.9946e-02  4.9988e-02  4.9992e-02  4.9997e-02... 5.3741e-01  1.8139e+00  2.3881e+00  2.7116e+00  3.2285e+00
Image Number          :    0       1       2       3       4       5       6       7       8       9      10  
                       [94m  (min)[0m   ---->   ---->   ---->   (max)   <----   <----   <----   (min)   ----> [94m  (min)[0m
Energies  (kcal/mol)  : 14.776  21.301  37.545  59.622  60.011  33.868   1.070   0.116   0.000   0.006   0.107
Spacing   (Ang)       :     0.245   0.180   0.231   0.149   0.197   0.309   0.273   0.197   0.176   0.134 
Gradients (eV/Ang)    :  0.933   0.559   0.117   0.231   0.349   0.191   0.395   0.553   0.773   0.854   1.249
Straightness          :  1.000   0.771   0.950   0.887   0.970   0.895   0.419   0.885   0.979   0.981   1.000

 GAvg(eV/Ang)  GMax(eV/Ang)   Length(Ang)  DeltaE(kcal)   RMSD(Ang)  TrustRad(Ang)  Step Quality 
@   [0m0.4469        [0m0.8544        2.0904       -0.0831       0.0216      0.0494 ([92m+[0m)    0.83 (Good) 

-=# Chain optimization cycle 20 #=- 
Time since last ComputeChain: 0.006 s 
Hessian Eigenvalues (Working) : 3.5751e-02  4.9991e-02  4.9999e-02  5.0000e-02  5.0001e-02... 1.4942e+00  1.9872e+00  2.3220e+00  2.8000e+00  3.0357e+00
Hessian Eigenvalues (Plain)   : 2.4590e-02  4.9949e-02  4.9986e-02  4.9990e-02  4.9997e-02... 1.5045e+00  2.1129e+00  2.3295e+00  2.8481e+00  3.0514e+00
Image Number          :    0       1       2       3       4       5       6       7       8       9      10  
                       [94m  (min)[0m   ---->   ---->   ---->   (max)   <----   <----   <----   <----   (min) [94m  (min)[0m
Energies  (kcal/mol)  : 14.821  20.939  37.402  59.650  60.020  33.795   0.847   0.404   0.018   0.000   0.153
Spacing   (Ang)       :     0.253   0.182   0.235   0.150   0.197   0.314   0.293   0.198   0.176   0.135 
Gradients (eV/Ang)    :  0.933   0.536   0.642   0.043   0.168   0.309   1.215   0.846   0.536   0.377   1.249
Straightness          :  1.000   0.680   0.969   0.873   0.975   0.914   0.324   0.898   0.975   0.970   1.000

 GAvg(eV/Ang)  GMax(eV/Ang)   Length(Ang)  DeltaE(kcal)   RMSD(Ang)  TrustRad(Ang)  Step Quality 
@   [0m0.5190        [0m1.2150        2.1327       -0.0784       0.0279      0.0698 ([92m+[0m)    0.59 (Good) 

-=# Chain optimization cycle 21 #=- 
Time since last ComputeChain: 0.006 s 
Hessian Eigenvalues (Working) : 4.4860e-02  4.9990e-02  4.9999e-02  5.0000e-02  5.0001e-02... 1.8238e+00  2.2259e+00  2.5901e+00  2.7152e+00  3.1704e+00
Hessian Eigenvalues (Plain)   : 2.6428e-02  4.9958e-02  4.9984e-02  4.9993e-02  4.9996e-02... 1.8202e+00  2.2150e+00  2.5646e+00  2.7797e+00  3.2285e+00
Image Number          :    0       1       2       3       4       5       6       7       8       9      10  
                       [94m  (min)[0m   ---->   ---->   ---->   (max)   <----   <----   <----   <----   (min) [94m  (min)[0m
Energies  (kcal/mol)  : 14.863  21.148  37.498  59.710  60.104  33.878   0.955   0.139   0.008   0.000   0.195
Spacing   (Ang)       :     0.251   0.180   0.234   0.150   0.196   0.309   0.284   0.194   0.176   0.134 
Gradients (eV/Ang)    :  0.933   0.094   0.053   0.313   0.533   0.083   0.161   0.243   0.089   0.115   1.249
Straightness          :  1.000   0.715   0.964   0.871   0.981   0.903   0.353   0.906   0.976   0.981   1.000

 GAvg(eV/Ang)  GMax(eV/Ang)   Length(Ang)  DeltaE(kcal)   RMSD(Ang)  TrustRad(Ang)  Step Quality 
@   [0m0.1871        [0m0.5331        2.1079       -0.0015       0.0147      0.0988 ([92m+[0m)    1.28 (Good) 

-=# Chain optimization cycle 22 #=- 
Time since last ComputeChain: 0.006 s 
Hessian Eigenvalues (Working) : 4.2719e-02  4.9987e-02  4.9999e-02  5.0000e-02  5.0000e-02... 1.8071e+00  2.2152e+00  2.5047e+00  2.7949e+00  2.9633e+00
Hessian Eigenvalues (Plain)   : 2.7372e-02  4.9953e-02  4.9985e-02  4.9993e-02  4.9995e-02... 1.7994e+00  2.1794e+00  2.4501e+00  2.8850e+00  2.9800e+00
Image Number          :    0       1       2       3       4       5       6       7       8       9      10  
                       [94m  (min)[0m   ---->   ---->   ---->   (max)   <----   <----   <----   (min)   ----> [94m  (min)[0m
Energies  (kcal/mol)  : 14.862  21.255  37.566  59.745  60.285  33.870   1.079   0.049   0.000   0.005   0.194
Spacing   (Ang)       :     0.251   0.179   0.231   0.150   0.198   0.306   0.282   0.191   0.177   0.134 
Gradients (eV/Ang)    :  0.933   0.212   0.066   0.667   1.164   0.237   0.273   0.166   0.109   0.166   1.249
Straightness          :  1.000   0.713   0.962   0.893   0.951   0.924   0.345   0.913   0.978   0.985   1.000

 GAvg(eV/Ang)  GMax(eV/Ang)   Length(Ang)  DeltaE(kcal)   RMSD(Ang)  TrustRad(Ang)  Step Quality 
@   [0m0.3399        [0m1.1637        2.0997        0.0380       0.0095      0.1341 ([92m+[0m)   -1.63 (Reject) 
Reducing trust radius to 4.7e-03 and rejecting step 

-=# Chain optimization cycle 23 #=- 
Time since last ComputeChain: 0.006 s 
Hessian Eigenvalues (Working) : 4.2719e-02  4.9987e-02  4.9999e-02  5.0000e-02  5.0000e-02... 1.8071e+00  2.2152e+00  2.5047e+00  2.7949e+00  2.9633e+00
Hessian Eigenvalues (Plain)   : 2.7372e-02  4.9953e-02  4.9985e-02  4.9993e-02  4.9995e-02... 1.7994e+00  2.1794e+00  2.4501e+00  2.8850e+00  2.9800e+00
--== Images set to Climbing Mode: 4 ==-- 
Image Number          :    0       1       2       3       4       5       6       7       8       9      10  
                       [94m  (min)[0m   ---->   ---->   ---->   (^_^)   <----   <----   <----   <----   (min) [94m  (min)[0m
Energies  (kcal/mol)  : 14.864  21.147  37.502  59.694  60.075  33.876   0.954   0.109   0.006   0.000   0.196
Spacing   (Ang)       :     0.251   0.180   0.233   0.150   0.197   0.309   0.285   0.193   0.176   0.134 
Gradients (eV/Ang)    :  0.933   0.114   0.040   0.192   1.071   0.114   0.136   0.181   0.067   0.072   1.249
Straightness          :  1.000   0.708   0.963   0.884   0.968   0.915   0.343   0.908   0.977   0.982   1.000

 GAvg(eV/Ang)  GMax(eV/Ang)   Length(Ang)  DeltaE(kcal)   RMSD(Ang)  TrustRad(Ang)  Step Quality 
@   [0m0.2209        [0m1.0713        2.1085       -0.0079       0.0046      0.0047 ([91m-[0m)    0.43 (Okay) 

-=# Chain optimization cycle 24 #=- 
Time since last ComputeChain: 0.006 s 
Hessian Eigenvalues (Working) : 4.3160e-02  4.8976e-02  4.9994e-02  5.0000e-02  5.0002e-02... 2.2116e+00  2.4673e+00  2.7286e+00  2.9234e+00  3.9728e+00
Hessian Eigenvalues (Plain)   : 2.7574e-02  4.9963e-02  4.9980e-02  4.9992e-02  4.9996e-02... 2.0343e+00  2.1784e+00  2.4412e+00  2.7717e+00  2.9867e+00
Image Number          :    0       1       2       3       4       5       6       7       8       9      10  
                       [94m  (min)[0m   ---->   ---->   ---->   (^_^)   <----   <----   <----   <----   (min) [94m  (min)[0m
Energies  (kcal/mol)  : 14.865  21.141  37.504  59.707  60.429  33.873   0.945   0.087   0.005   0.000   0.197
Spacing   (Ang)       :     0.252   0.180   0.233   0.145   0.202   0.309   0.286   0.193   0.176   0.134 
Gradients (eV/Ang)    :  0.933   0.087   0.057   0.378   1.062   0.077   0.154   0.151   0.051   0.047   1.249
Straightness          :  1.000   0.701   0.964   0.888   0.964   0.919   0.330   0.912   0.978   0.982   1.000

 GAvg(eV/Ang)  GMax(eV/Ang)   Length(Ang)  DeltaE(kcal)   RMSD(Ang)  TrustRad(Ang)  Step Quality 
@   [0m0.2293        [0m1.0623        2.1097        0.0288       0.0049      0.0047 (=)    0.87 (Good) 

-=# Chain optimization cycle 25 #=- 
Time since last ComputeChain: 0.006 s 
Hessian Eigenvalues (Working) : 4.2733e-02  4.9964e-02  4.9999e-02  5.0001e-02  5.0012e-02... 1.8143e+00  2.2155e+00  2.5688e+00  2.8657e+00  3.0819e+00
Hessian Eigenvalues (Plain)   : 7.9074e-03  2.8221e-02  4.9963e-02  4.9985e-02  4.9993e-02... 2.1774e+00  2.3516e+00  2.6595e+00  2.9678e+00  7.3522e+00
Image Number          :    0       1       2       3       4       5       6       7       8       9      10  
                       [94m  (min)[0m   ---->   ---->   ---->   (^_^)   <----   <----   <----   <----   (min) [94m  (min)[0m
Energies  (kcal/mol)  : 14.864  21.135  37.503  59.672  60.789  33.876   0.933   0.071   0.003   0.000   0.196
Spacing   (Ang)       :     0.252   0.180   0.233   0.139   0.208   0.309   0.287   0.192   0.176   0.134 
Gradients (eV/Ang)    :  0.933   0.073   0.045   0.075   0.884   0.061   0.101   0.179   0.090   0.118   1.249
Straightness          :  1.000   0.696   0.966   0.882   0.973   0.915   0.321   0.915   0.979   0.981   1.000

 GAvg(eV/Ang)  GMax(eV/Ang)   Length(Ang)  DeltaE(kcal)   RMSD(Ang)  TrustRad(Ang)  Step Quality 
@   [0m0.1806        [0m0.8839        2.1105        0.0274       0.0067      0.0067 ([92m+[0m)    0.94 (Good) 

-=# Chain optimization cycle 26 #=- 
Time since last ComputeChain: 0.008 s 
Hessian Eigenvalues (Working) : 4.2635e-02  4.9747e-02  4.9996e-02  5.0000e-02  5.0012e-02... 2.2089e+00  2.5249e+00  2.6798e+00  2.9482e+00  3.1772e+00
Hessian Eigenvalues (Plain)   : 2.6317e-03  2.8123e-02  4.9962e-02  4.9983e-02  4.9993e-02... 2.1662e+00  2.1990e+00  2.5129e+00  2.9844e+00  3.8768e+00
Image Number          :    0       1       2       3       4       5       6       7       8       9      10  
                       [94m  (min)[0m   ---->   ---->   ---->   (^_^)   <----   <----   <----   <----   (min) [94m  (min)[0m
Energies  (kcal/mol)  : 14.866  21.128  37.500  59.664  61.363  33.886   0.927   0.054   0.003   0.000   0.197
Spacing   (Ang)       :     0.253   0.180   0.233   0.129   0.218   0.308   0.288   0.192   0.176   0.134 
Gradients (eV/Ang)    :  0.933   0.076   0.029   0.135   0.767   0.064   0.099   0.170   0.036   0.052   1.249
Straightness          :  1.000   0.690   0.968   0.882   0.975   0.915   0.307   0.920   0.979   0.981   1.000

 GAvg(eV/Ang)  GMax(eV/Ang)   Length(Ang)  DeltaE(kcal)   RMSD(Ang)  TrustRad(Ang)  Step Quality 
@   [0m0.1587        [0m0.7670        2.1116        0.0480       0.0102      0.0095 ([92m+[0m)    0.97 (Good) 

-=# Chain optimization cycle 27 #=- 
Time since last ComputeChain: 0.006 s 
Hessian Eigenvalues (Working) : 4.2825e-02  4.9982e-02  4.9994e-02  5.0000e-02  5.0013e-02... 2.2145e+00  2.5110e+00  2.7028e+00  2.9254e+00  3.4386e+00
Hessian Eigenvalues (Plain)   :-4.6174e-01  2.0643e-02  3.0860e-02  4.9941e-02  4.9971e-02... 1.8053e+00  2.1551e+00  2.1956e+00  2.5239e+00  2.9857e+00
Image Number          :    0       1       2       3       4       5       6       7       8       9      10  
                       [94m  (min)[0m   ---->   ---->   ---->   (^_^)   <----   <----   <----   <----   (min) [94m  (min)[0m
Energies  (kcal/mol)  : 14.866  21.122  37.496  59.642  61.956  33.907   0.913   0.032   0.001   0.000   0.198
Spacing   (Ang)       :     0.254   0.180   0.233   0.116   0.231   0.309   0.290   0.191   0.177   0.134 
Gradients (eV/Ang)    :  0.933   0.216   0.033   0.079   0.574   0.279   0.107   0.106   0.042   0.045   1.249
Straightness          :  1.000   0.677   0.971   0.889   0.974   0.913   0.289   0.927   0.979   0.981   1.000

 GAvg(eV/Ang)  GMax(eV/Ang)   Length(Ang)  DeltaE(kcal)   RMSD(Ang)  TrustRad(Ang)  Step Quality 
@   [0m0.1646        [0m0.5738        2.1143        0.0493       0.0140      0.0134 ([92m+[0m)    0.86 (Good) 

-=# Chain optimization cycle 28 #=- 
Time since last ComputeChain: 0.006 s 
Hessian Eigenvalues (Working) : 4.2698e-02  4.9900e-02  4.9997e-02  5.0001e-02  5.0013e-02... 2.2139e+00  2.5068e+00  2.7167e+00  2.9214e+00  3.2664e+00
Hessian Eigenvalues (Plain)   :-7.4782e-01  1.2867e-02  2.8671e-02  4.9926e-02  4.9971e-02... 1.8069e+00  2.1552e+00  2.1947e+00  2.5171e+00  2.9854e+00
Image Number          :    0       1       2       3       4       5       6       7       8       9      10  
                       [94m  (min)[0m   ---->   ---->   ---->   (^_^)   <----   <----   <----   <----   (min) [94m  (min)[0m
Energies  (kcal/mol)  : 14.865  21.133  37.496  59.611  62.421  33.960   0.880   0.012   0.001   0.000   0.196
Spacing   (Ang)       :     0.255   0.181   0.232   0.097   0.251   0.307   0.294   0.190   0.177   0.134 
Gradients (eV/Ang)    :  0.933   0.536   0.137   0.038   0.228   0.659   0.086   0.155   0.145   0.121   1.249
Straightness          :  1.000   0.668   0.967   0.903   0.963   0.926   0.253   0.934   0.979   0.981   1.000

 GAvg(eV/Ang)  GMax(eV/Ang)   Length(Ang)  DeltaE(kcal)   RMSD(Ang)  TrustRad(Ang)  Step Quality 
@   [0m0.2338        [0m0.6585        2.1177        0.0418       0.0194      0.0189 ([92m+[0m)   -0.76 (Poor) 

-=# Chain optimization cycle 29 #=- 
Time since last ComputeChain: 0.007 s 
Hessian Eigenvalues (Working) : 4.2810e-02  4.9992e-02  4.9998e-02  5.0012e-02  5.0013e-02... 2.2459e+00  2.5068e+00  2.7229e+00  2.9210e+00  3.2176e+00
Hessian Eigenvalues (Plain)   : 7.4368e-05  2.7837e-02  4.9855e-02  4.9971e-02  4.9993e-02... 2.1524e+00  2.1890e+00  2.5259e+00  2.9851e+00  1.5486e+01
Image Number          :    0       1       2       3       4       5       6       7       8       9      10  
                       [94m  (min)[0m   ---->   ---->   ---->   (^_^)   <----   <----   <----   <----   (min) [94m  (min)[0m
Energies  (kcal/mol)  : 14.866  21.063  37.483  59.607  62.525  33.893   0.849   0.004   0.002   0.000   0.198
Spacing   (Ang)       :     0.257   0.181   0.233   0.088   0.261   0.308   0.298   0.190   0.177   0.134 
Gradients (eV/Ang)    :  0.933   0.069   0.076   0.182   0.239   0.079   0.081   0.039   0.164   0.074   1.249
Straightness          :  1.000   0.646   0.974   0.909   0.960   0.923   0.233   0.937   0.980   0.980   1.000

 GAvg(eV/Ang)  GMax(eV/Ang)   Length(Ang)  DeltaE(kcal)   RMSD(Ang)  TrustRad(Ang)  Step Quality 
@   [0m0.1116        [0m0.2388        2.1244       -0.0090       0.0099      0.0095 ([91m-[0m)    1.05 (Good) 

-=# Chain optimization cycle 30 #=- 
Time since last ComputeChain: 0.006 s 
Hessian Eigenvalues (Working) : 4.2641e-02  4.9994e-02  5.0003e-02  5.0011e-02  5.0014e-02... 2.4226e+00  2.5107e+00  2.7159e+00  2.9327e+00  3.2321e+00
Hessian Eigenvalues (Plain)   : 1.9813e-05  2.8146e-02  4.9854e-02  4.9974e-02  4.9995e-02... 2.1460e+00  2.1928e+00  2.5153e+00  2.9851e+00  3.3583e+00
Image Number          :    0       1       2       3       4       5       6       7       8       9      10  
                       [94m  (min)[0m   ---->   ---->   ---->   (^_^)   <----   <----   (min)   (max)   (min) [94m  (min)[0m
Energies  (kcal/mol)  : 14.857  20.949  37.417  59.623  62.524  33.874   0.733   0.000   0.014   0.002   0.189
Spacing   (Ang)       :     0.259   0.182   0.232   0.081   0.268   0.310   0.305   0.189   0.177   0.134 
Gradients (eV/Ang)    :  0.933   0.197   0.032   0.535   0.231   0.247   0.059   0.189   0.438   0.306   1.249
Straightness          :  1.000   0.616   0.972   0.921   0.955   0.922   0.195   0.942   0.977   0.983   1.000

 GAvg(eV/Ang)  GMax(eV/Ang)   Length(Ang)  DeltaE(kcal)   RMSD(Ang)  TrustRad(Ang)  Step Quality 
@   [0m0.2482        [0m0.5354        2.1379       -0.0185       0.0089      0.0134 ([92m+[0m)    0.80 (Good) 

-=# Chain optimization cycle 31 #=- 
Time since last ComputeChain: 0.010 s 
Hessian Eigenvalues (Working) : 3.6599e-02  4.9997e-02  5.0000e-02  5.0010e-02  5.0013e-02... 2.3533e+00  2.5096e+00  2.7145e+00  2.9407e+00  3.2133e+00
Hessian Eigenvalues (Plain)   : 1.0977e-05  2.9295e-02  4.9837e-02  4.9978e-02  4.9995e-02... 2.1223e+00  2.1905e+00  2.4996e+00  2.6675e+00  2.9915e+00
Image Number          :    0       1       2       3       4       5       6       7       8       9      10  
                       [94m  (min)[0m   ---->   ---->   ---->   (^_^)   <----   <----   (min)   (max)   (min) [94m  (min)[0m
Energies  (kcal/mol)  : 14.862  20.893  37.390  59.574  62.517  33.848   0.686   0.001   0.004   0.000   0.193
Spacing   (Ang)       :     0.260   0.182   0.233   0.080   0.269   0.311   0.309   0.189   0.177   0.134 
Gradients (eV/Ang)    :  0.933   0.077   0.043   0.237   0.076   0.060   0.107   0.046   0.272   0.199   1.249
Straightness          :  1.000   0.605   0.972   0.917   0.955   0.928   0.176   0.940   0.981   0.979   1.000

 GAvg(eV/Ang)  GMax(eV/Ang)   Length(Ang)  DeltaE(kcal)   RMSD(Ang)  TrustRad(Ang)  Step Quality 
@   [0m0.1239        [0m0.2716        2.1450       -0.0240       0.0045      0.0189 ([92m+[0m)    1.01 (Good) 

-=# Chain optimization cycle 32 #=- 
Time since last ComputeChain: 0.009 s 
Hessian Eigenvalues (Working) : 3.7141e-02  4.9997e-02  5.0000e-02  5.0011e-02  5.0013e-02... 2.4902e+00  2.6042e+00  2.7385e+00  2.9155e+00  3.1910e+00
Hessian Eigenvalues (Plain)   : 9.6101e-06  3.1167e-02  4.9838e-02  4.9978e-02  4.9994e-02... 2.1581e+00  2.1931e+00  2.5279e+00  2.6558e+00  2.9892e+00
Image Number          :    0       1       2       3       4       5       6       7       8       9      10  
                       [94m  (min)[0m   ---->   ---->   ---->   (^_^)   <----   <----   (min)   ---->   ----> [94m  (min)[0m
Energies  (kcal/mol)  : 14.864  20.899  37.390  59.646  62.567  33.840   0.686   0.000   0.011   0.017   0.196
Spacing   (Ang)       :     0.260   0.182   0.234   0.083   0.267   0.311   0.311   0.188   0.177   0.134 
Gradients (eV/Ang)    :  0.933   0.081   0.142   0.666   0.468   0.099   0.086   0.032   0.330   0.388   1.249
Straightness          :  1.000   0.602   0.978   0.902   0.961   0.935   0.166   0.944   0.978   0.982   1.000

 GAvg(eV/Ang)  GMax(eV/Ang)   Length(Ang)  DeltaE(kcal)   RMSD(Ang)  TrustRad(Ang)  Step Quality 
@   [0m0.2547        [0m0.6657        2.1473        0.0107       0.0051      0.0267 ([92m+[0m)   -1.20 (Reject) 
Reducing trust radius to 2.5e-03 and rejecting step 

-=# Chain optimization cycle 33 #=- 
Time since last ComputeChain: 0.011 s 
Hessian Eigenvalues (Working) : 3.7141e-02  4.9997e-02  5.0000e-02  5.0011e-02  5.0013e-02... 2.4902e+00  2.6042e+00  2.7385e+00  2.9155e+00  3.1910e+00
Hessian Eigenvalues (Plain)   : 9.6101e-06  3.1167e-02  4.9838e-02  4.9978e-02  4.9994e-02... 2.1581e+00  2.1931e+00  2.5279e+00  2.6558e+00  2.9892e+00
Image Number          :    0       1       2       3       4       5       6       7       8       9      10  
                       [94m  (min)[0m   ---->   ---->   ---->   (^_^)   <----   <----   <----   (min)   ----> [94m  (min)[0m
Energies  (kcal/mol)  : 14.866  20.898  37.395  59.575  62.530  33.849   0.689   0.004   0.000   0.002   0.197
Spacing   (Ang)       :     0.260   0.182   0.233   0.081   0.268   0.311   0.310   0.189   0.177   0.134 
Gradients (eV/Ang)    :  0.933   0.044   0.059   0.244   0.205   0.058   0.054   0.040   0.120   0.150   1.249
Straightness          :  1.000   0.604   0.975   0.910   0.958   0.931   0.172   0.942   0.979   0.982   1.000

 GAvg(eV/Ang)  GMax(eV/Ang)   Length(Ang)  DeltaE(kcal)   RMSD(Ang)  TrustRad(Ang)  Step Quality 
@   [0m0.1081        [0m0.2436        2.1460       -0.0007       0.0026      0.0025 ([91m-[0m)    0.26 (Okay) 

-=# Chain optimization cycle 34 #=- 
Time since last ComputeChain: 0.007 s 
Hessian Eigenvalues (Working) : 3.7140e-02  4.9996e-02  4.9999e-02  5.0010e-02  5.0012e-02... 2.5086e+00  2.6180e+00  2.7193e+00  2.8619e+00  3.1736e+00
Hessian Eigenvalues (Plain)   : 9.6416e-06  3.1163e-02  4.9816e-02  4.9979e-02  4.9995e-02... 2.1803e+00  2.2107e+00  2.5318e+00  2.6046e+00  2.9754e+00
Image Number          :    0       1       2       3       4       5       6       7       8       9      10  
                       [94m  (min)[0m [94m  ---->[0m [94m  ---->[0m [94m  ---->[0m   (^_^) [94m  <----[0m   <----   <---- [94m  (min)[0m [94m  ---->[0m [94m  (min)[0m
Energies  (kcal/mol)  : 14.868  20.894  37.395  59.560  62.527  33.850   0.687   0.003   0.000   0.001   0.199
Spacing   (Ang)       :     0.261   0.182   0.233   0.082   0.267   0.311   0.311   0.188   0.177   0.134 
Gradients (eV/Ang)    :  0.933   0.015   0.021   0.017   0.031   0.010   0.048   0.035   0.008   0.009   1.249
Straightness          :  1.000   0.602   0.974   0.911   0.959   0.930   0.164   0.943   0.980   0.981   1.000

 GAvg(eV/Ang)  GMax(eV/Ang)   Length(Ang)  DeltaE(kcal)   RMSD(Ang)  TrustRad(Ang)  Step Quality 
@   [92m0.0215[0m        [92m0.0479[0m        2.1468       -0.0039       0.0015      0.0025 (=)    1.60 (Good) 
--== Optimization Converged. ==-- 

    #==========================================================================#
    #| If this code has benefited your research, please support us by citing: |#
    #|                                                                        |#
    #| Wang, L.-P.; Song, C.C. (2016) "Geometry optimization made simple with |#
    #| translation and rotation coordinates", J. Chem, Phys. 144, 214108.     |#
    #| http://dx.doi.org/10.1063/1.4952956                                    |#
    #==========================================================================#
    Time elapsed since start of OptimizeChain: 1438.013 seconds
