geometric-optimize called with the following command line:
/home/b6056633/miniconda3/envs/QUBEKitdev/bin/geometric-optimize --engine gaussian ethane.com

                                        [91m())))))))))))))))/[0m                     
                                    [91m())))))))))))))))))))))))),[0m                
                                [91m*)))))))))))))))))))))))))))))))))[0m             
                        [94m#,[0m    [91m()))))))))/[0m                [91m.)))))))))),[0m          
                      [94m#%%%%,[0m  [91m())))))[0m                        [91m.))))))))*[0m        
                      [94m*%%%%%%,[0m  [91m))[0m              [93m..[0m              [91m,))))))).[0m      
                        [94m*%%%%%%,[0m         [93m***************/.[0m        [91m.)))))))[0m     
                [94m#%%/[0m      [94m(%%%%%%,[0m    [93m/*********************.[0m       [91m)))))))[0m    
              [94m.%%%%%%#[0m      [94m*%%%%%%,[0m  [93m*******/,[0m     [93m**********,[0m      [91m.))))))[0m   
                [94m.%%%%%%/[0m      [94m*%%%%%%,[0m  [93m**[0m              [93m********[0m      [91m.))))))[0m  
          [94m##[0m      [94m.%%%%%%/[0m      [94m(%%%%%%,[0m                  [93m,******[0m      [91m/)))))[0m  
        [94m%%%%%%[0m      [94m.%%%%%%#[0m      [94m*%%%%%%,[0m    [92m,/////.[0m       [93m******[0m      [91m))))))[0m 
      [94m#%[0m      [94m%%[0m      [94m.%%%%%%/[0m      [94m*%%%%%%,[0m  [92m////////,[0m      [93m*****/[0m     [91m,)))))[0m 
    [94m#%%[0m  [94m%%%[0m  [94m%%%#[0m      [94m.%%%%%%/[0m      [94m(%%%%%%,[0m  [92m///////.[0m     [93m/*****[0m      [91m))))).[0m
  [94m#%%%%.[0m      [94m%%%%%#[0m      [94m/%%%%%%*[0m      [94m#%%%%%%[0m   [92m/////)[0m     [93m******[0m      [91m))))),[0m
    [94m#%%%%##%[0m  [94m%%%#[0m      [94m.%%%%%%/[0m      [94m(%%%%%%,[0m  [92m///////.[0m     [93m/*****[0m      [91m))))).[0m
      [94m##[0m     [94m%%%[0m      [94m.%%%%%%/[0m      [94m*%%%%%%,[0m  [92m////////.[0m      [93m*****/[0m     [91m,)))))[0m 
        [94m#%%%%#[0m      [94m/%%%%%%/[0m      [94m(%%%%%%[0m      [92m/)/)//[0m       [93m******[0m      [91m))))))[0m 
          [94m##[0m      [94m.%%%%%%/[0m      [94m(%%%%%%,[0m                  [93m*******[0m      [91m))))))[0m  
                [94m.%%%%%%/[0m      [94m*%%%%%%,[0m  [93m**.[0m             [93m/*******[0m      [91m.))))))[0m  
              [94m*%%%%%%/[0m      [94m(%%%%%%[0m   [93m********/*..,*/*********[0m       [91m*))))))[0m   
                [94m#%%/[0m      [94m(%%%%%%,[0m    [93m*********************/[0m        [91m)))))))[0m    
                        [94m*%%%%%%,[0m         [93m,**************/[0m         [91m,))))))/[0m     
                      [94m(%%%%%%[0m   [91m()[0m                              [91m))))))))[0m       
                      [94m#%%%%,[0m  [91m())))))[0m                        [91m,)))))))),[0m        
                        [94m#,[0m    [91m())))))))))[0m                [91m,)))))))))).[0m          
                                 [91m()))))))))))))))))))))))))))))))/[0m             
                                    [91m())))))))))))))))))))))))).[0m                
                                         [91m())))))))))))))),[0m                     

-=# [1;94m geomeTRIC started. Version: 0.9.5.1+220.gd4b587b [0m #=-
Gaussian engine selected. Expecting Gaussian input for gradient calculation. 
The gaussian engine exe is set as g0924 internal coordinates being used (instead of 24 Cartesians)
Internal coordinate system (atoms numbered from 1):
Distance 1-2
Distance 1-3
Distance 1-4
Distance 1-5
Distance 5-6
Distance 5-7
Distance 5-8
Angle 2-1-3
Angle 2-1-4
Angle 2-1-5
Angle 3-1-4
Angle 3-1-5
Angle 4-1-5
Angle 1-5-6
Angle 1-5-7
Angle 1-5-8
Angle 6-5-7
Angle 6-5-8
Angle 7-5-8
Dihedral 2-1-5-6
Dihedral 2-1-5-7
Dihedral 2-1-5-8
Dihedral 3-1-5-6
Dihedral 3-1-5-7
Dihedral 3-1-5-8
Dihedral 4-1-5-6
Dihedral 4-1-5-7
Dihedral 4-1-5-8
Translation-X 1-8
Translation-Y 1-8
Translation-Z 1-8
Rotation-A 1-8
Rotation-B 1-8
Rotation-C 1-8
<class 'geometric.internal.Distance'> : 7
<class 'geometric.internal.Angle'> : 12
<class 'geometric.internal.Dihedral'> : 9
<class 'geometric.internal.TranslationX'> : 1
<class 'geometric.internal.TranslationY'> : 1
<class 'geometric.internal.TranslationZ'> : 1
<class 'geometric.internal.RotationA'> : 1
<class 'geometric.internal.RotationB'> : 1
<class 'geometric.internal.RotationC'> : 1
Step    0 : Gradient = 1.427e-02/1.946e-02 (rms/max) Energy = -79.2234351455
Hessian Eigenvalues: 2.30000e-02 5.00000e-02 5.00000e-02 ... 3.72301e-01 3.72301e-01 3.72301e-01
Step    1 : Displace = [0m4.467e-02[0m/[0m5.143e-02[0m (rms/max) Trust = 1.000e-01 (=) Grad = [0m4.174e-03[0m/[0m8.033e-03[0m (rms/max) E (change) = -79.2255981328 ([0m-2.163e-03[0m) Quality = [0m0.904[0m
Hessian Eigenvalues: 2.09509e-02 5.00000e-02 5.00000e-02 ... 3.72301e-01 3.72301e-01 4.02694e-01
Step    2 : Displace = [0m1.595e-02[0m/[0m1.783e-02[0m (rms/max) Trust = 1.414e-01 ([92m+[0m) Grad = [0m1.316e-03[0m/[0m1.516e-03[0m (rms/max) E (change) = -79.2259711654 ([0m-3.730e-04[0m) Quality = [0m1.475[0m
Hessian Eigenvalues: 8.17544e-03 5.00000e-02 5.00000e-02 ... 3.72301e-01 3.72301e-01 4.54821e-01
Step    3 : Displace = [0m4.188e-02[0m/[0m4.809e-02[0m (rms/max) Trust = 2.000e-01 ([92m+[0m) Grad = [0m4.745e-03[0m/[0m9.103e-03[0m (rms/max) E (change) = -79.2265241967 ([0m-5.530e-04[0m) Quality = [0m1.635[0m
Hessian Eigenvalues: 1.75824e-03 5.00000e-02 5.00000e-02 ... 3.72301e-01 3.72870e-01 7.83326e-01
Step    4 : Displace = [0m1.529e-01[0m/[0m1.763e-01[0m (rms/max) Trust = 2.828e-01 ([92m+[0m) Grad = [0m1.410e-02[0m/[0m2.813e-02[0m (rms/max) E (change) = -79.2275216878 ([0m-9.975e-04[0m) Quality = [0m0.987[0m
Hessian Eigenvalues: 1.95792e-03 5.00000e-02 5.00000e-02 ... 3.72301e-01 3.72302e-01 9.01975e-01
Step    5 : Displace = [0m8.254e-03[0m/[0m8.298e-03[0m (rms/max) Trust = 3.000e-01 ([92m+[0m) Grad = [0m8.285e-03[0m/[0m1.652e-02[0m (rms/max) E (change) = -79.2282631518 ([0m-7.415e-04[0m) Quality = [0m1.605[0m
Hessian Eigenvalues: 1.81129e-03 5.00000e-02 5.00000e-02 ... 3.72301e-01 3.72302e-01 4.00414e-01
Step    6 : Displace = [0m7.962e-02[0m/[0m9.173e-02[0m (rms/max) Trust = 3.000e-01 (=) Grad = [0m9.890e-04[0m/[0m1.850e-03[0m (rms/max) E (change) = -79.2288763527 ([0m-6.132e-04[0m) Quality = [0m0.937[0m
Hessian Eigenvalues: 2.31455e-03 5.00000e-02 5.00000e-02 ... 3.72301e-01 3.72301e-01 3.74295e-01
Step    7 : Displace = [0m2.088e-02[0m/[0m2.407e-02[0m (rms/max) Trust = 3.000e-01 (=) Grad = [0m3.008e-04[0m/[0m5.712e-04[0m (rms/max) E (change) = -79.2289050750 ([0m-2.872e-05[0m) Quality = [0m0.743[0m
Hessian Eigenvalues: 2.58853e-03 4.99999e-02 5.00000e-02 ... 3.72301e-01 3.72301e-01 3.75114e-01
Step    8 : Displace = [0m3.993e-03[0m/[0m4.605e-03[0m (rms/max) Trust = 3.000e-01 (=) Grad = [92m7.815e-06[0m/[92m1.537e-05[0m (rms/max) E (change) = -79.2289073325 ([0m-2.258e-06[0m) Quality = [0m1.139[0m
Hessian Eigenvalues: 2.56684e-03 4.99995e-02 5.00000e-02 ... 3.72301e-01 3.72307e-01 3.74534e-01
Step    9 : Displace = [92m7.713e-05[0m/[92m9.446e-05[0m (rms/max) Trust = 3.000e-01 (=) Grad = [92m2.066e-06[0m/[92m2.815e-06[0m (rms/max) E (change) = -79.2289070406 ([91m+2.919e-07[0m) Quality = [91m-289.714[0m
Hessian Eigenvalues: 2.56684e-03 4.99995e-02 5.00000e-02 ... 3.72301e-01 3.72307e-01 3.74534e-01
Converged! =D

    #==========================================================================#
    #| If this code has benefited your research, please support us by citing: |#
    #|                                                                        |#
    #| Wang, L.-P.; Song, C.C. (2016) "Geometry optimization made simple with |#
    #| translation and rotation coordinates", J. Chem, Phys. 144, 214108.     |#
    #| http://dx.doi.org/10.1063/1.4952956                                    |#
    #==========================================================================#
    Time elapsed since start of run_optimizer: 23.035 seconds
