geometric-optimize called with the following command line:
/home/leeping/opt/miniconda3/envs/geometric_psi4/bin/geometric-optimize --qchem water6.qcin
water6.tmp exists ; make sure nothing else is writing to the folder
54 internal coordinates being used (instead of 54 Cartesians)
Internal coordinate system (atoms numbered from 1):
Distance 1-2
Distance 1-3
Distance 4-5
Distance 4-6
Distance 7-8
Distance 7-9
Distance 10-11
Distance 10-12
Distance 13-14
Distance 13-15
Distance 16-17
Distance 16-18
Angle 2-1-3
Angle 5-4-6
Angle 8-7-9
Angle 11-10-12
Angle 14-13-15
Angle 17-16-18
Translation-X 1-3
Translation-X 4-6
Translation-X 7-9
Translation-X 10-12
Translation-X 13-15
Translation-X 16-18
Translation-Y 1-3
Translation-Y 4-6
Translation-Y 7-9
Translation-Y 10-12
Translation-Y 13-15
Translation-Y 16-18
Translation-Z 1-3
Translation-Z 4-6
Translation-Z 7-9
Translation-Z 10-12
Translation-Z 13-15
Translation-Z 16-18
Rotation-A 1-3
Rotation-A 4-6
Rotation-A 7-9
Rotation-A 10-12
Rotation-A 13-15
Rotation-A 16-18
Rotation-B 1-3
Rotation-B 4-6
Rotation-B 7-9
Rotation-B 10-12
Rotation-B 13-15
Rotation-B 16-18
Rotation-C 1-3
Rotation-C 4-6
Rotation-C 7-9
Rotation-C 10-12
Rotation-C 13-15
Rotation-C 16-18
<class 'geometric.internal.Distance'> : 12
<class 'geometric.internal.Angle'> : 6
<class 'geometric.internal.TranslationX'> : 6
<class 'geometric.internal.TranslationY'> : 6
<class 'geometric.internal.TranslationZ'> : 6
<class 'geometric.internal.RotationA'> : 6
<class 'geometric.internal.RotationB'> : 6
<class 'geometric.internal.RotationC'> : 6
Step    0 : Gradient = 4.475e-02/6.041e-02 (rms/max) Energy = -449.7940120022
Hessian Eigenvalues: 5.00000e-02 5.00000e-02 5.00000e-02 ... 5.60803e-01 5.60807e-01 5.60816e-01
Step    1 : Displace = [0m1.005e-01[0m/[0m2.464e-01[0m (rms/max) Trust = 1.000e-01 (=) Grad = [0m8.959e-03[0m/[0m1.928e-02[0m (rms/max) E (change) = -449.8176993986 ([0m-2.369e-02[0m) Quality = [0m0.981[0m
Hessian Eigenvalues: 3.51475e-02 5.00000e-02 5.00000e-02 ... 5.60805e-01 5.60812e-01 6.56199e-01
Step    2 : Displace = [0m8.368e-02[0m/[0m1.943e-01[0m (rms/max) Trust = 1.414e-01 ([92m+[0m) Grad = [0m1.095e-02[0m/[0m1.847e-02[0m (rms/max) E (change) = -449.8258035140 ([0m-8.104e-03[0m) Quality = [0m1.421[0m
Hessian Eigenvalues: 1.85027e-02 5.00000e-02 5.00000e-02 ... 5.60808e-01 5.63667e-01 6.68663e-01
Step    3 : Displace = [0m9.345e-02[0m/[0m1.740e-01[0m (rms/max) Trust = 2.000e-01 ([92m+[0m) Grad = [0m6.606e-03[0m/[0m1.776e-02[0m (rms/max) E (change) = -449.8284253159 ([0m-2.622e-03[0m) Quality = [0m0.660[0m
Hessian Eigenvalues: 1.51611e-02 5.00000e-02 5.00000e-02 ... 5.61109e-01 5.64559e-01 5.93483e-01
Step    4 : Displace = [0m7.443e-02[0m/[0m1.409e-01[0m (rms/max) Trust = 2.000e-01 (=) Grad = [0m8.600e-03[0m/[0m2.297e-02[0m (rms/max) E (change) = -449.8306556230 ([0m-2.230e-03[0m) Quality = [0m0.626[0m
Hessian Eigenvalues: 1.46382e-02 4.25546e-02 5.00000e-02 ... 5.63366e-01 5.69841e-01 6.54123e-01
Step    5 : Displace = [0m5.056e-02[0m/[0m1.205e-01[0m (rms/max) Trust = 2.000e-01 (=) Grad = [0m6.190e-03[0m/[0m1.062e-02[0m (rms/max) E (change) = -449.8332225146 ([0m-2.567e-03[0m) Quality = [0m1.126[0m
Hessian Eigenvalues: 1.18092e-02 3.15336e-02 5.00000e-02 ... 5.63791e-01 5.85880e-01 6.03037e-01
Step    6 : Displace = [0m6.445e-02[0m/[0m1.123e-01[0m (rms/max) Trust = 2.828e-01 ([92m+[0m) Grad = [0m3.764e-03[0m/[0m8.297e-03[0m (rms/max) E (change) = -449.8361749092 ([0m-2.952e-03[0m) Quality = [0m1.696[0m
Hessian Eigenvalues: 2.44993e-03 2.57274e-02 4.96561e-02 ... 5.69134e-01 5.92584e-01 7.49229e-01
Step    7 : Displace = [0m3.013e-01[0m/[0m6.008e-01[0m (rms/max) Trust = 3.000e-01 ([92m+[0m) Grad = [0m1.477e-02[0m/[0m2.773e-02[0m (rms/max) E (change) = -449.8389529808 ([0m-2.778e-03[0m) Quality = [0m0.312[0m
Hessian Eigenvalues: 6.88783e-03 2.53738e-02 4.94102e-02 ... 5.71535e-01 5.91715e-01 7.84905e-01
Step    8 : Displace = [0m1.601e-01[0m/[0m2.985e-01[0m (rms/max) Trust = 3.000e-01 (=) Grad = [0m8.685e-03[0m/[0m2.000e-02[0m (rms/max) E (change) = -449.8445849308 ([0m-5.632e-03[0m) Quality = [0m0.603[0m
Hessian Eigenvalues: 8.86732e-03 2.57741e-02 4.56599e-02 ... 5.72432e-01 5.91740e-01 7.12804e-01
Step    9 : Displace = [0m7.325e-02[0m/[0m1.468e-01[0m (rms/max) Trust = 3.000e-01 (=) Grad = [0m6.567e-03[0m/[0m1.434e-02[0m (rms/max) E (change) = -449.8500619447 ([0m-5.477e-03[0m) Quality = [0m1.817[0m
Hessian Eigenvalues: 3.83979e-03 1.53124e-02 3.60020e-02 ... 5.71638e-01 5.96183e-01 6.59229e-01
Step   10 : Displace = [0m3.095e-01[0m/[0m5.078e-01[0m (rms/max) Trust = 3.000e-01 (=) Grad = [0m7.479e-02[0m/[0m2.624e-01[0m (rms/max) E (change) = -449.7700184909 ([91m+8.004e-02[0m) Quality = [91m-5.649[0m
Hessian Eigenvalues: 3.83979e-03 1.53124e-02 3.60020e-02 ... 5.71638e-01 5.96183e-01 6.59229e-01
Step   11 : Displace = [0m1.633e-01[0m/[0m3.192e-01[0m (rms/max) Trust = 1.500e-01 ([1;91mx[0m) Grad = [0m1.972e-02[0m/[0m6.723e-02[0m (rms/max) E (change) = -449.8436315158 ([91m+6.430e-03[0m) Quality = [91m-0.670[0m
Hessian Eigenvalues: 8.10252e-03 2.27051e-02 3.34020e-02 ... 5.80030e-01 5.91452e-01 6.42880e-01
Step   12 : Displace = [0m7.882e-02[0m/[0m1.947e-01[0m (rms/max) Trust = 7.500e-02 ([91m-[0m) Grad = [0m5.554e-03[0m/[0m1.276e-02[0m (rms/max) E (change) = -449.8556542243 ([0m-1.202e-02[0m) Quality = [0m0.632[0m
Hessian Eigenvalues: 8.11227e-03 2.32267e-02 3.34003e-02 ... 5.80204e-01 5.91413e-01 6.39743e-01
Step   13 : Displace = [0m4.647e-02[0m/[0m9.538e-02[0m (rms/max) Trust = 7.500e-02 (=) Grad = [0m3.650e-03[0m/[0m7.140e-03[0m (rms/max) E (change) = -449.8569893456 ([0m-1.335e-03[0m) Quality = [0m0.746[0m
Hessian Eigenvalues: 8.38524e-03 1.63730e-02 3.05085e-02 ... 5.82899e-01 5.93731e-01 6.29857e-01
Step   14 : Displace = [0m7.565e-02[0m/[0m1.356e-01[0m (rms/max) Trust = 7.500e-02 (=) Grad = [0m3.316e-03[0m/[0m5.625e-03[0m (rms/max) E (change) = -449.8604815180 ([0m-3.492e-03[0m) Quality = [0m1.641[0m
Hessian Eigenvalues: 1.16461e-03 1.25246e-02 2.85441e-02 ... 5.83379e-01 6.05311e-01 6.34127e-01
Step   15 : Displace = [0m1.090e-01[0m/[0m2.016e-01[0m (rms/max) Trust = 1.061e-01 ([92m+[0m) Grad = [0m4.251e-03[0m/[0m8.184e-03[0m (rms/max) E (change) = -449.8660335820 ([0m-5.552e-03[0m) Quality = [0m1.110[0m
Hessian Eigenvalues: 3.17341e-04 9.99454e-03 2.11078e-02 ... 5.85744e-01 6.16148e-01 1.18313e+00
Step   16 : Displace = [0m1.501e-01[0m/[0m2.971e-01[0m (rms/max) Trust = 1.500e-01 ([92m+[0m) Grad = [0m1.466e-02[0m/[0m3.270e-02[0m (rms/max) E (change) = -449.8695317051 ([0m-3.498e-03[0m) Quality = [0m0.436[0m
Hessian Eigenvalues: 2.95481e-03 1.45338e-02 1.66504e-02 ... 5.83778e-01 6.10255e-01 1.07002e+00
Step   17 : Displace = [0m1.523e-01[0m/[0m2.767e-01[0m (rms/max) Trust = 1.500e-01 (=) Grad = [0m2.239e-02[0m/[0m4.080e-02[0m (rms/max) E (change) = -449.8545383003 ([91m+1.499e-02[0m) Quality = [91m-1.744[0m
Hessian Eigenvalues: 2.95481e-03 1.45338e-02 1.66504e-02 ... 5.83778e-01 6.10255e-01 1.07002e+00
Step   18 : Displace = [0m7.866e-02[0m/[0m1.374e-01[0m (rms/max) Trust = 7.500e-02 ([1;91mx[0m) Grad = [0m1.333e-02[0m/[0m2.588e-02[0m (rms/max) E (change) = -449.8698330471 ([0m-3.013e-04[0m) Quality = [0m0.045[0m
Hessian Eigenvalues: 5.95294e-03 1.62987e-02 1.70196e-02 ... 5.89736e-01 6.10715e-01 7.81138e-01
Step   19 : Displace = [0m4.000e-02[0m/[0m7.240e-02[0m (rms/max) Trust = 3.750e-02 ([91m-[0m) Grad = [0m5.511e-03[0m/[0m1.084e-02[0m (rms/max) E (change) = -449.8763603976 ([0m-6.527e-03[0m) Quality = [0m0.916[0m
Hessian Eigenvalues: 7.22332e-03 1.60973e-02 1.80019e-02 ... 5.88421e-01 6.15052e-01 6.44063e-01
Step   20 : Displace = [0m5.799e-02[0m/[0m1.039e-01[0m (rms/max) Trust = 5.303e-02 ([92m+[0m) Grad = [0m5.494e-03[0m/[0m1.098e-02[0m (rms/max) E (change) = -449.8808227737 ([0m-4.462e-03[0m) Quality = [0m0.893[0m
Hessian Eigenvalues: 7.95252e-03 1.40720e-02 1.87941e-02 ... 5.98075e-01 6.18004e-01 6.42772e-01
Step   21 : Displace = [0m7.535e-02[0m/[0m1.566e-01[0m (rms/max) Trust = 7.500e-02 ([92m+[0m) Grad = [0m8.571e-03[0m/[0m2.151e-02[0m (rms/max) E (change) = -449.8832837499 ([0m-2.461e-03[0m) Quality = [0m0.567[0m
Hessian Eigenvalues: 8.43537e-03 1.47879e-02 2.01329e-02 ... 5.85839e-01 6.06262e-01 6.51170e-01
Step   22 : Displace = [0m7.444e-02[0m/[0m1.720e-01[0m (rms/max) Trust = 7.500e-02 (=) Grad = [0m6.099e-03[0m/[0m1.291e-02[0m (rms/max) E (change) = -449.8862077081 ([0m-2.924e-03[0m) Quality = [0m0.738[0m
Hessian Eigenvalues: 8.37482e-03 1.56750e-02 2.01253e-02 ... 5.85581e-01 6.11757e-01 6.41610e-01
Step   23 : Displace = [0m4.499e-02[0m/[0m9.439e-02[0m (rms/max) Trust = 7.500e-02 (=) Grad = [0m6.754e-03[0m/[0m1.398e-02[0m (rms/max) E (change) = -449.8869294330 ([0m-7.217e-04[0m) Quality = [0m0.348[0m
Hessian Eigenvalues: 9.01629e-03 1.35374e-02 2.02046e-02 ... 5.88046e-01 6.13274e-01 6.43236e-01
Step   24 : Displace = [0m5.537e-02[0m/[0m1.235e-01[0m (rms/max) Trust = 7.500e-02 (=) Grad = [0m4.990e-03[0m/[0m1.028e-02[0m (rms/max) E (change) = -449.8882955236 ([0m-1.366e-03[0m) Quality = [0m0.646[0m
Hessian Eigenvalues: 9.76647e-03 1.20150e-02 2.10729e-02 ... 5.93915e-01 6.07096e-01 6.33249e-01
Step   25 : Displace = [0m7.149e-02[0m/[0m1.394e-01[0m (rms/max) Trust = 7.500e-02 (=) Grad = [0m9.772e-03[0m/[0m2.757e-02[0m (rms/max) E (change) = -449.8875155259 ([91m+7.800e-04[0m) Quality = [91m-0.332[0m
Hessian Eigenvalues: 9.42006e-03 1.09208e-02 2.17614e-02 ... 5.95838e-01 6.28901e-01 6.80872e-01
Step   26 : Displace = [0m3.816e-02[0m/[0m7.016e-02[0m (rms/max) Trust = 3.750e-02 ([91m-[0m) Grad = [0m5.098e-03[0m/[0m9.670e-03[0m (rms/max) E (change) = -449.8892835558 ([0m-1.768e-03[0m) Quality = [0m0.505[0m
Hessian Eigenvalues: 9.90828e-03 1.07295e-02 2.14747e-02 ... 5.94255e-01 6.21657e-01 6.63941e-01
Step   27 : Displace = [0m3.897e-02[0m/[0m6.809e-02[0m (rms/max) Trust = 3.750e-02 (=) Grad = [0m4.229e-03[0m/[0m7.508e-03[0m (rms/max) E (change) = -449.8898648401 ([0m-5.813e-04[0m) Quality = [0m0.263[0m
Hessian Eigenvalues: 1.02110e-02 1.11913e-02 2.21142e-02 ... 5.96281e-01 6.29061e-01 6.51834e-01
Step   28 : Displace = [0m3.752e-02[0m/[0m9.210e-02[0m (rms/max) Trust = 3.750e-02 (=) Grad = [0m3.118e-03[0m/[0m7.721e-03[0m (rms/max) E (change) = -449.8907922008 ([0m-9.274e-04[0m) Quality = [0m0.797[0m
Hessian Eigenvalues: 8.95286e-03 1.14616e-02 2.24357e-02 ... 6.00617e-01 6.19948e-01 6.49589e-01
Step   29 : Displace = [0m4.929e-02[0m/[0m8.034e-02[0m (rms/max) Trust = 5.303e-02 ([92m+[0m) Grad = [0m5.114e-03[0m/[0m1.089e-02[0m (rms/max) E (change) = -449.8908409577 ([0m-4.876e-05[0m) Quality = [0m0.062[0m
Hessian Eigenvalues: 6.82103e-03 1.17854e-02 2.30571e-02 ... 6.13426e-01 6.30939e-01 7.05409e-01
Step   30 : Displace = [0m2.633e-02[0m/[0m5.442e-02[0m (rms/max) Trust = 2.652e-02 ([91m-[0m) Grad = [0m2.534e-03[0m/[0m4.686e-03[0m (rms/max) E (change) = -449.8915142845 ([0m-6.733e-04[0m) Quality = [0m0.784[0m
Hessian Eigenvalues: 6.78537e-03 1.20512e-02 2.31515e-02 ... 6.18920e-01 6.31385e-01 6.58850e-01
Step   31 : Displace = [0m3.214e-02[0m/[0m6.682e-02[0m (rms/max) Trust = 3.750e-02 ([92m+[0m) Grad = [0m3.788e-03[0m/[0m9.825e-03[0m (rms/max) E (change) = -449.8916971015 ([0m-1.828e-04[0m) Quality = [0m0.256[0m
Hessian Eigenvalues: 5.74617e-03 1.23295e-02 2.29706e-02 ... 6.21957e-01 6.37642e-01 6.91849e-01
Step   32 : Displace = [0m3.758e-02[0m/[0m6.388e-02[0m (rms/max) Trust = 3.750e-02 (=) Grad = [0m2.167e-03[0m/[0m3.715e-03[0m (rms/max) E (change) = -449.8922852858 ([0m-5.882e-04[0m) Quality = [0m1.022[0m
Hessian Eigenvalues: 4.10210e-03 1.36298e-02 2.25052e-02 ... 6.13562e-01 6.23837e-01 6.60822e-01
Step   33 : Displace = [0m5.244e-02[0m/[0m1.066e-01[0m (rms/max) Trust = 5.303e-02 ([92m+[0m) Grad = [0m2.860e-03[0m/[0m5.478e-03[0m (rms/max) E (change) = -449.8924156955 ([0m-1.304e-04[0m) Quality = [0m0.198[0m
Hessian Eigenvalues: 3.72440e-03 1.36805e-02 2.01018e-02 ... 6.10991e-01 6.33225e-01 6.79130e-01
Step   34 : Displace = [0m2.637e-02[0m/[0m6.182e-02[0m (rms/max) Trust = 2.652e-02 ([91m-[0m) Grad = [0m1.587e-03[0m/[0m2.933e-03[0m (rms/max) E (change) = -449.8929907377 ([0m-5.750e-04[0m) Quality = [0m1.125[0m
Hessian Eigenvalues: 3.21815e-03 1.37058e-02 1.74607e-02 ... 6.15098e-01 6.23724e-01 6.67503e-01
Step   35 : Displace = [0m3.709e-02[0m/[0m1.061e-01[0m (rms/max) Trust = 3.750e-02 ([92m+[0m) Grad = [0m2.677e-03[0m/[0m5.771e-03[0m (rms/max) E (change) = -449.8930470759 ([0m-5.634e-05[0m) Quality = [0m0.105[0m
Hessian Eigenvalues: 2.73310e-03 1.38604e-02 1.64450e-02 ... 6.12716e-01 6.32193e-01 6.74024e-01
Step   36 : Displace = [0m1.858e-02[0m/[0m3.787e-02[0m (rms/max) Trust = 1.875e-02 ([91m-[0m) Grad = [0m9.452e-04[0m/[0m1.669e-03[0m (rms/max) E (change) = -449.8935329340 ([0m-4.859e-04[0m) Quality = [0m1.139[0m
Hessian Eigenvalues: 2.52963e-03 1.35971e-02 1.61551e-02 ... 6.12163e-01 6.25810e-01 6.67066e-01
Step   37 : Displace = [0m2.656e-02[0m/[0m7.078e-02[0m (rms/max) Trust = 2.652e-02 ([92m+[0m) Grad = [0m7.728e-04[0m/[0m1.151e-03[0m (rms/max) E (change) = -449.8937640392 ([0m-2.311e-04[0m) Quality = [0m1.064[0m
Hessian Eigenvalues: 1.48883e-03 1.26991e-02 1.50171e-02 ... 6.08183e-01 6.61799e-01 6.76650e-01
Step   38 : Displace = [0m3.740e-02[0m/[0m1.001e-01[0m (rms/max) Trust = 3.750e-02 ([92m+[0m) Grad = [0m7.300e-04[0m/[0m1.720e-03[0m (rms/max) E (change) = -449.8940383287 ([0m-2.743e-04[0m) Quality = [0m1.019[0m
Hessian Eigenvalues: 1.31391e-03 1.13444e-02 1.47240e-02 ... 6.12931e-01 6.45200e-01 6.71776e-01
Step   39 : Displace = [0m5.284e-02[0m/[0m1.410e-01[0m (rms/max) Trust = 5.303e-02 ([92m+[0m) Grad = [0m5.778e-04[0m/[0m1.066e-03[0m (rms/max) E (change) = -449.8943605742 ([0m-3.222e-04[0m) Quality = [0m1.061[0m
Hessian Eigenvalues: 1.20644e-03 1.04661e-02 1.46213e-02 ... 6.08482e-01 6.42068e-01 6.71245e-01
Step   40 : Displace = [0m7.476e-02[0m/[0m1.900e-01[0m (rms/max) Trust = 7.500e-02 ([92m+[0m) Grad = [0m7.400e-04[0m/[0m1.602e-03[0m (rms/max) E (change) = -449.8946977460 ([0m-3.372e-04[0m) Quality = [0m1.028[0m
Hessian Eigenvalues: 9.02496e-04 1.20009e-02 1.47184e-02 ... 6.07905e-01 6.44477e-01 6.71627e-01
Step   41 : Displace = [0m1.061e-01[0m/[0m2.565e-01[0m (rms/max) Trust = 1.061e-01 ([92m+[0m) Grad = [0m1.965e-03[0m/[0m4.766e-03[0m (rms/max) E (change) = -449.8948398675 ([0m-1.421e-04[0m) Quality = [0m0.490[0m
Hessian Eigenvalues: 1.05047e-03 1.36788e-02 1.55053e-02 ... 6.11995e-01 6.43611e-01 6.82305e-01
Step   42 : Displace = [0m4.536e-02[0m/[0m1.253e-01[0m (rms/max) Trust = 1.061e-01 (=) Grad = [0m1.055e-03[0m/[0m2.015e-03[0m (rms/max) E (change) = -449.8950761026 ([0m-2.362e-04[0m) Quality = [0m0.887[0m
Hessian Eigenvalues: 9.52830e-04 1.41165e-02 1.73605e-02 ... 6.35601e-01 6.48454e-01 6.80212e-01
Step   43 : Displace = [0m3.473e-02[0m/[0m8.380e-02[0m (rms/max) Trust = 1.500e-01 ([92m+[0m) Grad = [0m8.637e-04[0m/[0m1.657e-03[0m (rms/max) E (change) = -449.8952000371 ([0m-1.239e-04[0m) Quality = [0m0.928[0m
Hessian Eigenvalues: 8.00684e-04 1.44545e-02 1.56353e-02 ... 6.32718e-01 6.40112e-01 6.79653e-01
Step   44 : Displace = [0m4.095e-02[0m/[0m1.078e-01[0m (rms/max) Trust = 2.121e-01 ([92m+[0m) Grad = [0m1.173e-03[0m/[0m2.691e-03[0m (rms/max) E (change) = -449.8952732490 ([0m-7.321e-05[0m) Quality = [0m0.848[0m
Hessian Eigenvalues: 7.06419e-04 1.38020e-02 1.45402e-02 ... 6.35352e-01 6.74392e-01 6.87188e-01
Step   45 : Displace = [0m2.486e-02[0m/[0m6.977e-02[0m (rms/max) Trust = 3.000e-01 ([92m+[0m) Grad = [0m5.739e-04[0m/[0m1.392e-03[0m (rms/max) E (change) = -449.8953256813 ([0m-5.243e-05[0m) Quality = [0m0.898[0m
Hessian Eigenvalues: 7.24785e-04 1.20650e-02 1.45656e-02 ... 6.33662e-01 6.57482e-01 6.99925e-01
Step   46 : Displace = [0m1.147e-02[0m/[0m3.231e-02[0m (rms/max) Trust = 3.000e-01 (=) Grad = [0m8.860e-04[0m/[0m2.245e-03[0m (rms/max) E (change) = -449.8953486621 ([0m-2.298e-05[0m) Quality = [0m0.510[0m
Hessian Eigenvalues: 6.99648e-04 1.14609e-02 1.49332e-02 ... 6.53891e-01 6.90698e-01 7.27938e-01
Step   47 : Displace = [0m1.699e-02[0m/[0m4.795e-02[0m (rms/max) Trust = 3.000e-01 (=) Grad = [0m4.513e-04[0m/[0m1.142e-03[0m (rms/max) E (change) = -449.8953870877 ([0m-3.843e-05[0m) Quality = [0m1.305[0m
Hessian Eigenvalues: 6.36543e-04 9.84612e-03 1.40848e-02 ... 6.57374e-01 6.71406e-01 7.24147e-01
Step   48 : Displace = [0m2.036e-02[0m/[0m6.457e-02[0m (rms/max) Trust = 3.000e-01 (=) Grad = [0m3.956e-04[0m/[0m6.203e-04[0m (rms/max) E (change) = -449.8954187518 ([0m-3.166e-05[0m) Quality = [0m1.273[0m
Hessian Eigenvalues: 5.01703e-04 6.06715e-03 1.37421e-02 ... 6.56618e-01 7.01641e-01 7.48005e-01
Step   49 : Displace = [0m3.466e-02[0m/[0m1.096e-01[0m (rms/max) Trust = 3.000e-01 (=) Grad = [0m4.691e-04[0m/[0m1.155e-03[0m (rms/max) E (change) = -449.8954506300 ([0m-3.188e-05[0m) Quality = [0m1.128[0m
Hessian Eigenvalues: 8.05184e-04 2.78005e-03 1.37487e-02 ... 6.56362e-01 6.95777e-01 7.44896e-01
Step   50 : Displace = [0m3.054e-02[0m/[0m6.715e-02[0m (rms/max) Trust = 3.000e-01 (=) Grad = [0m5.740e-04[0m/[0m1.038e-03[0m (rms/max) E (change) = -449.8954864234 ([0m-3.579e-05[0m) Quality = [0m0.878[0m
Hessian Eigenvalues: 7.93545e-04 2.43594e-03 1.42955e-02 ... 6.56627e-01 6.91299e-01 7.42996e-01
Step   51 : Displace = [0m1.445e-02[0m/[0m3.014e-02[0m (rms/max) Trust = 3.000e-01 (=) Grad = [0m5.049e-04[0m/[0m1.151e-03[0m (rms/max) E (change) = -449.8955214195 ([0m-3.500e-05[0m) Quality = [0m1.129[0m
Hessian Eigenvalues: 8.44155e-04 1.92932e-03 1.52918e-02 ... 6.53808e-01 7.30938e-01 7.46719e-01
Step   52 : Displace = [0m2.246e-02[0m/[0m4.638e-02[0m (rms/max) Trust = 3.000e-01 (=) Grad = [0m5.390e-04[0m/[0m1.428e-03[0m (rms/max) E (change) = -449.8955536901 ([0m-3.227e-05[0m) Quality = [0m1.150[0m
Hessian Eigenvalues: 8.67835e-04 1.53639e-03 1.50792e-02 ... 6.52998e-01 7.13887e-01 7.48038e-01
Step   53 : Displace = [0m1.655e-02[0m/[0m3.165e-02[0m (rms/max) Trust = 3.000e-01 (=) Grad = [0m3.084e-04[0m/[0m5.637e-04[0m (rms/max) E (change) = -449.8955750250 ([0m-2.133e-05[0m) Quality = [0m1.230[0m
Hessian Eigenvalues: 8.78404e-04 1.29228e-03 1.54282e-02 ... 6.54764e-01 6.96577e-01 7.64773e-01
Step   54 : Displace = [0m1.003e-02[0m/[0m2.139e-02[0m (rms/max) Trust = 3.000e-01 (=) Grad = [92m1.451e-04[0m/[92m3.496e-04[0m (rms/max) E (change) = -449.8955815479 ([0m-6.523e-06[0m) Quality = [0m1.070[0m
Hessian Eigenvalues: 8.84056e-04 1.31331e-03 1.54669e-02 ... 6.57832e-01 7.04667e-01 7.62811e-01
Step   55 : Displace = [0m1.897e-03[0m/[0m4.140e-03[0m (rms/max) Trust = 3.000e-01 (=) Grad = [92m8.825e-05[0m/[92m1.663e-04[0m (rms/max) E (change) = -449.8955833750 ([0m-1.827e-06[0m) Quality = [0m1.224[0m
Hessian Eigenvalues: 8.85885e-04 1.29293e-03 1.47153e-02 ... 6.59698e-01 7.05208e-01 7.41674e-01
Step   56 : Displace = [0m2.032e-03[0m/[0m5.688e-03[0m (rms/max) Trust = 3.000e-01 (=) Grad = [92m5.791e-05[0m/[92m1.131e-04[0m (rms/max) E (change) = -449.8955845883 ([0m-1.213e-06[0m) Quality = [0m1.456[0m
Hessian Eigenvalues: 8.86471e-04 1.33070e-03 9.49631e-03 ... 6.59601e-01 7.08472e-01 7.64976e-01
Step   57 : Displace = [0m2.079e-03[0m/[0m5.446e-03[0m (rms/max) Trust = 3.000e-01 (=) Grad = [92m5.880e-05[0m/[92m1.185e-04[0m (rms/max) E (change) = -449.8955855145 ([92m-9.262e-07[0m) Quality = [0m1.263[0m
Hessian Eigenvalues: 8.80666e-04 1.33159e-03 7.09813e-03 ... 6.62395e-01 7.09344e-01 7.87821e-01
Step   58 : Displace = [0m1.636e-03[0m/[0m4.540e-03[0m (rms/max) Trust = 3.000e-01 (=) Grad = [92m7.553e-05[0m/[92m1.527e-04[0m (rms/max) E (change) = -449.8955860791 ([92m-5.646e-07[0m) Quality = [0m1.522[0m
Hessian Eigenvalues: 8.83457e-04 1.34282e-03 4.05754e-03 ... 6.60559e-01 7.07854e-01 7.71200e-01
Step   59 : Displace = [0m3.054e-03[0m/[0m7.609e-03[0m (rms/max) Trust = 3.000e-01 (=) Grad = [92m7.596e-05[0m/[92m1.482e-04[0m (rms/max) E (change) = -449.8955870064 ([92m-9.273e-07[0m) Quality = [0m1.425[0m
Hessian Eigenvalues: 8.94793e-04 1.33843e-03 2.69790e-03 ... 6.57603e-01 7.07865e-01 7.33080e-01
Step   60 : Displace = [0m3.446e-03[0m/[0m6.352e-03[0m (rms/max) Trust = 3.000e-01 (=) Grad = [92m7.605e-05[0m/[92m1.450e-04[0m (rms/max) E (change) = -449.8955879169 ([92m-9.105e-07[0m) Quality = [0m1.468[0m
Hessian Eigenvalues: 8.92990e-04 1.21101e-03 2.03073e-03 ... 6.60614e-01 7.05338e-01 7.14833e-01
Step   61 : Displace = [0m4.409e-03[0m/[0m8.859e-03[0m (rms/max) Trust = 3.000e-01 (=) Grad = [92m7.693e-05[0m/[92m1.470e-04[0m (rms/max) E (change) = -449.8955889332 ([0m-1.016e-06[0m) Quality = [0m1.460[0m
Hessian Eigenvalues: 8.60700e-04 1.02276e-03 1.80753e-03 ... 6.69680e-01 6.99119e-01 7.19093e-01
Step   62 : Displace = [0m5.035e-03[0m/[0m1.152e-02[0m (rms/max) Trust = 3.000e-01 (=) Grad = [92m8.030e-05[0m/[92m1.646e-04[0m (rms/max) E (change) = -449.8955899972 ([0m-1.064e-06[0m) Quality = [0m1.444[0m
Hessian Eigenvalues: 7.86081e-04 9.42241e-04 1.76757e-03 ... 6.69297e-01 7.01145e-01 7.17719e-01
Step   63 : Displace = [0m4.478e-03[0m/[0m1.114e-02[0m (rms/max) Trust = 3.000e-01 (=) Grad = [92m6.065e-05[0m/[92m1.041e-04[0m (rms/max) E (change) = -449.8955908605 ([92m-8.633e-07[0m) Quality = [0m1.347[0m
Hessian Eigenvalues: 7.65987e-04 9.55336e-04 1.76871e-03 ... 6.54421e-01 7.04042e-01 7.12665e-01
Step   64 : Displace = [0m1.988e-03[0m/[0m5.401e-03[0m (rms/max) Trust = 3.000e-01 (=) Grad = [92m3.462e-05[0m/[92m7.506e-05[0m (rms/max) E (change) = -449.8955912425 ([92m-3.820e-07[0m) Quality = [0m1.303[0m
Hessian Eigenvalues: 7.94937e-04 9.60799e-04 1.76960e-03 ... 6.42180e-01 7.00722e-01 7.18206e-01
Step   65 : Displace = [92m6.660e-04[0m/[92m1.439e-03[0m (rms/max) Trust = 3.000e-01 (=) Grad = [92m2.625e-05[0m/[92m4.313e-05[0m (rms/max) E (change) = -449.8955914063 ([92m-1.638e-07[0m) Quality = [0m1.449[0m
Converged! =D

    #==========================================================================#
    #| If this code has benefited your research, please support us by citing: |#
    #|                                                                        |#
    #| Wang, L.-P.; Song, C.C. (2016) "Geometry optimization made simple with |#
    #| translation and rotation coordinates", J. Chem, Phys. 144, 214108.     |#
    #| http://dx.doi.org/10.1063/1.4952956                                    |#
    #==========================================================================#
    
