geometric-optimize called with the following command line:
/home/leeping/opt/miniconda3/envs/geometric_psi4/bin/geometric-optimize --qchem ethane.in constraints.txt
ethane.tmp exists ; make sure nothing else is writing to the folder
$scan
dihedral 2 1 5 6 100.0 120.0 3
24 internal coordinates being used (instead of 24 Cartesians)
Internal coordinate system (atoms numbered from 1):
Dihedral 2-1-5-6
Distance 1-2
Distance 1-3
Distance 1-4
Distance 1-5
Distance 5-6
Distance 5-7
Distance 5-8
Angle 2-1-3
Angle 2-1-4
Angle 2-1-5
Angle 3-1-4
Angle 3-1-5
Angle 4-1-5
Angle 1-5-6
Angle 1-5-7
Angle 1-5-8
Angle 6-5-7
Angle 6-5-8
Angle 7-5-8
Dihedral 2-1-5-7
Dihedral 2-1-5-8
Dihedral 3-1-5-6
Dihedral 3-1-5-7
Dihedral 3-1-5-8
Dihedral 4-1-5-6
Dihedral 4-1-5-7
Dihedral 4-1-5-8
Translation-X 1-8
Translation-Y 1-8
Translation-Z 1-8
Rotation-A 1-8
Rotation-B 1-8
Rotation-C 1-8
<class 'geometric.internal.Dihedral'> : 9
<class 'geometric.internal.Distance'> : 7
<class 'geometric.internal.Angle'> : 12
<class 'geometric.internal.TranslationX'> : 1
<class 'geometric.internal.TranslationY'> : 1
<class 'geometric.internal.TranslationZ'> : 1
<class 'geometric.internal.RotationA'> : 1
<class 'geometric.internal.RotationB'> : 1
<class 'geometric.internal.RotationC'> : 1
---=== Scan 1/3 : Constrained Optimization ===---
Constraint                         Current      Target       Diff.
Dihedral 2-1-5-6                 141.96999   100.00000    41.96999
Step    0 : Gradient = 1.051e-02/1.093e-02 (rms/max) Energy = -78.7890186014
Hessian Eigenvalues: 2.30000e-02 5.00000e-02 5.00000e-02 ... 3.72301e-01 3.72301e-01 3.72301e-01
Step    1 : Displace = [0m8.742e-02[0m/[0m1.201e-01[0m (rms/max) Trust = 1.000e-01 (=) Grad_T = [0m4.391e-03[0m/[0m5.513e-03[0m (rms/max) E (change) = -78.7877022849 ([0m+1.316e-03[0m) Quality = [0m0.363[0m
Constraint                         Current      Target       Diff.
Dihedral 2-1-5-6                 124.98965   100.00000    24.98965
Hessian Eigenvalues: 1.07725e-02 5.00000e-02 5.00000e-02 ... 3.72301e-01 3.72301e-01 4.18109e-01
Step    2 : Displace = [0m6.619e-02[0m/[0m8.216e-02[0m (rms/max) Trust = 1.000e-01 (=) Grad_T = [0m5.734e-03[0m/[0m6.572e-03[0m (rms/max) E (change) = -78.7864684228 ([0m+1.234e-03[0m) Quality = [0m0.475[0m
Constraint                         Current      Target       Diff.
Dihedral 2-1-5-6                 114.92429   100.00000    14.92429
Hessian Eigenvalues: 6.49083e-06 5.00000e-02 5.00000e-02 ... 3.72301e-01 3.87333e-01 4.52182e+00
Step    3 : Displace = [0m7.629e-02[0m/[0m1.008e-01[0m (rms/max) Trust = 1.000e-01 (=) Grad_T = [0m1.470e-02[0m/[0m2.222e-02[0m (rms/max) E (change) = -78.7871966642 ([0m-7.282e-04[0m) Quality = [0m1.455[0m
Constraint                         Current      Target       Diff.
Dihedral 2-1-5-6                 109.00719   100.00000     9.00719
Hessian Eigenvalues: 5.13302e-06 5.00000e-02 5.00000e-02 ... 3.72301e-01 3.90213e-01 4.71284e+00
Step    4 : Displace = [0m3.428e-02[0m/[0m4.157e-02[0m (rms/max) Trust = 1.414e-01 ([92m+[0m) Grad_T = [0m1.758e-02[0m/[0m2.755e-02[0m (rms/max) E (change) = -78.7871508519 ([0m+4.581e-05[0m) Quality = [0m0.251[0m
Constraint                         Current      Target       Diff.
Dihedral 2-1-5-6                 105.40503   100.00000     5.40503
Hessian Eigenvalues: 7.04565e-07 5.00000e-02 5.00000e-02 ... 3.75477e-01 3.99223e-01 3.03007e+00
Step    5 : Displace = [0m4.567e-02[0m/[0m6.208e-02[0m (rms/max) Trust = 1.414e-01 (=) Grad_T = [0m1.898e-02[0m/[0m3.167e-02[0m (rms/max) E (change) = -78.7880844803 ([0m-9.336e-04[0m) Quality = [0m1.586[0m
Constraint                         Current      Target       Diff.
Dihedral 2-1-5-6                 103.30614   100.00000     3.30614
Hessian Eigenvalues: 6.99286e-07 4.99997e-02 5.00000e-02 ... 3.75910e-01 3.97117e-01 2.37553e+00
Step    6 : Displace = [0m4.253e-02[0m/[0m5.769e-02[0m (rms/max) Trust = 2.000e-01 ([92m+[0m) Grad_T = [0m1.762e-02[0m/[0m3.077e-02[0m (rms/max) E (change) = -78.7889067406 ([0m-8.223e-04[0m) Quality = [0m1.390[0m
Constraint                         Current      Target       Diff.
Dihedral 2-1-5-6                 102.05801   100.00000     2.05801
Hessian Eigenvalues: 6.02390e-07 4.99998e-02 5.00000e-02 ... 3.75936e-01 3.97891e-01 1.54487e+00
Step    7 : Displace = [0m2.133e-02[0m/[0m2.769e-02[0m (rms/max) Trust = 2.828e-01 ([92m+[0m) Grad_T = [0m1.358e-02[0m/[0m2.434e-02[0m (rms/max) E (change) = -78.7895631163 ([0m-6.564e-04[0m) Quality = [0m1.614[0m
Constraint                         Current      Target       Diff.
Dihedral 2-1-5-6                 101.26678   100.00000     1.26678
Hessian Eigenvalues: 4.58576e-07 4.99999e-02 5.00000e-02 ... 3.76181e-01 3.96911e-01 5.40865e-01
Step    8 : Displace = [0m1.104e-02[0m/[0m1.394e-02[0m (rms/max) Trust = 3.000e-01 ([92m+[0m) Grad_T = [0m4.425e-03[0m/[0m8.458e-03[0m (rms/max) E (change) = -78.7903973226 ([0m-8.342e-04[0m) Quality = [0m1.257[0m
Constraint                         Current      Target       Diff.
Dihedral 2-1-5-6                 100.76332   100.00000     0.76332
Hessian Eigenvalues: 4.33279e-07 4.99999e-02 5.00000e-02 ... 3.74678e-01 3.86110e-01 4.07633e-01
Step    9 : Displace = [0m8.794e-03[0m/[0m1.234e-02[0m (rms/max) Trust = 3.000e-01 (=) Grad_T = [0m1.019e-03[0m/[0m1.736e-03[0m (rms/max) E (change) = -78.7906333973 ([0m-2.361e-04[0m) Quality = [0m1.269[0m
Constraint                         Current      Target       Diff.
Dihedral 2-1-5-6                 100.43489   100.00000     0.43489
Hessian Eigenvalues: 4.82406e-07 4.99999e-02 5.00000e-02 ... 3.74192e-01 3.93623e-01 4.31845e-01
Step   10 : Displace = [0m6.753e-03[0m/[0m9.291e-03[0m (rms/max) Trust = 3.000e-01 (=) Grad_T = [92m2.466e-04[0m/[92m3.760e-04[0m (rms/max) E (change) = -78.7906858272 ([0m-5.243e-05[0m) Quality = [0m1.064[0m
Constraint                         Current      Target       Diff.
Dihedral 2-1-5-6                 100.24520   100.00000     0.24520
Hessian Eigenvalues: 5.40826e-07 4.99999e-02 5.00000e-02 ... 3.73723e-01 3.94198e-01 4.25495e-01
Step   11 : Displace = [92m5.301e-04[0m/[92m6.109e-04[0m (rms/max) Trust = 3.000e-01 (=) Grad_T = [92m7.222e-05[0m/[92m1.348e-04[0m (rms/max) E (change) = -78.7906965138 ([0m-1.069e-05[0m) Quality = [0m1.013[0m
Constraint                         Current      Target       Diff.
Dihedral 2-1-5-6                 100.14517   100.00000     0.14517
Hessian Eigenvalues: 5.41081e-07 4.99995e-02 5.00000e-02 ... 3.73481e-01 3.91629e-01 4.06752e-01
Step   12 : Displace = [92m3.880e-04[0m/[92m4.746e-04[0m (rms/max) Trust = 3.000e-01 (=) Grad_T = [92m1.229e-05[0m/[92m2.366e-05[0m (rms/max) E (change) = -78.7907024768 ([0m-5.963e-06[0m) Quality = [0m1.001[0m
Constraint                         Current      Target       Diff.
Dihedral 2-1-5-6                 100.08680   100.00000     0.08680
Hessian Eigenvalues: 3.64864e-07 4.99975e-02 5.00000e-02 ... 3.74839e-01 3.92443e-01 4.55607e-01
Step   13 : Displace = [92m2.849e-04[0m/[92m3.432e-04[0m (rms/max) Trust = 3.000e-01 (=) Grad_T = [92m7.877e-06[0m/[92m1.172e-05[0m (rms/max) E (change) = -78.7907060288 ([0m-3.552e-06[0m) Quality = [0m1.001[0m
Constraint                         Current      Target       Diff.
Dihedral 2-1-5-6                 100.05203   100.00000     0.05203
Hessian Eigenvalues: -1.41910e+00 7.96127e-09 4.99884e-02 ... 3.72308e-01 3.85886e-01 4.06558e-01
Step   14 : Displace = [92m5.572e-04[0m/[92m6.675e-04[0m (rms/max) Trust = 3.000e-01 (=) Grad_T = [0m3.245e-04[0m/[0m6.399e-04[0m (rms/max) E (change) = -78.7907072897 ([0m-1.261e-06[0m) Quality = [0m0.171[0m
Constraint                         Current      Target       Diff.
Dihedral 2-1-5-6                 100.03085   100.00000     0.03085
Hessian Eigenvalues: 7.93260e-09 4.99879e-02 4.99995e-02 ... 3.72313e-01 3.91686e-01 4.14943e-01
Step   15 : Displace = [92m6.190e-04[0m/[92m7.436e-04[0m (rms/max) Trust = 1.500e-01 ([91m-[0m) Grad_T = [92m3.244e-06[0m/[92m4.420e-06[0m (rms/max) E (change) = -78.7907094232 ([0m-2.134e-06[0m) Quality = [0m1.001[0m
Constraint                         Current      Target       Diff.
Dihedral 2-1-5-6                 100.01889   100.00000     0.01889
Hessian Eigenvalues: 7.90850e-09 4.99879e-02 4.99994e-02 ... 3.72311e-01 3.91171e-01 4.13863e-01
Step   16 : Displace = [92m5.852e-05[0m/[92m7.028e-05[0m (rms/max) Trust = 2.121e-01 ([92m+[0m) Grad_T = [92m1.950e-06[0m/[92m2.977e-06[0m (rms/max) E (change) = -78.7907101973 ([92m-7.741e-07[0m) Quality = [0m1.000[0m
Constraint                         Current      Target       Diff.
Dihedral 2-1-5-6                 100.01131   100.00000     0.01131
Hessian Eigenvalues: 2.95511e-11 4.99183e-02 4.99928e-02 ... 3.74947e-01 4.03215e-01 2.38858e+00
Step   17 : Displace = [92m3.573e-05[0m/[92m4.499e-05[0m (rms/max) Trust = 3.000e-01 ([92m+[0m) Grad_T = [92m1.910e-07[0m/[92m2.962e-07[0m (rms/max) E (change) = -78.7907106609 ([92m-4.636e-07[0m) Quality = [0m1.000[0m
Constraint                         Current      Target       Diff.
Dihedral 2-1-5-6                 100.00677   100.00000     0.00677
Hessian Eigenvalues: 3.13268e-11 4.73786e-02 4.99913e-02 ... 3.78601e-01 4.01184e-01 2.31922e+00
Step   18 : Displace = [92m2.120e-05[0m/[92m2.584e-05[0m (rms/max) Trust = 3.000e-01 (=) Grad_T = [92m4.158e-07[0m/[92m5.369e-07[0m (rms/max) E (change) = -78.7907109385 ([92m-2.776e-07[0m) Quality = [0m1.000[0m
Constraint                         Current      Target       Diff.
Dihedral 2-1-5-6                 100.00406   100.00000     0.00406
Converged! =D
---=== Scan 2/3 : Constrained Optimization ===---
Constraint                         Current      Target       Diff.
Dihedral 2-1-5-6                 100.00406   110.00000    -9.99594
Step    0 : Gradient = 1.902e-05/2.386e-05 (rms/max) Energy = -78.7907109385
Hessian Eigenvalues: 2.30000e-02 5.00000e-02 5.00000e-02 ... 3.55760e-01 3.56580e-01 3.56580e-01
Step    1 : Displace = [0m1.841e-02[0m/[0m2.777e-02[0m (rms/max) Trust = 1.000e-01 (=) Grad_T = [0m1.004e-03[0m/[0m1.312e-03[0m (rms/max) E (change) = -78.7901863229 ([0m+5.246e-04[0m) Quality = [0m0.758[0m
Constraint                         Current      Target       Diff.
Dihedral 2-1-5-6                 104.09819   110.00000    -5.90181
Hessian Eigenvalues: 5.91883e-03 5.00000e-02 5.00000e-02 ... 3.55772e-01 3.56580e-01 3.61778e-01
Step    2 : Displace = [0m1.689e-02[0m/[0m2.081e-02[0m (rms/max) Trust = 1.414e-01 ([92m+[0m) Grad_T = [0m1.194e-03[0m/[0m1.409e-03[0m (rms/max) E (change) = -78.7899382372 ([0m+2.481e-04[0m) Quality = [0m0.789[0m
Constraint                         Current      Target       Diff.
Dihedral 2-1-5-6                 106.51651   110.00000    -3.48349
Hessian Eigenvalues: -4.13881e-02 2.18340e-03 5.00000e-02 ... 3.55760e-01 3.55840e-01 3.56580e-01
Step    3 : Displace = [0m6.444e-02[0m/[0m8.298e-02[0m (rms/max) Trust = 2.000e-01 ([92m+[0m) Grad_T = [0m2.021e-02[0m/[0m2.485e-02[0m (rms/max) E (change) = -78.7840522783 ([91m+5.886e-03[0m) Quality = [91m-2.925[0m
Constraint                         Current      Target       Diff.
Dihedral 2-1-5-6                 107.83374   110.00000    -2.16626
[93mNot rejecting step - far from constraint satisfaction[0m
Hessian Eigenvalues: 1.51823e-03 5.00000e-02 5.00000e-02 ... 3.55760e-01 3.56580e-01 3.68900e-01
Step    4 : Displace = [0m5.499e-02[0m/[0m6.899e-02[0m (rms/max) Trust = 2.000e-01 (=) Grad_T = [0m8.635e-04[0m/[0m1.354e-03[0m (rms/max) E (change) = -78.7898771339 ([0m-5.825e-03[0m) Quality = [0m1.012[0m
Constraint                         Current      Target       Diff.
Dihedral 2-1-5-6                 108.82921   110.00000    -1.17079
Hessian Eigenvalues: 1.52329e-03 5.00000e-02 5.00000e-02 ... 3.55760e-01 3.56580e-01 3.62444e-01
Step    5 : Displace = [0m1.065e-02[0m/[0m1.432e-02[0m (rms/max) Trust = 2.828e-01 ([92m+[0m) Grad_T = [0m3.614e-04[0m/[0m5.593e-04[0m (rms/max) E (change) = -78.7899010273 ([91m-2.389e-05[0m) Quality = [91m-170.353[0m
Constraint                         Current      Target       Diff.
Dihedral 2-1-5-6                 109.30824   110.00000    -0.69176
[93mNot rejecting step - energy decreases[0m
Hessian Eigenvalues: 6.12860e-04 5.00000e-02 5.00000e-02 ... 3.55760e-01 3.56580e-01 3.66139e-01
Step    6 : Displace = [0m9.376e-03[0m/[0m1.249e-02[0m (rms/max) Trust = 2.828e-01 (=) Grad_T = [92m4.845e-05[0m/[92m7.341e-05[0m (rms/max) E (change) = -78.7899013459 ([92m-3.186e-07[0m) Quality = [0m0.783[0m
Constraint                         Current      Target       Diff.
Dihedral 2-1-5-6                 109.59103   110.00000    -0.40897
Hessian Eigenvalues: 6.15681e-04 5.00000e-02 5.00000e-02 ... 3.55760e-01 3.56580e-01 3.65662e-01
Step    7 : Displace = [0m1.490e-03[0m/[0m1.848e-03[0m (rms/max) Trust = 3.000e-01 ([92m+[0m) Grad_T = [92m3.035e-05[0m/[92m4.246e-05[0m (rms/max) E (change) = -78.7898909829 ([0m+1.036e-05[0m) Quality = [0m0.995[0m
Constraint                         Current      Target       Diff.
Dihedral 2-1-5-6                 109.75853   110.00000    -0.24147
Hessian Eigenvalues: 1.24108e-04 4.99999e-02 5.00000e-02 ... 3.56580e-01 3.59740e-01 7.20647e-01
Step    8 : Displace = [92m8.169e-04[0m/[92m9.674e-04[0m (rms/max) Trust = 3.000e-01 (=) Grad_T = [92m4.306e-05[0m/[92m6.677e-05[0m (rms/max) E (change) = -78.7898848845 ([0m+6.098e-06[0m) Quality = [0m0.995[0m
Constraint                         Current      Target       Diff.
Dihedral 2-1-5-6                 109.85742   110.00000    -0.14258
Hessian Eigenvalues: -2.70147e-03 2.93331e-02 4.99982e-02 ... 3.55760e-01 3.56579e-01 3.57656e-01
Step    9 : Displace = [92m5.589e-04[0m/[92m9.513e-04[0m (rms/max) Trust = 3.000e-01 (=) Grad_T = [92m1.105e-04[0m/[92m1.356e-04[0m (rms/max) E (change) = -78.7898811266 ([0m+3.758e-06[0m) Quality = [0m1.099[0m
Constraint                         Current      Target       Diff.
Dihedral 2-1-5-6                 109.91582   110.00000    -0.08418
Hessian Eigenvalues: -3.17730e-03 4.99965e-02 4.99980e-02 ... 3.55760e-01 3.56580e-01 3.60833e-01
Step   10 : Displace = [92m6.038e-04[0m/[92m9.522e-04[0m (rms/max) Trust = 3.000e-01 (=) Grad_T = [92m8.106e-06[0m/[92m1.125e-05[0m (rms/max) E (change) = -78.7898792615 ([0m+1.865e-06[0m) Quality = [0m1.004[0m
Constraint                         Current      Target       Diff.
Dihedral 2-1-5-6                 109.95028   110.00000    -0.04972
Hessian Eigenvalues: -3.44622e-03 4.99278e-02 4.99979e-02 ... 3.55760e-01 3.56580e-01 3.61696e-01
Step   11 : Displace = [92m2.233e-04[0m/[92m2.756e-04[0m (rms/max) Trust = 3.000e-01 (=) Grad_T = [92m3.204e-06[0m/[92m3.962e-06[0m (rms/max) E (change) = -78.7898780305 ([0m+1.231e-06[0m) Quality = [0m1.000[0m
Constraint                         Current      Target       Diff.
Dihedral 2-1-5-6                 109.97063   110.00000    -0.02937
Hessian Eigenvalues: 2.08928e-04 4.99978e-02 4.99986e-02 ... 3.56581e-01 3.60515e-01 4.14950e+00
Step   12 : Displace = [92m1.398e-04[0m/[92m1.741e-04[0m (rms/max) Trust = 3.000e-01 (=) Grad_T = [92m1.064e-06[0m/[92m1.569e-06[0m (rms/max) E (change) = -78.7898773034 ([92m+7.271e-07[0m) Quality = [0m1.000[0m
Constraint                         Current      Target       Diff.
Dihedral 2-1-5-6                 109.98266   110.00000    -0.01734
Hessian Eigenvalues: 2.41426e-04 4.98373e-02 4.99982e-02 ... 3.56581e-01 3.60128e-01 3.97452e+00
Step   13 : Displace = [92m7.695e-05[0m/[92m9.477e-05[0m (rms/max) Trust = 3.000e-01 (=) Grad_T = [92m8.492e-07[0m/[92m1.221e-06[0m (rms/max) E (change) = -78.7898768737 ([92m+4.297e-07[0m) Quality = [0m1.000[0m
Constraint                         Current      Target       Diff.
Dihedral 2-1-5-6                 109.98976   110.00000    -0.01024
Hessian Eigenvalues: 1.85500e-04 4.99391e-02 4.99994e-02 ... 3.56589e-01 3.60461e-01 4.58644e+00
Step   14 : Displace = [92m4.466e-05[0m/[92m5.501e-05[0m (rms/max) Trust = 3.000e-01 (=) Grad_T = [92m1.942e-06[0m/[92m2.767e-06[0m (rms/max) E (change) = -78.7898766199 ([92m+2.538e-07[0m) Quality = [0m1.000[0m
Constraint                         Current      Target       Diff.
Dihedral 2-1-5-6                 109.99395   110.00000    -0.00605
Hessian Eigenvalues: 5.18903e-05 4.96884e-02 4.99858e-02 ... 3.56876e-01 3.66956e-01 6.01481e+00
Step   15 : Displace = [92m2.575e-05[0m/[92m3.156e-05[0m (rms/max) Trust = 3.000e-01 (=) Grad_T = [92m2.503e-06[0m/[92m3.624e-06[0m (rms/max) E (change) = -78.7898764700 ([92m+1.499e-07[0m) Quality = [0m1.000[0m
Constraint                         Current      Target       Diff.
Dihedral 2-1-5-6                 109.99643   110.00000    -0.00357
Converged! =D
---=== Scan 3/3 : Constrained Optimization ===---
Constraint                         Current      Target       Diff.
Dihedral 2-1-5-6                 109.99643   120.00000   -10.00357
Step    0 : Gradient = 5.319e-06/8.872e-06 (rms/max) Energy = -78.7898764700
Hessian Eigenvalues: 2.30000e-02 5.00000e-02 5.00000e-02 ... 3.56009e-01 3.56491e-01 3.56492e-01
Step    1 : Displace = [0m1.855e-02[0m/[0m2.794e-02[0m (rms/max) Trust = 1.000e-01 (=) Grad_T = [0m1.015e-03[0m/[0m1.363e-03[0m (rms/max) E (change) = -78.7895262434 ([0m+3.502e-04[0m) Quality = [0m0.667[0m
Constraint                         Current      Target       Diff.
Dihedral 2-1-5-6                 114.09676   120.00000    -5.90324
Hessian Eigenvalues: 5.37457e-03 5.00000e-02 5.00000e-02 ... 3.56028e-01 3.56492e-01 3.61861e-01
Step    2 : Displace = [0m1.690e-02[0m/[0m2.064e-02[0m (rms/max) Trust = 1.000e-01 (=) Grad_T = [0m1.256e-03[0m/[0m1.502e-03[0m (rms/max) E (change) = -78.7893937778 ([0m+1.325e-04[0m) Quality = [0m0.652[0m
Constraint                         Current      Target       Diff.
Dihedral 2-1-5-6                 116.51708   120.00000    -3.48292
Hessian Eigenvalues: -2.26030e-03 5.00000e-02 5.00000e-02 ... 3.56009e-01 3.56054e-01 3.56492e-01
Step    3 : Displace = [0m3.295e-02[0m/[0m4.391e-02[0m (rms/max) Trust = 1.000e-01 (=) Grad_T = [0m9.415e-04[0m/[0m1.091e-03[0m (rms/max) E (change) = -78.7895571765 ([0m-1.634e-04[0m) Quality = [0m0.807[0m
Constraint                         Current      Target       Diff.
Dihedral 2-1-5-6                 117.94376   120.00000    -2.05624
Hessian Eigenvalues: -3.41830e-03 3.89643e-02 5.00000e-02 ... 3.56050e-01 3.56315e-01 3.56492e-01
Step    4 : Displace = [0m1.060e-02[0m/[0m1.379e-02[0m (rms/max) Trust = 1.414e-01 ([92m+[0m) Grad_T = [0m3.885e-04[0m/[0m4.794e-04[0m (rms/max) E (change) = -78.7895675608 ([0m-1.038e-05[0m) Quality = [0m0.536[0m
Constraint                         Current      Target       Diff.
Dihedral 2-1-5-6                 118.78589   120.00000    -1.21411
Hessian Eigenvalues: -2.41731e-03 5.00000e-02 5.00000e-02 ... 3.56043e-01 3.56492e-01 3.61518e-01
Step    5 : Displace = [0m4.276e-03[0m/[0m5.519e-03[0m (rms/max) Trust = 1.414e-01 (=) Grad_T = [92m4.136e-05[0m/[92m5.165e-05[0m (rms/max) E (change) = -78.7895671210 ([92m+4.398e-07[0m) Quality = [0m1.087[0m
Constraint                         Current      Target       Diff.
Dihedral 2-1-5-6                 119.28397   120.00000    -0.71603
Hessian Eigenvalues: -2.72959e-03 4.90543e-02 5.00000e-02 ... 3.56025e-01 3.56492e-01 3.57652e-01
Step    6 : Displace = [0m2.662e-03[0m/[0m3.196e-03[0m (rms/max) Trust = 2.000e-01 ([92m+[0m) Grad_T = [92m3.468e-05[0m/[92m4.744e-05[0m (rms/max) E (change) = -78.7895661401 ([92m+9.809e-07[0m) Quality = [0m1.025[0m
Constraint                         Current      Target       Diff.
Dihedral 2-1-5-6                 119.57743   120.00000    -0.42257
Hessian Eigenvalues: -2.08729e-03 4.99997e-02 5.00000e-02 ... 3.56009e-01 3.56492e-01 3.57847e-01
Step    7 : Displace = [0m1.759e-03[0m/[0m2.146e-03[0m (rms/max) Trust = 2.828e-01 ([92m+[0m) Grad_T = [92m1.311e-05[0m/[92m1.640e-05[0m (rms/max) E (change) = -78.7895658591 ([92m+2.810e-07[0m) Quality = [0m1.007[0m
Constraint                         Current      Target       Diff.
Dihedral 2-1-5-6                 119.75064   120.00000    -0.24936
Hessian Eigenvalues: -2.32596e-03 4.99930e-02 4.99997e-02 ... 3.56009e-01 3.56491e-01 3.57794e-01
Step    8 : Displace = [92m9.473e-04[0m/[92m1.149e-03[0m (rms/max) Trust = 3.000e-01 ([92m+[0m) Grad_T = [92m1.166e-05[0m/[92m1.385e-05[0m (rms/max) E (change) = -78.7895657398 ([92m+1.193e-07[0m) Quality = [0m1.062[0m
Constraint                         Current      Target       Diff.
Dihedral 2-1-5-6                 119.85282   120.00000    -0.14718
Hessian Eigenvalues: -2.65529e-03 4.99950e-02 4.99975e-02 ... 3.56009e-01 3.56491e-01 3.57778e-01
Step    9 : Displace = [92m5.832e-04[0m/[92m7.190e-04[0m (rms/max) Trust = 3.000e-01 (=) Grad_T = [92m2.267e-05[0m/[92m2.889e-05[0m (rms/max) E (change) = -78.7895656863 ([92m+5.350e-08[0m) Quality = [0m2.072[0m
Constraint                         Current      Target       Diff.
Dihedral 2-1-5-6                 119.91319   120.00000    -0.08681
Hessian Eigenvalues: 7.72304e-04 4.99984e-02 4.99993e-02 ... 3.56491e-01 3.57772e-01 7.64674e-01
Step   10 : Displace = [92m4.643e-04[0m/[92m5.863e-04[0m (rms/max) Trust = 3.000e-01 (=) Grad_T = [92m1.889e-05[0m/[92m2.338e-05[0m (rms/max) E (change) = -78.7895656765 ([92m+9.800e-09[0m) Quality = [0m0.510[0m
Constraint                         Current      Target       Diff.
Dihedral 2-1-5-6                 119.94877   120.00000    -0.05123
Hessian Eigenvalues: 2.28119e-04 4.99992e-02 4.99995e-02 ... 3.56491e-01 3.57847e-01 5.27242e-01
Step   11 : Displace = [92m2.463e-04[0m/[92m3.144e-04[0m (rms/max) Trust = 3.000e-01 (=) Grad_T = [92m9.285e-06[0m/[92m1.084e-05[0m (rms/max) E (change) = -78.7895656768 ([91m-3.000e-10[0m) Quality = [91m-0.081[0m
Constraint                         Current      Target       Diff.
Dihedral 2-1-5-6                 119.96974   120.00000    -0.03026
Hessian Eigenvalues: 1.36368e-04 4.99937e-02 4.99996e-02 ... 3.56491e-01 3.57883e-01 3.96227e-01
Step   12 : Displace = [92m9.118e-05[0m/[92m1.099e-04[0m (rms/max) Trust = 1.500e-01 ([91m-[0m) Grad_T = [92m5.806e-06[0m/[92m6.888e-06[0m (rms/max) E (change) = -78.7895656784 ([91m-1.600e-09[0m) Quality = [91m-2.113[0m
Constraint                         Current      Target       Diff.
Dihedral 2-1-5-6                 119.98213   120.00000    -0.01787
[93mNot rejecting step - energy decreases[0m
Hessian Eigenvalues: 9.47444e-05 4.99950e-02 4.99996e-02 ... 3.56491e-01 3.57920e-01 6.36554e-01
Step   13 : Displace = [92m3.797e-05[0m/[92m4.409e-05[0m (rms/max) Trust = 7.500e-02 ([91m-[0m) Grad_T = [92m5.002e-06[0m/[92m5.602e-06[0m (rms/max) E (change) = -78.7895656807 ([92m-2.300e-09[0m) Quality = [0m1.696[0m
Constraint                         Current      Target       Diff.
Dihedral 2-1-5-6                 119.98945   120.00000    -0.01055
Hessian Eigenvalues: 9.72060e-05 4.99756e-02 4.99997e-02 ... 3.56495e-01 3.57939e-01 6.31812e-01
Step   14 : Displace = [92m1.845e-05[0m/[92m2.512e-05[0m (rms/max) Trust = 1.061e-01 ([92m+[0m) Grad_T = [92m3.231e-06[0m/[92m3.850e-06[0m (rms/max) E (change) = -78.7895656813 ([92m-6.000e-10[0m) Quality = [0m3.462[0m
Constraint                         Current      Target       Diff.
Dihedral 2-1-5-6                 119.99378   120.00000    -0.00622
Hessian Eigenvalues: 8.66331e-05 4.98280e-02 4.99998e-02 ... 3.56497e-01 3.57880e-01 3.97301e-01
Step   15 : Displace = [92m2.075e-05[0m/[92m2.436e-05[0m (rms/max) Trust = 1.500e-01 ([92m+[0m) Grad_T = [92m7.571e-07[0m/[92m8.920e-07[0m (rms/max) E (change) = -78.7895656815 ([92m-2.000e-10[0m) Quality = [0m1.141[0m
Constraint                         Current      Target       Diff.
Dihedral 2-1-5-6                 119.99633   120.00000    -0.00367
Converged! =D

    #==========================================================================#
    #| If this code has benefited your research, please support us by citing: |#
    #|                                                                        |#
    #| Wang, L.-P.; Song, C.C. (2016) "Geometry optimization made simple with |#
    #| translation and rotation coordinates", J. Chem, Phys. 144, 214108.     |#
    #| http://dx.doi.org/10.1063/1.4952956                                    |#
    #==========================================================================#
    
