-=# [1;94m geomeTRIC started. Version: 0.9.5.1+33.g0007fbf.dirty [0m #=-
geometric-optimize called with the following command line:
/home/leeping/opt/miniconda3/bin/geometric-optimize --pdb captan.pdb --openmm state.xml --converge set GAU_TIGHT energy 2e-2
Using convergence criteria set: convergence_set GAU_TIGHT
Using convergence criteria: convergence_energy 2.00e-02
Treating the provided xml as a force field XML file
Using geometric combination rules
72 internal coordinates being used (instead of 72 Cartesians)
<class 'geometric.internal.Distance'> : 25
<class 'geometric.internal.Angle'> : 41
<class 'geometric.internal.OutOfPlane'> : 5
<class 'geometric.internal.Dihedral'> : 68
<class 'geometric.internal.TranslationX'> : 1
<class 'geometric.internal.TranslationY'> : 1
<class 'geometric.internal.TranslationZ'> : 1
<class 'geometric.internal.RotationA'> : 1
<class 'geometric.internal.RotationB'> : 1
<class 'geometric.internal.RotationC'> : 1
Step    0 : Gradient = 1.226e-02/3.187e-02 (rms/max) Energy = -0.0045638621
Hessian Eigenvalues: 2.30000e-02 2.30000e-02 2.30117e-02 ... 5.33899e-01 9.53779e-01 9.58084e-01
Step    1 : Displace = [0m7.316e-02[0m/[0m1.488e-01[0m (rms/max) Trust = 1.000e-01 (=) Grad = [0m5.384e-03[0m/[0m1.705e-02[0m (rms/max) E (change) = -0.0117199744 ([92m-7.156e-03[0m) Quality = [0m0.985[0m
Hessian Eigenvalues: 1.85322e-02 2.30028e-02 2.31273e-02 ... 5.34753e-01 9.50406e-01 9.56531e-01
Step    2 : Displace = [0m7.268e-02[0m/[0m1.366e-01[0m (rms/max) Trust = 1.414e-01 ([92m+[0m) Grad = [0m6.944e-03[0m/[0m2.228e-02[0m (rms/max) E (change) = -0.0119111932 ([92m-1.912e-04[0m) Quality = [0m0.066[0m
Hessian Eigenvalues: 1.62318e-02 2.30154e-02 2.31837e-02 ... 7.01147e-01 9.48736e-01 9.56292e-01
Step    3 : Displace = [0m4.345e-02[0m/[0m8.540e-02[0m (rms/max) Trust = 7.071e-02 ([91m-[0m) Grad = [0m1.421e-03[0m/[0m3.124e-03[0m (rms/max) E (change) = -0.0139786439 ([92m-2.067e-03[0m) Quality = [0m1.090[0m
Hessian Eigenvalues: 1.54134e-02 2.23335e-02 2.31252e-02 ... 7.22596e-01 9.48773e-01 9.56284e-01
Step    4 : Displace = [0m3.882e-02[0m/[0m1.000e-01[0m (rms/max) Trust = 1.000e-01 ([92m+[0m) Grad = [0m1.013e-03[0m/[0m2.344e-03[0m (rms/max) E (change) = -0.0144548048 ([92m-4.762e-04[0m) Quality = [0m1.367[0m
Hessian Eigenvalues: 4.50831e-03 2.04823e-02 2.31286e-02 ... 7.89230e-01 9.49402e-01 9.56466e-01
Step    5 : Displace = [0m1.513e-01[0m/[0m4.598e-01[0m (rms/max) Trust = 1.414e-01 ([92m+[0m) Grad = [0m2.760e-03[0m/[0m6.911e-03[0m (rms/max) E (change) = -0.0156613672 ([92m-1.207e-03[0m) Quality = [0m1.615[0m
Hessian Eigenvalues: 1.24611e-03 2.14683e-02 2.31420e-02 ... 8.46530e-01 9.52956e-01 9.59011e-01
Step    6 : Displace = [0m2.078e-01[0m/[0m6.380e-01[0m (rms/max) Trust = 2.000e-01 ([92m+[0m) Grad = [0m3.959e-03[0m/[0m8.700e-03[0m (rms/max) E (change) = -0.0163199062 ([92m-6.585e-04[0m) Quality = [0m0.473[0m
Hessian Eigenvalues: 3.92968e-03 2.08341e-02 2.32387e-02 ... 7.23637e-01 9.49232e-01 9.56412e-01
Step    7 : Displace = [0m9.084e-02[0m/[0m2.466e-01[0m (rms/max) Trust = 2.000e-01 (=) Grad = [0m2.321e-03[0m/[0m4.826e-03[0m (rms/max) E (change) = -0.0175371748 ([92m-1.217e-03[0m) Quality = [0m1.111[0m
Hessian Eigenvalues: 3.93754e-03 1.27438e-02 2.29235e-02 ... 6.99692e-01 9.48211e-01 9.56163e-01
Step    8 : Displace = [0m7.172e-02[0m/[0m1.691e-01[0m (rms/max) Trust = 2.828e-01 ([92m+[0m) Grad = [0m2.472e-03[0m/[0m7.625e-03[0m (rms/max) E (change) = -0.0184916557 ([92m-9.545e-04[0m) Quality = [0m0.984[0m
Hessian Eigenvalues: 3.94843e-03 8.28274e-03 2.30990e-02 ... 7.29719e-01 9.49088e-01 9.56413e-01
Step    9 : Displace = [0m9.673e-02[0m/[0m3.009e-01[0m (rms/max) Trust = 3.000e-01 ([92m+[0m) Grad = [0m2.131e-03[0m/[0m6.792e-03[0m (rms/max) E (change) = -0.0188102136 ([92m-3.186e-04[0m) Quality = [0m0.530[0m
Hessian Eigenvalues: 3.55113e-03 9.12964e-03 2.31257e-02 ... 7.09044e-01 9.48926e-01 9.56302e-01
Step   10 : Displace = [0m2.482e-02[0m/[0m7.451e-02[0m (rms/max) Trust = 3.000e-01 (=) Grad = [0m5.320e-04[0m/[0m1.213e-03[0m (rms/max) E (change) = -0.0189669541 ([92m-1.567e-04[0m) Quality = [0m0.812[0m
Hessian Eigenvalues: 4.07564e-03 9.29308e-03 2.30194e-02 ... 7.07936e-01 9.45517e-01 9.55811e-01
Step   11 : Displace = [0m3.974e-02[0m/[0m1.190e-01[0m (rms/max) Trust = 3.000e-01 (=) Grad = [0m2.124e-04[0m/[0m4.025e-04[0m (rms/max) E (change) = -0.0189853830 ([92m-1.843e-05[0m) Quality = [0m0.502[0m
Hessian Eigenvalues: 6.84555e-03 9.13083e-03 2.27563e-02 ... 7.07092e-01 9.40138e-01 9.55459e-01
Step   12 : Displace = [0m1.614e-02[0m/[0m4.993e-02[0m (rms/max) Trust = 3.000e-01 (=) Grad = [0m1.033e-04[0m/[0m2.269e-04[0m (rms/max) E (change) = -0.0189958205 ([92m-1.044e-05[0m) Quality = [0m1.057[0m
Hessian Eigenvalues: 6.43625e-03 9.01850e-03 2.22250e-02 ... 7.14814e-01 9.37745e-01 9.55441e-01
Step   13 : Displace = [0m2.261e-03[0m/[0m6.669e-03[0m (rms/max) Trust = 3.000e-01 (=) Grad = [0m4.830e-05[0m/[0m1.236e-04[0m (rms/max) E (change) = -0.0189967288 ([92m-9.083e-07[0m) Quality = [0m1.320[0m
Hessian Eigenvalues: 6.78278e-03 8.36964e-03 1.44012e-02 ... 7.13168e-01 9.29662e-01 9.55257e-01
Step   14 : Displace = [0m1.371e-03[0m/[0m2.708e-03[0m (rms/max) Trust = 3.000e-01 (=) Grad = [0m2.893e-05[0m/[0m9.255e-05[0m (rms/max) E (change) = -0.0189971144 ([92m-3.856e-07[0m) Quality = [0m1.052[0m
Hessian Eigenvalues: 7.06261e-03 8.11503e-03 1.14878e-02 ... 7.15138e-01 9.41237e-01 9.55514e-01
Step   15 : Displace = [0m7.087e-04[0m/[0m2.076e-03[0m (rms/max) Trust = 3.000e-01 (=) Grad = [0m1.881e-05[0m/[0m6.287e-05[0m (rms/max) E (change) = -0.0189971606 ([92m-4.625e-08[0m) Quality = [0m0.956[0m
Hessian Eigenvalues: 6.85722e-03 8.29927e-03 1.04232e-02 ... 7.13032e-01 9.21047e-01 9.55212e-01
Step   16 : Displace = [0m1.514e-04[0m/[0m4.414e-04[0m (rms/max) Trust = 3.000e-01 (=) Grad = [92m5.107e-06[0m/[92m1.225e-05[0m (rms/max) E (change) = -0.0189971721 ([92m-1.142e-08[0m) Quality = [0m1.202[0m
Hessian Eigenvalues: 7.10002e-03 8.20529e-03 9.93064e-03 ... 7.11690e-01 8.86539e-01 9.55004e-01
Step   17 : Displace = [0m9.277e-05[0m/[0m2.469e-04[0m (rms/max) Trust = 3.000e-01 (=) Grad = [92m1.528e-06[0m/[92m4.153e-06[0m (rms/max) E (change) = -0.0189971735 ([92m-1.444e-09[0m) Quality = [0m1.196[0m
Hessian Eigenvalues: 6.97026e-03 8.36150e-03 9.37577e-03 ... 7.13367e-01 8.83995e-01 9.54970e-01
Step   18 : Displace = [92m3.674e-05[0m/[0m9.244e-05[0m (rms/max) Trust = 3.000e-01 (=) Grad = [92m1.006e-06[0m/[92m3.058e-06[0m (rms/max) E (change) = -0.0189971738 ([92m-2.875e-10[0m) Quality = [0m1.406[0m
Hessian Eigenvalues: 6.81481e-03 7.85480e-03 8.48748e-03 ... 7.13464e-01 9.19694e-01 9.55159e-01
Step   19 : Displace = [92m2.842e-05[0m/[0m6.412e-05[0m (rms/max) Trust = 3.000e-01 (=) Grad = [92m7.325e-07[0m/[92m1.860e-06[0m (rms/max) E (change) = -0.0189971739 ([92m-1.479e-10[0m) Quality = [0m1.286[0m
Hessian Eigenvalues: 5.74352e-03 7.17763e-03 8.47889e-03 ... 7.12443e-01 9.09496e-01 9.55120e-01
Step   20 : Displace = [92m1.409e-05[0m/[92m3.504e-05[0m (rms/max) Trust = 3.000e-01 (=) Grad = [92m4.976e-07[0m/[92m1.184e-06[0m (rms/max) E (change) = -0.0189971740 ([92m-5.889e-11[0m) Quality = [0m1.478[0m
Converged! =D
Time elapsed since start of run_optimizer: 1.622 seconds
