geometric-optimize called with the following command line:
/home/leeping/opt/miniconda3/envs/main/bin/geometric-optimize --engine gaussian water2.com --tmin 1e-4 --converge grms 1e-10 gmax 1e-10 energy 1e-11 drms 1e-8 dmax 1e-8

                                        [91m())))))))))))))))/[0m                     
                                    [91m())))))))))))))))))))))))),[0m                
                                [91m*)))))))))))))))))))))))))))))))))[0m             
                        [94m#,[0m    [91m()))))))))/[0m                [91m.)))))))))),[0m          
                      [94m#%%%%,[0m  [91m())))))[0m                        [91m.))))))))*[0m        
                      [94m*%%%%%%,[0m  [91m))[0m              [93m..[0m              [91m,))))))).[0m      
                        [94m*%%%%%%,[0m         [93m***************/.[0m        [91m.)))))))[0m     
                [94m#%%/[0m      [94m(%%%%%%,[0m    [93m/*********************.[0m       [91m)))))))[0m    
              [94m.%%%%%%#[0m      [94m*%%%%%%,[0m  [93m*******/,[0m     [93m**********,[0m      [91m.))))))[0m   
                [94m.%%%%%%/[0m      [94m*%%%%%%,[0m  [93m**[0m              [93m********[0m      [91m.))))))[0m  
          [94m##[0m      [94m.%%%%%%/[0m      [94m(%%%%%%,[0m                  [93m,******[0m      [91m/)))))[0m  
        [94m%%%%%%[0m      [94m.%%%%%%#[0m      [94m*%%%%%%,[0m    [92m,/////.[0m       [93m******[0m      [91m))))))[0m 
      [94m#%[0m      [94m%%[0m      [94m.%%%%%%/[0m      [94m*%%%%%%,[0m  [92m////////,[0m      [93m*****/[0m     [91m,)))))[0m 
    [94m#%%[0m  [94m%%%[0m  [94m%%%#[0m      [94m.%%%%%%/[0m      [94m(%%%%%%,[0m  [92m///////.[0m     [93m/*****[0m      [91m))))).[0m
  [94m#%%%%.[0m      [94m%%%%%#[0m      [94m/%%%%%%*[0m      [94m#%%%%%%[0m   [92m/////)[0m     [93m******[0m      [91m))))),[0m
    [94m#%%%%##%[0m  [94m%%%#[0m      [94m.%%%%%%/[0m      [94m(%%%%%%,[0m  [92m///////.[0m     [93m/*****[0m      [91m))))).[0m
      [94m##[0m     [94m%%%[0m      [94m.%%%%%%/[0m      [94m*%%%%%%,[0m  [92m////////.[0m      [93m*****/[0m     [91m,)))))[0m 
        [94m#%%%%#[0m      [94m/%%%%%%/[0m      [94m(%%%%%%[0m      [92m/)/)//[0m       [93m******[0m      [91m))))))[0m 
          [94m##[0m      [94m.%%%%%%/[0m      [94m(%%%%%%,[0m                  [93m*******[0m      [91m))))))[0m  
                [94m.%%%%%%/[0m      [94m*%%%%%%,[0m  [93m**.[0m             [93m/*******[0m      [91m.))))))[0m  
              [94m*%%%%%%/[0m      [94m(%%%%%%[0m   [93m********/*..,*/*********[0m       [91m*))))))[0m   
                [94m#%%/[0m      [94m(%%%%%%,[0m    [93m*********************/[0m        [91m)))))))[0m    
                        [94m*%%%%%%,[0m         [93m,**************/[0m         [91m,))))))/[0m     
                      [94m(%%%%%%[0m   [91m()[0m                              [91m))))))))[0m       
                      [94m#%%%%,[0m  [91m())))))[0m                        [91m,)))))))),[0m        
                        [94m#,[0m    [91m())))))))))[0m                [91m,)))))))))).[0m          
                                 [91m()))))))))))))))))))))))))))))))/[0m             
                                    [91m())))))))))))))))))))))))).[0m                
                                         [91m())))))))))))))),[0m                     

-=# [1;94m geomeTRIC started. Version: 1.0+1.ga176318.dirty [0m #=-
Current date and time: 2023-01-10 16:32:38
Backed up existing log file: water2.log -> water2_9.log
Using convergence criteria: convergence_grms 1.00e-10
Using convergence criteria: convergence_gmax 1.00e-10
Using convergence criteria: convergence_energy 1.00e-11
Using convergence criteria: convergence_drms 1.00e-08
Using convergence criteria: convergence_dmax 1.00e-08
Gaussian engine selected. Expecting Gaussian input for gradient calculation. 
The gaussian engine exe is set as g16
Bonds will be generated from interatomic distances less than 1.20 times sum of covalent radii
18 internal coordinates being used (instead of 18 Cartesians)
Internal coordinate system (atoms numbered from 1):
Distance 1-2
Distance 1-3
Distance 4-5
Distance 4-6
Angle 2-1-3
Angle 5-4-6
Translation-X 1-3
Translation-X 4-6
Translation-Y 1-3
Translation-Y 4-6
Translation-Z 1-3
Translation-Z 4-6
Rotation-A 1-3
Rotation-A 4-6
Rotation-B 1-3
Rotation-B 4-6
Rotation-C 1-3
Rotation-C 4-6
<class 'geometric.internal.Distance'> : 4
<class 'geometric.internal.Angle'> : 2
<class 'geometric.internal.TranslationX'> : 2
<class 'geometric.internal.TranslationY'> : 2
<class 'geometric.internal.TranslationZ'> : 2
<class 'geometric.internal.RotationA'> : 2
<class 'geometric.internal.RotationB'> : 2
<class 'geometric.internal.RotationC'> : 2
> ===== Optimization Info: ====
> Job type: Energy minimization
> Maximum number of optimization cycles: 300
> Initial / maximum trust radius (Angstrom): 0.100 / 0.300
> Convergence Criteria:
> Will converge when all 5 criteria are reached:
>  |Delta-E| < 1.00e-11
>  RMS-Grad  < 1.00e-10
>  Max-Grad  < 1.00e-10
>  RMS-Disp  < 1.00e-08
>  Max-Disp  < 1.00e-08
> === End Optimization Info ===
Step    0 : Gradient = 4.640e-02/6.045e-02 (rms/max) Energy = -149.9331787291
Hessian Eigenvalues: 5.00000e-02 5.00000e-02 5.00000e-02 ... 5.60798e-01 5.60798e-01 5.60816e-01
Step    1 : Displace = [0m6.047e-02[0m/[0m1.032e-01[0m (rms/max) Trust = 1.000e-01 (=) Grad = [0m7.999e-03[0m/[0m1.290e-02[0m (rms/max) E (change) = -149.9392399161 ([0m-6.061e-03[0m) Quality = [0m0.858[0m
Hessian Eigenvalues: 4.53654e-02 5.00000e-02 5.00000e-02 ... 5.60798e-01 5.60802e-01 6.18670e-01
Step    2 : Displace = [0m3.131e-02[0m/[0m5.329e-02[0m (rms/max) Trust = 1.414e-01 ([92m+[0m) Grad = [0m3.123e-03[0m/[0m3.943e-03[0m (rms/max) E (change) = -149.9396602688 ([0m-4.204e-04[0m) Quality = [0m0.986[0m
Hessian Eigenvalues: 2.93079e-02 4.99408e-02 5.00000e-02 ... 5.60416e-01 5.60798e-01 5.61224e-01
Step    3 : Displace = [0m2.793e-02[0m/[0m4.606e-02[0m (rms/max) Trust = 2.000e-01 ([92m+[0m) Grad = [0m2.065e-03[0m/[0m2.989e-03[0m (rms/max) E (change) = -149.9398958332 ([0m-2.356e-04[0m) Quality = [0m1.303[0m
Hessian Eigenvalues: 1.52358e-02 4.98356e-02 5.00000e-02 ... 5.60748e-01 5.61157e-01 7.65979e-01
Step    4 : Displace = [0m3.710e-02[0m/[0m5.391e-02[0m (rms/max) Trust = 2.828e-01 ([92m+[0m) Grad = [0m1.786e-03[0m/[0m2.036e-03[0m (rms/max) E (change) = -149.9400518215 ([0m-1.560e-04[0m) Quality = [0m1.427[0m
Hessian Eigenvalues: 8.65628e-03 4.74786e-02 5.00000e-02 ... 5.60764e-01 5.61689e-01 7.23255e-01
Step    5 : Displace = [0m4.007e-02[0m/[0m5.646e-02[0m (rms/max) Trust = 3.000e-01 ([92m+[0m) Grad = [0m6.704e-04[0m/[0m9.080e-04[0m (rms/max) E (change) = -149.9401447134 ([0m-9.289e-05[0m) Quality = [0m1.263[0m
Hessian Eigenvalues: 7.28795e-03 4.25593e-02 5.00000e-02 ... 5.60790e-01 5.61529e-01 6.87388e-01
Step    6 : Displace = [0m1.839e-02[0m/[0m3.013e-02[0m (rms/max) Trust = 3.000e-01 (=) Grad = [0m3.886e-04[0m/[0m4.599e-04[0m (rms/max) E (change) = -149.9401739330 ([0m-2.922e-05[0m) Quality = [0m1.345[0m
Hessian Eigenvalues: 6.00342e-03 2.60660e-02 4.98606e-02 ... 5.60888e-01 5.64009e-01 7.28794e-01
Step    7 : Displace = [0m1.767e-02[0m/[0m2.822e-02[0m (rms/max) Trust = 3.000e-01 (=) Grad = [0m6.067e-04[0m/[0m7.978e-04[0m (rms/max) E (change) = -149.9401981436 ([0m-2.421e-05[0m) Quality = [0m1.381[0m
Hessian Eigenvalues: 4.02565e-03 1.51850e-02 4.98828e-02 ... 5.60892e-01 5.76950e-01 7.47438e-01
Step    8 : Displace = [0m2.740e-02[0m/[0m4.324e-02[0m (rms/max) Trust = 3.000e-01 (=) Grad = [0m8.784e-04[0m/[0m9.661e-04[0m (rms/max) E (change) = -149.9402410164 ([0m-4.287e-05[0m) Quality = [0m1.669[0m
Hessian Eigenvalues: 1.24565e-03 1.15839e-02 4.96598e-02 ... 5.61021e-01 5.81596e-01 7.59667e-01
Step    9 : Displace = [0m1.122e-01[0m/[0m1.775e-01[0m (rms/max) Trust = 3.000e-01 (=) Grad = [0m1.711e-03[0m/[0m2.199e-03[0m (rms/max) E (change) = -149.9404141352 ([0m-1.731e-04[0m) Quality = [0m1.632[0m
Hessian Eigenvalues: 3.75630e-04 1.12140e-02 4.99020e-02 ... 5.61543e-01 5.81785e-01 7.71995e-01
Step   10 : Displace = [0m3.299e-01[0m/[0m5.444e-01[0m (rms/max) Trust = 3.000e-01 (=) Grad = [0m3.255e-03[0m/[0m4.843e-03[0m (rms/max) E (change) = -149.9404254961 ([0m-1.136e-05[0m) Quality = [0m0.036[0m
Hessian Eigenvalues: 9.66029e-04 1.11326e-02 4.98850e-02 ... 5.61759e-01 5.81964e-01 7.62056e-01
Step   11 : Displace = [0m1.516e-01[0m/[0m2.412e-01[0m (rms/max) Trust = 1.500e-01 ([91m-[0m) Grad = [0m1.997e-03[0m/[0m2.770e-03[0m (rms/max) E (change) = -149.9408500792 ([0m-4.246e-04[0m) Quality = [0m1.096[0m
Hessian Eigenvalues: 1.50359e-03 1.10995e-02 4.64610e-02 ... 5.61723e-01 5.81563e-01 7.23359e-01
Step   12 : Displace = [0m2.728e-02[0m/[0m3.996e-02[0m (rms/max) Trust = 2.121e-01 ([92m+[0m) Grad = [0m1.120e-03[0m/[0m1.408e-03[0m (rms/max) E (change) = -149.9410823200 ([0m-2.322e-04[0m) Quality = [0m1.542[0m
Hessian Eigenvalues: 1.17316e-03 1.01923e-02 3.91780e-02 ... 5.62371e-01 5.81834e-01 7.08330e-01
Step   13 : Displace = [0m1.122e-01[0m/[0m1.773e-01[0m (rms/max) Trust = 3.000e-01 ([92m+[0m) Grad = [0m5.097e-04[0m/[0m8.291e-04[0m (rms/max) E (change) = -149.9412297097 ([0m-1.474e-04[0m) Quality = [0m0.842[0m
Hessian Eigenvalues: 1.24354e-03 1.10355e-02 4.02269e-02 ... 5.62243e-01 5.82045e-01 7.08218e-01
Step   14 : Displace = [0m1.673e-02[0m/[0m2.518e-02[0m (rms/max) Trust = 3.000e-01 (=) Grad = [0m1.636e-04[0m/[0m2.600e-04[0m (rms/max) E (change) = -149.9412400478 ([0m-1.034e-05[0m) Quality = [0m0.831[0m
Hessian Eigenvalues: 1.18456e-03 1.42545e-02 3.80801e-02 ... 5.63028e-01 5.82976e-01 7.07535e-01
Step   15 : Displace = [0m4.878e-03[0m/[0m6.309e-03[0m (rms/max) Trust = 3.000e-01 (=) Grad = [0m1.108e-04[0m/[0m1.740e-04[0m (rms/max) E (change) = -149.9412419683 ([0m-1.920e-06[0m) Quality = [0m1.284[0m
Hessian Eigenvalues: 1.23559e-03 9.83740e-03 3.32771e-02 ... 5.63684e-01 5.81799e-01 7.22955e-01
Step   16 : Displace = [0m3.096e-03[0m/[0m4.905e-03[0m (rms/max) Trust = 3.000e-01 (=) Grad = [0m8.585e-05[0m/[0m1.237e-04[0m (rms/max) E (change) = -149.9412434882 ([0m-1.520e-06[0m) Quality = [0m1.441[0m
Hessian Eigenvalues: 1.24595e-03 7.13254e-03 2.65802e-02 ... 5.65476e-01 5.83974e-01 7.23690e-01
Step   17 : Displace = [0m4.548e-03[0m/[0m6.112e-03[0m (rms/max) Trust = 3.000e-01 (=) Grad = [0m3.543e-05[0m/[0m5.046e-05[0m (rms/max) E (change) = -149.9412442973 ([0m-8.091e-07[0m) Quality = [0m1.140[0m
Hessian Eigenvalues: 1.23110e-03 7.43061e-03 2.43083e-02 ... 5.65059e-01 5.84001e-01 7.16405e-01
Step   18 : Displace = [0m7.337e-04[0m/[0m1.023e-03[0m (rms/max) Trust = 3.000e-01 (=) Grad = [0m8.186e-06[0m/[0m1.065e-05[0m (rms/max) E (change) = -149.9412443445 ([0m-4.723e-08[0m) Quality = [0m1.149[0m
Hessian Eigenvalues: 1.22416e-03 7.64032e-03 2.37209e-02 ... 5.64416e-01 5.84167e-01 7.06156e-01
Step   19 : Displace = [0m1.484e-04[0m/[0m2.568e-04[0m (rms/max) Trust = 3.000e-01 (=) Grad = [0m4.844e-06[0m/[0m8.330e-06[0m (rms/max) E (change) = -149.9412443491 ([0m-4.580e-09[0m) Quality = [0m1.426[0m
Hessian Eigenvalues: 1.24239e-03 7.77810e-03 1.66000e-02 ... 5.70907e-01 5.85847e-01 7.29998e-01
Step   20 : Displace = [0m1.553e-04[0m/[0m2.847e-04[0m (rms/max) Trust = 3.000e-01 (=) Grad = [0m6.199e-06[0m/[0m9.518e-06[0m (rms/max) E (change) = -149.9412443533 ([0m-4.202e-09[0m) Quality = [0m1.509[0m
Hessian Eigenvalues: 1.25148e-03 6.86646e-03 8.52517e-03 ... 5.70998e-01 5.86521e-01 7.51025e-01
Step   21 : Displace = [0m2.397e-04[0m/[0m3.255e-04[0m (rms/max) Trust = 3.000e-01 (=) Grad = [0m5.845e-06[0m/[0m7.656e-06[0m (rms/max) E (change) = -149.9412443576 ([0m-4.304e-09[0m) Quality = [0m1.334[0m
Hessian Eigenvalues: 1.22778e-03 4.92829e-03 9.10706e-03 ... 5.70106e-01 5.86290e-01 7.38262e-01
Step   22 : Displace = [0m1.587e-04[0m/[0m2.113e-04[0m (rms/max) Trust = 3.000e-01 (=) Grad = [0m2.420e-06[0m/[0m3.021e-06[0m (rms/max) E (change) = -149.9412443591 ([0m-1.494e-09[0m) Quality = [0m1.232[0m
Hessian Eigenvalues: 1.20102e-03 4.90395e-03 9.44787e-03 ... 5.68021e-01 5.85194e-01 7.13577e-01
Step   23 : Displace = [0m4.960e-05[0m/[0m6.556e-05[0m (rms/max) Trust = 3.000e-01 (=) Grad = [0m3.688e-07[0m/[0m4.115e-07[0m (rms/max) E (change) = -149.9412443593 ([0m-1.937e-10[0m) Quality = [0m1.123[0m
Hessian Eigenvalues: 1.19973e-03 5.20439e-03 8.95998e-03 ... 5.66922e-01 5.84660e-01 7.04358e-01
Step   24 : Displace = [0m8.881e-06[0m/[0m1.664e-05[0m (rms/max) Trust = 3.000e-01 (=) Grad = [0m1.617e-08[0m/[0m2.337e-08[0m (rms/max) E (change) = -149.9412443593 ([92m-6.622e-12[0m) Quality = [0m1.059[0m
Hessian Eigenvalues: 1.19973e-03 5.20439e-03 8.95998e-03 ... 5.66922e-01 5.84660e-01 7.04358e-01
Step   25 : Displace = [0m1.140e-06[0m/[0m1.692e-06[0m (rms/max) Trust = 3.000e-01 (=) Grad = [0m2.877e-09[0m/[0m4.169e-09[0m (rms/max) E (change) = -149.9412443593 ([92m-1.990e-13[0m) Quality = [0m3.304[0m
Hessian Eigenvalues: 1.19973e-03 5.20439e-03 8.95998e-03 ... 5.66922e-01 5.84660e-01 7.04358e-01
Step   26 : Displace = [0m1.532e-07[0m/[0m2.272e-07[0m (rms/max) Trust = 3.000e-01 (=) Grad = [0m4.508e-10[0m/[0m6.076e-10[0m (rms/max) E (change) = -149.9412443593 ([92m-1.990e-13[0m) Quality = [0m179.111[0m
Hessian Eigenvalues: 1.19973e-03 5.20439e-03 8.95998e-03 ... 5.66922e-01 5.84660e-01 7.04358e-01
Step   27 : Displace = [0m2.090e-08[0m/[0m3.112e-08[0m (rms/max) Trust = 3.000e-01 (=) Grad = [92m9.291e-11[0m/[0m1.422e-10[0m (rms/max) E (change) = -149.9412443593 ([92m+5.116e-13[0m) Quality = [91m-24816.639[0m
[93mNot rejecting step - RMS displacement close to tmin = 1.000e-04[0m
Hessian Eigenvalues: 1.19973e-03 5.20439e-03 8.95998e-03 ... 5.66922e-01 5.84660e-01 7.04358e-01
Step   28 : Displace = [92m2.801e-09[0m/[92m4.138e-09[0m (rms/max) Trust = 1.000e-04 ([91m-[0m) Grad = [0m9.418e-10[0m/[0m1.607e-09[0m (rms/max) E (change) = -149.9412443593 ([92m-1.990e-13[0m) Quality = [0m512403.794[0m
Hessian Eigenvalues: 1.19973e-03 5.20439e-03 8.95998e-03 ... 5.66922e-01 5.84660e-01 7.04358e-01
Step   29 : Displace = [0m1.983e-07[0m/[0m2.977e-07[0m (rms/max) Trust = 1.414e-04 ([92m+[0m) Grad = [0m8.686e-10[0m/[0m1.508e-09[0m (rms/max) E (change) = -149.9412443593 ([92m-1.137e-13[0m) Quality = [0m204.869[0m
Hessian Eigenvalues: 1.19973e-03 5.20439e-03 8.95998e-03 ... 5.66922e-01 5.84660e-01 7.04358e-01
Step   30 : Displace = [0m1.951e-07[0m/[0m2.980e-07[0m (rms/max) Trust = 2.000e-04 ([92m+[0m) Grad = [0m2.760e-10[0m/[0m2.927e-10[0m (rms/max) E (change) = -149.9412443593 ([92m-1.990e-13[0m) Quality = [0m421.922[0m
Hessian Eigenvalues: 1.19973e-03 5.20439e-03 8.95998e-03 ... 5.66922e-01 5.84660e-01 7.04358e-01
Step   31 : Displace = [0m1.066e-08[0m/[0m1.736e-08[0m (rms/max) Trust = 2.828e-04 ([92m+[0m) Grad = [92m5.254e-11[0m/[92m8.832e-11[0m (rms/max) E (change) = -149.9412443593 ([92m+5.116e-13[0m) Quality = [91m-76283.503[0m
[93mNot rejecting step - RMS displacement close to tmin = 1.000e-04[0m
Hessian Eigenvalues: 1.19973e-03 5.20439e-03 8.95998e-03 ... 5.66922e-01 5.84660e-01 7.04358e-01
Step   32 : Displace = [92m2.415e-09[0m/[92m3.351e-09[0m (rms/max) Trust = 1.000e-04 ([91m-[0m) Grad = [0m6.998e-10[0m/[0m1.003e-09[0m (rms/max) E (change) = -149.9412443593 ([92m-3.979e-13[0m) Quality = [0m2935064.631[0m
Hessian Eigenvalues: 1.19973e-03 5.20439e-03 8.95998e-03 ... 5.66922e-01 5.84660e-01 7.04358e-01
Step   33 : Displace = [0m4.324e-07[0m/[0m6.907e-07[0m (rms/max) Trust = 1.414e-04 ([92m+[0m) Grad = [0m1.063e-09[0m/[0m1.416e-09[0m (rms/max) E (change) = -149.9412443593 ([92m+1.990e-13[0m) Quality = [91m-150.019[0m
[93mNot rejecting step - RMS displacement close to tmin = 1.000e-04[0m
Hessian Eigenvalues: 1.19973e-03 5.20439e-03 8.95998e-03 ... 5.66922e-01 5.84660e-01 7.04358e-01
Step   34 : Displace = [0m4.479e-07[0m/[0m7.162e-07[0m (rms/max) Trust = 1.000e-04 ([91m-[0m) Grad = [0m9.049e-10[0m/[0m1.078e-09[0m (rms/max) E (change) = -149.9412443593 ([92m+3.126e-13[0m) Quality = [91m-221.895[0m
[93mNot rejecting step - trust below tmin = 1.000e-04[0m
Hessian Eigenvalues: 1.19973e-03 5.20439e-03 8.95998e-03 ... 5.66922e-01 5.84660e-01 7.04358e-01
Step   35 : Displace = [0m2.274e-08[0m/[0m3.340e-08[0m (rms/max) Trust = 1.000e-04 (=) Grad = [0m1.337e-10[0m/[0m2.394e-10[0m (rms/max) E (change) = -149.9412443593 ([92m-4.263e-13[0m) Quality = [0m24148.848[0m
Hessian Eigenvalues: 1.19973e-03 5.20439e-03 8.95998e-03 ... 5.66922e-01 5.84660e-01 7.04358e-01
Step   36 : Displace = [92m5.386e-09[0m/[92m8.318e-09[0m (rms/max) Trust = 1.414e-04 ([92m+[0m) Grad = [92m2.850e-11[0m/[92m3.749e-11[0m (rms/max) E (change) = -149.9412443593 ([92m-1.990e-13[0m) Quality = [0m398433.022[0m
Hessian Eigenvalues: 1.19973e-03 5.20439e-03 8.95998e-03 ... 5.66922e-01 5.84660e-01 7.04358e-01
Converged! =D

    #==========================================================================#
    #| If this code has benefited your research, please support us by citing: |#
    #|                                                                        |#
    #| Wang, L.-P.; Song, C.C. (2016) "Geometry optimization made simple with |#
    #| translation and rotation coordinates", J. Chem, Phys. 144, 214108.     |#
    #| http://dx.doi.org/10.1063/1.4952956                                    |#
    #==========================================================================#
    Time elapsed since start of run_optimizer: 121.221 seconds
