-=# [1;94m geomeTRIC started. Version: 0.9.5.1+33.g0007fbf.dirty [0m #=-
geometric-optimize called with the following command line:
/home/leeping/opt/miniconda3/bin/geometric-optimize --pdb captan.pdb --openmm state.xml
Treating the provided xml as a force field XML file72 internal coordinates being used (instead of 72 Cartesians)
<class 'geometric.internal.Distance'> : 25
<class 'geometric.internal.Angle'> : 41
<class 'geometric.internal.OutOfPlane'> : 5
<class 'geometric.internal.Dihedral'> : 68
<class 'geometric.internal.TranslationX'> : 1
<class 'geometric.internal.TranslationY'> : 1
<class 'geometric.internal.TranslationZ'> : 1
<class 'geometric.internal.RotationA'> : 1
<class 'geometric.internal.RotationB'> : 1
<class 'geometric.internal.RotationC'> : 1
Step    0 : Gradient = 1.229e-02/3.176e-02 (rms/max) Energy = -0.0038815187
Hessian Eigenvalues: 2.30000e-02 2.30000e-02 2.30117e-02 ... 5.33899e-01 9.53779e-01 9.58084e-01
Step    1 : Displace = [0m7.402e-02[0m/[0m1.490e-01[0m (rms/max) Trust = 1.000e-01 (=) Grad = [0m5.335e-03[0m/[0m1.683e-02[0m (rms/max) E (change) = -0.0111100561 ([0m-7.229e-03[0m) Quality = [0m0.983[0m
Hessian Eigenvalues: 1.87107e-02 2.30029e-02 2.31272e-02 ... 5.34770e-01 9.50313e-01 9.56520e-01
Step    2 : Displace = [0m7.205e-02[0m/[0m1.356e-01[0m (rms/max) Trust = 1.414e-01 ([92m+[0m) Grad = [0m6.941e-03[0m/[0m2.229e-02[0m (rms/max) E (change) = -0.0112476534 ([0m-1.376e-04[0m) Quality = [0m0.048[0m
Hessian Eigenvalues: 1.64105e-02 2.30153e-02 2.31832e-02 ... 7.03579e-01 9.48515e-01 9.56277e-01
Step    3 : Displace = [0m4.306e-02[0m/[0m8.470e-02[0m (rms/max) Trust = 7.071e-02 ([91m-[0m) Grad = [0m1.392e-03[0m/[0m3.166e-03[0m (rms/max) E (change) = -0.0133156078 ([0m-2.068e-03[0m) Quality = [0m1.084[0m
Hessian Eigenvalues: 1.56157e-02 2.23646e-02 2.31229e-02 ... 7.23877e-01 9.48560e-01 9.56267e-01
Step    4 : Displace = [0m3.823e-02[0m/[0m1.005e-01[0m (rms/max) Trust = 1.000e-01 ([92m+[0m) Grad = [0m9.923e-04[0m/[0m2.294e-03[0m (rms/max) E (change) = -0.0137731789 ([0m-4.576e-04[0m) Quality = [0m1.349[0m
Hessian Eigenvalues: 4.64498e-03 2.05303e-02 2.31248e-02 ... 7.86208e-01 9.49176e-01 9.56440e-01
Step    5 : Displace = [0m1.459e-01[0m/[0m4.434e-01[0m (rms/max) Trust = 1.414e-01 ([92m+[0m) Grad = [0m2.659e-03[0m/[0m6.838e-03[0m (rms/max) E (change) = -0.0149468088 ([0m-1.174e-03[0m) Quality = [0m1.658[0m
Hessian Eigenvalues: 1.11291e-03 2.15353e-02 2.31414e-02 ... 8.48481e-01 9.53260e-01 9.59759e-01
Step    6 : Displace = [0m2.093e-01[0m/[0m6.437e-01[0m (rms/max) Trust = 2.000e-01 ([92m+[0m) Grad = [0m3.892e-03[0m/[0m8.914e-03[0m (rms/max) E (change) = -0.0156733121 ([0m-7.265e-04[0m) Quality = [0m0.499[0m
Hessian Eigenvalues: 3.88139e-03 2.11222e-02 2.32399e-02 ... 7.23620e-01 9.49297e-01 9.56447e-01
Step    7 : Displace = [0m9.059e-02[0m/[0m2.523e-01[0m (rms/max) Trust = 2.000e-01 (=) Grad = [0m2.349e-03[0m/[0m4.994e-03[0m (rms/max) E (change) = -0.0168280757 ([0m-1.155e-03[0m) Quality = [0m1.108[0m
Hessian Eigenvalues: 3.89694e-03 1.29958e-02 2.29075e-02 ... 6.99355e-01 9.48008e-01 9.56144e-01
Step    8 : Displace = [0m6.983e-02[0m/[0m1.683e-01[0m (rms/max) Trust = 2.828e-01 ([92m+[0m) Grad = [0m2.396e-03[0m/[0m7.366e-03[0m (rms/max) E (change) = -0.0178145787 ([0m-9.865e-04[0m) Quality = [0m1.024[0m
Hessian Eigenvalues: 3.86852e-03 8.50774e-03 2.31113e-02 ... 7.29640e-01 9.48885e-01 9.56400e-01
Step    9 : Displace = [0m9.788e-02[0m/[0m3.045e-01[0m (rms/max) Trust = 3.000e-01 ([92m+[0m) Grad = [0m2.252e-03[0m/[0m7.248e-03[0m (rms/max) E (change) = -0.0180970179 ([0m-2.824e-04[0m) Quality = [0m0.475[0m
Hessian Eigenvalues: 3.51291e-03 9.21153e-03 2.31394e-02 ... 7.09989e-01 9.48829e-01 9.56306e-01
Step   10 : Displace = [0m2.083e-02[0m/[0m6.025e-02[0m (rms/max) Trust = 3.000e-01 (=) Grad = [0m5.400e-04[0m/[0m1.223e-03[0m (rms/max) E (change) = -0.0182716509 ([0m-1.746e-04[0m) Quality = [0m0.836[0m
Hessian Eigenvalues: 3.89000e-03 9.35386e-03 2.30492e-02 ... 7.08780e-01 9.45741e-01 9.55834e-01
Step   11 : Displace = [0m4.037e-02[0m/[0m1.197e-01[0m (rms/max) Trust = 3.000e-01 (=) Grad = [92m2.145e-04[0m/[92m4.255e-04[0m (rms/max) E (change) = -0.0182887934 ([0m-1.714e-05[0m) Quality = [0m0.463[0m
Hessian Eigenvalues: 6.77623e-03 9.21122e-03 2.27740e-02 ... 7.08409e-01 9.40399e-01 9.55468e-01
Step   12 : Displace = [0m1.732e-02[0m/[0m5.312e-02[0m (rms/max) Trust = 3.000e-01 (=) Grad = [92m1.043e-04[0m/[92m2.272e-04[0m (rms/max) E (change) = -0.0183003667 ([0m-1.157e-05[0m) Quality = [0m1.061[0m
Hessian Eigenvalues: 6.40636e-03 9.12581e-03 2.22467e-02 ... 7.13806e-01 9.38169e-01 9.55455e-01
Step   13 : Displace = [0m2.307e-03[0m/[0m6.582e-03[0m (rms/max) Trust = 3.000e-01 (=) Grad = [92m4.949e-05[0m/[92m1.272e-04[0m (rms/max) E (change) = -0.0183013353 ([92m-9.686e-07[0m) Quality = [0m1.310[0m
Hessian Eigenvalues: 6.73454e-03 8.42519e-03 1.46854e-02 ... 7.12610e-01 9.30217e-01 9.55278e-01
Step   14 : Displace = [0m1.274e-03[0m/[0m2.513e-03[0m (rms/max) Trust = 3.000e-01 (=) Grad = [92m2.847e-05[0m/[92m9.201e-05[0m (rms/max) E (change) = -0.0183017287 ([92m-3.933e-07[0m) Quality = [0m1.046[0m
Hessian Eigenvalues: 7.00327e-03 8.23191e-03 1.16903e-02 ... 7.13830e-01 9.40946e-01 9.55516e-01
Step   15 : Displace = [92m7.197e-04[0m/[0m2.134e-03[0m (rms/max) Trust = 3.000e-01 (=) Grad = [92m1.878e-05[0m/[92m6.455e-05[0m (rms/max) E (change) = -0.0183017766 ([92m-4.794e-08[0m) Quality = [0m0.960[0m
Hessian Eigenvalues: 6.80944e-03 8.41524e-03 1.05391e-02 ... 7.12560e-01 9.22984e-01 9.55232e-01
Step   16 : Displace = [92m1.665e-04[0m/[92m4.786e-04[0m (rms/max) Trust = 3.000e-01 (=) Grad = [92m4.931e-06[0m/[92m1.182e-05[0m (rms/max) E (change) = -0.0183017885 ([92m-1.193e-08[0m) Quality = [0m1.203[0m
Converged! =D
Time elapsed since start of run_optimizer: 2.029 seconds
