-=# [1;94m geomeTRIC started. Version: 0.9.4+18.g403e019.dirty [0m #=-
geometric-optimize called with the following command line:
/home/leeping/opt/miniconda3/envs/geometric_psi4/bin/geometric-optimize --qchem --enforce 0.1 ethane.in constraints.txt
Backed up existing log file: ethane.log -> ethane_19.log
ethane.tmp exists ; make sure nothing else is writing to the folder
$scan
dihedral 2 1 5 6 100.0 120.0 3
24 internal coordinates being used (instead of 24 Cartesians)
Internal coordinate system (atoms numbered from 1):
Dihedral 2-1-5-6
Distance 1-2
Distance 1-3
Distance 1-4
Distance 1-5
Distance 5-6
Distance 5-7
Distance 5-8
Angle 2-1-3
Angle 2-1-4
Angle 2-1-5
Angle 3-1-4
Angle 3-1-5
Angle 4-1-5
Angle 1-5-6
Angle 1-5-7
Angle 1-5-8
Angle 6-5-7
Angle 6-5-8
Angle 7-5-8
Dihedral 2-1-5-7
Dihedral 2-1-5-8
Dihedral 3-1-5-6
Dihedral 3-1-5-7
Dihedral 3-1-5-8
Dihedral 4-1-5-6
Dihedral 4-1-5-7
Dihedral 4-1-5-8
Translation-X 1-8
Translation-Y 1-8
Translation-Z 1-8
Rotation-A 1-8
Rotation-B 1-8
Rotation-C 1-8
<class 'geometric.internal.Dihedral'> : 9
<class 'geometric.internal.Distance'> : 7
<class 'geometric.internal.Angle'> : 12
<class 'geometric.internal.TranslationX'> : 1
<class 'geometric.internal.TranslationY'> : 1
<class 'geometric.internal.TranslationZ'> : 1
<class 'geometric.internal.RotationA'> : 1
<class 'geometric.internal.RotationB'> : 1
<class 'geometric.internal.RotationC'> : 1
---=== Scan 1/3 : Constrained Optimization ===---
Constraint                         Current      Target       Diff.
Dihedral 2-1-5-6                 141.96999   100.00000    41.96999
Step    0 : Gradient = 1.051e-02/1.093e-02 (rms/max) Energy = -78.7890186014
Hessian Eigenvalues: 2.30000e-02 5.00000e-02 5.00000e-02 ... 3.72301e-01 3.72301e-01 3.72301e-01
Step    1 : Displace = [0m8.742e-02[0m/[0m1.201e-01[0m (rms/max) Trust = 1.000e-01 (=) Grad_T = [0m4.391e-03[0m/[0m5.513e-03[0m (rms/max) E (change) = -78.7877022849 ([0m+1.316e-03[0m) Quality = [0m0.363[0m
Constraint                         Current      Target       Diff.
Dihedral 2-1-5-6                 124.98965   100.00000    24.98965
Hessian Eigenvalues: 1.07725e-02 5.00000e-02 5.00000e-02 ... 3.72301e-01 3.72301e-01 4.18109e-01
Step    2 : Displace = [0m6.619e-02[0m/[0m8.216e-02[0m (rms/max) Trust = 1.000e-01 (=) Grad_T = [0m5.734e-03[0m/[0m6.572e-03[0m (rms/max) E (change) = -78.7864684228 ([0m+1.234e-03[0m) Quality = [0m0.475[0m
Constraint                         Current      Target       Diff.
Dihedral 2-1-5-6                 114.92429   100.00000    14.92429
Hessian Eigenvalues: 6.49083e-06 5.00000e-02 5.00000e-02 ... 3.72301e-01 3.87333e-01 4.52182e+00
Step    3 : Displace = [0m7.629e-02[0m/[0m1.008e-01[0m (rms/max) Trust = 1.000e-01 (=) Grad_T = [0m1.470e-02[0m/[0m2.222e-02[0m (rms/max) E (change) = -78.7871966642 ([0m-7.282e-04[0m) Quality = [0m1.455[0m
Constraint                         Current      Target       Diff.
Dihedral 2-1-5-6                 109.00719   100.00000     9.00719
Hessian Eigenvalues: 5.13302e-06 5.00000e-02 5.00000e-02 ... 3.72301e-01 3.90213e-01 4.71284e+00
Step    4 : Displace = [0m3.428e-02[0m/[0m4.157e-02[0m (rms/max) Trust = 1.414e-01 ([92m+[0m) Grad_T = [0m1.758e-02[0m/[0m2.755e-02[0m (rms/max) E (change) = -78.7871508519 ([0m+4.581e-05[0m) Quality = [0m0.251[0m
Constraint                         Current      Target       Diff.
Dihedral 2-1-5-6                 105.40503   100.00000     5.40503
Hessian Eigenvalues: 7.04578e-07 5.00000e-02 5.00000e-02 ... 3.75477e-01 3.99226e-01 3.03007e+00
<<< Enforcing constraint satisfaction >>>
Step    5 : Displace = [0m5.058e-02[0m/[0m6.412e-02[0m (rms/max) Trust = 1.414e-01 (=) Grad_T = [0m1.906e-02[0m/[0m3.190e-02[0m (rms/max) E (change) = -78.7877057755 ([0m-5.549e-04[0m) Quality = [0m5.529[0m
Hessian Eigenvalues: 1.47033e-08 4.99996e-02 5.00000e-02 ... 3.78436e-01 4.00919e-01 3.01296e+00
Step    6 : Displace = [0m4.695e-02[0m/[0m6.557e-02[0m (rms/max) Trust = 2.000e-01 ([92m+[0m) Grad_T = [0m5.800e-03[0m/[0m8.951e-03[0m (rms/max) E (change) = -78.7903361443 ([0m-2.630e-03[0m) Quality = [0m0.925[0m
Hessian Eigenvalues: 1.49211e-08 4.99997e-02 5.00000e-02 ... 3.86302e-01 3.99790e-01 2.98146e+00
Step    7 : Displace = [0m1.317e-02[0m/[0m1.990e-02[0m (rms/max) Trust = 2.828e-01 ([92m+[0m) Grad_T = [0m3.646e-03[0m/[0m6.890e-03[0m (rms/max) E (change) = -78.7905859546 ([0m-2.498e-04[0m) Quality = [0m1.182[0m
Hessian Eigenvalues: 1.50670e-08 4.99997e-02 5.00000e-02 ... 3.91134e-01 4.15663e-01 2.86416e+00
Step    8 : Displace = [0m5.302e-03[0m/[0m7.504e-03[0m (rms/max) Trust = 3.000e-01 ([92m+[0m) Grad_T = [0m3.145e-03[0m/[0m6.054e-03[0m (rms/max) E (change) = -78.7906233264 ([0m-3.737e-05[0m) Quality = [0m1.332[0m
Hessian Eigenvalues: 1.41094e-08 4.99997e-02 5.00000e-02 ... 3.91553e-01 4.19728e-01 2.07815e+00
Step    9 : Displace = [0m2.097e-03[0m/[0m3.057e-03[0m (rms/max) Trust = 3.000e-01 (=) Grad_T = [0m2.585e-03[0m/[0m4.984e-03[0m (rms/max) E (change) = -78.7906480651 ([0m-2.474e-05[0m) Quality = [0m1.599[0m
Hessian Eigenvalues: 1.32239e-08 4.99997e-02 4.99999e-02 ... 3.91579e-01 4.17312e-01 8.01748e-01
Step   10 : Displace = [0m2.629e-03[0m/[0m3.100e-03[0m (rms/max) Trust = 3.000e-01 (=) Grad_T = [0m1.396e-03[0m/[0m2.640e-03[0m (rms/max) E (change) = -78.7906881351 ([0m-4.007e-05[0m) Quality = [0m1.367[0m
Hessian Eigenvalues: 1.34367e-08 4.99996e-02 4.99999e-02 ... 3.88994e-01 4.08108e-01 4.60200e-01
Step   11 : Displace = [0m3.003e-03[0m/[0m4.284e-03[0m (rms/max) Trust = 3.000e-01 (=) Grad_T = [0m5.311e-04[0m/[0m9.396e-04[0m (rms/max) E (change) = -78.7907070734 ([0m-1.894e-05[0m) Quality = [0m1.306[0m
Hessian Eigenvalues: 1.50562e-08 4.99996e-02 4.99999e-02 ... 3.72301e-01 3.93363e-01 4.21590e-01
Step   12 : Displace = [0m2.244e-03[0m/[0m3.031e-03[0m (rms/max) Trust = 3.000e-01 (=) Grad_T = [92m1.318e-04[0m/[92m2.266e-04[0m (rms/max) E (change) = -78.7907111796 ([0m-4.106e-06[0m) Quality = [0m1.163[0m
Hessian Eigenvalues: 1.71017e-08 4.99996e-02 4.99999e-02 ... 3.72301e-01 3.92482e-01 4.20044e-01
Step   13 : Displace = [92m5.245e-04[0m/[92m7.775e-04[0m (rms/max) Trust = 3.000e-01 (=) Grad_T = [92m2.431e-05[0m/[92m4.600e-05[0m (rms/max) E (change) = -78.7907113523 ([92m-1.727e-07[0m) Quality = [0m1.154[0m
Converged! =D
---=== Scan 2/3 : Constrained Optimization ===---
Constraint                         Current      Target       Diff.
Dihedral 2-1-5-6                 100.00000   110.00000   -10.00000
Step    0 : Gradient = 3.636e-05/6.619e-05 (rms/max) Energy = -78.7907113523
Hessian Eigenvalues: 2.30000e-02 5.00000e-02 5.00000e-02 ... 3.55770e-01 3.56582e-01 3.56582e-01
Step    1 : Displace = [0m1.842e-02[0m/[0m2.779e-02[0m (rms/max) Trust = 1.000e-01 (=) Grad_T = [0m1.003e-03[0m/[0m1.314e-03[0m (rms/max) E (change) = -78.7901863355 ([0m+5.250e-04[0m) Quality = [0m0.758[0m
Constraint                         Current      Target       Diff.
Dihedral 2-1-5-6                 104.09581   110.00000    -5.90419
Hessian Eigenvalues: 5.91327e-03 5.00000e-02 5.00000e-02 ... 3.55782e-01 3.56582e-01 3.61765e-01
Step    2 : Displace = [0m1.690e-02[0m/[0m2.082e-02[0m (rms/max) Trust = 1.414e-01 ([92m+[0m) Grad_T = [0m1.196e-03[0m/[0m1.414e-03[0m (rms/max) E (change) = -78.7899381656 ([0m+2.482e-04[0m) Quality = [0m0.789[0m
Constraint                         Current      Target       Diff.
Dihedral 2-1-5-6                 106.51512   110.00000    -3.48488
Hessian Eigenvalues: -4.12317e-02 2.20190e-03 5.00000e-02 ... 3.55770e-01 3.55854e-01 3.56582e-01
<<< Enforcing constraint satisfaction >>>
Step    3 : Displace = [0m6.848e-02[0m/[0m9.095e-02[0m (rms/max) Trust = 2.000e-01 ([92m+[0m) Grad_T = [0m2.086e-02[0m/[0m2.532e-02[0m (rms/max) E (change) = -78.7833649532 ([91m+6.573e-03[0m) Quality = [91m-4.925[0m
Hessian Eigenvalues: -4.12317e-02 2.20190e-03 5.00000e-02 ... 3.55770e-01 3.55854e-01 3.56582e-01
Step    4 : Displace = [0m3.434e-02[0m/[0m4.643e-02[0m (rms/max) Trust = 3.424e-02 ([1;91mx[0m) Grad_T = [0m8.816e-03[0m/[0m1.009e-02[0m (rms/max) E (change) = -78.7883601505 ([0m+1.578e-03[0m) Quality = [0m8.286[0m
Hessian Eigenvalues: 1.20897e-03 5.00000e-02 5.00000e-02 ... 3.55843e-01 3.56582e-01 3.79162e-01
Step    5 : Displace = [0m2.465e-02[0m/[0m2.838e-02[0m (rms/max) Trust = 4.842e-02 ([92m+[0m) Grad_T = [0m1.326e-03[0m/[0m1.935e-03[0m (rms/max) E (change) = -78.7896182864 ([0m-1.258e-03[0m) Quality = [0m1.058[0m
Hessian Eigenvalues: 1.20342e-03 5.00000e-02 5.00000e-02 ... 3.55837e-01 3.56582e-01 3.58660e-01
Step    6 : Displace = [0m6.121e-03[0m/[0m8.564e-03[0m (rms/max) Trust = 6.848e-02 ([92m+[0m) Grad_T = [0m1.059e-03[0m/[0m1.419e-03[0m (rms/max) E (change) = -78.7897197416 ([0m-1.015e-04[0m) Quality = [0m1.724[0m
Hessian Eigenvalues: 7.24984e-04 5.00000e-02 5.00000e-02 ... 3.55843e-01 3.56582e-01 3.89344e-01
Step    7 : Displace = [0m2.007e-02[0m/[0m2.680e-02[0m (rms/max) Trust = 9.684e-02 ([92m+[0m) Grad_T = [0m3.455e-04[0m/[0m4.775e-04[0m (rms/max) E (change) = -78.7898740062 ([0m-1.543e-04[0m) Quality = [0m1.048[0m
Hessian Eigenvalues: 6.27431e-04 5.00000e-02 5.00000e-02 ... 3.55844e-01 3.56582e-01 3.93878e-01
Step    8 : Displace = [0m1.528e-03[0m/[0m2.059e-03[0m (rms/max) Trust = 1.370e-01 ([92m+[0m) Grad_T = [92m7.717e-05[0m/[92m1.003e-04[0m (rms/max) E (change) = -78.7898761479 ([0m-2.142e-06[0m) Quality = [0m1.027[0m
Hessian Eigenvalues: 5.73189e-04 5.00000e-02 5.00000e-02 ... 3.56582e-01 3.57736e-01 3.63019e-01
Step    9 : Displace = [92m3.017e-04[0m/[92m5.233e-04[0m (rms/max) Trust = 1.937e-01 ([92m+[0m) Grad_T = [92m1.228e-05[0m/[92m1.439e-05[0m (rms/max) E (change) = -78.7898762488 ([92m-1.009e-07[0m) Quality = [0m0.820[0m
Converged! =D
---=== Scan 3/3 : Constrained Optimization ===---
Constraint                         Current      Target       Diff.
Dihedral 2-1-5-6                 110.00000   120.00000   -10.00000
Step    0 : Gradient = 1.238e-05/1.513e-05 (rms/max) Energy = -78.7898762488
Hessian Eigenvalues: 2.30000e-02 5.00000e-02 5.00000e-02 ... 3.56015e-01 3.56487e-01 3.56487e-01
Step    1 : Displace = [0m1.853e-02[0m/[0m2.793e-02[0m (rms/max) Trust = 1.000e-01 (=) Grad_T = [0m1.013e-03[0m/[0m1.361e-03[0m (rms/max) E (change) = -78.7895266278 ([0m+3.496e-04[0m) Quality = [0m0.667[0m
Constraint                         Current      Target       Diff.
Dihedral 2-1-5-6                 114.09890   120.00000    -5.90110
Hessian Eigenvalues: 5.38608e-03 5.00000e-02 5.00000e-02 ... 3.56029e-01 3.56487e-01 3.61754e-01
Step    2 : Displace = [0m1.689e-02[0m/[0m2.063e-02[0m (rms/max) Trust = 1.000e-01 (=) Grad_T = [0m1.256e-03[0m/[0m1.503e-03[0m (rms/max) E (change) = -78.7893941564 ([0m+1.325e-04[0m) Quality = [0m0.652[0m
Constraint                         Current      Target       Diff.
Dihedral 2-1-5-6                 116.51837   120.00000    -3.48163
Hessian Eigenvalues: -2.27656e-03 5.00000e-02 5.00000e-02 ... 3.56015e-01 3.56064e-01 3.56487e-01
<<< Enforcing constraint satisfaction >>>
Step    3 : Displace = [0m3.565e-02[0m/[0m4.523e-02[0m (rms/max) Trust = 1.000e-01 (=) Grad_T = [0m1.426e-03[0m/[0m1.854e-03[0m (rms/max) E (change) = -78.7894234826 ([0m-2.933e-05[0m) Quality = [0m0.417[0m
Hessian Eigenvalues: 2.33024e-05 5.00000e-02 5.00000e-02 ... 3.56070e-01 3.56487e-01 1.49222e+00
Step    4 : Displace = [0m1.678e-02[0m/[0m2.356e-02[0m (rms/max) Trust = 1.000e-01 (=) Grad_T = [0m4.038e-04[0m/[0m5.533e-04[0m (rms/max) E (change) = -78.7895618862 ([0m-1.384e-04[0m) Quality = [0m1.037[0m
Hessian Eigenvalues: 2.35309e-05 5.00000e-02 5.00000e-02 ... 3.56077e-01 3.56487e-01 1.51376e+00
Step    5 : Displace = [92m9.481e-04[0m/[92m1.310e-03[0m (rms/max) Trust = 1.414e-01 ([92m+[0m) Grad_T = [0m3.434e-04[0m/[92m4.419e-04[0m (rms/max) E (change) = -78.7895631047 ([0m-1.218e-06[0m) Quality = [0m1.515[0m
Hessian Eigenvalues: 2.84675e-05 4.99997e-02 5.00000e-02 ... 3.56389e-01 3.56487e-01 7.73251e-01
Step    6 : Displace = [0m1.275e-03[0m/[92m1.783e-03[0m (rms/max) Trust = 2.000e-01 ([92m+[0m) Grad_T = [92m2.250e-04[0m/[92m2.992e-04[0m (rms/max) E (change) = -78.7895646692 ([0m-1.565e-06[0m) Quality = [0m1.383[0m
Hessian Eigenvalues: 3.77358e-05 4.99991e-02 5.00000e-02 ... 3.56222e-01 3.56487e-01 4.30564e-01
Step    7 : Displace = [92m7.009e-04[0m/[92m9.703e-04[0m (rms/max) Trust = 2.828e-01 ([92m+[0m) Grad_T = [92m9.632e-05[0m/[92m1.542e-04[0m (rms/max) E (change) = -78.7895655023 ([92m-8.331e-07[0m) Quality = [0m1.266[0m
Converged! =D
Time elapsed since start of run_optimizer: 6.692 seconds
