geometric-optimize called with the following command line:
/home/leeping/opt/miniconda3/envs/main/bin/geometric-optimize --hessian last --thermo 600 1.0 --wigner 5 run.in

                                        [91m())))))))))))))))/[0m                     
                                    [91m())))))))))))))))))))))))),[0m                
                                [91m*)))))))))))))))))))))))))))))))))[0m             
                        [94m#,[0m    [91m()))))))))/[0m                [91m.)))))))))),[0m          
                      [94m#%%%%,[0m  [91m())))))[0m                        [91m.))))))))*[0m        
                      [94m*%%%%%%,[0m  [91m))[0m              [93m..[0m              [91m,))))))).[0m      
                        [94m*%%%%%%,[0m         [93m***************/.[0m        [91m.)))))))[0m     
                [94m#%%/[0m      [94m(%%%%%%,[0m    [93m/*********************.[0m       [91m)))))))[0m    
              [94m.%%%%%%#[0m      [94m*%%%%%%,[0m  [93m*******/,[0m     [93m**********,[0m      [91m.))))))[0m   
                [94m.%%%%%%/[0m      [94m*%%%%%%,[0m  [93m**[0m              [93m********[0m      [91m.))))))[0m  
          [94m##[0m      [94m.%%%%%%/[0m      [94m(%%%%%%,[0m                  [93m,******[0m      [91m/)))))[0m  
        [94m%%%%%%[0m      [94m.%%%%%%#[0m      [94m*%%%%%%,[0m    [92m,/////.[0m       [93m******[0m      [91m))))))[0m 
      [94m#%[0m      [94m%%[0m      [94m.%%%%%%/[0m      [94m*%%%%%%,[0m  [92m////////,[0m      [93m*****/[0m     [91m,)))))[0m 
    [94m#%%[0m  [94m%%%[0m  [94m%%%#[0m      [94m.%%%%%%/[0m      [94m(%%%%%%,[0m  [92m///////.[0m     [93m/*****[0m      [91m))))).[0m
  [94m#%%%%.[0m      [94m%%%%%#[0m      [94m/%%%%%%*[0m      [94m#%%%%%%[0m   [92m/////)[0m     [93m******[0m      [91m))))),[0m
    [94m#%%%%##%[0m  [94m%%%#[0m      [94m.%%%%%%/[0m      [94m(%%%%%%,[0m  [92m///////.[0m     [93m/*****[0m      [91m))))).[0m
      [94m##[0m     [94m%%%[0m      [94m.%%%%%%/[0m      [94m*%%%%%%,[0m  [92m////////.[0m      [93m*****/[0m     [91m,)))))[0m 
        [94m#%%%%#[0m      [94m/%%%%%%/[0m      [94m(%%%%%%[0m      [92m/)/)//[0m       [93m******[0m      [91m))))))[0m 
          [94m##[0m      [94m.%%%%%%/[0m      [94m(%%%%%%,[0m                  [93m*******[0m      [91m))))))[0m  
                [94m.%%%%%%/[0m      [94m*%%%%%%,[0m  [93m**.[0m             [93m/*******[0m      [91m.))))))[0m  
              [94m*%%%%%%/[0m      [94m(%%%%%%[0m   [93m********/*..,*/*********[0m       [91m*))))))[0m   
                [94m#%%/[0m      [94m(%%%%%%,[0m    [93m*********************/[0m        [91m)))))))[0m    
                        [94m*%%%%%%,[0m         [93m,**************/[0m         [91m,))))))/[0m     
                      [94m(%%%%%%[0m   [91m()[0m                              [91m))))))))[0m       
                      [94m#%%%%,[0m  [91m())))))[0m                        [91m,)))))))),[0m        
                        [94m#,[0m    [91m())))))))))[0m                [91m,)))))))))).[0m          
                                 [91m()))))))))))))))))))))))))))))))/[0m             
                                    [91m())))))))))))))))))))))))).[0m                
                                         [91m())))))))))))))),[0m                     

-=# [1;94m geomeTRIC started. Version: 0.9.7.2+64.g2a3fc99.dirty [0m #=-
 Hessian will be computed for last step.
TeraChem engine selected. Expecting TeraChem input for gradient calculation.
9 internal coordinates being used (instead of 9 Cartesians)
Internal coordinate system (atoms numbered from 1):
Distance 1-2
Distance 1-3
Angle 2-1-3
Translation-X 1-3
Translation-Y 1-3
Translation-Z 1-3
Rotation-A 1-3
Rotation-B 1-3
Rotation-C 1-3
<class 'geometric.internal.Distance'> : 2
<class 'geometric.internal.Angle'> : 1
<class 'geometric.internal.TranslationX'> : 1
<class 'geometric.internal.TranslationY'> : 1
<class 'geometric.internal.TranslationZ'> : 1
<class 'geometric.internal.RotationA'> : 1
<class 'geometric.internal.RotationB'> : 1
<class 'geometric.internal.RotationC'> : 1
Step    0 : Gradient = 1.181e-02/1.421e-02 (rms/max) Energy = -75.5853915897
Hessian Eigenvalues: 5.00000e-02 5.00000e-02 5.00000e-02 ... 1.60000e-01 5.60798e-01 5.60816e-01
Backing up run.out -> ./run_0.out
Backing up start.xyz -> ./start_0.xyz
Step    1 : Displace = [0m2.876e-02[0m/[0m3.334e-02[0m (rms/max) Trust = 1.000e-01 (=) Grad = [0m3.543e-03[0m/[0m4.289e-03[0m (rms/max) E (change) = -75.5858808463 ([0m-4.893e-04[0m) Quality = [0m0.623[0m
Hessian Eigenvalues: 5.00000e-02 5.00000e-02 5.00000e-02 ... 2.03317e-01 5.60807e-01 5.98602e-01
Backing up run.out -> ./run_1.out
Backing up start.xyz -> ./start_1.xyz
Step    2 : Displace = [0m7.941e-03[0m/[0m8.948e-03[0m (rms/max) Trust = 1.000e-01 (=) Grad = [92m1.553e-04[0m/[92m1.996e-04[0m (rms/max) E (change) = -75.5859596019 ([0m-7.876e-05[0m) Quality = [0m1.041[0m
Hessian Eigenvalues: 5.00000e-02 5.00000e-02 5.00000e-02 ... 1.94406e-01 5.60807e-01 6.02866e-01
Backing up run.out -> ./run_2.out
Backing up start.xyz -> ./start_2.xyz
Step    3 : Displace = [92m3.430e-04[0m/[92m3.543e-04[0m (rms/max) Trust = 1.414e-01 ([92m+[0m) Grad = [92m2.077e-05[0m/[92m2.453e-05[0m (rms/max) E (change) = -75.5859597424 ([92m-1.405e-07[0m) Quality = [0m1.020[0m
Hessian Eigenvalues: 5.00000e-02 5.00000e-02 5.00000e-02 ... 1.94406e-01 5.60807e-01 6.02866e-01
Converged! =D
Coordinates for Hessian not found, recalculating.
Calculating Cartesian Hessian using finite difference on Cartesian gradients
Requesting 5 samples from Wigner distribution.

== Summary of harmonic free energy analysis ==
Note: Rotational symmetry is set to 1 regardless of true symmetry

Gibbs free energy contributions calculated at @ 600.00 K:
Zero-point vibrational energy:                                   13.6635 kcal/mol 
H   (Trans + Rot + Vib = Tot):   2.9808 +   1.7885 +   0.0717 =   4.8410 kcal/mol 
S   (Trans + Rot + Vib = Tot):  38.1095 +  13.9382 +   0.1467 =  52.1943 cal/mol/K
TS  (Trans + Rot + Vib = Tot):  22.8657 +   8.3629 +   0.0880 =  31.3166 kcal/mol 

Ground State Electronic Energy    : E0                        =   -75.58595974 au (    -47430.9058 kcal/mol)
Free Energy Correction (Harmonic) : ZPVE + [H-TS]_T,R,V       =    -0.02041730 au (       -12.8120 kcal/mol)
Gibbs Free Energy (Harmonic)      : E0 + ZPVE + [H-TS]_T,R,V  =   -75.60637704 au (    -47443.7179 kcal/mol)

Vibrational analysis written to run.vdata_last
Wigner distribution sampling: 5 samples using T = 600.00 written to run.tmp/wigner

    #==========================================================================#
    #| If this code has benefited your research, please support us by citing: |#
    #|                                                                        |#
    #| Wang, L.-P.; Song, C.C. (2016) "Geometry optimization made simple with |#
    #| translation and rotation coordinates", J. Chem, Phys. 144, 214108.     |#
    #| http://dx.doi.org/10.1063/1.4952956                                    |#
    #==========================================================================#
    Time elapsed since start of run_optimizer: 463.160 seconds
