geometric-optimize called with the following command line:
/home/leeping/opt/miniconda3/envs/main/bin/geometric-optimize --transition yes --hessian first+last --engine qchem hcn.qcin

                                        [91m())))))))))))))))/[0m                     
                                    [91m())))))))))))))))))))))))),[0m                
                                [91m*)))))))))))))))))))))))))))))))))[0m             
                        [94m#,[0m    [91m()))))))))/[0m                [91m.)))))))))),[0m          
                      [94m#%%%%,[0m  [91m())))))[0m                        [91m.))))))))*[0m        
                      [94m*%%%%%%,[0m  [91m))[0m              [93m..[0m              [91m,))))))).[0m      
                        [94m*%%%%%%,[0m         [93m***************/.[0m        [91m.)))))))[0m     
                [94m#%%/[0m      [94m(%%%%%%,[0m    [93m/*********************.[0m       [91m)))))))[0m    
              [94m.%%%%%%#[0m      [94m*%%%%%%,[0m  [93m*******/,[0m     [93m**********,[0m      [91m.))))))[0m   
                [94m.%%%%%%/[0m      [94m*%%%%%%,[0m  [93m**[0m              [93m********[0m      [91m.))))))[0m  
          [94m##[0m      [94m.%%%%%%/[0m      [94m(%%%%%%,[0m                  [93m,******[0m      [91m/)))))[0m  
        [94m%%%%%%[0m      [94m.%%%%%%#[0m      [94m*%%%%%%,[0m    [92m,/////.[0m       [93m******[0m      [91m))))))[0m 
      [94m#%[0m      [94m%%[0m      [94m.%%%%%%/[0m      [94m*%%%%%%,[0m  [92m////////,[0m      [93m*****/[0m     [91m,)))))[0m 
    [94m#%%[0m  [94m%%%[0m  [94m%%%#[0m      [94m.%%%%%%/[0m      [94m(%%%%%%,[0m  [92m///////.[0m     [93m/*****[0m      [91m))))).[0m
  [94m#%%%%.[0m      [94m%%%%%#[0m      [94m/%%%%%%*[0m      [94m#%%%%%%[0m   [92m/////)[0m     [93m******[0m      [91m))))),[0m
    [94m#%%%%##%[0m  [94m%%%#[0m      [94m.%%%%%%/[0m      [94m(%%%%%%,[0m  [92m///////.[0m     [93m/*****[0m      [91m))))).[0m
      [94m##[0m     [94m%%%[0m      [94m.%%%%%%/[0m      [94m*%%%%%%,[0m  [92m////////.[0m      [93m*****/[0m     [91m,)))))[0m 
        [94m#%%%%#[0m      [94m/%%%%%%/[0m      [94m(%%%%%%[0m      [92m/)/)//[0m       [93m******[0m      [91m))))))[0m 
          [94m##[0m      [94m.%%%%%%/[0m      [94m(%%%%%%,[0m                  [93m*******[0m      [91m))))))[0m  
                [94m.%%%%%%/[0m      [94m*%%%%%%,[0m  [93m**.[0m             [93m/*******[0m      [91m.))))))[0m  
              [94m*%%%%%%/[0m      [94m(%%%%%%[0m   [93m********/*..,*/*********[0m       [91m*))))))[0m   
                [94m#%%/[0m      [94m(%%%%%%,[0m    [93m*********************/[0m        [91m)))))))[0m    
                        [94m*%%%%%%,[0m         [93m,**************/[0m         [91m,))))))/[0m     
                      [94m(%%%%%%[0m   [91m()[0m                              [91m))))))))[0m       
                      [94m#%%%%,[0m  [91m())))))[0m                        [91m,)))))))),[0m        
                        [94m#,[0m    [91m())))))))))[0m                [91m,)))))))))).[0m          
                                 [91m()))))))))))))))))))))))))))))))/[0m             
                                    [91m())))))))))))))))))))))))).[0m                
                                         [91m())))))))))))))),[0m                     

-=# [1;94m geomeTRIC started. Version: 0.9.7.2+172.ge970389.dirty [0m #=-
 Transition state optimization requested.
 Hessian will be computed for both first and last step.
Q-Chem engine selected. Expecting Q-Chem input for gradient calculation.
Calculating QM bond order and forming bonds using criterion of 0.60
Only one fragment found; increasing threshold
Using threshold of 0.75, there are now 2 molecules
Creating artifical bond to isolated atom: 3-2
9 internal coordinates being used (instead of 9 Cartesians)
Internal coordinate system (atoms numbered from 1):
Distance 1-2
Distance 2-3
Angle 1-2-3
Translation-X 1-3
Translation-Y 1-3
Translation-Z 1-3
Rotation-A 1-3
Rotation-B 1-3
Rotation-C 1-3
<class 'geometric.internal.Distance'> : 2
<class 'geometric.internal.Angle'> : 1
<class 'geometric.internal.TranslationX'> : 1
<class 'geometric.internal.TranslationY'> : 1
<class 'geometric.internal.TranslationZ'> : 1
<class 'geometric.internal.RotationA'> : 1
<class 'geometric.internal.RotationB'> : 1
<class 'geometric.internal.RotationC'> : 1
> ===== Optimization Info: ====
> Maximum number of optimization cycles: 300
> Initial / maximum trust radius (Angstrom): 0.010 / 0.030
> Convergence Criteria:
> Will converge when all 5 criteria are reached:
>  |Delta-E| < 1.00e-06
>  RMS-Grad  < 3.00e-04
>  Max-Grad  < 4.50e-04
>  RMS-Disp  < 1.20e-03
>  Max-Disp  < 1.80e-03
> === End Optimization Info ===
Successfully read existing single-point result from hcn.tmp
Valid Hessian data not found, calculating from scratch.
Calculating Cartesian Hessian using finite difference on Cartesian gradients
>> Initial Cartesian Hessian Eigenvalues
Hessian Eigenvalues: -2.21492e-01 -1.05691e-01 -1.99740e-08 ... 5.35592e-02 5.36000e-02 2.92167e+00

== Summary of harmonic free energy analysis ==
Note: Rotational symmetry is set to 1 regardless of true symmetry
1 Imaginary Frequencies (cm^-1): 732.062i
Note: Free energy does not include contribution from imaginary mode(s)

Free energy contributions calculated at @ 300.00 K:
Zero-point vibrational energy:                                    4.8015 kcal/mol 
H   (Trans + Rot + Vib = Tot):   1.4904 +   0.8942 +   0.0329 =   2.4176 kcal/mol 
S   (Trans + Rot + Vib = Tot):  35.8748 +  17.0348 +   0.1346 =  53.0442 cal/mol/K
TS  (Trans + Rot + Vib = Tot):  10.7624 +   5.1104 +   0.0404 =  15.9133 kcal/mol 

Ground State Electronic Energy    : E0                        =   -92.20273240 au (    -57858.0881 kcal/mol)
Free Energy Correction (Harmonic) : ZPVE + [H-TS]_T,R,V       =    -0.01385503 au (        -8.6942 kcal/mol)
Gibbs Free Energy (Harmonic)      : E0 + ZPVE + [H-TS]_T,R,V  =   -92.21658743 au (    -57866.7823 kcal/mol)

Vibrational analysis written to hcn.vdata_first
Step    0 : Gradient = 1.292e-01/1.579e-01 (rms/max) Energy = -92.2027323966
Hessian Eigenvalues: -1.12607e-01 -1.57629e-08 -2.73768e-09 ... 2.74140e-07 3.71057e-02 1.45824e+00
Step    1 : Displace = [0m1.005e-02[0m/[0m1.095e-02[0m (rms/max) Trust = 1.000e-02 (=) Grad = [0m1.149e-01[0m/[0m1.392e-01[0m (rms/max) E (change) = -92.2049833075 ([0m-2.251e-03[0m) Quality = [0m0.999[0m
Hessian Eigenvalues: -1.09612e-01 -1.57629e-08 -2.73784e-09 ... 2.74136e-07 3.91314e-02 1.43992e+00
Step    2 : Displace = [0m1.286e-02[0m/[0m1.427e-02[0m (rms/max) Trust = 1.414e-02 ([92m+[0m) Grad = [0m1.007e-01[0m/[0m1.202e-01[0m (rms/max) E (change) = -92.2073785743 ([0m-2.395e-03[0m) Quality = [0m0.998[0m
Hessian Eigenvalues: -1.06246e-01 -1.57629e-08 -2.73783e-09 ... 2.74136e-07 4.33148e-02 1.41076e+00
Step    3 : Displace = [0m1.895e-02[0m/[0m2.152e-02[0m (rms/max) Trust = 2.000e-02 ([92m+[0m) Grad = [0m8.610e-02[0m/[0m1.003e-01[0m (rms/max) E (change) = -92.2102503852 ([0m-2.872e-03[0m) Quality = [0m0.997[0m
Hessian Eigenvalues: -1.08585e-01 -1.57629e-08 -2.73784e-09 ... 2.74136e-07 4.65204e-02 1.39394e+00
Step    4 : Displace = [0m2.886e-02[0m/[0m3.364e-02[0m (rms/max) Trust = 2.828e-02 ([92m+[0m) Grad = [0m7.270e-02[0m/[0m8.860e-02[0m (rms/max) E (change) = -92.2140190058 ([0m-3.769e-03[0m) Quality = [0m0.997[0m
Hessian Eigenvalues: -1.23083e-01 -1.57629e-08 -2.73784e-09 ... 2.74135e-07 4.89129e-02 1.39471e+00
Step    5 : Displace = [0m2.994e-02[0m/[0m3.556e-02[0m (rms/max) Trust = 3.000e-02 ([92m+[0m) Grad = [0m6.414e-02[0m/[0m8.342e-02[0m (rms/max) E (change) = -92.2178359138 ([0m-3.817e-03[0m) Quality = [0m0.997[0m
Hessian Eigenvalues: -1.42676e-01 -1.57629e-08 -2.73783e-09 ... 2.74135e-07 5.46575e-02 1.39826e+00
Step    6 : Displace = [0m3.015e-02[0m/[0m3.596e-02[0m (rms/max) Trust = 3.000e-02 (=) Grad = [0m5.789e-02[0m/[0m7.766e-02[0m (rms/max) E (change) = -92.2221427793 ([0m-4.307e-03[0m) Quality = [0m1.000[0m
Hessian Eigenvalues: -1.60691e-01 -1.57629e-08 -2.73783e-09 ... 2.74135e-07 6.63078e-02 1.40401e+00
Step    7 : Displace = [0m3.273e-02[0m/[0m4.347e-02[0m (rms/max) Trust = 3.000e-02 (=) Grad = [0m5.212e-02[0m/[0m7.025e-02[0m (rms/max) E (change) = -92.2291339245 ([0m-6.991e-03[0m) Quality = [0m0.991[0m
Hessian Eigenvalues: -1.60568e-01 -1.57629e-08 -2.73782e-09 ... 2.74135e-07 8.67043e-02 1.40484e+00
Step    8 : Displace = [0m2.960e-02[0m/[0m4.071e-02[0m (rms/max) Trust = 3.000e-02 (=) Grad = [0m4.641e-02[0m/[0m6.207e-02[0m (rms/max) E (change) = -92.2355587204 ([0m-6.425e-03[0m) Quality = [0m0.989[0m
Hessian Eigenvalues: -1.57699e-01 -1.57629e-08 -2.73782e-09 ... 2.74136e-07 1.11076e-01 1.40538e+00
Step    9 : Displace = [0m3.050e-02[0m/[0m3.909e-02[0m (rms/max) Trust = 3.000e-02 (=) Grad = [0m3.910e-02[0m/[0m5.202e-02[0m (rms/max) E (change) = -92.2398545533 ([0m-4.296e-03[0m) Quality = [0m0.985[0m
Hessian Eigenvalues: -1.57055e-01 -1.57629e-08 -2.73782e-09 ... 2.74136e-07 1.40942e-01 1.42610e+00
Step   10 : Displace = [0m3.250e-02[0m/[0m4.285e-02[0m (rms/max) Trust = 3.000e-02 (=) Grad = [0m2.937e-02[0m/[0m3.862e-02[0m (rms/max) E (change) = -92.2439654498 ([0m-4.111e-03[0m) Quality = [0m0.968[0m
Hessian Eigenvalues: -1.44824e-01 -1.57629e-08 -2.73782e-09 ... 2.74136e-07 1.88197e-01 1.42770e+00
Step   11 : Displace = [0m3.021e-02[0m/[0m3.663e-02[0m (rms/max) Trust = 3.000e-02 (=) Grad = [0m1.907e-02[0m/[0m2.386e-02[0m (rms/max) E (change) = -92.2457480574 ([0m-1.783e-03[0m) Quality = [0m0.916[0m
Hessian Eigenvalues: -1.27967e-01 -1.57629e-08 -2.73783e-09 ... 2.74136e-07 2.72667e-01 1.44746e+00
Step   12 : Displace = [0m3.023e-02[0m/[0m3.779e-02[0m (rms/max) Trust = 3.000e-02 (=) Grad = [0m7.454e-03[0m/[0m1.046e-02[0m (rms/max) E (change) = -92.2462272396 ([0m-4.792e-04[0m) Quality = [0m0.652[0m
Hessian Eigenvalues: -1.03402e-01 -1.57629e-08 -2.73783e-09 ... 2.74136e-07 4.24662e-01 1.46707e+00
Step   13 : Displace = [0m2.255e-02[0m/[0m2.620e-02[0m (rms/max) Trust = 3.000e-02 (=) Grad = [0m6.871e-03[0m/[0m8.019e-03[0m (rms/max) E (change) = -92.2459853143 ([0m+2.419e-04[0m) Quality = [0m0.970[0m
Hessian Eigenvalues: -1.21999e-01 -1.09290e-06 -1.57629e-08 ... 2.51409e-07 4.51996e-01 1.47163e+00
Step   14 : Displace = [0m8.450e-03[0m/[0m1.048e-02[0m (rms/max) Trust = 3.000e-02 (=) Grad = [0m2.374e-03[0m/[0m2.855e-03[0m (rms/max) E (change) = -92.2460357440 ([0m-5.043e-05[0m) Quality = [0m0.801[0m
Hessian Eigenvalues: -1.22692e-01 -4.48388e-03 -1.57629e-08 ... 2.51409e-07 4.64886e-01 1.46974e+00
Step   15 : Displace = [0m2.674e-03[0m/[0m3.497e-03[0m (rms/max) Trust = 3.000e-02 (=) Grad = [0m5.527e-04[0m/[0m6.078e-04[0m (rms/max) E (change) = -92.2460423345 ([0m-6.591e-06[0m) Quality = [0m0.861[0m
Hessian Eigenvalues: -1.48166e-01 -3.29800e-03 -1.57629e-08 ... 2.51409e-07 6.26069e-01 1.46203e+00
Step   16 : Displace = [92m7.784e-04[0m/[92m9.729e-04[0m (rms/max) Trust = 3.000e-02 (=) Grad = [92m1.810e-04[0m/[92m2.225e-04[0m (rms/max) E (change) = -92.2460426535 ([92m-3.190e-07[0m) Quality = [0m0.835[0m
Hessian Eigenvalues: -1.48166e-01 -3.29800e-03 -1.57629e-08 ... 2.51409e-07 6.26069e-01 1.46203e+00
Converged! =D
Backing up hcn.tmp/hessian/coords.xyz -> hcn.tmp/hessian/coords_1.xyz
Backing up hcn.tmp/hessian/hessian.txt -> hcn.tmp/hessian/hessian_1.txt
Calculating Cartesian Hessian using finite difference on Cartesian gradients

== Summary of harmonic free energy analysis ==
Note: Rotational symmetry is set to 1 regardless of true symmetry
1 Imaginary Frequencies (cm^-1): 1216.087i
Note: Free energy does not include contribution from imaginary mode(s)

Free energy contributions calculated at @ 300.00 K:
Zero-point vibrational energy:                                    6.5460 kcal/mol 
H   (Trans + Rot + Vib = Tot):   1.4904 +   0.8942 +   0.0003 =   2.3849 kcal/mol 
S   (Trans + Rot + Vib = Tot):  35.8748 +  16.3847 +   0.0010 =  52.2605 cal/mol/K
TS  (Trans + Rot + Vib = Tot):  10.7624 +   4.9154 +   0.0003 =  15.6782 kcal/mol 

Ground State Electronic Energy    : E0                        =   -92.24604265 au (    -57885.2657 kcal/mol)
Free Energy Correction (Harmonic) : ZPVE + [H-TS]_T,R,V       =    -0.01075234 au (        -6.7472 kcal/mol)
Gibbs Free Energy (Harmonic)      : E0 + ZPVE + [H-TS]_T,R,V  =   -92.25679499 au (    -57892.0129 kcal/mol)

Vibrational analysis written to hcn.vdata_last

    #==========================================================================#
    #| If this code has benefited your research, please support us by citing: |#
    #|                                                                        |#
    #| Wang, L.-P.; Song, C.C. (2016) "Geometry optimization made simple with |#
    #| translation and rotation coordinates", J. Chem, Phys. 144, 214108.     |#
    #| http://dx.doi.org/10.1063/1.4952956                                    |#
    #==========================================================================#
    Time elapsed since start of run_optimizer: 147.488 seconds
