-=# [1;94m geomeTRIC started. Version: 0.9.3+85.gb6a219a.dirty [0m #=-
geometric-optimize called with the following command line:
/home/leeping/opt/miniconda3/envs/geometric_psi4/bin/geometric-optimize --coordsys dlc --openmm --pdb ../water6.pdb tip3p.xml
xml file not in the current folder, treating as a force field XML file and setting up in gas phase.
tip3p.tmp exists ; make sure nothing else is writing to the folder
51 internal coordinates being used (instead of 54 Cartesians)
Internal coordinate system (atoms numbered from 1):
Distance 1-2
Distance 1-3
Distance 1-5
Distance 1-14
Distance 3-7
Distance 3-11
Distance 4-5
Distance 4-6
Distance 7-8
Distance 7-9
Distance 10-11
Distance 10-12
Distance 10-17
Distance 13-14
Distance 13-15
Distance 16-17
Distance 16-18
Angle 2-1-3
Angle 2-1-5
Angle 2-1-14
Angle 3-1-5
Angle 3-1-14
Angle 1-3-11
Angle 7-3-11
Angle 5-4-6
Angle 8-7-9
Angle 3-7-8
Angle 3-7-9
Angle 11-10-12
Angle 11-10-17
Angle 12-10-17
Angle 3-11-10
Angle 14-13-15
Angle 17-16-18
Out-of-Plane 1-5-14-2
Out-of-Plane 3-1-7-11
Dihedral 2-1-3-7
Dihedral 2-1-3-11
Dihedral 5-1-3-7
Dihedral 5-1-3-11
Dihedral 14-1-3-7
Dihedral 14-1-3-11
Dihedral 2-1-4-6
Dihedral 3-1-4-6
Dihedral 14-1-4-6
Dihedral 2-1-13-15
Dihedral 3-1-13-15
Dihedral 5-1-13-15
Dihedral 1-3-7-8
Dihedral 1-3-7-9
Dihedral 11-3-7-8
Dihedral 11-3-7-9
Dihedral 1-3-11-10
Dihedral 7-3-11-10
Dihedral 12-10-11-3
Dihedral 17-10-11-3
Dihedral 11-10-16-18
Dihedral 12-10-16-18
Translation-X 1,13-14
Translation-Y 1,4-5
Translation-Y 1,13-14
Translation-Y 10,16-17
Translation-Z 1,4-5
Translation-Z 10,16-17
<class 'geometric.internal.Distance'> : 17
<class 'geometric.internal.Angle'> : 17
<class 'geometric.internal.OutOfPlane'> : 2
<class 'geometric.internal.Dihedral'> : 22
<class 'geometric.internal.TranslationX'> : 1
<class 'geometric.internal.TranslationY'> : 3
<class 'geometric.internal.TranslationZ'> : 2
Step    0 : Gradient = 1.124e-02/2.681e-02 (rms/max) Energy = -0.0145977188
Hessian Eigenvalues: 2.30000e-02 2.30000e-02 2.30000e-02 ... 5.61317e-01 5.61339e-01 5.61419e-01
Step    1 : Displace = [0m9.962e-02[0m/[0m2.620e-01[0m (rms/max) Trust = 1.000e-01 (=) Grad = [0m8.259e-03[0m/[0m1.519e-02[0m (rms/max) E (change) = -0.0159577967 ([0m-1.360e-03[0m) Quality = [0m0.409[0m
Hessian Eigenvalues: 9.37319e-03 2.30000e-02 2.30000e-02 ... 5.61310e-01 5.61418e-01 3.61789e+00
Step    2 : Displace = [0m9.508e-02[0m/[0m1.752e-01[0m (rms/max) Trust = 1.000e-01 (=) Grad = [0m7.190e-03[0m/[0m1.311e-02[0m (rms/max) E (change) = -0.0168694408 ([0m-9.116e-04[0m) Quality = [0m0.453[0m
Hessian Eigenvalues: 1.54561e-02 2.26394e-02 2.30000e-02 ... 5.61309e-01 5.61418e-01 9.14677e+00
Step    3 : Displace = [0m1.001e-01[0m/[0m1.489e-01[0m (rms/max) Trust = 1.000e-01 (=) Grad = [0m6.397e-03[0m/[0m1.313e-02[0m (rms/max) E (change) = -0.0182743218 ([0m-1.405e-03[0m) Quality = [0m0.565[0m
Hessian Eigenvalues: 1.16428e-02 2.29392e-02 2.30000e-02 ... 5.61418e-01 5.65599e-01 6.50051e+00
Step    4 : Displace = [0m9.996e-02[0m/[0m2.044e-01[0m (rms/max) Trust = 1.000e-01 (=) Grad = [0m8.855e-03[0m/[0m1.903e-02[0m (rms/max) E (change) = -0.0198227767 ([0m-1.548e-03[0m) Quality = [0m0.611[0m
Hessian Eigenvalues: 1.82442e-02 2.29988e-02 2.30000e-02 ... 5.61430e-01 1.39459e+00 4.44469e+00
Step    5 : Displace = [0m1.011e-01[0m/[0m2.338e-01[0m (rms/max) Trust = 1.000e-01 (=) Grad = [0m6.312e-03[0m/[0m1.319e-02[0m (rms/max) E (change) = -0.0226387550 ([0m-2.816e-03[0m) Quality = [0m1.009[0m
Hessian Eigenvalues: 1.36788e-02 2.29989e-02 2.30000e-02 ... 5.64879e-01 7.84872e-01 8.98827e+00
Step    6 : Displace = [0m1.301e-01[0m/[0m3.376e-01[0m (rms/max) Trust = 1.414e-01 ([92m+[0m) Grad = [0m5.793e-03[0m/[0m1.361e-02[0m (rms/max) E (change) = -0.0252435875 ([0m-2.605e-03[0m) Quality = [0m0.894[0m
Hessian Eigenvalues: 1.01837e-02 2.29989e-02 2.30000e-02 ... 5.73581e-01 2.21666e+00 7.96229e+00
Step    7 : Displace = [0m1.848e-01[0m/[0m4.309e-01[0m (rms/max) Trust = 2.000e-01 ([92m+[0m) Grad = [0m1.029e-02[0m/[0m2.801e-02[0m (rms/max) E (change) = -0.0253286720 ([0m-8.508e-05[0m) Quality = [0m0.018[0m
Hessian Eigenvalues: 1.89731e-02 2.29991e-02 2.30000e-02 ... 1.01541e+00 1.62269e+00 7.99988e+00
Step    8 : Displace = [0m1.004e-01[0m/[0m2.410e-01[0m (rms/max) Trust = 1.000e-01 ([91m-[0m) Grad = [0m6.099e-03[0m/[0m1.525e-02[0m (rms/max) E (change) = -0.0286480853 ([0m-3.319e-03[0m) Quality = [0m0.413[0m
Hessian Eigenvalues: 1.91932e-02 2.29976e-02 2.29992e-02 ... 9.22820e-01 3.19597e+00 9.05325e+00
Step    9 : Displace = [0m9.755e-02[0m/[0m2.030e-01[0m (rms/max) Trust = 1.000e-01 (=) Grad = [0m5.598e-03[0m/[0m1.434e-02[0m (rms/max) E (change) = -0.0292179091 ([0m-5.698e-04[0m) Quality = [0m0.278[0m
Hessian Eigenvalues: 1.83347e-02 2.29946e-02 2.29996e-02 ... 2.10241e+00 3.55559e+00 8.70749e+00
Step   10 : Displace = [0m1.091e-01[0m/[0m2.183e-01[0m (rms/max) Trust = 1.000e-01 (=) Grad = [0m5.972e-03[0m/[0m1.530e-02[0m (rms/max) E (change) = -0.0313649086 ([0m-2.147e-03[0m) Quality = [0m0.889[0m
Hessian Eigenvalues: 8.32764e-03 2.29856e-02 2.30000e-02 ... 1.83358e+00 3.30986e+00 8.35241e+00
Step   11 : Displace = [0m1.520e-01[0m/[0m3.624e-01[0m (rms/max) Trust = 1.414e-01 ([92m+[0m) Grad = [0m8.122e-03[0m/[0m2.188e-02[0m (rms/max) E (change) = -0.0335931846 ([0m-2.228e-03[0m) Quality = [0m0.388[0m
Hessian Eigenvalues: 1.73970e-02 2.29772e-02 2.30000e-02 ... 2.40462e+00 3.65129e+00 9.67602e+00
Step   12 : Displace = [0m1.471e-01[0m/[0m2.965e-01[0m (rms/max) Trust = 1.414e-01 (=) Grad = [0m1.145e-02[0m/[0m3.086e-02[0m (rms/max) E (change) = -0.0385155079 ([0m-4.922e-03[0m) Quality = [0m1.072[0m
Hessian Eigenvalues: 1.12134e-02 2.29773e-02 2.30044e-02 ... 2.18508e+00 3.46903e+00 9.63283e+00
Step   13 : Displace = [0m1.983e-01[0m/[0m5.843e-01[0m (rms/max) Trust = 2.000e-01 ([92m+[0m) Grad = [0m8.571e-03[0m/[0m2.566e-02[0m (rms/max) E (change) = -0.0388680805 ([0m-3.526e-04[0m) Quality = [0m0.049[0m
Hessian Eigenvalues: 1.12207e-02 2.29481e-02 2.30021e-02 ... 2.16228e+00 4.08884e+00 9.63947e+00
Step   14 : Displace = [0m9.297e-02[0m/[0m3.077e-01[0m (rms/max) Trust = 1.000e-01 ([91m-[0m) Grad = [0m7.742e-03[0m/[0m2.448e-02[0m (rms/max) E (change) = -0.0420807244 ([0m-3.213e-03[0m) Quality = [0m0.644[0m
Hessian Eigenvalues: 1.12323e-02 2.29534e-02 2.30036e-02 ... 2.48005e+00 4.33360e+00 1.00253e+01
Step   15 : Displace = [0m9.796e-02[0m/[0m1.789e-01[0m (rms/max) Trust = 1.000e-01 (=) Grad = [0m4.867e-03[0m/[0m1.126e-02[0m (rms/max) E (change) = -0.0437005818 ([0m-1.620e-03[0m) Quality = [0m0.524[0m
Hessian Eigenvalues: 1.02749e-02 2.29203e-02 2.30084e-02 ... 3.51197e+00 4.97767e+00 1.02690e+01
Step   16 : Displace = [0m1.054e-01[0m/[0m2.402e-01[0m (rms/max) Trust = 1.000e-01 (=) Grad = [0m5.226e-03[0m/[0m1.148e-02[0m (rms/max) E (change) = -0.0447605291 ([0m-1.060e-03[0m) Quality = [0m0.439[0m
Hessian Eigenvalues: 1.10312e-02 2.29968e-02 2.30082e-02 ... 3.26257e+00 4.09425e+00 1.08653e+01
Step   17 : Displace = [0m1.037e-01[0m/[0m2.124e-01[0m (rms/max) Trust = 1.000e-01 (=) Grad = [0m4.889e-03[0m/[0m1.064e-02[0m (rms/max) E (change) = -0.0487707081 ([0m-4.010e-03[0m) Quality = [0m1.174[0m
Hessian Eigenvalues: 3.29836e-03 2.29114e-02 2.30083e-02 ... 3.26399e+00 4.09776e+00 1.14002e+01
Step   18 : Displace = [0m1.445e-01[0m/[0m2.714e-01[0m (rms/max) Trust = 1.414e-01 ([92m+[0m) Grad = [0m5.523e-03[0m/[0m1.177e-02[0m (rms/max) E (change) = -0.0527507619 ([0m-3.980e-03[0m) Quality = [0m0.885[0m
Hessian Eigenvalues: 7.61309e-03 2.26908e-02 2.30095e-02 ... 3.43196e+00 4.14451e+00 8.32427e+00
Step   19 : Displace = [0m2.101e-01[0m/[0m5.743e-01[0m (rms/max) Trust = 2.000e-01 ([92m+[0m) Grad = [0m6.587e-03[0m/[0m1.549e-02[0m (rms/max) E (change) = -0.0556838224 ([0m-2.933e-03[0m) Quality = [0m0.844[0m
Hessian Eigenvalues: 7.17823e-03 2.25597e-02 2.30129e-02 ... 3.61766e+00 4.34942e+00 3.12448e+01
[91mInverse iteration for Cartesians failed[0m
[1;94mInternal coordinate system may have changed[0m
-- Added: --
Distance 3-5
Distance 8-16
Angle 5-3-7
Angle 3-5-4
Angle 7-8-16
Angle 1-14-13
Angle 8-16-17
Angle 8-16-18
Angle 10-17-16
Out-of-Plane 1-2-3-14
Out-of-Plane 3-1-5-7
Out-of-Plane 7-3-8-9
Dihedral 2-1-3-5
Dihedral 14-1-3-5
Dihedral 2-1-7-8
Dihedral 2-1-7-9
Dihedral 14-1-7-8
Dihedral 14-1-7-9
Dihedral 5-3-7-8
Dihedral 5-3-7-9
Dihedral 2-1-14-13
Dihedral 3-1-14-13
Dihedral 1-3-5-4
Dihedral 7-3-5-4
Dihedral 6-4-5-3
Dihedral 9-7-8-16
Dihedral 3-7-8-16
Dihedral 7-8-16-17
Dihedral 7-8-16-18
Dihedral 11-10-17-16
Dihedral 12-10-17-16
Dihedral 15-13-14-1
Dihedral 18-16-17-10
Dihedral 8-16-17-10
Translation-X 1,3,7
Translation-Z 1,3,7
-- Deleted: --
Distance 1-5
Distance 3-11
Angle 2-1-3
Angle 2-1-5
Angle 3-1-5
Angle 1-3-11
Angle 7-3-11
Angle 3-7-8
Angle 3-11-10
Out-of-Plane 1-5-14-2
Out-of-Plane 3-1-7-11
Dihedral 2-1-3-7
Dihedral 2-1-3-11
Dihedral 5-1-3-7
Dihedral 5-1-3-11
Dihedral 14-1-3-7
Dihedral 14-1-3-11
Dihedral 2-1-4-6
Dihedral 3-1-4-6
Dihedral 14-1-4-6
Dihedral 2-1-13-15
Dihedral 3-1-13-15
Dihedral 5-1-13-15
Dihedral 1-3-7-8
Dihedral 1-3-7-9
Dihedral 11-3-7-8
Dihedral 11-3-7-9
Dihedral 1-3-11-10
Dihedral 7-3-11-10
Dihedral 12-10-11-3
Dihedral 17-10-11-3
Dihedral 11-10-16-18
Dihedral 12-10-16-18
Translation-X 1,13-14
Translation-Y 1,4-5
Translation-Y 1,13-14
Translation-Y 10,16-17
Translation-Z 1,4-5
Translation-Z 10,16-17
[1;93mSkipping optimization step[0m
Hessian Eigenvalues: 2.30000e-02 2.30000e-02 2.30000e-02 ... 5.61317e-01 5.61339e-01 5.61419e-01
Step   20 : Displace = [0m2.880e-01[0m/[0m6.811e-01[0m (rms/max) Trust = 2.828e-01 ([92m+[0m) Grad = [0m5.051e-03[0m/[0m1.077e-02[0m (rms/max) E (change) = -0.0565729256 ([0m-8.891e-04[0m) Quality = [0m0.155[0m
Hessian Eigenvalues: 1.91189e-02 2.30000e-02 2.30000e-02 ... 5.61318e-01 5.61397e-01 6.32629e-01
Step   21 : Displace = [0m1.418e-01[0m/[0m2.645e-01[0m (rms/max) Trust = 1.414e-01 ([91m-[0m) Grad = [0m4.540e-03[0m/[0m8.207e-03[0m (rms/max) E (change) = -0.0594054040 ([0m-2.832e-03[0m) Quality = [0m1.005[0m
Hessian Eigenvalues: 1.94519e-02 2.30000e-02 2.30000e-02 ... 5.61308e-01 5.61385e-01 6.02849e-01
Step   22 : Displace = [0m2.031e-01[0m/[0m3.922e-01[0m (rms/max) Trust = 2.000e-01 ([92m+[0m) Grad = [0m1.429e-02[0m/[0m4.087e-02[0m (rms/max) E (change) = -0.0525058861 ([91m+6.900e-03[0m) Quality = [91m-2.029[0m
Hessian Eigenvalues: 1.94519e-02 2.30000e-02 2.30000e-02 ... 5.61308e-01 5.61385e-01 6.02849e-01
Step   23 : Displace = [0m1.033e-01[0m/[0m2.011e-01[0m (rms/max) Trust = 1.000e-01 ([1;91mx[0m) Grad = [0m5.765e-03[0m/[0m1.454e-02[0m (rms/max) E (change) = -0.0592721026 ([91m+1.333e-04[0m) Quality = [91m-0.072[0m
Hessian Eigenvalues: 1.62188e-02 2.30000e-02 2.30000e-02 ... 5.61370e-01 5.62731e-01 2.30896e+00
Step   24 : Displace = [0m4.971e-02[0m/[0m9.432e-02[0m (rms/max) Trust = 5.000e-02 ([91m-[0m) Grad = [0m4.553e-03[0m/[0m9.784e-03[0m (rms/max) E (change) = -0.0604334097 ([0m-1.161e-03[0m) Quality = [0m0.757[0m
Hessian Eigenvalues: 1.62465e-02 2.29860e-02 2.30000e-02 ... 5.61333e-01 5.62771e-01 3.73913e+00
Step   25 : Displace = [0m7.665e-02[0m/[0m1.505e-01[0m (rms/max) Trust = 7.071e-02 ([92m+[0m) Grad = [0m4.364e-03[0m/[0m8.442e-03[0m (rms/max) E (change) = -0.0614536783 ([0m-1.020e-03[0m) Quality = [0m0.684[0m
Hessian Eigenvalues: 1.29196e-02 2.28562e-02 2.30000e-02 ... 5.62462e-01 6.00186e-01 3.48093e+00
Step   26 : Displace = [0m6.923e-02[0m/[0m1.476e-01[0m (rms/max) Trust = 7.071e-02 (=) Grad = [0m3.626e-03[0m/[0m6.800e-03[0m (rms/max) E (change) = -0.0624824319 ([0m-1.029e-03[0m) Quality = [0m1.076[0m
Hessian Eigenvalues: 9.15585e-03 2.26069e-02 2.30000e-02 ... 5.62232e-01 5.65085e-01 5.21539e+00
Step   27 : Displace = [0m1.012e-01[0m/[0m2.232e-01[0m (rms/max) Trust = 1.000e-01 ([92m+[0m) Grad = [0m3.384e-03[0m/[0m7.238e-03[0m (rms/max) E (change) = -0.0638174353 ([0m-1.335e-03[0m) Quality = [0m0.938[0m
Hessian Eigenvalues: 1.83440e-02 2.25045e-02 2.30000e-02 ... 5.62779e-01 5.65381e-01 5.47903e+00
Step   28 : Displace = [0m1.365e-01[0m/[0m2.875e-01[0m (rms/max) Trust = 1.414e-01 ([92m+[0m) Grad = [0m5.268e-03[0m/[0m9.453e-03[0m (rms/max) E (change) = -0.0657331435 ([0m-1.916e-03[0m) Quality = [0m0.930[0m
Hessian Eigenvalues: 1.23069e-02 2.26202e-02 2.30000e-02 ... 5.64574e-01 5.65330e-01 4.85555e+00
Step   29 : Displace = [0m9.718e-02[0m/[0m1.981e-01[0m (rms/max) Trust = 2.000e-01 ([92m+[0m) Grad = [0m6.692e-03[0m/[0m1.340e-02[0m (rms/max) E (change) = -0.0668838297 ([0m-1.151e-03[0m) Quality = [0m0.782[0m
Hessian Eigenvalues: 8.87632e-03 2.29748e-02 2.30000e-02 ... 5.65313e-01 6.49032e-01 2.51006e+00
Step   30 : Displace = [0m7.127e-02[0m/[0m1.226e-01[0m (rms/max) Trust = 2.828e-01 ([92m+[0m) Grad = [0m3.559e-03[0m/[0m7.715e-03[0m (rms/max) E (change) = -0.0692041618 ([0m-2.320e-03[0m) Quality = [0m0.908[0m
Hessian Eigenvalues: 9.92784e-03 2.29459e-02 2.29961e-02 ... 5.66500e-01 6.31717e-01 2.86402e+00
Step   31 : Displace = [0m3.841e-02[0m/[0m8.050e-02[0m (rms/max) Trust = 3.000e-01 ([92m+[0m) Grad = [0m2.984e-03[0m/[0m7.426e-03[0m (rms/max) E (change) = -0.0696314326 ([0m-4.273e-04[0m) Quality = [0m0.662[0m
Hessian Eigenvalues: 9.43800e-03 2.29442e-02 2.29977e-02 ... 5.88694e-01 6.18424e-01 4.19335e+00
[91mInverse iteration for Cartesians failed[0m
[1;94mInternal coordinate system may have changed[0m
-- Added: --
Distance 1-5
Angle 2-1-5
Angle 3-1-5
Angle 1-5-4
Out-of-Plane 1-5-14-2
Out-of-Plane 16-8-17-18
Dihedral 5-1-7-8
Dihedral 5-1-7-9
Dihedral 2-1-5-4
Dihedral 3-1-5-4
Dihedral 14-1-5-4
Dihedral 2-1-13-15
Dihedral 3-1-13-15
Dihedral 5-1-13-15
Dihedral 6-4-5-1
Dihedral 11-10-16-18
Dihedral 11-10-16-8
Dihedral 12-10-16-18
Dihedral 12-10-16-8
Translation-X 1,13-14
Translation-X 10,16-17
Translation-Y 1,3,7
Translation-Y 10,16-17
Translation-Z 1,13-14
-- Deleted: --
Distance 3-5
Angle 5-3-7
Angle 3-5-4
Angle 1-14-13
Angle 8-16-17
Angle 10-17-16
Out-of-Plane 3-1-5-7
Dihedral 2-1-3-5
Dihedral 14-1-3-5
Dihedral 5-3-7-8
Dihedral 5-3-7-9
Dihedral 2-1-14-13
Dihedral 3-1-14-13
Dihedral 1-3-5-4
Dihedral 7-3-5-4
Dihedral 6-4-5-3
Dihedral 11-10-17-16
Dihedral 12-10-17-16
Dihedral 15-13-14-1
Dihedral 18-16-17-10
Dihedral 8-16-17-10
Translation-Z 1,3,7
Rebuilding Hessian using 1 gradients
[1;93mSkipping optimization step[0m
Hessian Eigenvalues: 5.50326e-05 2.30000e-02 2.30000e-02 ... 5.61319e-01 5.61339e-01 2.92510e+01
Step   32 : Displace = [0m3.011e-01[0m/[0m6.207e-01[0m (rms/max) Trust = 3.000e-01 (=) Grad = [0m2.437e-02[0m/[0m7.886e-02[0m (rms/max) E (change) = -0.0494902858 ([91m+2.014e-02[0m) Quality = [91m-7.088[0m
Hessian Eigenvalues: 5.50326e-05 2.30000e-02 2.30000e-02 ... 5.61319e-01 5.61339e-01 2.92510e+01
Step   33 : Displace = [0m1.495e-01[0m/[0m3.062e-01[0m (rms/max) Trust = 1.500e-01 ([1;91mx[0m) Grad = [0m8.777e-03[0m/[0m2.798e-02[0m (rms/max) E (change) = -0.0671250323 ([91m+2.506e-03[0m) Quality = [91m-1.567[0m
Hessian Eigenvalues: 5.50326e-05 2.30000e-02 2.30000e-02 ... 5.61319e-01 5.61339e-01 2.92510e+01
Step   34 : Displace = [0m8.117e-02[0m/[0m1.701e-01[0m (rms/max) Trust = 7.476e-02 ([1;91mx[0m) Grad = [0m5.198e-03[0m/[0m1.546e-02[0m (rms/max) E (change) = -0.0694840873 ([91m+1.473e-04[0m) Quality = [91m-0.161[0m
Hessian Eigenvalues: 5.64924e-05 2.22521e-02 2.30000e-02 ... 5.61316e-01 5.68578e-01 5.71703e+01
Step   35 : Displace = [0m2.968e-02[0m/[0m6.603e-02[0m (rms/max) Trust = 3.738e-02 ([91m-[0m) Grad = [0m3.826e-03[0m/[0m7.490e-03[0m (rms/max) E (change) = -0.0699701017 ([0m-4.860e-04[0m) Quality = [0m0.695[0m
Hessian Eigenvalues: 5.64955e-05 2.22081e-02 2.29943e-02 ... 5.61316e-01 5.68590e-01 8.91925e+01
Step   36 : Displace = [0m3.884e-02[0m/[0m8.017e-02[0m (rms/max) Trust = 3.738e-02 (=) Grad = [0m3.147e-03[0m/[0m7.648e-03[0m (rms/max) E (change) = -0.0701487374 ([0m-1.786e-04[0m) Quality = [0m0.434[0m
Hessian Eigenvalues: 5.65107e-05 2.24528e-02 2.29669e-02 ... 5.64284e-01 1.70593e+00 7.81397e+01
Step   37 : Displace = [0m3.598e-02[0m/[0m5.863e-02[0m (rms/max) Trust = 3.738e-02 (=) Grad = [0m2.997e-03[0m/[0m7.532e-03[0m (rms/max) E (change) = -0.0705044679 ([0m-3.557e-04[0m) Quality = [0m0.926[0m
Hessian Eigenvalues: 5.64461e-05 1.26885e-02 2.29627e-02 ... 5.63812e-01 1.61917e+00 8.40505e+01
Step   38 : Displace = [0m5.386e-02[0m/[0m8.595e-02[0m (rms/max) Trust = 5.287e-02 ([92m+[0m) Grad = [0m3.246e-03[0m/[0m6.054e-03[0m (rms/max) E (change) = -0.0710086422 ([0m-5.042e-04[0m) Quality = [0m0.672[0m
Hessian Eigenvalues: 6.16135e-05 1.06482e-02 2.29947e-02 ... 5.74182e-01 1.79234e+00 9.98408e+01
Step   39 : Displace = [0m4.776e-02[0m/[0m1.175e-01[0m (rms/max) Trust = 5.287e-02 (=) Grad = [0m3.230e-03[0m/[0m7.865e-03[0m (rms/max) E (change) = -0.0715895503 ([0m-5.809e-04[0m) Quality = [0m0.916[0m
Hessian Eigenvalues: 6.22777e-05 1.13603e-02 2.29981e-02 ... 6.22340e-01 1.50441e+00 9.78766e+01
Step   40 : Displace = [0m7.499e-02[0m/[0m1.774e-01[0m (rms/max) Trust = 7.476e-02 ([92m+[0m) Grad = [0m2.580e-03[0m/[0m6.703e-03[0m (rms/max) E (change) = -0.0726104317 ([0m-1.021e-03[0m) Quality = [0m1.040[0m
Hessian Eigenvalues: 5.71087e-05 5.84376e-03 2.29984e-02 ... 5.94022e-01 1.45662e+00 1.01438e+02
Step   41 : Displace = [0m1.069e-01[0m/[0m1.955e-01[0m (rms/max) Trust = 1.057e-01 ([92m+[0m) Grad = [0m4.429e-03[0m/[0m8.249e-03[0m (rms/max) E (change) = -0.0722207180 ([91m+3.897e-04[0m) Quality = [91m-0.307[0m
Hessian Eigenvalues: 7.57355e-05 6.54175e-03 2.28230e-02 ... 9.54753e-01 1.71619e+00 1.48040e+02
Step   42 : Displace = [0m5.480e-02[0m/[0m1.225e-01[0m (rms/max) Trust = 5.287e-02 ([91m-[0m) Grad = [0m3.400e-03[0m/[0m7.353e-03[0m (rms/max) E (change) = -0.0732725367 ([0m-1.052e-03[0m) Quality = [0m1.045[0m
Hessian Eigenvalues: 7.57365e-05 6.55497e-03 2.28273e-02 ... 1.10672e+00 1.97582e+00 1.20326e+02
Step   43 : Displace = [0m7.738e-02[0m/[0m1.515e-01[0m (rms/max) Trust = 7.476e-02 ([92m+[0m) Grad = [0m4.874e-03[0m/[0m1.622e-02[0m (rms/max) E (change) = -0.0726118276 ([91m+6.607e-04[0m) Quality = [91m-0.698[0m
Hessian Eigenvalues: 7.56283e-05 6.55537e-03 2.15442e-02 ... 1.11120e+00 1.96215e+00 3.24388e+02
Step   44 : Displace = [0m5.553e-02[0m/[0m1.273e-01[0m (rms/max) Trust = 3.738e-02 ([91m-[0m) Grad = [0m1.947e-03[0m/[0m5.075e-03[0m (rms/max) E (change) = -0.0734836573 ([0m-8.718e-04[0m) Quality = [0m0.556[0m
Hessian Eigenvalues: 7.56339e-05 6.55450e-03 2.15925e-02 ... 1.10998e+00 1.99876e+00 3.93293e+02
Step   45 : Displace = [0m4.058e-02[0m/[0m8.704e-02[0m (rms/max) Trust = 3.738e-02 (=) Grad = [0m1.832e-03[0m/[0m4.871e-03[0m (rms/max) E (change) = -0.0738914632 ([0m-4.078e-04[0m) Quality = [0m0.918[0m
Hessian Eigenvalues: 7.56785e-05 7.93265e-03 2.05882e-02 ... 1.02839e+00 2.01735e+00 3.19446e+02
Step   46 : Displace = [0m5.303e-02[0m/[0m1.046e-01[0m (rms/max) Trust = 5.287e-02 ([92m+[0m) Grad = [0m2.856e-03[0m/[0m6.039e-03[0m (rms/max) E (change) = -0.0739537599 ([0m-6.230e-05[0m) Quality = [0m0.124[0m
Hessian Eigenvalues: 7.44130e-05 7.24419e-03 2.12882e-02 ... 1.05431e+00 1.99746e+00 4.26357e+02
Step   47 : Displace = [0m2.573e-02[0m/[0m5.071e-02[0m (rms/max) Trust = 2.643e-02 ([91m-[0m) Grad = [0m1.414e-03[0m/[0m3.682e-03[0m (rms/max) E (change) = -0.0743324552 ([0m-3.787e-04[0m) Quality = [0m0.883[0m
Hessian Eigenvalues: 7.61301e-05 7.10554e-03 2.14132e-02 ... 1.06331e+00 1.94596e+00 3.95903e+02
Step   48 : Displace = [0m3.747e-02[0m/[0m8.498e-02[0m (rms/max) Trust = 3.738e-02 ([92m+[0m) Grad = [0m1.424e-03[0m/[0m3.635e-03[0m (rms/max) E (change) = -0.0744719894 ([0m-1.395e-04[0m) Quality = [0m0.662[0m
Hessian Eigenvalues: 7.42646e-05 6.19341e-03 1.99837e-02 ... 1.09685e+00 1.92048e+00 4.17077e+02
Step   49 : Displace = [0m3.705e-02[0m/[0m8.690e-02[0m (rms/max) Trust = 3.738e-02 (=) Grad = [0m1.413e-03[0m/[0m4.133e-03[0m (rms/max) E (change) = -0.0746488518 ([0m-1.769e-04[0m) Quality = [0m0.805[0m
Hessian Eigenvalues: 8.69641e-05 6.01584e-03 1.65392e-02 ... 1.06833e+00 1.89408e+00 4.95503e+02
Step   50 : Displace = [0m4.819e-02[0m/[0m1.002e-01[0m (rms/max) Trust = 5.287e-02 ([92m+[0m) Grad = [0m2.462e-03[0m/[0m6.027e-03[0m (rms/max) E (change) = -0.0747219019 ([0m-7.305e-05[0m) Quality = [0m0.284[0m
Hessian Eigenvalues: 9.25132e-05 5.84478e-03 1.64825e-02 ... 1.21809e+00 1.88062e+00 6.01657e+02
Step   51 : Displace = [0m5.416e-02[0m/[0m9.348e-02[0m (rms/max) Trust = 5.287e-02 (=) Grad = [0m3.640e-03[0m/[0m1.197e-02[0m (rms/max) E (change) = -0.0744206818 ([91m+3.012e-04[0m) Quality = [91m-1.377[0m
Hessian Eigenvalues: 9.25132e-05 5.84478e-03 1.64825e-02 ... 1.21809e+00 1.88062e+00 6.01657e+02
Step   52 : Displace = [0m2.718e-02[0m/[0m5.864e-02[0m (rms/max) Trust = 2.643e-02 ([1;91mx[0m) Grad = [0m1.320e-03[0m/[0m2.643e-03[0m (rms/max) E (change) = -0.0749475014 ([0m-2.256e-04[0m) Quality = [0m1.062[0m
Hessian Eigenvalues: 1.00229e-04 4.86088e-03 1.58645e-02 ... 1.34606e+00 1.98929e+00 5.88545e+02
Step   53 : Displace = [0m3.490e-02[0m/[0m7.157e-02[0m (rms/max) Trust = 3.738e-02 ([92m+[0m) Grad = [0m2.483e-03[0m/[0m6.491e-03[0m (rms/max) E (change) = -0.0748817418 ([91m+6.576e-05[0m) Quality = [91m-0.448[0m
Hessian Eigenvalues: 2.94061e-04 3.96714e-03 1.27417e-02 ... 1.37936e+00 1.95956e+00 6.42654e+02
Step   54 : Displace = [0m1.894e-02[0m/[0m4.512e-02[0m (rms/max) Trust = 1.869e-02 ([91m-[0m) Grad = [0m1.254e-03[0m/[0m2.242e-03[0m (rms/max) E (change) = -0.0750212471 ([0m-1.395e-04[0m) Quality = [0m0.771[0m
Hessian Eigenvalues: 3.08378e-04 3.96614e-03 1.27791e-02 ... 1.31980e+00 2.49281e+00 7.46614e+02
Step   55 : Displace = [0m2.880e-02[0m/[0m5.991e-02[0m (rms/max) Trust = 2.643e-02 ([92m+[0m) Grad = [0m1.331e-03[0m/[0m3.250e-03[0m (rms/max) E (change) = -0.0751420617 ([0m-1.208e-04[0m) Quality = [0m0.664[0m
Hessian Eigenvalues: 3.34627e-04 4.05570e-03 1.11955e-02 ... 1.32312e+00 2.34537e+00 7.11889e+02
Step   56 : Displace = [0m2.585e-02[0m/[0m5.237e-02[0m (rms/max) Trust = 2.643e-02 (=) Grad = [0m1.367e-03[0m/[0m2.639e-03[0m (rms/max) E (change) = -0.0751908056 ([0m-4.874e-05[0m) Quality = [0m0.429[0m
Hessian Eigenvalues: 1.32050e-03 3.59102e-03 6.67093e-03 ... 1.29363e+00 2.42396e+00 7.44478e+02
Step   57 : Displace = [0m2.774e-02[0m/[0m4.402e-02[0m (rms/max) Trust = 2.643e-02 (=) Grad = [0m2.359e-03[0m/[0m4.651e-03[0m (rms/max) E (change) = -0.0751327494 ([91m+5.806e-05[0m) Quality = [91m-0.351[0m
Hessian Eigenvalues: 1.87419e-03 3.63614e-03 9.55930e-03 ... 1.29443e+00 2.94161e+00 7.16837e+02
Step   58 : Displace = [0m1.323e-02[0m/[0m2.391e-02[0m (rms/max) Trust = 1.322e-02 ([91m-[0m) Grad = [0m1.528e-03[0m/[0m3.387e-03[0m (rms/max) E (change) = -0.0752592853 ([0m-1.265e-04[0m) Quality = [0m1.074[0m
Hessian Eigenvalues: 1.87710e-03 3.63321e-03 9.61212e-03 ... 1.30917e+00 2.39027e+00 6.95341e+02
Step   59 : Displace = [0m2.023e-02[0m/[0m3.618e-02[0m (rms/max) Trust = 1.869e-02 ([92m+[0m) Grad = [0m8.399e-04[0m/[0m1.682e-03[0m (rms/max) E (change) = -0.0753477533 ([0m-8.847e-05[0m) Quality = [0m1.042[0m
Hessian Eigenvalues: 2.04544e-03 3.45553e-03 1.02364e-02 ... 1.38068e+00 2.38877e+00 6.94281e+02
Step   60 : Displace = [0m2.308e-02[0m/[0m4.534e-02[0m (rms/max) Trust = 2.643e-02 ([92m+[0m) Grad = [0m1.328e-03[0m/[0m3.710e-03[0m (rms/max) E (change) = -0.0753420017 ([91m+5.752e-06[0m) Quality = [91m-0.115[0m
Hessian Eigenvalues: 1.22367e-03 3.09885e-03 1.05184e-02 ... 1.69349e+00 3.04021e+00 9.02020e+02
Step   61 : Displace = [0m1.431e-02[0m/[0m3.187e-02[0m (rms/max) Trust = 1.322e-02 ([91m-[0m) Grad = [0m7.858e-04[0m/[0m1.555e-03[0m (rms/max) E (change) = -0.0754267824 ([0m-8.478e-05[0m) Quality = [0m0.964[0m
Hessian Eigenvalues: 1.22778e-03 3.10014e-03 1.05104e-02 ... 1.86826e+00 3.12976e+00 8.54109e+02
Step   62 : Displace = [0m1.691e-02[0m/[0m3.656e-02[0m (rms/max) Trust = 1.869e-02 ([92m+[0m) Grad = [0m7.834e-04[0m/[0m1.589e-03[0m (rms/max) E (change) = -0.0754845616 ([0m-5.778e-05[0m) Quality = [0m1.237[0m
Hessian Eigenvalues: 1.17061e-03 3.00873e-03 7.34765e-03 ... 1.72432e+00 3.30578e+00 8.77765e+02
Step   63 : Displace = [0m2.505e-02[0m/[0m4.565e-02[0m (rms/max) Trust = 2.643e-02 ([92m+[0m) Grad = [0m8.648e-04[0m/[0m1.608e-03[0m (rms/max) E (change) = -0.0755664994 ([0m-8.194e-05[0m) Quality = [0m0.958[0m
Hessian Eigenvalues: 7.59140e-04 3.05847e-03 8.58567e-03 ... 1.81768e+00 3.31368e+00 8.95734e+02
Step   64 : Displace = [0m3.813e-02[0m/[0m8.724e-02[0m (rms/max) Trust = 3.738e-02 ([92m+[0m) Grad = [0m1.010e-03[0m/[0m2.113e-03[0m (rms/max) E (change) = -0.0756186610 ([0m-5.216e-05[0m) Quality = [0m0.700[0m
Hessian Eigenvalues: 9.40404e-04 3.05763e-03 8.54793e-03 ... 1.86141e+00 4.07565e+00 9.41364e+02
Step   65 : Displace = [0m3.175e-02[0m/[0m7.161e-02[0m (rms/max) Trust = 3.738e-02 (=) Grad = [0m9.857e-04[0m/[0m2.157e-03[0m (rms/max) E (change) = -0.0756280899 ([0m-9.429e-06[0m) Quality = [0m0.200[0m
Hessian Eigenvalues: 7.98996e-04 3.06838e-03 8.08848e-03 ... 1.88102e+00 5.55018e+00 1.07708e+03
Step   66 : Displace = [0m1.995e-02[0m/[0m3.767e-02[0m (rms/max) Trust = 1.869e-02 ([91m-[0m) Grad = [0m8.503e-04[0m/[0m1.667e-03[0m (rms/max) E (change) = -0.0757011547 ([0m-7.306e-05[0m) Quality = [0m1.000[0m
Hessian Eigenvalues: 7.70140e-04 3.09948e-03 7.91491e-03 ... 1.86849e+00 6.17864e+00 1.08778e+03
Step   67 : Displace = [0m1.830e-02[0m/[0m4.385e-02[0m (rms/max) Trust = 2.643e-02 ([92m+[0m) Grad = [0m8.113e-04[0m/[0m1.764e-03[0m (rms/max) E (change) = -0.0757422772 ([0m-4.112e-05[0m) Quality = [0m1.576[0m
Hessian Eigenvalues: 6.63308e-04 3.06929e-03 5.14596e-03 ... 1.97801e+00 6.53129e+00 1.12371e+03
Step   68 : Displace = [0m3.689e-02[0m/[0m8.597e-02[0m (rms/max) Trust = 3.738e-02 ([92m+[0m) Grad = [0m9.858e-04[0m/[0m1.684e-03[0m (rms/max) E (change) = -0.0757689661 ([0m-2.669e-05[0m) Quality = [0m0.342[0m
Hessian Eigenvalues: 5.87786e-04 3.08815e-03 5.21284e-03 ... 2.03783e+00 8.71607e+00 1.24042e+03
Step   69 : Displace = [0m3.861e-02[0m/[0m8.785e-02[0m (rms/max) Trust = 3.738e-02 (=) Grad = [0m1.109e-03[0m/[0m2.890e-03[0m (rms/max) E (change) = -0.0757910660 ([0m-2.210e-05[0m) Quality = [0m0.258[0m
Hessian Eigenvalues: 6.88429e-04 3.09255e-03 5.22961e-03 ... 2.20145e+00 1.12323e+01 1.32158e+03
Step   70 : Displace = [0m3.363e-02[0m/[0m8.043e-02[0m (rms/max) Trust = 3.738e-02 (=) Grad = [0m6.185e-04[0m/[0m1.325e-03[0m (rms/max) E (change) = -0.0758289628 ([0m-3.790e-05[0m) Quality = [0m0.622[0m
Hessian Eigenvalues: 8.42552e-04 3.07847e-03 5.32929e-03 ... 2.26717e+00 1.04692e+01 1.30638e+03
Step   71 : Displace = [0m2.163e-02[0m/[0m5.376e-02[0m (rms/max) Trust = 3.738e-02 (=) Grad = [0m5.948e-04[0m/[0m1.272e-03[0m (rms/max) E (change) = -0.0758520832 ([0m-2.312e-05[0m) Quality = [0m1.396[0m
Hessian Eigenvalues: 5.25783e-04 3.05330e-03 4.47728e-03 ... 2.25922e+00 1.12905e+01 1.35558e+03
Step   72 : Displace = [0m4.193e-02[0m/[0m1.061e-01[0m (rms/max) Trust = 5.287e-02 ([92m+[0m) Grad = [0m6.711e-04[0m/[0m1.354e-03[0m (rms/max) E (change) = -0.0758834418 ([0m-3.136e-05[0m) Quality = [0m1.306[0m
Hessian Eigenvalues: 4.78286e-04 3.10203e-03 3.76538e-03 ... 2.30472e+00 1.24954e+01 1.39276e+03
Step   73 : Displace = [0m2.545e-02[0m/[0m6.992e-02[0m (rms/max) Trust = 7.476e-02 ([92m+[0m) Grad = [0m5.975e-04[0m/[0m1.318e-03[0m (rms/max) E (change) = -0.0759093295 ([0m-2.589e-05[0m) Quality = [0m1.302[0m
Hessian Eigenvalues: 4.33691e-04 2.60799e-03 3.12191e-03 ... 2.51627e+00 1.24092e+01 1.40316e+03
Step   74 : Displace = [0m3.143e-02[0m/[0m8.487e-02[0m (rms/max) Trust = 1.057e-01 ([92m+[0m) Grad = [0m7.564e-04[0m/[0m1.328e-03[0m (rms/max) E (change) = -0.0759469140 ([0m-3.758e-05[0m) Quality = [0m0.991[0m
Hessian Eigenvalues: 4.80315e-04 2.22046e-03 3.44806e-03 ... 2.65326e+00 1.24476e+01 1.40403e+03
Step   75 : Displace = [0m1.519e-02[0m/[0m2.433e-02[0m (rms/max) Trust = 1.495e-01 ([92m+[0m) Grad = [0m7.946e-04[0m/[0m2.034e-03[0m (rms/max) E (change) = -0.0759377975 ([91m+9.116e-06[0m) Quality = [91m-0.497[0m
Hessian Eigenvalues: 4.73050e-04 2.52309e-03 3.22366e-03 ... 2.63158e+00 2.21665e+01 1.64683e+03
Step   76 : Displace = [0m2.467e-02[0m/[0m6.046e-02[0m (rms/max) Trust = 7.476e-02 ([91m-[0m) Grad = [0m1.213e-03[0m/[0m2.294e-03[0m (rms/max) E (change) = -0.0759015211 ([91m+3.628e-05[0m) Quality = [91m-0.668[0m
Hessian Eigenvalues: 5.97714e-04 2.63112e-03 3.40955e-03 ... 2.70987e+00 2.57347e+01 1.66871e+03
Step   77 : Displace = [0m3.976e-02[0m/[0m1.031e-01[0m (rms/max) Trust = 3.738e-02 ([91m-[0m) Grad = [0m5.839e-04[0m/[0m1.231e-03[0m (rms/max) E (change) = -0.0759699558 ([0m-6.843e-05[0m) Quality = [0m0.677[0m
Hessian Eigenvalues: 7.11940e-04 2.64796e-03 3.38774e-03 ... 2.75784e+00 2.40445e+01 1.63605e+03
Step   78 : Displace = [0m2.376e-02[0m/[0m6.305e-02[0m (rms/max) Trust = 3.738e-02 (=) Grad = [0m4.987e-04[0m/[0m1.072e-03[0m (rms/max) E (change) = -0.0759839788 ([0m-1.402e-05[0m) Quality = [0m1.035[0m
Hessian Eigenvalues: 5.44843e-04 2.58822e-03 3.38842e-03 ... 2.68660e+00 2.51216e+01 1.69314e+03
Step   79 : Displace = [0m1.037e-02[0m/[0m2.863e-02[0m (rms/max) Trust = 5.287e-02 ([92m+[0m) Grad = [0m5.878e-04[0m/[0m1.226e-03[0m (rms/max) E (change) = -0.0759926168 ([0m-8.638e-06[0m) Quality = [0m1.425[0m
Hessian Eigenvalues: 3.03204e-04 2.56033e-03 3.46972e-03 ... 2.57203e+00 2.55630e+01 1.68246e+03
Step   80 : Displace = [0m3.131e-02[0m/[0m8.462e-02[0m (rms/max) Trust = 7.476e-02 ([92m+[0m) Grad = [0m7.478e-04[0m/[0m1.749e-03[0m (rms/max) E (change) = -0.0760017339 ([0m-9.117e-06[0m) Quality = [0m0.759[0m
Hessian Eigenvalues: 3.98582e-04 2.50057e-03 3.44064e-03 ... 2.58057e+00 3.15891e+01 1.79303e+03
Step   81 : Displace = [0m1.108e-02[0m/[0m1.947e-02[0m (rms/max) Trust = 1.057e-01 ([92m+[0m) Grad = [0m6.188e-04[0m/[0m1.433e-03[0m (rms/max) E (change) = -0.0760118732 ([0m-1.014e-05[0m) Quality = [0m0.804[0m
Hessian Eigenvalues: 3.98423e-04 2.73080e-03 3.30188e-03 ... 2.61008e+00 3.40845e+01 1.90693e+03
Step   82 : Displace = [0m5.495e-03[0m/[0m9.304e-03[0m (rms/max) Trust = 1.495e-01 ([92m+[0m) Grad = [0m5.555e-04[0m/[0m1.304e-03[0m (rms/max) E (change) = -0.0760187224 ([0m-6.849e-06[0m) Quality = [0m1.451[0m
Hessian Eigenvalues: 3.43537e-04 2.72303e-03 3.38918e-03 ... 2.79802e+00 3.33405e+01 1.82658e+03
Step   83 : Displace = [0m1.483e-02[0m/[0m3.709e-02[0m (rms/max) Trust = 2.115e-01 ([92m+[0m) Grad = [0m5.307e-04[0m/[0m1.337e-03[0m (rms/max) E (change) = -0.0760273952 ([0m-8.673e-06[0m) Quality = [0m1.273[0m
Hessian Eigenvalues: 3.58882e-04 2.67212e-03 3.37446e-03 ... 2.80504e+00 3.64768e+01 1.87054e+03
Step   84 : Displace = [0m6.561e-03[0m/[0m1.616e-02[0m (rms/max) Trust = 2.991e-01 ([92m+[0m) Grad = [0m5.395e-04[0m/[0m1.337e-03[0m (rms/max) E (change) = -0.0760350266 ([0m-7.631e-06[0m) Quality = [0m1.426[0m
Hessian Eigenvalues: 3.17531e-04 2.41798e-03 3.38169e-03 ... 2.95172e+00 3.83260e+01 1.93451e+03
Step   85 : Displace = [0m1.606e-02[0m/[0m4.287e-02[0m (rms/max) Trust = 3.000e-01 ([92m+[0m) Grad = [0m5.820e-04[0m/[0m1.366e-03[0m (rms/max) E (change) = -0.0760463713 ([0m-1.134e-05[0m) Quality = [0m1.293[0m
Hessian Eigenvalues: 3.25030e-04 2.16653e-03 3.34142e-03 ... 2.97410e+00 3.95214e+01 1.95061e+03
Step   86 : Displace = [0m1.119e-02[0m/[0m2.683e-02[0m (rms/max) Trust = 3.000e-01 (=) Grad = [0m6.276e-04[0m/[0m1.348e-03[0m (rms/max) E (change) = -0.0760549717 ([0m-8.600e-06[0m) Quality = [0m1.335[0m
Hessian Eigenvalues: 3.15443e-04 1.85477e-03 3.08583e-03 ... 2.98647e+00 4.14836e+01 2.01480e+03
Step   87 : Displace = [0m1.653e-02[0m/[0m4.277e-02[0m (rms/max) Trust = 3.000e-01 (=) Grad = [0m6.765e-04[0m/[0m1.640e-03[0m (rms/max) E (change) = -0.0760619366 ([0m-6.965e-06[0m) Quality = [0m0.830[0m
Hessian Eigenvalues: 3.04498e-04 2.10943e-03 2.75801e-03 ... 3.03013e+00 4.68089e+01 2.11243e+03
Step   88 : Displace = [0m6.648e-03[0m/[0m1.748e-02[0m (rms/max) Trust = 3.000e-01 (=) Grad = [0m6.266e-04[0m/[0m1.524e-03[0m (rms/max) E (change) = -0.0760698713 ([0m-7.935e-06[0m) Quality = [0m1.213[0m
Hessian Eigenvalues: 2.91880e-04 2.05123e-03 2.44157e-03 ... 3.17397e+00 4.76416e+01 2.19307e+03
Step   89 : Displace = [0m7.311e-03[0m/[0m2.306e-02[0m (rms/max) Trust = 3.000e-01 (=) Grad = [0m6.031e-04[0m/[0m1.473e-03[0m (rms/max) E (change) = -0.0760771277 ([0m-7.256e-06[0m) Quality = [0m1.587[0m
Hessian Eigenvalues: 2.53166e-04 1.63353e-03 2.38868e-03 ... 3.15336e+00 4.76329e+01 2.18551e+03
Step   90 : Displace = [0m1.717e-02[0m/[0m5.447e-02[0m (rms/max) Trust = 3.000e-01 (=) Grad = [0m6.057e-04[0m/[0m1.331e-03[0m (rms/max) E (change) = -0.0760885909 ([0m-1.146e-05[0m) Quality = [0m1.303[0m
Hessian Eigenvalues: 2.25490e-04 1.34940e-03 2.39046e-03 ... 3.17728e+00 4.87714e+01 2.20703e+03
Step   91 : Displace = [0m1.423e-02[0m/[0m4.277e-02[0m (rms/max) Trust = 3.000e-01 (=) Grad = [0m6.166e-04[0m/[0m1.324e-03[0m (rms/max) E (change) = -0.0760993600 ([0m-1.077e-05[0m) Quality = [0m1.545[0m
Hessian Eigenvalues: 1.40444e-04 1.05274e-03 2.64093e-03 ... 3.30940e+00 4.89069e+01 2.23394e+03
Step   92 : Displace = [0m4.965e-02[0m/[0m1.539e-01[0m (rms/max) Trust = 3.000e-01 (=) Grad = [0m7.075e-04[0m/[0m1.334e-03[0m (rms/max) E (change) = -0.0761223213 ([0m-2.296e-05[0m) Quality = [0m1.238[0m
Hessian Eigenvalues: 8.76895e-05 8.99033e-04 2.63464e-03 ... 3.97284e+00 5.37157e+01 2.32027e+03
Step   93 : Displace = [0m9.474e-02[0m/[0m3.044e-01[0m (rms/max) Trust = 3.000e-01 (=) Grad = [0m1.394e-03[0m/[0m3.890e-03[0m (rms/max) E (change) = -0.0760101031 ([91m+1.122e-04[0m) Quality = [91m-2.358[0m
Hessian Eigenvalues: 8.76895e-05 8.99033e-04 2.63464e-03 ... 3.97284e+00 5.37157e+01 2.32027e+03
Step   94 : Displace = [0m4.719e-02[0m/[0m1.514e-01[0m (rms/max) Trust = 4.737e-02 ([1;91mx[0m) Grad = [0m9.093e-04[0m/[0m2.135e-03[0m (rms/max) E (change) = -0.0761203877 ([91m+1.934e-06[0m) Quality = [91m-0.046[0m
Hessian Eigenvalues: 1.25248e-04 6.84489e-04 2.58510e-03 ... 6.21816e+00 6.23991e+01 2.56276e+03
Step   95 : Displace = [0m2.415e-02[0m/[0m4.884e-02[0m (rms/max) Trust = 2.368e-02 ([91m-[0m) Grad = [0m8.009e-04[0m/[0m1.708e-03[0m (rms/max) E (change) = -0.0761684153 ([0m-4.803e-05[0m) Quality = [0m0.572[0m
Hessian Eigenvalues: 1.25252e-04 8.49158e-04 2.59816e-03 ... 7.01154e+00 6.80878e+01 2.73490e+03
Step   96 : Displace = [0m2.480e-02[0m/[0m4.284e-02[0m (rms/max) Trust = 2.368e-02 (=) Grad = [0m5.975e-04[0m/[0m1.602e-03[0m (rms/max) E (change) = -0.0762095917 ([0m-4.118e-05[0m) Quality = [0m0.750[0m
Hessian Eigenvalues: 1.24649e-04 1.25818e-03 2.56729e-03 ... 7.03685e+00 6.48423e+01 2.67100e+03
Step   97 : Displace = [0m3.391e-02[0m/[0m1.055e-01[0m (rms/max) Trust = 3.349e-02 ([92m+[0m) Grad = [0m6.735e-04[0m/[0m1.431e-03[0m (rms/max) E (change) = -0.0762430114 ([0m-3.342e-05[0m) Quality = [0m1.006[0m
Hessian Eigenvalues: 8.35401e-05 1.42494e-03 2.60209e-03 ... 8.61278e+00 7.47165e+01 2.98608e+03
Step   98 : Displace = [0m5.204e-02[0m/[0m1.562e-01[0m (rms/max) Trust = 4.737e-02 ([92m+[0m) Grad = [0m6.351e-04[0m/[0m1.437e-03[0m (rms/max) E (change) = -0.0763062407 ([0m-6.323e-05[0m) Quality = [0m1.294[0m
Hessian Eigenvalues: 4.73365e-05 1.27505e-03 2.51055e-03 ... 9.09946e+00 8.34211e+01 3.14395e+03
Step   99 : Displace = [0m6.769e-02[0m/[0m2.047e-01[0m (rms/max) Trust = 6.699e-02 ([92m+[0m) Grad = [0m1.266e-03[0m/[0m3.761e-03[0m (rms/max) E (change) = -0.0763159039 ([0m-9.663e-06[0m) Quality = [0m0.141[0m
Hessian Eigenvalues: 1.16040e-04 1.20097e-03 2.40993e-03 ... 1.33552e+01 9.64778e+01 3.62305e+03
Step  100 : Displace = [0m3.335e-02[0m/[0m8.506e-02[0m (rms/max) Trust = 3.349e-02 ([91m-[0m) Grad = [0m9.069e-04[0m/[0m1.850e-03[0m (rms/max) E (change) = -0.0763557508 ([0m-3.985e-05[0m) Quality = [0m0.382[0m
Hessian Eigenvalues: 1.15326e-04 1.29472e-03 2.46101e-03 ... 1.44934e+01 1.00983e+02 3.88151e+03
Step  101 : Displace = [0m3.425e-02[0m/[0m7.030e-02[0m (rms/max) Trust = 3.349e-02 (=) Grad = [0m1.043e-03[0m/[0m2.396e-03[0m (rms/max) E (change) = -0.0763649656 ([0m-9.215e-06[0m) Quality = [0m0.106[0m
Hessian Eigenvalues: 1.29358e-04 2.06745e-03 2.44831e-03 ... 1.49852e+01 1.07323e+02 3.96731e+03
Step  102 : Displace = [0m1.684e-02[0m/[0m3.103e-02[0m (rms/max) Trust = 1.675e-02 ([91m-[0m) Grad = [0m6.872e-04[0m/[0m1.233e-03[0m (rms/max) E (change) = -0.0764248544 ([0m-5.989e-05[0m) Quality = [0m1.062[0m
Hessian Eigenvalues: 1.31878e-04 1.73324e-03 2.44266e-03 ... 1.44186e+01 1.00782e+02 3.84740e+03
Step  103 : Displace = [0m2.389e-02[0m/[0m6.551e-02[0m (rms/max) Trust = 2.368e-02 ([92m+[0m) Grad = [0m7.550e-04[0m/[0m1.315e-03[0m (rms/max) E (change) = -0.0764756029 ([0m-5.075e-05[0m) Quality = [0m1.179[0m
Hessian Eigenvalues: 9.89906e-05 1.24807e-03 2.43603e-03 ... 1.47911e+01 9.87813e+01 3.84905e+03
Step  104 : Displace = [0m3.536e-02[0m/[0m1.039e-01[0m (rms/max) Trust = 3.349e-02 ([92m+[0m) Grad = [0m1.024e-03[0m/[0m2.365e-03[0m (rms/max) E (change) = -0.0764974398 ([0m-2.184e-05[0m) Quality = [0m0.372[0m
Hessian Eigenvalues: 1.12789e-04 8.88081e-04 2.42969e-03 ... 2.53078e+01 1.18203e+02 5.19885e+03
Step  105 : Displace = [0m3.044e-02[0m/[0m6.248e-02[0m (rms/max) Trust = 3.349e-02 (=) Grad = [0m1.134e-03[0m/[0m2.121e-03[0m (rms/max) E (change) = -0.0765345856 ([0m-3.715e-05[0m) Quality = [0m0.310[0m
Hessian Eigenvalues: 3.46140e-05 3.82755e-04 2.67596e-03 ... 3.30454e+01 1.33849e+02 6.36722e+03
Step  106 : Displace = [0m3.574e-02[0m/[0m6.596e-02[0m (rms/max) Trust = 3.349e-02 (=) Grad = [0m2.884e-03[0m/[0m9.179e-03[0m (rms/max) E (change) = -0.0760987614 ([91m+4.358e-04[0m) Quality = [91m-2.460[0m
Hessian Eigenvalues: 3.46140e-05 3.82755e-04 2.67596e-03 ... 3.30454e+01 1.33849e+02 6.36722e+03
Step  107 : Displace = [0m1.693e-02[0m/[0m3.171e-02[0m (rms/max) Trust = 1.675e-02 ([1;91mx[0m) Grad = [0m1.263e-03[0m/[0m2.644e-03[0m (rms/max) E (change) = -0.0765175574 ([91m+1.703e-05[0m) Quality = [91m-0.178[0m
Hessian Eigenvalues: 3.48000e-05 3.85264e-04 2.69811e-03 ... 3.32142e+01 1.33172e+02 6.36723e+03
Step  108 : Displace = [0m9.225e-03[0m/[0m1.729e-02[0m (rms/max) Trust = 8.374e-03 ([91m-[0m) Grad = [0m9.091e-04[0m/[0m1.724e-03[0m (rms/max) E (change) = -0.0765691173 ([0m-5.156e-05[0m) Quality = [0m0.918[0m
Hessian Eigenvalues: 3.47967e-05 3.85367e-04 2.69813e-03 ... 3.29415e+01 1.32954e+02 6.36722e+03
Step  109 : Displace = [0m1.153e-02[0m/[0m2.996e-02[0m (rms/max) Trust = 1.184e-02 ([92m+[0m) Grad = [0m9.071e-04[0m/[0m1.671e-03[0m (rms/max) E (change) = -0.0765981014 ([0m-2.898e-05[0m) Quality = [0m0.865[0m
Hessian Eigenvalues: 2.42445e-05 8.27749e-04 2.77423e-03 ... 3.29659e+01 1.32455e+02 6.36722e+03
Step  110 : Displace = [0m1.704e-02[0m/[0m5.302e-02[0m (rms/max) Trust = 1.675e-02 ([92m+[0m) Grad = [0m1.048e-03[0m/[0m2.017e-03[0m (rms/max) E (change) = -0.0766417611 ([0m-4.366e-05[0m) Quality = [0m0.855[0m
Hessian Eigenvalues: 4.04537e-05 1.11580e-03 3.25021e-03 ... 3.27523e+01 1.32359e+02 6.36722e+03
Step  111 : Displace = [0m2.386e-02[0m/[0m7.958e-02[0m (rms/max) Trust = 2.368e-02 ([92m+[0m) Grad = [0m1.022e-03[0m/[0m2.029e-03[0m (rms/max) E (change) = -0.0767139134 ([0m-7.215e-05[0m) Quality = [0m1.198[0m
Hessian Eigenvalues: 2.29672e-05 1.09348e-03 1.94619e-03 ... 3.27360e+01 1.32645e+02 6.36722e+03
Step  112 : Displace = [0m3.430e-02[0m/[0m1.145e-01[0m (rms/max) Trust = 3.349e-02 ([92m+[0m) Grad = [0m1.079e-03[0m/[0m2.188e-03[0m (rms/max) E (change) = -0.0768334712 ([0m-1.196e-04[0m) Quality = [0m1.026[0m
Hessian Eigenvalues: 2.42994e-05 1.21093e-03 1.58629e-03 ... 3.28718e+01 1.32463e+02 6.36722e+03
Step  113 : Displace = [0m4.840e-02[0m/[0m1.692e-01[0m (rms/max) Trust = 4.737e-02 ([92m+[0m) Grad = [0m1.197e-03[0m/[0m2.584e-03[0m (rms/max) E (change) = -0.0769424854 ([0m-1.090e-04[0m) Quality = [0m0.857[0m
Hessian Eigenvalues: 1.35058e-04 6.66010e-04 1.80544e-03 ... 3.27200e+01 1.32366e+02 6.36722e+03
Step  114 : Displace = [0m7.173e-02[0m/[0m1.113e-01[0m (rms/max) Trust = 6.699e-02 ([92m+[0m) Grad = [0m5.712e-03[0m/[0m1.444e-02[0m (rms/max) E (change) = -0.0758391130 ([91m+1.103e-03[0m) Quality = [91m-3.213[0m
Hessian Eigenvalues: 1.35058e-04 6.66010e-04 1.80544e-03 ... 3.27200e+01 1.32366e+02 6.36722e+03
Step  115 : Displace = [0m3.145e-02[0m/[0m4.708e-02[0m (rms/max) Trust = 3.349e-02 ([1;91mx[0m) Grad = [0m2.412e-03[0m/[0m4.972e-03[0m (rms/max) E (change) = -0.0769468101 ([0m-4.325e-06[0m) Quality = [0m0.023[0m
Hessian Eigenvalues: 4.54189e-04 1.21061e-03 3.10529e-03 ... 3.31535e+01 1.32088e+02 6.36722e+03
Step  116 : Displace = [0m1.703e-02[0m/[0m3.553e-02[0m (rms/max) Trust = 1.675e-02 ([91m-[0m) Grad = [0m1.342e-03[0m/[0m2.577e-03[0m (rms/max) E (change) = -0.0771090918 ([0m-1.623e-04[0m) Quality = [0m1.031[0m
Hessian Eigenvalues: 4.47503e-04 1.22654e-03 3.15615e-03 ... 3.29282e+01 1.32077e+02 6.36722e+03
Step  117 : Displace = [0m2.399e-02[0m/[0m4.863e-02[0m (rms/max) Trust = 2.368e-02 ([92m+[0m) Grad = [0m1.265e-03[0m/[0m2.699e-03[0m (rms/max) E (change) = -0.0771663253 ([0m-5.723e-05[0m) Quality = [0m0.491[0m
Hessian Eigenvalues: 4.69600e-04 1.22064e-03 3.13750e-03 ... 3.29024e+01 1.32077e+02 6.36722e+03
Step  118 : Displace = [0m2.285e-02[0m/[0m7.460e-02[0m (rms/max) Trust = 2.368e-02 (=) Grad = [0m1.059e-03[0m/[0m2.363e-03[0m (rms/max) E (change) = -0.0772717294 ([0m-1.054e-04[0m) Quality = [0m1.045[0m
Hessian Eigenvalues: 7.62897e-04 1.10260e-03 2.78303e-03 ... 3.28786e+01 1.32082e+02 6.36722e+03
Step  119 : Displace = [0m2.082e-02[0m/[0m3.660e-02[0m (rms/max) Trust = 3.349e-02 ([92m+[0m) Grad = [0m8.984e-04[0m/[0m1.652e-03[0m (rms/max) E (change) = -0.0773559273 ([0m-8.420e-05[0m) Quality = [0m0.892[0m
Hessian Eigenvalues: -4.10576e+00 2.06266e-05 8.59922e-04 ... 2.92937e+01 1.21941e+02 5.71403e+03
Step  120 : Displace = [0m4.735e-02[0m/[0m1.088e-01[0m (rms/max) Trust = 4.737e-02 ([92m+[0m) Grad = [0m4.925e-03[0m/[0m1.658e-02[0m (rms/max) E (change) = -0.0760640336 ([91m+1.292e-03[0m) Quality = [91m-3.749[0m
Hessian Eigenvalues: -4.10576e+00 2.06266e-05 8.59922e-04 ... 2.92937e+01 1.21941e+02 5.71403e+03
Step  121 : Displace = [0m2.362e-02[0m/[0m5.398e-02[0m (rms/max) Trust = 2.368e-02 ([1;91mx[0m) Grad = [0m2.042e-03[0m/[0m6.564e-03[0m (rms/max) E (change) = -0.0771278135 ([91m+2.281e-04[0m) Quality = [91m-2.072[0m
Hessian Eigenvalues: -4.10576e+00 2.06266e-05 8.59922e-04 ... 2.92937e+01 1.21941e+02 5.71403e+03
Step  122 : Displace = [0m1.175e-02[0m/[0m2.659e-02[0m (rms/max) Trust = 1.181e-02 ([1;91mx[0m) Grad = [0m1.133e-03[0m/[0m2.805e-03[0m (rms/max) E (change) = -0.0773235466 ([91m+3.238e-05[0m) Quality = [91m-0.838[0m
Hessian Eigenvalues: 2.06511e-05 8.59930e-04 1.92390e-03 ... 4.70120e+01 1.76511e+02 1.21647e+04
Step  123 : Displace = [0m8.504e-03[0m/[0m1.946e-02[0m (rms/max) Trust = 5.905e-03 ([91m-[0m) Grad = [0m7.941e-04[0m/[0m1.663e-03[0m (rms/max) E (change) = -0.0773688265 ([0m-4.528e-05[0m) Quality = [0m0.953[0m
Hessian Eigenvalues: 2.06478e-05 8.59980e-04 1.92372e-03 ... 4.49821e+01 1.76571e+02 1.23151e+04
Step  124 : Displace = [0m8.326e-03[0m/[0m1.463e-02[0m (rms/max) Trust = 8.351e-03 ([92m+[0m) Grad = [0m8.010e-04[0m/[0m1.869e-03[0m (rms/max) E (change) = -0.0773969133 ([0m-2.809e-05[0m) Quality = [0m1.019[0m
Hessian Eigenvalues: 1.53112e-05 9.02802e-04 2.14322e-03 ... 4.53852e+01 1.77018e+02 1.23364e+04
Step  125 : Displace = [0m1.084e-02[0m/[0m1.809e-02[0m (rms/max) Trust = 1.181e-02 ([92m+[0m) Grad = [0m7.204e-04[0m/[0m1.504e-03[0m (rms/max) E (change) = -0.0774462705 ([0m-4.936e-05[0m) Quality = [0m0.757[0m
Hessian Eigenvalues: 4.47348e-05 9.68582e-04 2.83404e-03 ... 4.60792e+01 1.77963e+02 1.22753e+04
Step  126 : Displace = [0m1.683e-02[0m/[0m3.871e-02[0m (rms/max) Trust = 1.670e-02 ([92m+[0m) Grad = [0m5.908e-04[0m/[0m1.182e-03[0m (rms/max) E (change) = -0.0775013842 ([0m-5.511e-05[0m) Quality = [0m0.812[0m
Hessian Eigenvalues: 5.87689e-04 8.01255e-04 9.73066e-04 ... 4.41841e+01 1.73382e+02 1.20022e+04
Step  127 : Displace = [0m2.456e-02[0m/[0m5.061e-02[0m (rms/max) Trust = 2.362e-02 ([92m+[0m) Grad = [0m1.129e-03[0m/[0m2.479e-03[0m (rms/max) E (change) = -0.0774416803 ([91m+5.970e-05[0m) Quality = [91m-0.728[0m
Hessian Eigenvalues: 7.45886e-04 9.64215e-04 2.22744e-03 ... 4.80405e+01 1.78266e+02 1.24612e+04
Step  128 : Displace = [0m1.250e-02[0m/[0m2.319e-02[0m (rms/max) Trust = 1.181e-02 ([91m-[0m) Grad = [0m6.144e-04[0m/[0m1.305e-03[0m (rms/max) E (change) = -0.0775282855 ([0m-8.661e-05[0m) Quality = [0m0.993[0m
Hessian Eigenvalues: 7.41526e-04 9.64192e-04 2.21114e-03 ... 4.61685e+01 1.77539e+02 1.23450e+04
Step  129 : Displace = [0m1.820e-02[0m/[0m3.861e-02[0m (rms/max) Trust = 1.670e-02 ([92m+[0m) Grad = [0m8.771e-04[0m/[0m1.930e-03[0m (rms/max) E (change) = -0.0775415658 ([0m-1.328e-05[0m) Quality = [0m0.251[0m
Hessian Eigenvalues: 8.59676e-04 9.62205e-04 2.87522e-03 ... 4.59063e+01 1.77619e+02 1.23668e+04
Step  130 : Displace = [0m1.705e-02[0m/[0m4.013e-02[0m (rms/max) Trust = 1.670e-02 (=) Grad = [0m5.675e-04[0m/[0m1.143e-03[0m (rms/max) E (change) = -0.0775660109 ([0m-2.445e-05[0m) Quality = [0m0.588[0m
Hessian Eigenvalues: 7.49078e-04 1.01924e-03 2.88849e-03 ... 4.62535e+01 1.78212e+02 1.23661e+04
Step  131 : Displace = [0m1.335e-02[0m/[0m3.240e-02[0m (rms/max) Trust = 1.670e-02 (=) Grad = [0m5.532e-04[0m/[0m9.588e-04[0m (rms/max) E (change) = -0.0775740538 ([0m-8.043e-06[0m) Quality = [0m0.306[0m
Hessian Eigenvalues: 8.16777e-04 1.05071e-03 3.18037e-03 ... 4.84198e+01 1.80145e+02 1.25491e+04
Step  132 : Displace = [0m1.170e-02[0m/[0m3.381e-02[0m (rms/max) Trust = 1.670e-02 (=) Grad = [0m5.873e-04[0m/[0m1.296e-03[0m (rms/max) E (change) = -0.0775846765 ([0m-1.062e-05[0m) Quality = [0m0.611[0m
Hessian Eigenvalues: 7.91616e-04 1.04653e-03 4.13045e-03 ... 4.80144e+01 1.80640e+02 1.26501e+04
Step  133 : Displace = [0m7.999e-03[0m/[0m1.311e-02[0m (rms/max) Trust = 1.670e-02 (=) Grad = [0m5.131e-04[0m/[0m1.104e-03[0m (rms/max) E (change) = -0.0775892915 ([0m-4.615e-06[0m) Quality = [0m0.563[0m
Hessian Eigenvalues: 8.88600e-04 1.05952e-03 4.16474e-03 ... 4.80348e+01 1.80350e+02 1.26028e+04
Step  134 : Displace = [0m5.553e-03[0m/[0m1.748e-02[0m (rms/max) Trust = 1.670e-02 (=) Grad = [0m4.622e-04[0m/[0m1.019e-03[0m (rms/max) E (change) = -0.0775940529 ([0m-4.761e-06[0m) Quality = [0m1.006[0m
Hessian Eigenvalues: 8.71704e-04 1.30333e-03 4.15818e-03 ... 4.80291e+01 1.80042e+02 1.25895e+04
Step  135 : Displace = [0m4.240e-03[0m/[0m7.117e-03[0m (rms/max) Trust = 2.362e-02 ([92m+[0m) Grad = [0m4.691e-04[0m/[0m1.047e-03[0m (rms/max) E (change) = -0.0775966712 ([0m-2.618e-06[0m) Quality = [0m1.253[0m
Hessian Eigenvalues: 8.28715e-04 1.30642e-03 3.87446e-03 ... 4.90475e+01 1.81187e+02 1.26773e+04
Step  136 : Displace = [0m3.812e-03[0m/[0m5.705e-03[0m (rms/max) Trust = 3.341e-02 ([92m+[0m) Grad = [0m4.764e-04[0m/[0m1.108e-03[0m (rms/max) E (change) = -0.0775991489 ([0m-2.478e-06[0m) Quality = [0m1.478[0m
Hessian Eigenvalues: 7.98806e-04 1.32882e-03 3.03187e-03 ... 4.70207e+01 1.81082e+02 1.26470e+04
Step  137 : Displace = [0m3.356e-03[0m/[0m5.534e-03[0m (rms/max) Trust = 4.724e-02 ([92m+[0m) Grad = [0m4.750e-04[0m/[0m1.130e-03[0m (rms/max) E (change) = -0.0776011536 ([0m-2.005e-06[0m) Quality = [0m1.114[0m
Hessian Eigenvalues: 7.05707e-04 1.32625e-03 3.15294e-03 ... 4.64756e+01 1.81783e+02 1.27209e+04
Step  138 : Displace = [0m5.119e-03[0m/[0m1.252e-02[0m (rms/max) Trust = 6.681e-02 ([92m+[0m) Grad = [0m4.762e-04[0m/[0m1.200e-03[0m (rms/max) E (change) = -0.0776019400 ([92m-7.864e-07[0m) Quality = [0m0.581[0m
Hessian Eigenvalues: 8.27588e-04 1.61538e-03 2.97381e-03 ... 4.46881e+01 1.84994e+02 1.27855e+04
Step  139 : Displace = [0m2.018e-03[0m/[0m4.638e-03[0m (rms/max) Trust = 6.681e-02 (=) Grad = [0m4.591e-04[0m/[0m1.136e-03[0m (rms/max) E (change) = -0.0776037411 ([0m-1.801e-06[0m) Quality = [0m1.567[0m
Hessian Eigenvalues: 8.60462e-04 1.65853e-03 2.67843e-03 ... 4.82375e+01 1.86141e+02 1.30605e+04
Step  140 : Displace = [0m2.689e-03[0m/[0m4.905e-03[0m (rms/max) Trust = 9.448e-02 ([92m+[0m) Grad = [0m4.413e-04[0m/[0m1.028e-03[0m (rms/max) E (change) = -0.0776066874 ([0m-2.946e-06[0m) Quality = [0m1.385[0m
Hessian Eigenvalues: 8.60441e-04 1.66859e-03 2.36391e-03 ... 4.92231e+01 1.88010e+02 1.32001e+04
Step  141 : Displace = [0m2.509e-03[0m/[0m4.460e-03[0m (rms/max) Trust = 1.336e-01 ([92m+[0m) Grad = [0m4.310e-04[0m/[0m9.518e-04[0m (rms/max) E (change) = -0.0776092416 ([0m-2.554e-06[0m) Quality = [0m1.506[0m
Hessian Eigenvalues: 8.56226e-04 1.66899e-03 1.91459e-03 ... 4.49014e+01 1.87126e+02 1.29620e+04
Step  142 : Displace = [0m3.624e-03[0m/[0m6.071e-03[0m (rms/max) Trust = 1.890e-01 ([92m+[0m) Grad = [0m4.223e-04[0m/[0m9.260e-04[0m (rms/max) E (change) = -0.0776128058 ([0m-3.564e-06[0m) Quality = [0m1.505[0m
Hessian Eigenvalues: 7.77214e-04 1.39715e-03 1.85313e-03 ... 4.11499e+01 1.86047e+02 1.27414e+04
Step  143 : Displace = [0m4.651e-03[0m/[0m8.459e-03[0m (rms/max) Trust = 2.672e-01 ([92m+[0m) Grad = [0m4.161e-04[0m/[0m9.067e-04[0m (rms/max) E (change) = -0.0776173257 ([0m-4.520e-06[0m) Quality = [0m1.490[0m
Hessian Eigenvalues: 6.60162e-04 1.24996e-03 1.90686e-03 ... 3.86430e+01 1.85374e+02 1.25948e+04
Step  144 : Displace = [0m4.610e-03[0m/[0m8.987e-03[0m (rms/max) Trust = 3.000e-01 ([92m+[0m) Grad = [0m4.127e-04[0m/[0m9.292e-04[0m (rms/max) E (change) = -0.0776222131 ([0m-4.887e-06[0m) Quality = [0m1.468[0m
Hessian Eigenvalues: 5.99250e-04 1.16567e-03 1.92393e-03 ... 3.70755e+01 1.85046e+02 1.25035e+04
Step  145 : Displace = [0m3.846e-03[0m/[0m7.513e-03[0m (rms/max) Trust = 3.000e-01 (=) Grad = [0m4.098e-04[0m/[0m9.896e-04[0m (rms/max) E (change) = -0.0776267393 ([0m-4.526e-06[0m) Quality = [0m1.454[0m
Hessian Eigenvalues: 5.75897e-04 1.11802e-03 1.93120e-03 ... 3.60068e+01 1.84888e+02 1.24412e+04
Step  146 : Displace = [0m3.880e-03[0m/[0m6.688e-03[0m (rms/max) Trust = 3.000e-01 (=) Grad = [0m4.073e-04[0m/[0m1.015e-03[0m (rms/max) E (change) = -0.0776305365 ([0m-3.797e-06[0m) Quality = [0m1.431[0m
Hessian Eigenvalues: 6.34987e-04 1.09858e-03 1.92821e-03 ... 3.51313e+01 1.84789e+02 1.23912e+04
Step  147 : Displace = [0m4.300e-03[0m/[0m6.324e-03[0m (rms/max) Trust = 3.000e-01 (=) Grad = [0m4.351e-04[0m/[0m1.094e-03[0m (rms/max) E (change) = -0.0776329102 ([0m-2.374e-06[0m) Quality = [0m1.048[0m
Hessian Eigenvalues: 4.24587e-04 9.39978e-04 1.98789e-03 ... 3.62150e+01 1.86527e+02 1.25062e+04
Step  148 : Displace = [0m1.399e-02[0m/[0m2.519e-02[0m (rms/max) Trust = 3.000e-01 (=) Grad = [0m6.255e-04[0m/[0m1.520e-03[0m (rms/max) E (change) = -0.0776066841 ([91m+2.623e-05[0m) Quality = [91m-4.115[0m
Hessian Eigenvalues: 4.24587e-04 9.39978e-04 1.98789e-03 ... 3.62150e+01 1.86527e+02 1.25062e+04
Step  149 : Displace = [0m7.171e-03[0m/[0m1.164e-02[0m (rms/max) Trust = 6.994e-03 ([1;91mx[0m) Grad = [0m4.305e-04[0m/[0m9.445e-04[0m (rms/max) E (change) = -0.0776319705 ([91m+9.397e-07[0m) Quality = [91m-0.190[0m
Hessian Eigenvalues: 7.23494e-04 1.25186e-03 2.18400e-03 ... 4.03199e+01 1.89840e+02 1.27319e+04
Step  150 : Displace = [0m3.677e-03[0m/[0m7.207e-03[0m (rms/max) Trust = 3.497e-03 ([91m-[0m) Grad = [0m4.026e-04[0m/[0m9.913e-04[0m (rms/max) E (change) = -0.0776373648 ([0m-5.394e-06[0m) Quality = [0m1.105[0m
Hessian Eigenvalues: 7.30023e-04 1.28834e-03 2.30014e-03 ... 3.67209e+01 1.88569e+02 1.25823e+04
Step  151 : Displace = [0m2.747e-03[0m/[0m4.561e-03[0m (rms/max) Trust = 4.946e-03 ([92m+[0m) Grad = [0m4.052e-04[0m/[0m1.022e-03[0m (rms/max) E (change) = -0.0776403695 ([0m-3.005e-06[0m) Quality = [0m1.648[0m
Hessian Eigenvalues: 7.59565e-04 1.13739e-03 1.91170e-03 ... 3.63853e+01 1.89616e+02 1.26309e+04
Step  152 : Displace = [0m6.175e-03[0m/[0m1.115e-02[0m (rms/max) Trust = 6.994e-03 ([92m+[0m) Grad = [0m3.968e-04[0m/[0m9.868e-04[0m (rms/max) E (change) = -0.0776471295 ([0m-6.760e-06[0m) Quality = [0m1.400[0m
Hessian Eigenvalues: 6.91386e-04 9.92074e-04 1.55583e-03 ... 3.66084e+01 1.90161e+02 1.26488e+04
Step  153 : Displace = [0m5.469e-03[0m/[0m1.209e-02[0m (rms/max) Trust = 9.891e-03 ([92m+[0m) Grad = [0m4.039e-04[0m/[0m9.922e-04[0m (rms/max) E (change) = -0.0776531573 ([0m-6.028e-06[0m) Quality = [0m1.476[0m
Hessian Eigenvalues: 4.92604e-04 9.50254e-04 1.39112e-03 ... 3.72330e+01 1.90351e+02 1.26785e+04
Step  154 : Displace = [0m6.292e-03[0m/[0m1.315e-02[0m (rms/max) Trust = 1.399e-02 ([92m+[0m) Grad = [0m4.326e-04[0m/[0m9.630e-04[0m (rms/max) E (change) = -0.0776587431 ([0m-5.586e-06[0m) Quality = [0m1.150[0m
Hessian Eigenvalues: 5.46061e-04 1.01190e-03 1.33197e-03 ... 3.78489e+01 1.91449e+02 1.27267e+04
Step  155 : Displace = [0m3.337e-03[0m/[0m8.010e-03[0m (rms/max) Trust = 1.978e-02 ([92m+[0m) Grad = [0m4.210e-04[0m/[0m1.046e-03[0m (rms/max) E (change) = -0.0776636549 ([0m-4.912e-06[0m) Quality = [0m1.380[0m
Hessian Eigenvalues: 4.77816e-04 9.83100e-04 1.22297e-03 ... 3.65767e+01 1.91441e+02 1.26868e+04
Step  156 : Displace = [0m4.387e-03[0m/[0m1.100e-02[0m (rms/max) Trust = 2.798e-02 ([92m+[0m) Grad = [0m4.000e-04[0m/[0m9.510e-04[0m (rms/max) E (change) = -0.0776690793 ([0m-5.424e-06[0m) Quality = [0m1.227[0m
Hessian Eigenvalues: 5.63840e-04 1.00351e-03 1.26747e-03 ... 3.65636e+01 1.92291e+02 1.27067e+04
Step  157 : Displace = [0m5.915e-03[0m/[0m1.237e-02[0m (rms/max) Trust = 3.956e-02 ([92m+[0m) Grad = [0m3.941e-04[0m/[0m9.200e-04[0m (rms/max) E (change) = -0.0776724853 ([0m-3.406e-06[0m) Quality = [0m0.920[0m
Hessian Eigenvalues: 5.53383e-04 9.31507e-04 1.24930e-03 ... 3.66098e+01 1.92989e+02 1.26844e+04
Step  158 : Displace = [0m2.676e-03[0m/[0m4.536e-03[0m (rms/max) Trust = 5.595e-02 ([92m+[0m) Grad = [0m3.805e-04[0m/[0m8.629e-04[0m (rms/max) E (change) = -0.0776750769 ([0m-2.592e-06[0m) Quality = [0m1.406[0m
Hessian Eigenvalues: 4.56832e-04 8.64095e-04 1.30264e-03 ... 3.80627e+01 1.94557e+02 1.27412e+04
Step  159 : Displace = [0m3.501e-03[0m/[0m5.286e-03[0m (rms/max) Trust = 7.913e-02 ([92m+[0m) Grad = [0m3.607e-04[0m/[0m8.486e-04[0m (rms/max) E (change) = -0.0776777825 ([0m-2.706e-06[0m) Quality = [0m1.321[0m
Hessian Eigenvalues: 4.49252e-04 8.61454e-04 1.30085e-03 ... 3.75775e+01 1.94320e+02 1.27028e+04
Step  160 : Displace = [0m2.723e-03[0m/[0m4.474e-03[0m (rms/max) Trust = 1.119e-01 ([92m+[0m) Grad = [0m3.519e-04[0m/[0m8.132e-04[0m (rms/max) E (change) = -0.0776794577 ([0m-1.675e-06[0m) Quality = [0m1.319[0m
Hessian Eigenvalues: 3.74679e-04 9.19629e-04 1.32894e-03 ... 3.60222e+01 1.94396e+02 1.25896e+04
Step  161 : Displace = [0m2.677e-03[0m/[0m4.988e-03[0m (rms/max) Trust = 1.583e-01 ([92m+[0m) Grad = [0m3.354e-04[0m/[0m7.549e-04[0m (rms/max) E (change) = -0.0776806503 ([0m-1.193e-06[0m) Quality = [0m1.271[0m
Hessian Eigenvalues: 4.50738e-04 9.13005e-04 1.30241e-03 ... 3.50454e+01 1.94365e+02 1.25189e+04
Step  162 : Displace = [0m1.641e-03[0m/[0m2.964e-03[0m (rms/max) Trust = 2.238e-01 ([92m+[0m) Grad = [0m3.297e-04[0m/[0m7.302e-04[0m (rms/max) E (change) = -0.0776813188 ([92m-6.685e-07[0m) Quality = [0m1.230[0m
Hessian Eigenvalues: 4.46890e-04 9.13601e-04 1.26713e-03 ... 3.38364e+01 1.95553e+02 1.23993e+04
Step  163 : Displace = [92m8.949e-04[0m/[92m1.764e-03[0m (rms/max) Trust = 3.000e-01 ([92m+[0m) Grad = [0m3.266e-04[0m/[0m7.378e-04[0m (rms/max) E (change) = -0.0776816668 ([92m-3.480e-07[0m) Quality = [0m1.484[0m
Hessian Eigenvalues: 4.70522e-04 9.12870e-04 1.29254e-03 ... 3.31341e+01 1.94814e+02 1.22960e+04
Step  164 : Displace = [92m1.131e-03[0m/[0m2.610e-03[0m (rms/max) Trust = 3.000e-01 (=) Grad = [0m3.248e-04[0m/[0m7.490e-04[0m (rms/max) E (change) = -0.0776821914 ([92m-5.246e-07[0m) Quality = [0m1.561[0m
Hessian Eigenvalues: 4.73421e-04 9.19010e-04 1.29030e-03 ... 3.22525e+01 1.94589e+02 1.21868e+04
Step  165 : Displace = [0m2.068e-03[0m/[0m4.970e-03[0m (rms/max) Trust = 3.000e-01 (=) Grad = [0m3.256e-04[0m/[0m7.652e-04[0m (rms/max) E (change) = -0.0776832128 ([0m-1.021e-06[0m) Quality = [0m1.552[0m
Hessian Eigenvalues: 4.71232e-04 9.18625e-04 1.31435e-03 ... 3.19580e+01 1.94472e+02 1.21389e+04
Step  166 : Displace = [0m3.652e-03[0m/[0m8.947e-03[0m (rms/max) Trust = 3.000e-01 (=) Grad = [0m3.271e-04[0m/[0m7.773e-04[0m (rms/max) E (change) = -0.0776849148 ([0m-1.702e-06[0m) Quality = [0m1.484[0m
Hessian Eigenvalues: 4.80734e-04 9.11467e-04 1.03910e-03 ... 3.18824e+01 1.94556e+02 1.21122e+04
Step  167 : Displace = [0m4.352e-03[0m/[0m9.908e-03[0m (rms/max) Trust = 3.000e-01 (=) Grad = [0m3.206e-04[0m/[0m7.560e-04[0m (rms/max) E (change) = -0.0776868137 ([0m-1.899e-06[0m) Quality = [0m1.411[0m
Hessian Eigenvalues: 4.83498e-04 8.02288e-04 1.09278e-03 ... 3.18649e+01 1.94419e+02 1.20984e+04
Step  168 : Displace = [0m3.353e-03[0m/[0m6.684e-03[0m (rms/max) Trust = 3.000e-01 (=) Grad = [0m3.140e-04[0m/[0m7.292e-04[0m (rms/max) E (change) = -0.0776881274 ([0m-1.314e-06[0m) Quality = [0m1.255[0m
Hessian Eigenvalues: 4.63887e-04 8.75316e-04 1.07153e-03 ... 3.20947e+01 1.95085e+02 1.20973e+04
Step  169 : Displace = [0m2.287e-03[0m/[0m3.293e-03[0m (rms/max) Trust = 3.000e-01 (=) Grad = [0m3.126e-04[0m/[0m6.318e-04[0m (rms/max) E (change) = -0.0776885198 ([92m-3.923e-07[0m) Quality = [0m0.551[0m
Hessian Eigenvalues: 5.61265e-04 8.59583e-04 1.23183e-03 ... 3.33111e+01 1.95299e+02 1.21668e+04
Step  170 : Displace = [0m1.525e-03[0m/[0m2.257e-03[0m (rms/max) Trust = 3.000e-01 (=) Grad = [0m3.110e-04[0m/[0m6.524e-04[0m (rms/max) E (change) = -0.0776891371 ([92m-6.173e-07[0m) Quality = [0m1.252[0m
Hessian Eigenvalues: 5.57833e-04 8.59322e-04 1.16036e-03 ... 3.30149e+01 1.97841e+02 1.20993e+04
Step  171 : Displace = [92m8.043e-04[0m/[92m1.404e-03[0m (rms/max) Trust = 3.000e-01 (=) Grad = [0m3.086e-04[0m/[0m6.468e-04[0m (rms/max) E (change) = -0.0776896299 ([92m-4.929e-07[0m) Quality = [0m1.730[0m
Hessian Eigenvalues: 5.48895e-04 8.32807e-04 1.14750e-03 ... 3.36095e+01 1.97495e+02 1.21043e+04
Step  172 : Displace = [0m2.221e-03[0m/[0m4.395e-03[0m (rms/max) Trust = 3.000e-01 (=) Grad = [0m3.018e-04[0m/[0m6.099e-04[0m (rms/max) E (change) = -0.0776911571 ([0m-1.527e-06[0m) Quality = [0m1.402[0m
Hessian Eigenvalues: 5.40878e-04 8.06583e-04 1.25868e-03 ... 3.38184e+01 1.96895e+02 1.21129e+04
Step  173 : Displace = [0m1.863e-03[0m/[0m3.901e-03[0m (rms/max) Trust = 3.000e-01 (=) Grad = [92m2.945e-04[0m/[0m5.695e-04[0m (rms/max) E (change) = -0.0776923877 ([0m-1.231e-06[0m) Quality = [0m1.515[0m
Hessian Eigenvalues: 5.40106e-04 7.85408e-04 1.35913e-03 ... 3.36281e+01 1.94477e+02 1.21110e+04
Step  174 : Displace = [0m3.168e-03[0m/[0m5.117e-03[0m (rms/max) Trust = 3.000e-01 (=) Grad = [92m2.855e-04[0m/[0m5.486e-04[0m (rms/max) E (change) = -0.0776938449 ([0m-1.457e-06[0m) Quality = [0m1.417[0m
Hessian Eigenvalues: 5.43914e-04 7.85830e-04 1.11779e-03 ... 3.34630e+01 1.92656e+02 1.21153e+04
Step  175 : Displace = [0m3.352e-03[0m/[0m5.412e-03[0m (rms/max) Trust = 3.000e-01 (=) Grad = [92m2.809e-04[0m/[0m5.862e-04[0m (rms/max) E (change) = -0.0776949153 ([0m-1.070e-06[0m) Quality = [0m1.403[0m
Hessian Eigenvalues: 5.38440e-04 7.98989e-04 8.95266e-04 ... 3.35441e+01 1.91458e+02 1.21317e+04
Step  176 : Displace = [0m2.719e-03[0m/[0m4.362e-03[0m (rms/max) Trust = 3.000e-01 (=) Grad = [92m2.806e-04[0m/[0m6.236e-04[0m (rms/max) E (change) = -0.0776956634 ([92m-7.481e-07[0m) Quality = [0m1.453[0m
Hessian Eigenvalues: 5.16461e-04 8.09206e-04 8.61646e-04 ... 3.36784e+01 1.90873e+02 1.21167e+04
Step  177 : Displace = [0m2.802e-03[0m/[0m5.604e-03[0m (rms/max) Trust = 3.000e-01 (=) Grad = [92m2.827e-04[0m/[0m6.523e-04[0m (rms/max) E (change) = -0.0776965190 ([92m-8.556e-07[0m) Quality = [0m1.575[0m
Hessian Eigenvalues: 4.42764e-04 8.03154e-04 9.13908e-04 ... 3.37696e+01 1.90876e+02 1.20807e+04
Step  178 : Displace = [0m4.785e-03[0m/[0m1.071e-02[0m (rms/max) Trust = 3.000e-01 (=) Grad = [92m2.885e-04[0m/[0m6.921e-04[0m (rms/max) E (change) = -0.0776980634 ([0m-1.544e-06[0m) Quality = [0m1.486[0m
Hessian Eigenvalues: 3.91868e-04 7.83092e-04 9.88826e-04 ... 3.36360e+01 1.90877e+02 1.20438e+04
Step  179 : Displace = [0m5.821e-03[0m/[0m1.510e-02[0m (rms/max) Trust = 3.000e-01 (=) Grad = [92m2.937e-04[0m/[0m7.006e-04[0m (rms/max) E (change) = -0.0776997653 ([0m-1.702e-06[0m) Quality = [0m1.315[0m
Hessian Eigenvalues: 3.10945e-04 7.93386e-04 1.07799e-03 ... 3.38476e+01 1.91410e+02 1.20404e+04
Step  180 : Displace = [0m4.495e-03[0m/[0m1.077e-02[0m (rms/max) Trust = 3.000e-01 (=) Grad = [0m3.023e-04[0m/[0m7.237e-04[0m (rms/max) E (change) = -0.0777009421 ([0m-1.177e-06[0m) Quality = [0m0.916[0m
Hessian Eigenvalues: 3.15100e-04 7.88610e-04 1.01952e-03 ... 3.42253e+01 1.93111e+02 1.20516e+04
Step  181 : Displace = [0m2.490e-03[0m/[0m5.501e-03[0m (rms/max) Trust = 3.000e-01 (=) Grad = [92m2.971e-04[0m/[0m6.843e-04[0m (rms/max) E (change) = -0.0777018288 ([92m-8.866e-07[0m) Quality = [0m0.936[0m
Hessian Eigenvalues: 3.36487e-04 7.33732e-04 8.89889e-04 ... 3.51949e+01 1.94186e+02 1.21306e+04
Step  182 : Displace = [0m2.554e-03[0m/[0m6.270e-03[0m (rms/max) Trust = 3.000e-01 (=) Grad = [92m2.868e-04[0m/[0m6.688e-04[0m (rms/max) E (change) = -0.0777023288 ([92m-5.001e-07[0m) Quality = [0m1.324[0m
Hessian Eigenvalues: 3.61675e-04 6.83096e-04 8.39549e-04 ... 3.45703e+01 1.95828e+02 1.20276e+04
Step  183 : Displace = [92m9.900e-04[0m/[0m2.532e-03[0m (rms/max) Trust = 3.000e-01 (=) Grad = [92m2.803e-04[0m/[0m6.576e-04[0m (rms/max) E (change) = -0.0777026641 ([92m-3.353e-07[0m) Quality = [0m1.561[0m
Hessian Eigenvalues: 3.25115e-04 6.95980e-04 7.97029e-04 ... 3.47575e+01 1.96556e+02 1.19926e+04
Step  184 : Displace = [92m1.185e-03[0m/[0m2.106e-03[0m (rms/max) Trust = 3.000e-01 (=) Grad = [92m2.696e-04[0m/[0m6.363e-04[0m (rms/max) E (change) = -0.0777032692 ([92m-6.051e-07[0m) Quality = [0m1.529[0m
Hessian Eigenvalues: 2.77166e-04 6.70924e-04 7.87338e-04 ... 3.49366e+01 1.96013e+02 1.19930e+04
Step  185 : Displace = [0m1.740e-03[0m/[0m5.120e-03[0m (rms/max) Trust = 3.000e-01 (=) Grad = [92m2.572e-04[0m/[0m6.107e-04[0m (rms/max) E (change) = -0.0777040422 ([92m-7.729e-07[0m) Quality = [0m1.441[0m
Hessian Eigenvalues: 2.72871e-04 6.35921e-04 7.81757e-04 ... 3.49215e+01 1.94709e+02 1.19947e+04
Step  186 : Displace = [0m1.604e-03[0m/[0m4.106e-03[0m (rms/max) Trust = 3.000e-01 (=) Grad = [92m2.508e-04[0m/[0m6.007e-04[0m (rms/max) E (change) = -0.0777047548 ([92m-7.127e-07[0m) Quality = [0m1.469[0m
Hessian Eigenvalues: 2.66347e-04 5.82936e-04 7.78605e-04 ... 3.49148e+01 1.93624e+02 1.19902e+04
Step  187 : Displace = [0m1.726e-03[0m/[0m3.972e-03[0m (rms/max) Trust = 3.000e-01 (=) Grad = [92m2.478e-04[0m/[0m5.909e-04[0m (rms/max) E (change) = -0.0777056106 ([92m-8.558e-07[0m) Quality = [0m1.533[0m
Hessian Eigenvalues: 2.90908e-04 5.00877e-04 7.79418e-04 ... 3.50317e+01 1.92890e+02 1.19955e+04
Step  188 : Displace = [0m2.982e-03[0m/[0m6.260e-03[0m (rms/max) Trust = 3.000e-01 (=) Grad = [92m2.476e-04[0m/[0m5.980e-04[0m (rms/max) E (change) = -0.0777068150 ([0m-1.204e-06[0m) Quality = [0m1.385[0m
Hessian Eigenvalues: 2.74832e-04 4.40017e-04 7.90730e-04 ... 3.50381e+01 1.92650e+02 1.19898e+04
Step  189 : Displace = [0m3.159e-03[0m/[0m6.855e-03[0m (rms/max) Trust = 3.000e-01 (=) Grad = [92m2.499e-04[0m/[0m5.778e-04[0m (rms/max) E (change) = -0.0777076547 ([92m-8.397e-07[0m) Quality = [0m1.036[0m
Hessian Eigenvalues: 3.24388e-04 3.96285e-04 7.86491e-04 ... 3.60448e+01 1.94988e+02 1.20702e+04
Step  190 : Displace = [0m3.654e-03[0m/[0m8.512e-03[0m (rms/max) Trust = 3.000e-01 (=) Grad = [92m2.375e-04[0m/[0m5.939e-04[0m (rms/max) E (change) = -0.0777083376 ([92m-6.829e-07[0m) Quality = [0m0.897[0m
Hessian Eigenvalues: 3.27143e-04 4.17385e-04 7.77432e-04 ... 3.57277e+01 1.95383e+02 1.20140e+04
Step  191 : Displace = [92m8.279e-04[0m/[92m1.757e-03[0m (rms/max) Trust = 3.000e-01 (=) Grad = [92m2.347e-04[0m/[0m5.868e-04[0m (rms/max) E (change) = -0.0777087046 ([92m-3.671e-07[0m) Quality = [0m1.583[0m
Hessian Eigenvalues: 3.29342e-04 4.25223e-04 7.58284e-04 ... 3.57098e+01 1.95398e+02 1.19984e+04
Step  192 : Displace = [92m1.168e-03[0m/[0m2.391e-03[0m (rms/max) Trust = 3.000e-01 (=) Grad = [92m2.300e-04[0m/[0m5.666e-04[0m (rms/max) E (change) = -0.0777091863 ([92m-4.817e-07[0m) Quality = [0m1.380[0m
Hessian Eigenvalues: 2.85723e-04 4.20335e-04 7.79467e-04 ... 3.56230e+01 1.95406e+02 1.19703e+04
Step  193 : Displace = [92m9.859e-04[0m/[92m1.712e-03[0m (rms/max) Trust = 3.000e-01 (=) Grad = [92m2.292e-04[0m/[0m5.532e-04[0m (rms/max) E (change) = -0.0777095992 ([92m-4.129e-07[0m) Quality = [0m1.593[0m
Hessian Eigenvalues: 1.95314e-04 4.11579e-04 7.88938e-04 ... 3.55241e+01 1.95406e+02 1.19206e+04
Step  194 : Displace = [0m1.959e-03[0m/[0m4.816e-03[0m (rms/max) Trust = 3.000e-01 (=) Grad = [92m2.281e-04[0m/[0m5.296e-04[0m (rms/max) E (change) = -0.0777103583 ([92m-7.592e-07[0m) Quality = [0m1.468[0m
Hessian Eigenvalues: 1.48565e-04 4.08243e-04 7.83682e-04 ... 3.55131e+01 1.95424e+02 1.18956e+04
Step  195 : Displace = [0m2.129e-03[0m/[0m5.802e-03[0m (rms/max) Trust = 3.000e-01 (=) Grad = [92m2.256e-04[0m/[0m5.067e-04[0m (rms/max) E (change) = -0.0777111910 ([92m-8.327e-07[0m) Quality = [0m1.491[0m
Hessian Eigenvalues: 1.10820e-04 4.07369e-04 7.69626e-04 ... 3.57690e+01 1.96027e+02 1.18982e+04
Step  196 : Displace = [0m2.603e-03[0m/[0m7.748e-03[0m (rms/max) Trust = 3.000e-01 (=) Grad = [92m2.153e-04[0m/[0m4.683e-04[0m (rms/max) E (change) = -0.0777119938 ([92m-8.027e-07[0m) Quality = [0m1.418[0m
Hessian Eigenvalues: 1.09057e-04 4.04696e-04 7.66846e-04 ... 3.56916e+01 1.95655e+02 1.18975e+04
Step  197 : Displace = [0m1.976e-03[0m/[0m4.167e-03[0m (rms/max) Trust = 3.000e-01 (=) Grad = [92m2.176e-04[0m/[92m4.433e-04[0m (rms/max) E (change) = -0.0777124342 ([92m-4.405e-07[0m) Quality = [0m0.922[0m
Hessian Eigenvalues: 7.18011e-05 4.07231e-04 7.57389e-04 ... 3.68443e+01 1.98840e+02 1.20423e+04
Step  198 : Displace = [0m2.945e-03[0m/[0m8.510e-03[0m (rms/max) Trust = 3.000e-01 (=) Grad = [92m1.951e-04[0m/[92m3.922e-04[0m (rms/max) E (change) = -0.0777127477 ([92m-3.134e-07[0m) Quality = [0m0.580[0m
Hessian Eigenvalues: 1.06471e-04 4.09711e-04 7.65558e-04 ... 3.61194e+01 1.95181e+02 1.20560e+04
Step  199 : Displace = [0m1.545e-03[0m/[0m4.743e-03[0m (rms/max) Trust = 3.000e-01 (=) Grad = [92m1.965e-04[0m/[92m4.001e-04[0m (rms/max) E (change) = -0.0777132567 ([92m-5.091e-07[0m) Quality = [0m1.410[0m
Hessian Eigenvalues: 1.18656e-04 3.89212e-04 7.63076e-04 ... 3.74402e+01 1.98679e+02 1.21831e+04
Step  200 : Displace = [0m1.679e-03[0m/[0m5.260e-03[0m (rms/max) Trust = 3.000e-01 (=) Grad = [92m1.961e-04[0m/[92m3.935e-04[0m (rms/max) E (change) = -0.0777140277 ([92m-7.710e-07[0m) Quality = [0m1.673[0m
Hessian Eigenvalues: 1.17912e-04 3.20237e-04 7.74579e-04 ... 3.72011e+01 1.96743e+02 1.21917e+04
Step  201 : Displace = [0m3.965e-03[0m/[0m1.282e-02[0m (rms/max) Trust = 3.000e-01 (=) Grad = [92m1.883e-04[0m/[92m3.673e-04[0m (rms/max) E (change) = -0.0777156356 ([0m-1.608e-06[0m) Quality = [0m1.376[0m
Hessian Eigenvalues: 1.33827e-04 2.78367e-04 7.78257e-04 ... 3.69652e+01 1.95590e+02 1.21927e+04
Step  202 : Displace = [0m2.713e-03[0m/[0m5.709e-03[0m (rms/max) Trust = 3.000e-01 (=) Grad = [92m1.836e-04[0m/[92m3.593e-04[0m (rms/max) E (change) = -0.0777171518 ([0m-1.516e-06[0m) Quality = [0m1.517[0m
Hessian Eigenvalues: 1.17462e-04 2.30915e-04 7.24200e-04 ... 3.69519e+01 1.95272e+02 1.22004e+04
Step  203 : Displace = [0m4.128e-03[0m/[0m1.108e-02[0m (rms/max) Trust = 3.000e-01 (=) Grad = [92m1.827e-04[0m/[92m4.250e-04[0m (rms/max) E (change) = -0.0777193188 ([0m-2.167e-06[0m) Quality = [0m1.212[0m
Hessian Eigenvalues: 4.67767e-05 4.15075e-04 6.52491e-04 ... 3.74470e+01 1.96326e+02 1.22736e+04
Step  204 : Displace = [0m1.188e-02[0m/[0m2.736e-02[0m (rms/max) Trust = 3.000e-01 (=) Grad = [0m4.527e-04[0m/[0m1.463e-03[0m (rms/max) E (change) = -0.0777060973 ([91m+1.322e-05[0m) Quality = [91m-2.429[0m
Hessian Eigenvalues: 4.67767e-05 4.15075e-04 6.52491e-04 ... 3.74470e+01 1.96326e+02 1.22736e+04
Step  205 : Displace = [0m6.516e-03[0m/[0m1.367e-02[0m (rms/max) Trust = 5.942e-03 ([1;91mx[0m) Grad = [92m2.487e-04[0m/[0m7.093e-04[0m (rms/max) E (change) = -0.0777195920 ([92m-2.732e-07[0m) Quality = [0m0.061[0m
Hessian Eigenvalues: 9.11973e-05 4.54061e-04 6.60139e-04 ... 3.85127e+01 2.00807e+02 1.23948e+04
Step  206 : Displace = [0m2.849e-03[0m/[0m6.368e-03[0m (rms/max) Trust = 2.971e-03 ([91m-[0m) Grad = [92m1.382e-04[0m/[92m2.906e-04[0m (rms/max) E (change) = -0.0777245013 ([0m-4.909e-06[0m) Quality = [0m1.140[0m
Hessian Eigenvalues: 9.14300e-05 4.58933e-04 6.60071e-04 ... 3.83493e+01 1.98190e+02 1.24182e+04
Step  207 : Displace = [0m2.281e-03[0m/[0m3.935e-03[0m (rms/max) Trust = 4.202e-03 ([92m+[0m) Grad = [92m1.446e-04[0m/[92m3.395e-04[0m (rms/max) E (change) = -0.0777263746 ([0m-1.873e-06[0m) Quality = [0m1.378[0m
Hessian Eigenvalues: 8.52692e-05 3.63912e-04 6.57956e-04 ... 3.89061e+01 1.99319e+02 1.24967e+04
Step  208 : Displace = [0m3.837e-03[0m/[0m7.067e-03[0m (rms/max) Trust = 5.942e-03 ([92m+[0m) Grad = [92m1.399e-04[0m/[92m3.046e-04[0m (rms/max) E (change) = -0.0777275850 ([0m-1.210e-06[0m) Quality = [0m0.939[0m
Hessian Eigenvalues: 5.74661e-05 4.32889e-04 6.77693e-04 ... 3.89217e+01 1.99854e+02 1.24972e+04
Step  209 : Displace = [0m2.506e-03[0m/[0m4.879e-03[0m (rms/max) Trust = 8.403e-03 ([92m+[0m) Grad = [92m1.350e-04[0m/[92m3.332e-04[0m (rms/max) E (change) = -0.0777281942 ([92m-6.093e-07[0m) Quality = [0m0.960[0m
Hessian Eigenvalues: 5.12137e-05 4.29101e-04 6.59791e-04 ... 3.91824e+01 2.00031e+02 1.25726e+04
Step  210 : Displace = [0m1.790e-03[0m/[0m4.338e-03[0m (rms/max) Trust = 1.188e-02 ([92m+[0m) Grad = [92m1.236e-04[0m/[92m3.096e-04[0m (rms/max) E (change) = -0.0777286315 ([92m-4.373e-07[0m) Quality = [0m1.191[0m
Hessian Eigenvalues: 4.50927e-05 4.26547e-04 6.72868e-04 ... 3.91521e+01 2.01421e+02 1.25554e+04
Step  211 : Displace = [92m6.798e-04[0m/[92m1.361e-03[0m (rms/max) Trust = 1.681e-02 ([92m+[0m) Grad = [92m1.209e-04[0m/[92m3.223e-04[0m (rms/max) E (change) = -0.0777287503 ([92m-1.187e-07[0m) Quality = [0m1.141[0m
Converged! =D
Time elapsed since start of run_optimizer: 48.523 seconds
