nohup: ignoring input
geometric-optimize called with the following command line:
/home/leeping/opt/miniconda3/envs/main/bin/geometric-optimize --pdb trpcage.pdb trpcage.tcin
912 internal coordinates being used (instead of 912 Cartesians)
<class 'geometric.internal.Distance'> : 310
<class 'geometric.internal.Angle'> : 502
<class 'geometric.internal.OutOfPlane'> : 63
<class 'geometric.internal.Dihedral'> : 843
<class 'geometric.internal.TranslationX'> : 20
<class 'geometric.internal.TranslationY'> : 20
<class 'geometric.internal.TranslationZ'> : 20
<class 'geometric.internal.RotationA'> : 20
<class 'geometric.internal.RotationB'> : 20
<class 'geometric.internal.RotationC'> : 20
Step    0 : Gradient = 1.787e-02/5.732e-02 (rms/max) Energy = -7436.1711602939
Hessian Eigenvalues: 2.30000e-02 2.30000e-02 2.30000e-02 ... 9.30132e-01 9.37794e-01 9.47567e-01
Step    1 : Displace = [0m1.041e-01[0m/[0m3.151e-01[0m (rms/max) Trust = 1.000e-01 (=) Grad = [0m1.100e-02[0m/[0m7.873e-02[0m (rms/max) E (change) = -7436.2765006260 ([0m-1.053e-01[0m) Quality = [0m0.550[0m
Hessian Eigenvalues: 2.26694e-02 2.30000e-02 2.30000e-02 ... 9.29186e-01 9.36457e-01 9.45514e-01
Step    2 : Displace = [0m1.086e-01[0m/[0m5.108e-01[0m (rms/max) Trust = 1.000e-01 (=) Grad = [0m1.322e-02[0m/[0m1.397e-01[0m (rms/max) E (change) = -7436.2892765436 ([0m-1.278e-02[0m) Quality = [0m0.118[0m
Hessian Eigenvalues: 2.14646e-02 2.30000e-02 2.30000e-02 ... 9.29124e-01 9.36471e-01 9.49044e-01
Step    3 : Displace = [0m5.334e-02[0m/[0m2.841e-01[0m (rms/max) Trust = 5.000e-02 ([91m-[0m) Grad = [0m6.205e-03[0m/[0m4.246e-02[0m (rms/max) E (change) = -7436.3463594451 ([0m-5.708e-02[0m) Quality = [0m0.662[0m
Hessian Eigenvalues: 2.10717e-02 2.30000e-02 2.30000e-02 ... 9.29152e-01 9.36447e-01 9.46640e-01
Step    4 : Displace = [0m5.132e-02[0m/[0m3.110e-01[0m (rms/max) Trust = 5.000e-02 (=) Grad = [0m3.726e-03[0m/[0m1.754e-02[0m (rms/max) E (change) = -7436.3661033928 ([0m-1.974e-02[0m) Quality = [0m0.496[0m
Hessian Eigenvalues: 2.07954e-02 2.29932e-02 2.30000e-02 ... 9.28988e-01 9.36492e-01 9.48208e-01
Step    5 : Displace = [0m5.040e-02[0m/[0m3.809e-01[0m (rms/max) Trust = 5.000e-02 (=) Grad = [0m3.183e-03[0m/[0m1.884e-02[0m (rms/max) E (change) = -7436.3764332684 ([0m-1.033e-02[0m) Quality = [0m0.524[0m
Hessian Eigenvalues: 1.73280e-02 2.29458e-02 2.30000e-02 ... 9.33268e-01 9.37739e-01 9.58396e-01
Step    6 : Displace = [0m5.478e-02[0m/[0m2.267e-01[0m (rms/max) Trust = 5.000e-02 (=) Grad = [0m3.538e-03[0m/[0m2.015e-02[0m (rms/max) E (change) = -7436.3873587919 ([0m-1.093e-02[0m) Quality = [0m0.584[0m
Hessian Eigenvalues: 1.32391e-02 2.29012e-02 2.30000e-02 ... 9.35919e-01 9.41386e-01 1.00208e+00
Step    7 : Displace = [0m5.081e-02[0m/[0m2.376e-01[0m (rms/max) Trust = 5.000e-02 (=) Grad = [0m3.671e-03[0m/[0m2.161e-02[0m (rms/max) E (change) = -7436.3928826517 ([0m-5.524e-03[0m) Quality = [0m0.319[0m
Hessian Eigenvalues: 1.24564e-02 2.28335e-02 2.30000e-02 ... 9.35182e-01 9.36492e-01 1.08680e+00
Step    8 : Displace = [0m5.072e-02[0m/[0m3.162e-01[0m (rms/max) Trust = 5.000e-02 (=) Grad = [0m3.211e-03[0m/[0m1.337e-02[0m (rms/max) E (change) = -7436.4030093993 ([0m-1.013e-02[0m) Quality = [0m0.578[0m
Hessian Eigenvalues: 1.06883e-02 2.26243e-02 2.29762e-02 ... 9.35477e-01 9.36500e-01 1.02961e+00
Step    9 : Displace = [0m5.042e-02[0m/[0m1.984e-01[0m (rms/max) Trust = 5.000e-02 (=) Grad = [0m3.537e-03[0m/[0m2.245e-02[0m (rms/max) E (change) = -7436.4095130645 ([0m-6.504e-03[0m) Quality = [0m0.386[0m
Hessian Eigenvalues: 9.27195e-03 2.23494e-02 2.29579e-02 ... 9.33009e-01 9.38077e-01 1.02868e+00
Step   10 : Displace = [0m5.382e-02[0m/[0m1.940e-01[0m (rms/max) Trust = 5.000e-02 (=) Grad = [0m3.291e-03[0m/[0m1.697e-02[0m (rms/max) E (change) = -7436.4192663322 ([0m-9.753e-03[0m) Quality = [0m0.577[0m
Hessian Eigenvalues: 8.02166e-03 2.19130e-02 2.29207e-02 ... 9.36569e-01 9.38759e-01 1.07725e+00
Step   11 : Displace = [0m5.117e-02[0m/[0m2.067e-01[0m (rms/max) Trust = 5.000e-02 (=) Grad = [0m2.959e-03[0m/[0m1.335e-02[0m (rms/max) E (change) = -7436.4263921119 ([0m-7.126e-03[0m) Quality = [0m0.463[0m
Hessian Eigenvalues: 7.85257e-03 2.12601e-02 2.28811e-02 ... 9.34746e-01 9.37913e-01 1.06094e+00
Step   12 : Displace = [0m5.256e-02[0m/[0m2.425e-01[0m (rms/max) Trust = 5.000e-02 (=) Grad = [0m2.298e-03[0m/[0m8.841e-03[0m (rms/max) E (change) = -7436.4343704937 ([0m-7.978e-03[0m) Quality = [0m0.689[0m
Hessian Eigenvalues: 6.60323e-03 1.96213e-02 2.28213e-02 ... 9.35990e-01 9.37296e-01 1.06170e+00
Step   13 : Displace = [0m5.221e-02[0m/[0m2.069e-01[0m (rms/max) Trust = 5.000e-02 (=) Grad = [0m3.313e-03[0m/[0m2.147e-02[0m (rms/max) E (change) = -7436.4352808246 ([0m-9.103e-04[0m) Quality = [0m0.091[0m
Hessian Eigenvalues: 6.01893e-03 1.78565e-02 2.28391e-02 ... 9.36540e-01 9.42129e-01 1.09922e+00
Step   14 : Displace = [0m2.659e-02[0m/[0m1.544e-01[0m (rms/max) Trust = 2.500e-02 ([91m-[0m) Grad = [0m2.108e-03[0m/[0m1.058e-02[0m (rms/max) E (change) = -7436.4410054460 ([0m-5.725e-03[0m) Quality = [0m0.507[0m
Hessian Eigenvalues: 6.12891e-03 1.79735e-02 2.28074e-02 ... 9.36868e-01 9.46862e-01 1.06540e+00
Step   15 : Displace = [0m2.546e-02[0m/[0m1.328e-01[0m (rms/max) Trust = 2.500e-02 (=) Grad = [0m2.418e-03[0m/[0m1.379e-02[0m (rms/max) E (change) = -7436.4419154903 ([0m-9.100e-04[0m) Quality = [0m0.128[0m
Hessian Eigenvalues: 5.83834e-03 1.71393e-02 2.27306e-02 ... 9.37204e-01 9.41150e-01 1.08693e+00
Step   16 : Displace = [0m1.270e-02[0m/[0m8.379e-02[0m (rms/max) Trust = 1.250e-02 ([91m-[0m) Grad = [0m9.700e-04[0m/[0m3.493e-03[0m (rms/max) E (change) = -7436.4464006845 ([0m-4.485e-03[0m) Quality = [0m0.952[0m
Hessian Eigenvalues: 5.69888e-03 1.66615e-02 2.26595e-02 ... 9.37745e-01 9.41165e-01 1.06093e+00
Step   17 : Displace = [0m1.784e-02[0m/[0m1.348e-01[0m (rms/max) Trust = 1.768e-02 ([92m+[0m) Grad = [0m1.147e-03[0m/[0m5.528e-03[0m (rms/max) E (change) = -7436.4479407369 ([0m-1.540e-03[0m) Quality = [0m0.581[0m
Hessian Eigenvalues: 5.36608e-03 1.45778e-02 2.20064e-02 ... 9.40003e-01 9.47610e-01 1.10907e+00
Step   18 : Displace = [0m1.918e-02[0m/[0m1.680e-01[0m (rms/max) Trust = 1.768e-02 (=) Grad = [0m8.328e-04[0m/[0m4.371e-03[0m (rms/max) E (change) = -7436.4504786567 ([0m-2.538e-03[0m) Quality = [0m1.032[0m
Hessian Eigenvalues: 5.33090e-03 1.22701e-02 2.14343e-02 ... 9.41061e-01 1.01346e+00 1.07873e+00
Step   19 : Displace = [0m2.525e-02[0m/[0m1.736e-01[0m (rms/max) Trust = 2.500e-02 ([92m+[0m) Grad = [0m8.017e-04[0m/[0m2.973e-03[0m (rms/max) E (change) = -7436.4527995925 ([0m-2.321e-03[0m) Quality = [0m0.823[0m
Hessian Eigenvalues: 5.29985e-03 1.03521e-02 2.08467e-02 ... 9.41010e-01 9.97636e-01 1.09298e+00
Step   20 : Displace = [0m3.565e-02[0m/[0m1.787e-01[0m (rms/max) Trust = 3.536e-02 ([92m+[0m) Grad = [0m8.478e-04[0m/[0m4.454e-03[0m (rms/max) E (change) = -7436.4555077145 ([0m-2.708e-03[0m) Quality = [0m0.927[0m
Hessian Eigenvalues: 3.86146e-03 8.80495e-03 2.05484e-02 ... 9.41240e-01 9.99285e-01 1.08658e+00
Step   21 : Displace = [0m5.047e-02[0m/[0m2.506e-01[0m (rms/max) Trust = 5.000e-02 ([92m+[0m) Grad = [0m1.606e-03[0m/[0m1.328e-02[0m (rms/max) E (change) = -7436.4580889748 ([0m-2.581e-03[0m) Quality = [0m0.651[0m
Hessian Eigenvalues: 2.77082e-03 9.07032e-03 2.02646e-02 ... 9.41149e-01 9.91206e-01 1.07317e+00
Step   22 : Displace = [0m5.137e-02[0m/[0m2.407e-01[0m (rms/max) Trust = 5.000e-02 (=) Grad = [0m1.657e-03[0m/[0m1.008e-02[0m (rms/max) E (change) = -7436.4612592550 ([0m-3.170e-03[0m) Quality = [0m0.721[0m
Hessian Eigenvalues: 2.66616e-03 8.96354e-03 1.89666e-02 ... 9.41185e-01 1.00469e+00 1.08256e+00
Step   23 : Displace = [0m5.033e-02[0m/[0m1.926e-01[0m (rms/max) Trust = 5.000e-02 (=) Grad = [0m1.673e-03[0m/[0m9.447e-03[0m (rms/max) E (change) = -7436.4644148059 ([0m-3.156e-03[0m) Quality = [0m0.622[0m
Hessian Eigenvalues: 2.45257e-03 8.99845e-03 1.73499e-02 ... 9.41639e-01 9.95811e-01 1.07756e+00
Step   24 : Displace = [0m5.007e-02[0m/[0m1.983e-01[0m (rms/max) Trust = 5.000e-02 (=) Grad = [0m1.448e-03[0m/[0m5.041e-03[0m (rms/max) E (change) = -7436.4680748424 ([0m-3.660e-03[0m) Quality = [0m0.793[0m
Hessian Eigenvalues: 2.51994e-03 8.97628e-03 1.45700e-02 ... 9.42538e-01 9.96295e-01 1.07804e+00
Step   25 : Displace = [0m5.984e-02[0m/[0m2.496e-01[0m (rms/max) Trust = 7.071e-02 ([92m+[0m) Grad = [0m1.832e-03[0m/[0m1.224e-02[0m (rms/max) E (change) = -7436.4697308574 ([0m-1.656e-03[0m) Quality = [0m0.415[0m
Hessian Eigenvalues: 2.67189e-03 8.85818e-03 1.08059e-02 ... 9.42378e-01 9.96845e-01 1.08135e+00
Step   26 : Displace = [0m3.175e-02[0m/[0m1.498e-01[0m (rms/max) Trust = 7.071e-02 (=) Grad = [0m1.511e-03[0m/[0m7.034e-03[0m (rms/max) E (change) = -7436.4730216961 ([0m-3.291e-03[0m) Quality = [0m0.831[0m
Hessian Eigenvalues: 2.63051e-03 8.38259e-03 9.99812e-03 ... 9.42301e-01 9.99503e-01 1.08162e+00
Step   27 : Displace = [0m4.516e-02[0m/[0m1.508e-01[0m (rms/max) Trust = 1.000e-01 ([92m+[0m) Grad = [0m1.624e-03[0m/[0m7.959e-03[0m (rms/max) E (change) = -7436.4742592017 ([0m-1.238e-03[0m) Quality = [0m0.354[0m
Hessian Eigenvalues: 2.51844e-03 8.20535e-03 9.68710e-03 ... 9.42644e-01 9.96559e-01 1.10868e+00
Step   28 : Displace = [0m2.390e-02[0m/[0m7.599e-02[0m (rms/max) Trust = 1.000e-01 (=) Grad = [0m1.022e-03[0m/[0m4.406e-03[0m (rms/max) E (change) = -7436.4767345776 ([0m-2.475e-03[0m) Quality = [0m0.897[0m
Hessian Eigenvalues: 2.64525e-03 7.87716e-03 9.45509e-03 ... 9.42825e-01 9.96599e-01 1.09556e+00
Step   29 : Displace = [0m3.241e-02[0m/[0m1.361e-01[0m (rms/max) Trust = 1.414e-01 ([92m+[0m) Grad = [0m1.100e-03[0m/[0m4.595e-03[0m (rms/max) E (change) = -7436.4773777455 ([0m-6.432e-04[0m) Quality = [0m0.312[0m
Hessian Eigenvalues: 2.99531e-03 7.22266e-03 9.28992e-03 ... 9.43032e-01 9.96831e-01 1.10943e+00
Step   30 : Displace = [0m3.567e-02[0m/[0m1.424e-01[0m (rms/max) Trust = 1.414e-01 (=) Grad = [0m8.179e-04[0m/[0m3.442e-03[0m (rms/max) E (change) = -7436.4793113487 ([0m-1.934e-03[0m) Quality = [0m1.058[0m
Hessian Eigenvalues: 3.05963e-03 6.35630e-03 9.17407e-03 ... 9.43265e-01 9.96955e-01 1.09779e+00
Step   31 : Displace = [0m3.792e-02[0m/[0m1.387e-01[0m (rms/max) Trust = 2.000e-01 ([92m+[0m) Grad = [0m9.669e-04[0m/[0m5.626e-03[0m (rms/max) E (change) = -7436.4804296057 ([0m-1.118e-03[0m) Quality = [0m0.699[0m
Hessian Eigenvalues: 2.78905e-03 5.04339e-03 9.06141e-03 ... 9.43379e-01 9.97354e-01 1.10376e+00
Step   32 : Displace = [0m3.988e-02[0m/[0m1.410e-01[0m (rms/max) Trust = 2.000e-01 (=) Grad = [0m8.084e-04[0m/[0m3.533e-03[0m (rms/max) E (change) = -7436.4821049763 ([0m-1.675e-03[0m) Quality = [0m1.276[0m
Hessian Eigenvalues: 2.30889e-03 3.81121e-03 8.87243e-03 ... 9.43381e-01 9.96699e-01 1.10040e+00
Step   33 : Displace = [0m7.468e-02[0m/[0m2.896e-01[0m (rms/max) Trust = 2.828e-01 ([92m+[0m) Grad = [0m1.039e-03[0m/[0m3.587e-03[0m (rms/max) E (change) = -7436.4827712272 ([0m-6.663e-04[0m) Quality = [0m0.319[0m
Hessian Eigenvalues: 3.17024e-03 3.77297e-03 8.57751e-03 ... 9.43379e-01 9.96533e-01 1.09740e+00
Step   34 : Displace = [0m3.447e-02[0m/[0m1.304e-01[0m (rms/max) Trust = 2.828e-01 (=) Grad = [0m6.037e-04[0m/[0m2.367e-03[0m (rms/max) E (change) = -7436.4841387740 ([0m-1.368e-03[0m) Quality = [0m0.886[0m
Hessian Eigenvalues: 3.57191e-03 4.01138e-03 8.47001e-03 ... 9.43387e-01 9.96515e-01 1.09838e+00
Step   35 : Displace = [0m2.720e-02[0m/[0m1.012e-01[0m (rms/max) Trust = 3.000e-01 ([92m+[0m) Grad = [0m6.715e-04[0m/[0m2.928e-03[0m (rms/max) E (change) = -7436.4844050165 ([0m-2.662e-04[0m) Quality = [0m0.302[0m
Hessian Eigenvalues: 3.64629e-03 5.43989e-03 8.46801e-03 ... 9.43716e-01 9.99500e-01 1.10033e+00
Step   36 : Displace = [0m2.027e-02[0m/[0m7.311e-02[0m (rms/max) Trust = 3.000e-01 (=) Grad = [0m4.860e-04[0m/[0m2.406e-03[0m (rms/max) E (change) = -7436.4851982217 ([0m-7.932e-04[0m) Quality = [0m0.970[0m
Hessian Eigenvalues: 3.02786e-03 4.86536e-03 8.48194e-03 ... 9.44332e-01 9.98845e-01 1.11112e+00
Step   37 : Displace = [0m2.967e-02[0m/[0m1.086e-01[0m (rms/max) Trust = 3.000e-01 (=) Grad = [0m5.381e-04[0m/[0m2.248e-03[0m (rms/max) E (change) = -7436.4855542160 ([0m-3.560e-04[0m) Quality = [0m0.603[0m
Hessian Eigenvalues: 2.60879e-03 4.77317e-03 7.98025e-03 ... 9.44093e-01 9.99298e-01 1.10789e+00
Step   38 : Displace = [0m1.632e-02[0m/[0m5.078e-02[0m (rms/max) Trust = 3.000e-01 (=) Grad = [0m4.755e-04[0m/[0m2.982e-03[0m (rms/max) E (change) = -7436.4860034411 ([0m-4.492e-04[0m) Quality = [0m1.016[0m
Hessian Eigenvalues: 2.35466e-03 4.90138e-03 6.31141e-03 ... 9.44849e-01 9.98692e-01 1.10704e+00
Step   39 : Displace = [0m2.360e-02[0m/[0m7.005e-02[0m (rms/max) Trust = 3.000e-01 (=) Grad = [0m4.850e-04[0m/[0m1.967e-03[0m (rms/max) E (change) = -7436.4863736402 ([0m-3.702e-04[0m) Quality = [0m0.780[0m
Hessian Eigenvalues: 1.89577e-03 4.90338e-03 5.88205e-03 ... 9.44610e-01 9.98646e-01 1.11158e+00
Step   40 : Displace = [0m2.163e-02[0m/[0m8.715e-02[0m (rms/max) Trust = 3.000e-01 (=) Grad = [0m4.130e-04[0m/[0m1.686e-03[0m (rms/max) E (change) = -7436.4867169956 ([0m-3.434e-04[0m) Quality = [0m0.984[0m
Hessian Eigenvalues: 1.51704e-03 4.90749e-03 6.08042e-03 ... 9.45120e-01 1.00254e+00 1.10878e+00
Step   41 : Displace = [0m2.299e-02[0m/[0m1.060e-01[0m (rms/max) Trust = 3.000e-01 (=) Grad = [0m3.757e-04[0m/[0m2.303e-03[0m (rms/max) E (change) = -7436.4870116408 ([0m-2.946e-04[0m) Quality = [0m0.934[0m
Hessian Eigenvalues: 1.44570e-03 4.83200e-03 6.07380e-03 ... 9.45134e-01 9.99121e-01 1.11516e+00
Step   42 : Displace = [0m1.371e-02[0m/[0m6.196e-02[0m (rms/max) Trust = 3.000e-01 (=) Grad = [0m3.886e-04[0m/[0m1.382e-03[0m (rms/max) E (change) = -7436.4871725338 ([0m-1.609e-04[0m) Quality = [0m0.697[0m
Hessian Eigenvalues: 1.44515e-03 4.90539e-03 5.91003e-03 ... 9.45159e-01 1.00350e+00 1.11109e+00
Step   43 : Displace = [0m1.024e-02[0m/[0m3.492e-02[0m (rms/max) Trust = 3.000e-01 (=) Grad = [0m3.149e-04[0m/[0m1.502e-03[0m (rms/max) E (change) = -7436.4873605031 ([0m-1.880e-04[0m) Quality = [0m0.976[0m
Hessian Eigenvalues: 1.40829e-03 4.90457e-03 5.27717e-03 ... 9.45227e-01 1.00095e+00 1.11618e+00
Step   44 : Displace = [0m1.273e-02[0m/[0m3.494e-02[0m (rms/max) Trust = 3.000e-01 (=) Grad = [0m3.019e-04[0m/[0m1.579e-03[0m (rms/max) E (change) = -7436.4874927689 ([0m-1.323e-04[0m) Quality = [0m0.863[0m
Hessian Eigenvalues: 1.26838e-03 4.53951e-03 5.12244e-03 ... 9.46264e-01 9.99522e-01 1.11461e+00
Step   45 : Displace = [0m1.598e-02[0m/[0m4.576e-02[0m (rms/max) Trust = 3.000e-01 (=) Grad = [92m2.930e-04[0m/[0m1.107e-03[0m (rms/max) E (change) = -7436.4876245846 ([0m-1.318e-04[0m) Quality = [0m0.965[0m
Hessian Eigenvalues: 1.05628e-03 4.18826e-03 5.15283e-03 ... 9.46563e-01 1.00036e+00 1.11713e+00
Step   46 : Displace = [0m2.092e-02[0m/[0m5.431e-02[0m (rms/max) Trust = 3.000e-01 (=) Grad = [92m2.910e-04[0m/[0m1.384e-03[0m (rms/max) E (change) = -7436.4877885852 ([0m-1.640e-04[0m) Quality = [0m1.104[0m
Hessian Eigenvalues: 9.23994e-04 3.66254e-03 5.15694e-03 ... 9.46291e-01 1.00061e+00 1.12417e+00
Step   47 : Displace = [0m2.357e-02[0m/[0m5.538e-02[0m (rms/max) Trust = 3.000e-01 (=) Grad = [0m3.402e-04[0m/[0m1.593e-03[0m (rms/max) E (change) = -7436.4879580551 ([0m-1.695e-04[0m) Quality = [0m1.089[0m
Hessian Eigenvalues: 7.51493e-04 3.13583e-03 5.10859e-03 ... 9.47054e-01 1.00095e+00 1.12343e+00
Step   48 : Displace = [0m3.342e-02[0m/[0m8.128e-02[0m (rms/max) Trust = 3.000e-01 (=) Grad = [0m3.951e-04[0m/[0m1.510e-03[0m (rms/max) E (change) = -7436.4881772165 ([0m-2.192e-04[0m) Quality = [0m1.101[0m
Hessian Eigenvalues: 5.96408e-04 2.98441e-03 5.22957e-03 ... 9.48491e-01 1.00326e+00 1.12527e+00
Step   49 : Displace = [0m3.959e-02[0m/[0m1.035e-01[0m (rms/max) Trust = 3.000e-01 (=) Grad = [0m4.166e-04[0m/[0m1.816e-03[0m (rms/max) E (change) = -7436.4884126634 ([0m-2.354e-04[0m) Quality = [0m0.977[0m
Hessian Eigenvalues: 5.85512e-04 3.38015e-03 5.19466e-03 ... 9.52365e-01 1.00729e+00 1.12613e+00
Step   50 : Displace = [0m2.727e-02[0m/[0m8.042e-02[0m (rms/max) Trust = 3.000e-01 (=) Grad = [0m4.503e-04[0m/[0m1.694e-03[0m (rms/max) E (change) = -7436.4887613052 ([0m-3.486e-04[0m) Quality = [0m1.161[0m
Hessian Eigenvalues: 4.74439e-04 3.37951e-03 5.51803e-03 ... 9.50747e-01 1.00578e+00 1.12722e+00
Step   51 : Displace = [0m5.650e-02[0m/[0m2.442e-01[0m (rms/max) Trust = 3.000e-01 (=) Grad = [0m7.303e-04[0m/[0m4.426e-03[0m (rms/max) E (change) = -7436.4888436209 ([0m-8.232e-05[0m) Quality = [0m0.185[0m
Hessian Eigenvalues: 9.29843e-04 3.37759e-03 5.34105e-03 ... 9.50642e-01 1.00729e+00 1.12597e+00
Step   52 : Displace = [0m4.770e-02[0m/[0m1.182e-01[0m (rms/max) Trust = 1.500e-01 ([91m-[0m) Grad = [0m6.056e-04[0m/[0m2.364e-03[0m (rms/max) E (change) = -7436.4892032758 ([0m-3.597e-04[0m) Quality = [0m0.560[0m
Hessian Eigenvalues: 1.52310e-03 3.38470e-03 5.52290e-03 ... 9.51010e-01 1.00792e+00 1.12579e+00
Step   53 : Displace = [0m3.239e-02[0m/[0m8.034e-02[0m (rms/max) Trust = 1.500e-01 (=) Grad = [0m6.350e-04[0m/[0m2.987e-03[0m (rms/max) E (change) = -7436.4894631343 ([0m-2.599e-04[0m) Quality = [0m0.410[0m
Hessian Eigenvalues: 1.39433e-03 3.35974e-03 5.52230e-03 ... 9.51556e-01 1.00996e+00 1.12580e+00
Step   54 : Displace = [0m1.550e-02[0m/[0m4.687e-02[0m (rms/max) Trust = 1.500e-01 (=) Grad = [0m3.601e-04[0m/[0m1.588e-03[0m (rms/max) E (change) = -7436.4899361591 ([0m-4.730e-04[0m) Quality = [0m1.042[0m
Hessian Eigenvalues: 1.21957e-03 3.37309e-03 5.35503e-03 ... 9.52771e-01 1.00813e+00 1.12591e+00
Step   55 : Displace = [0m3.664e-02[0m/[0m1.408e-01[0m (rms/max) Trust = 2.121e-01 ([92m+[0m) Grad = [0m4.766e-04[0m/[0m2.183e-03[0m (rms/max) E (change) = -7436.4904059724 ([0m-4.698e-04[0m) Quality = [0m1.237[0m
Hessian Eigenvalues: 5.41622e-04 3.36825e-03 4.28898e-03 ... 9.52579e-01 1.00865e+00 1.13412e+00
Step   56 : Displace = [0m1.309e-01[0m/[0m5.095e-01[0m (rms/max) Trust = 3.000e-01 ([92m+[0m) Grad = [0m1.729e-03[0m/[0m1.324e-02[0m (rms/max) E (change) = -7436.4907188035 ([0m-3.128e-04[0m) Quality = [0m0.311[0m
Hessian Eigenvalues: 8.14757e-04 3.37933e-03 3.79582e-03 ... 9.99748e-01 1.00878e+00 1.13168e+00
Step   57 : Displace = [0m2.525e-02[0m/[0m8.006e-02[0m (rms/max) Trust = 3.000e-01 (=) Grad = [0m1.628e-03[0m/[0m1.384e-02[0m (rms/max) E (change) = -7436.4935024031 ([0m-2.784e-03[0m) Quality = [0m1.534[0m
Hessian Eigenvalues: 7.64709e-04 3.34536e-03 3.90732e-03 ... 9.52543e-01 1.00637e+00 1.13092e+00
Step   58 : Displace = [0m2.984e-01[0m/[0m1.115e+00[0m (rms/max) Trust = 3.000e-01 (=) Grad = [0m7.322e-03[0m/[0m6.538e-02[0m (rms/max) E (change) = -7436.4006304569 ([91m+9.287e-02[0m) Quality = [91m-6.561[0m
Hessian Eigenvalues: 7.64709e-04 3.34536e-03 3.90732e-03 ... 9.52543e-01 1.00637e+00 1.13092e+00
Step   59 : Displace = [0m1.457e-01[0m/[0m6.073e-01[0m (rms/max) Trust = 1.492e-01 ([1;91mx[0m) Grad = [0m4.820e-03[0m/[0m5.112e-02[0m (rms/max) E (change) = -7436.4841210886 ([91m+9.381e-03[0m) Quality = [91m-0.853[0m
Hessian Eigenvalues: 2.20488e-03 3.84827e-03 4.30250e-03 ... 9.52567e-01 1.00845e+00 1.13078e+00
Step   60 : Displace = [0m7.044e-02[0m/[0m4.533e-01[0m (rms/max) Trust = 7.459e-02 ([91m-[0m) Grad = [0m1.897e-03[0m/[0m1.726e-02[0m (rms/max) E (change) = -7436.5003040853 ([0m-1.618e-02[0m) Quality = [0m0.574[0m
Hessian Eigenvalues: 2.40760e-03 3.85091e-03 4.51610e-03 ... 9.52584e-01 1.01313e+00 1.13302e+00
Step   61 : Displace = [0m6.453e-02[0m/[0m3.744e-01[0m (rms/max) Trust = 7.459e-02 (=) Grad = [0m4.903e-03[0m/[0m5.986e-02[0m (rms/max) E (change) = -7436.4893476408 ([91m+1.096e-02[0m) Quality = [91m-1.135[0m
Hessian Eigenvalues: 2.40760e-03 3.85091e-03 4.51610e-03 ... 9.52584e-01 1.01313e+00 1.13302e+00
Step   62 : Displace = [0m3.255e-02[0m/[0m2.616e-01[0m (rms/max) Trust = 3.226e-02 ([1;91mx[0m) Grad = [0m2.846e-03[0m/[0m3.450e-02[0m (rms/max) E (change) = -7436.5028917201 ([0m-2.588e-03[0m) Quality = [0m0.310[0m
Hessian Eigenvalues: 2.43217e-03 3.86584e-03 4.50140e-03 ... 9.52932e-01 1.02162e+00 1.13487e+00
Step   63 : Displace = [0m3.152e-02[0m/[0m1.681e-01[0m (rms/max) Trust = 3.226e-02 (=) Grad = [0m1.728e-03[0m/[0m9.786e-03[0m (rms/max) E (change) = -7436.5075418400 ([0m-4.650e-03[0m) Quality = [0m0.585[0m
Hessian Eigenvalues: 2.47990e-03 3.88223e-03 4.56974e-03 ... 9.52551e-01 1.01747e+00 1.13209e+00
Step   64 : Displace = [0m3.398e-02[0m/[0m1.577e-01[0m (rms/max) Trust = 3.226e-02 (=) Grad = [0m2.048e-03[0m/[0m1.553e-02[0m (rms/max) E (change) = -7436.5093416140 ([0m-1.800e-03[0m) Quality = [0m0.357[0m
Hessian Eigenvalues: 2.48325e-03 3.88288e-03 4.55936e-03 ... 9.52560e-01 1.01958e+00 1.13843e+00
Step   65 : Displace = [0m2.905e-02[0m/[0m7.515e-02[0m (rms/max) Trust = 3.226e-02 (=) Grad = [0m1.299e-03[0m/[0m8.825e-03[0m (rms/max) E (change) = -7436.5123726212 ([0m-3.031e-03[0m) Quality = [0m0.844[0m
Hessian Eigenvalues: 2.47335e-03 3.89642e-03 4.62038e-03 ... 9.52525e-01 1.01870e+00 1.13648e+00
Step   66 : Displace = [0m4.591e-02[0m/[0m1.804e-01[0m (rms/max) Trust = 4.563e-02 ([92m+[0m) Grad = [0m1.911e-03[0m/[0m1.329e-02[0m (rms/max) E (change) = -7436.5112456711 ([91m+1.127e-03[0m) Quality = [91m-0.362[0m
Hessian Eigenvalues: 2.74365e-03 3.92856e-03 4.68903e-03 ... 9.52497e-01 1.04329e+00 1.13697e+00
Step   67 : Displace = [0m2.212e-02[0m/[0m1.277e-01[0m (rms/max) Trust = 2.281e-02 ([91m-[0m) Grad = [0m1.049e-03[0m/[0m7.253e-03[0m (rms/max) E (change) = -7436.5145453002 ([0m-3.300e-03[0m) Quality = [0m0.768[0m
Hessian Eigenvalues: 2.77638e-03 3.94552e-03 4.77142e-03 ... 9.52616e-01 1.07225e+00 1.14043e+00
Step   68 : Displace = [0m2.986e-02[0m/[0m1.059e-01[0m (rms/max) Trust = 3.226e-02 ([92m+[0m) Grad = [0m1.427e-03[0m/[0m6.404e-03[0m (rms/max) E (change) = -7436.5146418661 ([0m-9.657e-05[0m) Quality = [0m0.042[0m
Hessian Eigenvalues: 2.77983e-03 3.93423e-03 4.77833e-03 ... 9.52434e-01 1.06366e+00 1.13855e+00
Step   69 : Displace = [0m1.640e-02[0m/[0m4.034e-02[0m (rms/max) Trust = 1.613e-02 ([91m-[0m) Grad = [0m6.194e-04[0m/[0m3.651e-03[0m (rms/max) E (change) = -7436.5166156992 ([0m-1.974e-03[0m) Quality = [0m1.002[0m
Hessian Eigenvalues: 2.77078e-03 3.93685e-03 4.78221e-03 ... 9.53037e-01 1.06396e+00 1.14569e+00
Step   70 : Displace = [0m2.285e-02[0m/[0m6.944e-02[0m (rms/max) Trust = 2.281e-02 ([92m+[0m) Grad = [0m7.759e-04[0m/[0m4.357e-03[0m (rms/max) E (change) = -7436.5170962479 ([0m-4.805e-04[0m) Quality = [0m0.484[0m
Hessian Eigenvalues: 2.71881e-03 3.91606e-03 4.77265e-03 ... 9.54040e-01 1.06398e+00 1.14317e+00
Step   71 : Displace = [0m2.296e-02[0m/[0m5.677e-02[0m (rms/max) Trust = 2.281e-02 (=) Grad = [0m6.241e-04[0m/[0m4.113e-03[0m (rms/max) E (change) = -7436.5180599613 ([0m-9.637e-04[0m) Quality = [0m1.149[0m
Hessian Eigenvalues: 2.48738e-03 3.55899e-03 4.29917e-03 ... 9.58981e-01 1.06395e+00 1.16092e+00
Step   72 : Displace = [0m3.176e-02[0m/[0m7.804e-02[0m (rms/max) Trust = 3.226e-02 ([92m+[0m) Grad = [0m6.791e-04[0m/[0m4.275e-03[0m (rms/max) E (change) = -7436.5189634204 ([0m-9.035e-04[0m) Quality = [0m0.824[0m
Hessian Eigenvalues: 2.17179e-03 3.19727e-03 4.11067e-03 ... 9.57723e-01 1.06439e+00 1.16192e+00
Step   73 : Displace = [0m4.536e-02[0m/[0m1.200e-01[0m (rms/max) Trust = 4.563e-02 ([92m+[0m) Grad = [0m7.560e-04[0m/[0m6.111e-03[0m (rms/max) E (change) = -7436.5202262261 ([0m-1.263e-03[0m) Quality = [0m1.176[0m
Hessian Eigenvalues: 1.29502e-03 3.00245e-03 4.03279e-03 ... 9.70492e-01 1.06437e+00 1.16222e+00
Step   74 : Displace = [0m6.393e-02[0m/[0m1.702e-01[0m (rms/max) Trust = 6.453e-02 ([92m+[0m) Grad = [0m7.116e-04[0m/[0m4.701e-03[0m (rms/max) E (change) = -7436.5218460837 ([0m-1.620e-03[0m) Quality = [0m0.987[0m
Hessian Eigenvalues: 1.18019e-03 3.03939e-03 4.09054e-03 ... 9.62760e-01 1.06422e+00 1.16379e+00
Step   75 : Displace = [0m9.053e-02[0m/[0m2.498e-01[0m (rms/max) Trust = 9.126e-02 ([92m+[0m) Grad = [0m9.993e-04[0m/[0m4.471e-03[0m (rms/max) E (change) = -7436.5233936756 ([0m-1.548e-03[0m) Quality = [0m0.847[0m
Hessian Eigenvalues: 1.30800e-03 2.99343e-03 4.15135e-03 ... 9.63475e-01 1.07338e+00 1.16400e+00
Step   76 : Displace = [0m6.075e-02[0m/[0m1.735e-01[0m (rms/max) Trust = 1.291e-01 ([92m+[0m) Grad = [0m9.542e-04[0m/[0m4.828e-03[0m (rms/max) E (change) = -7436.5247023098 ([0m-1.309e-03[0m) Quality = [0m0.916[0m
Hessian Eigenvalues: 1.16041e-03 2.99204e-03 4.52476e-03 ... 9.69615e-01 1.06950e+00 1.16031e+00
Step   77 : Displace = [0m5.695e-02[0m/[0m1.712e-01[0m (rms/max) Trust = 1.825e-01 ([92m+[0m) Grad = [0m9.849e-04[0m/[0m5.810e-03[0m (rms/max) E (change) = -7436.5257948455 ([0m-1.093e-03[0m) Quality = [0m0.684[0m
Hessian Eigenvalues: 1.37233e-03 2.94019e-03 4.63505e-03 ... 9.71059e-01 1.07374e+00 1.18167e+00
Step   78 : Displace = [0m3.575e-02[0m/[0m1.358e-01[0m (rms/max) Trust = 1.825e-01 (=) Grad = [0m1.197e-03[0m/[0m8.892e-03[0m (rms/max) E (change) = -7436.5267846849 ([0m-9.898e-04[0m) Quality = [0m0.561[0m
Hessian Eigenvalues: 1.43422e-03 2.96043e-03 4.63883e-03 ... 9.69615e-01 1.07981e+00 1.16772e+00
Step   79 : Displace = [0m4.933e-02[0m/[0m1.241e-01[0m (rms/max) Trust = 1.825e-01 (=) Grad = [0m1.046e-03[0m/[0m5.703e-03[0m (rms/max) E (change) = -7436.5281499596 ([0m-1.365e-03[0m) Quality = [0m0.833[0m
Hessian Eigenvalues: 1.36700e-03 2.96616e-03 4.60496e-03 ... 9.69372e-01 1.09058e+00 1.17206e+00
Step   80 : Displace = [0m3.765e-02[0m/[0m1.067e-01[0m (rms/max) Trust = 2.581e-01 ([92m+[0m) Grad = [0m9.221e-04[0m/[0m2.922e-03[0m (rms/max) E (change) = -7436.5292395516 ([0m-1.090e-03[0m) Quality = [0m0.799[0m
Hessian Eigenvalues: 1.14540e-03 3.02362e-03 4.50937e-03 ... 9.67758e-01 1.09641e+00 1.17180e+00
Step   81 : Displace = [0m7.834e-02[0m/[0m2.349e-01[0m (rms/max) Trust = 3.000e-01 ([92m+[0m) Grad = [0m1.014e-03[0m/[0m4.235e-03[0m (rms/max) E (change) = -7436.5302463653 ([0m-1.007e-03[0m) Quality = [0m0.668[0m
Hessian Eigenvalues: 1.25986e-03 2.96736e-03 4.42759e-03 ... 9.67814e-01 1.08769e+00 1.17079e+00
Step   82 : Displace = [0m3.591e-02[0m/[0m1.669e-01[0m (rms/max) Trust = 3.000e-01 (=) Grad = [0m9.816e-04[0m/[0m4.807e-03[0m (rms/max) E (change) = -7436.5318577512 ([0m-1.611e-03[0m) Quality = [0m0.932[0m
Hessian Eigenvalues: 1.19081e-03 3.02486e-03 4.37825e-03 ... 9.67066e-01 1.08849e+00 1.17654e+00
Step   83 : Displace = [0m5.658e-02[0m/[0m2.153e-01[0m (rms/max) Trust = 3.000e-01 (=) Grad = [0m1.076e-03[0m/[0m3.432e-03[0m (rms/max) E (change) = -7436.5329334577 ([0m-1.076e-03[0m) Quality = [0m0.635[0m
Hessian Eigenvalues: 1.21120e-03 3.03192e-03 4.23676e-03 ... 9.76178e-01 1.08674e+00 1.17132e+00
Step   84 : Displace = [0m2.707e-02[0m/[0m1.084e-01[0m (rms/max) Trust = 3.000e-01 (=) Grad = [0m9.249e-04[0m/[0m3.976e-03[0m (rms/max) E (change) = -7436.5343301304 ([0m-1.397e-03[0m) Quality = [0m0.894[0m
Hessian Eigenvalues: 1.16706e-03 3.03293e-03 4.34269e-03 ... 9.82260e-01 1.08726e+00 1.17777e+00
Step   85 : Displace = [0m5.235e-02[0m/[0m1.871e-01[0m (rms/max) Trust = 3.000e-01 (=) Grad = [0m1.010e-03[0m/[0m4.800e-03[0m (rms/max) E (change) = -7436.5350917545 ([0m-7.616e-04[0m) Quality = [0m0.498[0m
Hessian Eigenvalues: 1.38389e-03 3.03167e-03 4.34423e-03 ... 9.86780e-01 1.09064e+00 1.17519e+00
Step   86 : Displace = [0m3.987e-02[0m/[0m1.279e-01[0m (rms/max) Trust = 3.000e-01 (=) Grad = [0m9.351e-04[0m/[0m4.308e-03[0m (rms/max) E (change) = -7436.5359745284 ([0m-8.828e-04[0m) Quality = [0m0.649[0m
Hessian Eigenvalues: 1.60912e-03 3.02057e-03 4.35261e-03 ... 9.96041e-01 1.08775e+00 1.17782e+00
Step   87 : Displace = [0m3.948e-02[0m/[0m1.396e-01[0m (rms/max) Trust = 3.000e-01 (=) Grad = [0m8.353e-04[0m/[0m3.124e-03[0m (rms/max) E (change) = -7436.5367757080 ([0m-8.012e-04[0m) Quality = [0m0.637[0m
Hessian Eigenvalues: 1.63390e-03 3.03404e-03 4.28533e-03 ... 9.95232e-01 1.09748e+00 1.17541e+00
Step   88 : Displace = [0m1.934e-02[0m/[0m6.378e-02[0m (rms/max) Trust = 3.000e-01 (=) Grad = [0m5.711e-04[0m/[0m2.022e-03[0m (rms/max) E (change) = -7436.5375547812 ([0m-7.791e-04[0m) Quality = [0m0.970[0m
Hessian Eigenvalues: 1.61969e-03 3.03444e-03 3.97414e-03 ... 9.88928e-01 1.10030e+00 1.19591e+00
Step   89 : Displace = [0m3.767e-02[0m/[0m1.435e-01[0m (rms/max) Trust = 3.000e-01 (=) Grad = [0m6.350e-04[0m/[0m3.171e-03[0m (rms/max) E (change) = -7436.5379924841 ([0m-4.377e-04[0m) Quality = [0m0.604[0m
Hessian Eigenvalues: 1.89116e-03 3.06980e-03 3.40687e-03 ... 9.88961e-01 1.10031e+00 1.18697e+00
Step   90 : Displace = [0m3.087e-02[0m/[0m8.706e-02[0m (rms/max) Trust = 3.000e-01 (=) Grad = [0m5.260e-04[0m/[0m2.114e-03[0m (rms/max) E (change) = -7436.5384043793 ([0m-4.119e-04[0m) Quality = [0m0.697[0m
Hessian Eigenvalues: 2.18381e-03 3.02349e-03 3.75637e-03 ... 9.95609e-01 1.09867e+00 1.19769e+00
Step   91 : Displace = [0m1.774e-02[0m/[0m6.382e-02[0m (rms/max) Trust = 3.000e-01 (=) Grad = [0m4.525e-04[0m/[0m1.705e-03[0m (rms/max) E (change) = -7436.5386529308 ([0m-2.486e-04[0m) Quality = [0m0.606[0m
Hessian Eigenvalues: 2.22348e-03 2.99483e-03 3.76084e-03 ... 1.00432e+00 1.09921e+00 1.19656e+00
Step   92 : Displace = [0m8.690e-03[0m/[0m3.094e-02[0m (rms/max) Trust = 3.000e-01 (=) Grad = [0m3.510e-04[0m/[0m1.119e-03[0m (rms/max) E (change) = -7436.5389176981 ([0m-2.648e-04[0m) Quality = [0m0.947[0m
Hessian Eigenvalues: 2.22388e-03 2.90296e-03 3.76197e-03 ... 1.00087e+00 1.09943e+00 1.19860e+00
Step   93 : Displace = [0m1.382e-02[0m/[0m5.434e-02[0m (rms/max) Trust = 3.000e-01 (=) Grad = [0m3.028e-04[0m/[0m1.472e-03[0m (rms/max) E (change) = -7436.5392171030 ([0m-2.994e-04[0m) Quality = [0m1.342[0m
Hessian Eigenvalues: 1.88825e-03 2.26077e-03 3.72272e-03 ... 1.00823e+00 1.09994e+00 1.19784e+00
Step   94 : Displace = [0m4.921e-02[0m/[0m2.055e-01[0m (rms/max) Trust = 3.000e-01 (=) Grad = [0m6.588e-04[0m/[0m2.557e-03[0m (rms/max) E (change) = -7436.5399308616 ([0m-7.138e-04[0m) Quality = [0m1.426[0m
Hessian Eigenvalues: 1.17893e-03 2.26101e-03 3.65538e-03 ... 1.02693e+00 1.09987e+00 1.20544e+00
Step   95 : Displace = [0m5.532e-02[0m/[0m2.307e-01[0m (rms/max) Trust = 3.000e-01 (=) Grad = [0m8.227e-04[0m/[0m3.945e-03[0m (rms/max) E (change) = -7436.5402720846 ([0m-3.412e-04[0m) Quality = [0m0.594[0m
Hessian Eigenvalues: 1.49972e-03 2.44119e-03 3.73679e-03 ... 1.00227e+00 1.09989e+00 1.20019e+00
Step   96 : Displace = [0m1.965e-02[0m/[0m6.632e-02[0m (rms/max) Trust = 3.000e-01 (=) Grad = [0m5.165e-04[0m/[0m2.395e-03[0m (rms/max) E (change) = -7436.5412401397 ([0m-9.681e-04[0m) Quality = [0m1.304[0m
Hessian Eigenvalues: 1.41992e-03 2.52070e-03 3.73851e-03 ... 1.00292e+00 1.10356e+00 1.19763e+00
Step   97 : Displace = [0m3.285e-02[0m/[0m1.684e-01[0m (rms/max) Trust = 3.000e-01 (=) Grad = [0m5.703e-04[0m/[0m2.000e-03[0m (rms/max) E (change) = -7436.5421655750 ([0m-9.254e-04[0m) Quality = [0m1.262[0m
Hessian Eigenvalues: 8.27597e-04 2.50289e-03 3.72653e-03 ... 1.01744e+00 1.10623e+00 1.19876e+00
Step   98 : Displace = [0m1.326e-01[0m/[0m6.738e-01[0m (rms/max) Trust = 3.000e-01 (=) Grad = [0m1.504e-03[0m/[0m7.540e-03[0m (rms/max) E (change) = -7436.5424751773 ([0m-3.096e-04[0m) Quality = [0m0.209[0m
Hessian Eigenvalues: 1.07859e-03 2.72396e-03 3.88959e-03 ... 1.05045e+00 1.10901e+00 1.20331e+00
Step   99 : Displace = [0m3.459e-02[0m/[0m1.446e-01[0m (rms/max) Trust = 1.500e-01 ([91m-[0m) Grad = [0m1.105e-03[0m/[0m6.550e-03[0m (rms/max) E (change) = -7436.5442772328 ([0m-1.802e-03[0m) Quality = [0m1.003[0m
Hessian Eigenvalues: 1.08440e-03 2.86648e-03 3.92452e-03 ... 9.96987e-01 1.10540e+00 1.20292e+00
Step  100 : Displace = [0m2.465e-02[0m/[0m1.132e-01[0m (rms/max) Trust = 2.121e-01 ([92m+[0m) Grad = [0m8.505e-04[0m/[0m3.606e-03[0m (rms/max) E (change) = -7436.5458443165 ([0m-1.567e-03[0m) Quality = [0m0.965[0m
Hessian Eigenvalues: 9.75883e-04 2.79657e-03 3.92165e-03 ... 1.02853e+00 1.10530e+00 1.20432e+00
Step  101 : Displace = [0m1.450e-01[0m/[0m7.029e-01[0m (rms/max) Trust = 3.000e-01 ([92m+[0m) Grad = [0m2.104e-03[0m/[0m1.820e-02[0m (rms/max) E (change) = -7436.5481574793 ([0m-2.313e-03[0m) Quality = [0m0.912[0m
Hessian Eigenvalues: 1.92030e-03 2.71015e-03 3.95333e-03 ... 1.01755e+00 1.10553e+00 1.20392e+00
Step  102 : Displace = [0m7.673e-02[0m/[0m3.117e-01[0m (rms/max) Trust = 3.000e-01 (=) Grad = [0m1.179e-03[0m/[0m6.648e-03[0m (rms/max) E (change) = -7436.5499290447 ([0m-1.772e-03[0m) Quality = [0m0.497[0m
Hessian Eigenvalues: 2.14016e-03 2.81040e-03 4.06299e-03 ... 1.01858e+00 1.10968e+00 1.20208e+00
Step  103 : Displace = [0m4.465e-02[0m/[0m2.069e-01[0m (rms/max) Trust = 3.000e-01 (=) Grad = [0m9.654e-04[0m/[0m5.692e-03[0m (rms/max) E (change) = -7436.5516873702 ([0m-1.758e-03[0m) Quality = [0m0.698[0m
Hessian Eigenvalues: 1.82136e-03 2.90216e-03 4.02774e-03 ... 1.00932e+00 1.10814e+00 1.20299e+00
Step  104 : Displace = [0m8.074e-02[0m/[0m3.591e-01[0m (rms/max) Trust = 3.000e-01 (=) Grad = [0m1.319e-03[0m/[0m8.766e-03[0m (rms/max) E (change) = -7436.5518847655 ([0m-1.974e-04[0m) Quality = [0m0.079[0m
Hessian Eigenvalues: 2.71094e-03 3.22718e-03 3.94576e-03 ... 1.01284e+00 1.10890e+00 1.20202e+00
Step  105 : Displace = [0m4.949e-02[0m/[0m2.547e-01[0m (rms/max) Trust = 1.500e-01 ([91m-[0m) Grad = [0m1.095e-03[0m/[0m7.317e-03[0m (rms/max) E (change) = -7436.5533598941 ([0m-1.475e-03[0m) Quality = [0m0.469[0m
Hessian Eigenvalues: 2.64382e-03 3.42610e-03 4.06421e-03 ... 1.00826e+00 1.10777e+00 1.20143e+00
Step  106 : Displace = [0m3.582e-02[0m/[0m1.353e-01[0m (rms/max) Trust = 1.500e-01 (=) Grad = [0m1.119e-03[0m/[0m4.585e-03[0m (rms/max) E (change) = -7436.5537816224 ([0m-4.217e-04[0m) Quality = [0m0.190[0m
Hessian Eigenvalues: 2.74743e-03 3.41963e-03 4.17973e-03 ... 1.01727e+00 1.11207e+00 1.20215e+00
Step  107 : Displace = [0m3.532e-02[0m/[0m1.228e-01[0m (rms/max) Trust = 7.500e-02 ([91m-[0m) Grad = [0m5.739e-04[0m/[0m2.431e-03[0m (rms/max) E (change) = -7436.5557417673 ([0m-1.960e-03[0m) Quality = [0m1.070[0m
Hessian Eigenvalues: 2.57409e-03 3.32556e-03 3.97746e-03 ... 1.01795e+00 1.10843e+00 1.20128e+00
Step  108 : Displace = [0m6.392e-02[0m/[0m2.605e-01[0m (rms/max) Trust = 1.061e-01 ([92m+[0m) Grad = [0m1.103e-03[0m/[0m7.868e-03[0m (rms/max) E (change) = -7436.5570786072 ([0m-1.337e-03[0m) Quality = [0m0.833[0m
Hessian Eigenvalues: 1.86753e-03 2.90762e-03 3.58643e-03 ... 1.03878e+00 1.12483e+00 1.20624e+00
Step  109 : Displace = [0m1.074e-01[0m/[0m4.821e-01[0m (rms/max) Trust = 1.500e-01 ([92m+[0m) Grad = [0m2.102e-03[0m/[0m1.403e-02[0m (rms/max) E (change) = -7436.5607573586 ([0m-3.679e-03[0m) Quality = [0m1.410[0m
Hessian Eigenvalues: 7.85393e-04 2.82994e-03 3.49725e-03 ... 1.03687e+00 1.12171e+00 1.20438e+00
Step  110 : Displace = [0m2.114e-01[0m/[0m1.012e+00[0m (rms/max) Trust = 2.121e-01 ([92m+[0m) Grad = [0m1.256e-02[0m/[0m1.614e-01[0m (rms/max) E (change) = -7436.5082572351 ([91m+5.250e-02[0m) Quality = [91m-6.181[0m
Hessian Eigenvalues: 7.85393e-04 2.82994e-03 3.49725e-03 ... 1.03687e+00 1.12171e+00 1.20438e+00
Step  111 : Displace = [0m1.052e-01[0m/[0m5.087e-01[0m (rms/max) Trust = 1.057e-01 ([1;91mx[0m) Grad = [0m2.863e-03[0m/[0m2.722e-02[0m (rms/max) E (change) = -7436.5656606862 ([0m-4.903e-03[0m) Quality = [0m0.793[0m
Hessian Eigenvalues: 2.62474e-03 3.34089e-03 3.50576e-03 ... 1.01412e+00 1.10828e+00 1.20288e+00
Step  112 : Displace = [0m1.525e-01[0m/[0m6.203e-01[0m (rms/max) Trust = 1.495e-01 ([92m+[0m) Grad = [0m4.188e-03[0m/[0m3.242e-02[0m (rms/max) E (change) = -7436.5475279226 ([91m+1.813e-02[0m) Quality = [91m-1.446[0m
Hessian Eigenvalues: 2.62474e-03 3.34089e-03 3.50576e-03 ... 1.01412e+00 1.10828e+00 1.20288e+00
Step  113 : Displace = [0m7.074e-02[0m/[0m2.889e-01[0m (rms/max) Trust = 7.476e-02 ([1;91mx[0m) Grad = [0m2.776e-03[0m/[0m2.086e-02[0m (rms/max) E (change) = -7436.5616702415 ([91m+3.990e-03[0m) Quality = [91m-0.370[0m
Hessian Eigenvalues: 2.75960e-03 3.38976e-03 3.88453e-03 ... 1.01883e+00 1.11172e+00 1.20305e+00
Step  114 : Displace = [0m3.702e-02[0m/[0m1.535e-01[0m (rms/max) Trust = 3.738e-02 ([91m-[0m) Grad = [0m1.011e-03[0m/[0m6.202e-03[0m (rms/max) E (change) = -7436.5707368286 ([0m-9.067e-03[0m) Quality = [0m1.072[0m
Hessian Eigenvalues: 2.76543e-03 3.38046e-03 3.78397e-03 ... 1.00517e+00 1.10749e+00 1.20146e+00
Step  115 : Displace = [0m5.296e-02[0m/[0m2.123e-01[0m (rms/max) Trust = 5.286e-02 ([92m+[0m) Grad = [0m1.717e-03[0m/[0m1.653e-02[0m (rms/max) E (change) = -7436.5716858012 ([0m-9.490e-04[0m) Quality = [0m0.272[0m
Hessian Eigenvalues: 2.78038e-03 3.35499e-03 4.08352e-03 ... 1.03967e+00 1.11353e+00 1.21682e+00
Step  116 : Displace = [0m2.408e-02[0m/[0m1.121e-01[0m (rms/max) Trust = 5.286e-02 (=) Grad = [0m7.196e-04[0m/[0m4.585e-03[0m (rms/max) E (change) = -7436.5740256631 ([0m-2.340e-03[0m) Quality = [0m1.016[0m
Hessian Eigenvalues: 2.74867e-03 3.39962e-03 4.09048e-03 ... 1.04330e+00 1.11202e+00 1.20336e+00
Step  117 : Displace = [0m2.718e-02[0m/[0m1.005e-01[0m (rms/max) Trust = 7.476e-02 ([92m+[0m) Grad = [0m8.838e-04[0m/[0m4.649e-03[0m (rms/max) E (change) = -7436.5748802340 ([0m-8.546e-04[0m) Quality = [0m0.657[0m
Hessian Eigenvalues: 2.66438e-03 3.41857e-03 4.02179e-03 ... 1.05535e+00 1.12377e+00 1.22248e+00
Step  118 : Displace = [0m3.863e-02[0m/[0m1.491e-01[0m (rms/max) Trust = 7.476e-02 (=) Grad = [0m6.965e-04[0m/[0m3.232e-03[0m (rms/max) E (change) = -7436.5766081513 ([0m-1.728e-03[0m) Quality = [0m1.321[0m
Hessian Eigenvalues: 2.35698e-03 3.05680e-03 3.79978e-03 ... 1.04378e+00 1.11274e+00 1.22074e+00
Step  119 : Displace = [0m7.037e-02[0m/[0m2.753e-01[0m (rms/max) Trust = 1.057e-01 ([92m+[0m) Grad = [0m1.072e-03[0m/[0m8.313e-03[0m (rms/max) E (change) = -7436.5776399055 ([0m-1.032e-03[0m) Quality = [0m0.606[0m
Hessian Eigenvalues: 1.88411e-03 3.14345e-03 3.94429e-03 ... 1.04747e+00 1.11668e+00 1.22404e+00
Step  120 : Displace = [0m3.487e-02[0m/[0m1.452e-01[0m (rms/max) Trust = 1.057e-01 (=) Grad = [0m8.731e-04[0m/[0m5.921e-03[0m (rms/max) E (change) = -7436.5789511130 ([0m-1.311e-03[0m) Quality = [0m1.093[0m
Hessian Eigenvalues: 1.78608e-03 3.14579e-03 3.97468e-03 ... 1.04761e+00 1.11452e+00 1.22039e+00
Step  121 : Displace = [0m3.606e-02[0m/[0m1.340e-01[0m (rms/max) Trust = 1.495e-01 ([92m+[0m) Grad = [0m8.299e-04[0m/[0m4.887e-03[0m (rms/max) E (change) = -7436.5797084504 ([0m-7.573e-04[0m) Quality = [0m0.638[0m
Hessian Eigenvalues: 1.66049e-03 3.16221e-03 4.09254e-03 ... 1.04088e+00 1.11555e+00 1.22556e+00
Step  122 : Displace = [0m3.681e-02[0m/[0m1.740e-01[0m (rms/max) Trust = 1.495e-01 (=) Grad = [0m8.332e-04[0m/[0m4.281e-03[0m (rms/max) E (change) = -7436.5803541043 ([0m-6.457e-04[0m) Quality = [0m0.596[0m
Hessian Eigenvalues: 1.62585e-03 3.15770e-03 4.08907e-03 ... 1.04683e+00 1.11482e+00 1.22696e+00
Step  123 : Displace = [0m2.720e-02[0m/[0m1.061e-01[0m (rms/max) Trust = 1.495e-01 (=) Grad = [0m6.034e-04[0m/[0m2.804e-03[0m (rms/max) E (change) = -7436.5811668746 ([0m-8.128e-04[0m) Quality = [0m0.844[0m
Hessian Eigenvalues: 1.59472e-03 3.09406e-03 4.08614e-03 ... 1.04897e+00 1.11906e+00 1.21657e+00
Step  124 : Displace = [0m1.793e-02[0m/[0m7.004e-02[0m (rms/max) Trust = 2.114e-01 ([92m+[0m) Grad = [0m4.101e-04[0m/[0m1.541e-03[0m (rms/max) E (change) = -7436.5816725142 ([0m-5.056e-04[0m) Quality = [0m1.052[0m
Hessian Eigenvalues: 1.50570e-03 3.02690e-03 4.09100e-03 ... 1.05009e+00 1.11603e+00 1.21492e+00
Step  125 : Displace = [0m2.872e-02[0m/[0m1.284e-01[0m (rms/max) Trust = 2.990e-01 ([92m+[0m) Grad = [0m4.577e-04[0m/[0m2.615e-03[0m (rms/max) E (change) = -7436.5822697465 ([0m-5.972e-04[0m) Quality = [0m1.309[0m
Hessian Eigenvalues: 1.12662e-03 2.88003e-03 4.09162e-03 ... 1.04614e+00 1.11561e+00 1.22748e+00
Step  126 : Displace = [0m6.839e-02[0m/[0m2.922e-01[0m (rms/max) Trust = 3.000e-01 ([92m+[0m) Grad = [0m7.703e-04[0m/[0m4.970e-03[0m (rms/max) E (change) = -7436.5828970739 ([0m-6.273e-04[0m) Quality = [0m0.850[0m
Hessian Eigenvalues: 9.87776e-04 2.74629e-03 3.74891e-03 ... 1.06058e+00 1.12628e+00 1.22087e+00
Step  127 : Displace = [0m5.218e-02[0m/[0m2.782e-01[0m (rms/max) Trust = 3.000e-01 (=) Grad = [0m8.404e-04[0m/[0m5.592e-03[0m (rms/max) E (change) = -7436.5840505409 ([0m-1.153e-03[0m) Quality = [0m1.397[0m
Hessian Eigenvalues: 5.10840e-04 2.77667e-03 3.62348e-03 ... 1.05517e+00 1.12747e+00 1.20773e+00
Step  128 : Displace = [0m2.560e-01[0m/[0m1.341e+00[0m (rms/max) Trust = 3.000e-01 (=) Grad = [0m3.458e-03[0m/[0m2.771e-02[0m (rms/max) E (change) = -7436.5839625159 ([91m+8.802e-05[0m) Quality = [91m-0.030[0m
Hessian Eigenvalues: 1.95362e-03 2.81216e-03 3.66376e-03 ... 1.07631e+00 1.14019e+00 1.21268e+00
Step  129 : Displace = [0m1.501e-01[0m/[0m7.074e-01[0m (rms/max) Trust = 1.500e-01 ([91m-[0m) Grad = [0m1.282e-03[0m/[0m1.206e-02[0m (rms/max) E (change) = -7436.5876211664 ([0m-3.659e-03[0m) Quality = [0m0.360[0m
Hessian Eigenvalues: 2.63025e-03 2.92751e-03 3.70385e-03 ... 1.09096e+00 1.17318e+00 1.21755e+00
Step  130 : Displace = [0m5.794e-02[0m/[0m3.189e-01[0m (rms/max) Trust = 1.500e-01 (=) Grad = [0m1.184e-03[0m/[0m7.611e-03[0m (rms/max) E (change) = -7436.5907356297 ([0m-3.114e-03[0m) Quality = [0m1.028[0m
Hessian Eigenvalues: 1.68150e-03 2.83144e-03 3.66772e-03 ... 1.08900e+00 1.14651e+00 1.24303e+00
Step  131 : Displace = [0m1.793e-01[0m/[0m1.017e+00[0m (rms/max) Trust = 2.121e-01 ([92m+[0m) Grad = [0m2.537e-03[0m/[0m1.852e-02[0m (rms/max) E (change) = -7436.5882847552 ([91m+2.451e-03[0m) Quality = [91m-0.451[0m
Hessian Eigenvalues: 2.77281e-03 3.29327e-03 4.03910e-03 ... 1.09718e+00 1.17327e+00 1.31446e+00
Step  132 : Displace = [0m1.062e-01[0m/[0m5.098e-01[0m (rms/max) Trust = 1.061e-01 ([91m-[0m) Grad = [0m1.197e-03[0m/[0m9.056e-03[0m (rms/max) E (change) = -7436.5953076177 ([0m-7.023e-03[0m) Quality = [0m0.651[0m
Hessian Eigenvalues: 2.81412e-03 3.42496e-03 4.05411e-03 ... 1.09119e+00 1.15734e+00 1.28541e+00
Step  133 : Displace = [0m4.231e-02[0m/[0m1.719e-01[0m (rms/max) Trust = 1.061e-01 (=) Grad = [0m1.329e-03[0m/[0m7.377e-03[0m (rms/max) E (change) = -7436.5952713133 ([91m+3.630e-05[0m) Quality = [91m-0.015[0m
Hessian Eigenvalues: 2.92301e-03 3.45325e-03 4.10206e-03 ... 1.10415e+00 1.19608e+00 1.29136e+00
Step  134 : Displace = [0m3.316e-02[0m/[0m1.712e-01[0m (rms/max) Trust = 5.303e-02 ([91m-[0m) Grad = [0m5.655e-04[0m/[0m3.372e-03[0m (rms/max) E (change) = -7436.5977486116 ([0m-2.477e-03[0m) Quality = [0m1.057[0m
Hessian Eigenvalues: 2.94190e-03 3.46778e-03 3.95726e-03 ... 1.10324e+00 1.17628e+00 1.32117e+00
Step  135 : Displace = [0m3.736e-02[0m/[0m1.936e-01[0m (rms/max) Trust = 7.500e-02 ([92m+[0m) Grad = [0m8.114e-04[0m/[0m6.385e-03[0m (rms/max) E (change) = -7436.5980243093 ([0m-2.757e-04[0m) Quality = [0m0.323[0m
Hessian Eigenvalues: 2.94210e-03 3.51235e-03 3.86193e-03 ... 1.10647e+00 1.23980e+00 1.31187e+00
Step  136 : Displace = [0m1.392e-02[0m/[0m8.439e-02[0m (rms/max) Trust = 7.500e-02 (=) Grad = [0m3.284e-04[0m/[0m1.561e-03[0m (rms/max) E (change) = -7436.5987093629 ([0m-6.851e-04[0m) Quality = [0m1.099[0m
Hessian Eigenvalues: 2.94210e-03 3.53057e-03 3.88500e-03 ... 1.10990e+00 1.24208e+00 1.37341e+00
Step  137 : Displace = [0m1.424e-02[0m/[0m4.113e-02[0m (rms/max) Trust = 1.061e-01 ([92m+[0m) Grad = [0m5.088e-04[0m/[0m2.780e-03[0m (rms/max) E (change) = -7436.5988495596 ([0m-1.402e-04[0m) Quality = [0m0.374[0m
Hessian Eigenvalues: 2.94107e-03 3.53351e-03 3.85315e-03 ... 1.11211e+00 1.23760e+00 1.36238e+00
Step  138 : Displace = [0m1.116e-02[0m/[0m6.332e-02[0m (rms/max) Trust = 1.061e-01 (=) Grad = [0m3.238e-04[0m/[0m2.504e-03[0m (rms/max) E (change) = -7436.5991560305 ([0m-3.065e-04[0m) Quality = [0m1.148[0m
Hessian Eigenvalues: 2.94377e-03 3.20582e-03 3.82781e-03 ... 1.11130e+00 1.26999e+00 1.36978e+00
Step  139 : Displace = [0m1.357e-02[0m/[0m8.079e-02[0m (rms/max) Trust = 1.500e-01 ([92m+[0m) Grad = [92m2.745e-04[0m/[0m1.813e-03[0m (rms/max) E (change) = -7436.5992641155 ([0m-1.081e-04[0m) Quality = [0m0.644[0m
Hessian Eigenvalues: 2.63284e-03 2.96889e-03 3.92643e-03 ... 1.11277e+00 1.26585e+00 1.36911e+00
Step  140 : Displace = [0m1.163e-02[0m/[0m5.771e-02[0m (rms/max) Trust = 1.500e-01 (=) Grad = [92m2.321e-04[0m/[0m1.131e-03[0m (rms/max) E (change) = -7436.5993584808 ([0m-9.437e-05[0m) Quality = [0m0.778[0m
Hessian Eigenvalues: 2.34737e-03 2.99223e-03 4.19573e-03 ... 1.11130e+00 1.28153e+00 1.38863e+00
Step  141 : Displace = [0m1.346e-02[0m/[0m6.079e-02[0m (rms/max) Trust = 2.121e-01 ([92m+[0m) Grad = [0m3.038e-04[0m/[0m1.408e-03[0m (rms/max) E (change) = -7436.5993859887 ([0m-2.751e-05[0m) Quality = [0m0.175[0m
Hessian Eigenvalues: 2.46982e-03 3.08773e-03 4.17690e-03 ... 1.11171e+00 1.28017e+00 1.38172e+00
Step  142 : Displace = [0m6.685e-03[0m/[0m2.932e-02[0m (rms/max) Trust = 1.061e-01 ([91m-[0m) Grad = [92m1.404e-04[0m/[0m6.869e-04[0m (rms/max) E (change) = -7436.5994977435 ([0m-1.118e-04[0m) Quality = [0m1.018[0m
Hessian Eigenvalues: 2.50452e-03 3.14947e-03 4.17619e-03 ... 1.11195e+00 1.28023e+00 1.38100e+00
Step  143 : Displace = [0m4.158e-03[0m/[0m1.997e-02[0m (rms/max) Trust = 1.500e-01 ([92m+[0m) Grad = [92m1.184e-04[0m/[0m5.724e-04[0m (rms/max) E (change) = -7436.5995319523 ([0m-3.421e-05[0m) Quality = [0m0.876[0m
Hessian Eigenvalues: 2.30902e-03 3.15299e-03 4.21500e-03 ... 1.11606e+00 1.28039e+00 1.37024e+00
Step  144 : Displace = [0m5.931e-03[0m/[0m2.682e-02[0m (rms/max) Trust = 2.121e-01 ([92m+[0m) Grad = [92m1.079e-04[0m/[0m7.427e-04[0m (rms/max) E (change) = -7436.5995705474 ([0m-3.860e-05[0m) Quality = [0m1.510[0m
Hessian Eigenvalues: 1.44330e-03 3.16852e-03 4.01268e-03 ... 1.11449e+00 1.28549e+00 1.36443e+00
Step  145 : Displace = [0m1.887e-02[0m/[0m8.531e-02[0m (rms/max) Trust = 3.000e-01 ([92m+[0m) Grad = [92m1.495e-04[0m/[0m6.926e-04[0m (rms/max) E (change) = -7436.5996351813 ([0m-6.463e-05[0m) Quality = [0m0.972[0m
Hessian Eigenvalues: 1.20848e-03 3.17263e-03 3.80184e-03 ... 1.11775e+00 1.28577e+00 1.36439e+00
Step  146 : Displace = [0m9.020e-03[0m/[0m4.775e-02[0m (rms/max) Trust = 3.000e-01 (=) Grad = [92m1.405e-04[0m/[0m9.090e-04[0m (rms/max) E (change) = -7436.5996851794 ([0m-5.000e-05[0m) Quality = [0m1.366[0m
Hessian Eigenvalues: 8.56471e-04 3.10982e-03 3.17904e-03 ... 1.12420e+00 1.28543e+00 1.36439e+00
Step  147 : Displace = [0m2.092e-02[0m/[0m1.115e-01[0m (rms/max) Trust = 3.000e-01 (=) Grad = [92m2.274e-04[0m/[0m1.262e-03[0m (rms/max) E (change) = -7436.5998069129 ([0m-1.217e-04[0m) Quality = [0m1.624[0m
Hessian Eigenvalues: 3.72911e-04 2.54589e-03 3.17922e-03 ... 1.12888e+00 1.29100e+00 1.36511e+00
Step  148 : Displace = [0m7.154e-02[0m/[0m3.908e-01[0m (rms/max) Trust = 3.000e-01 (=) Grad = [0m6.376e-04[0m/[0m3.517e-03[0m (rms/max) E (change) = -7436.5991996368 ([91m+6.073e-04[0m) Quality = [91m-2.465[0m
Hessian Eigenvalues: 3.72911e-04 2.54589e-03 3.17922e-03 ... 1.12888e+00 1.29100e+00 1.36511e+00
Step  149 : Displace = [0m3.517e-02[0m/[0m1.876e-01[0m (rms/max) Trust = 3.577e-02 ([1;91mx[0m) Grad = [0m3.913e-04[0m/[0m2.344e-03[0m (rms/max) E (change) = -7436.5999027772 ([0m-9.586e-05[0m) Quality = [0m0.478[0m
Hessian Eigenvalues: 1.37851e-03 2.05958e-03 3.21751e-03 ... 1.12620e+00 1.28969e+00 1.36486e+00
Step  150 : Displace = [0m1.977e-02[0m/[0m9.427e-02[0m (rms/max) Trust = 3.577e-02 (=) Grad = [92m2.966e-04[0m/[0m2.347e-03[0m (rms/max) E (change) = -7436.6000482042 ([0m-1.454e-04[0m) Quality = [0m0.901[0m
Hessian Eigenvalues: 1.65719e-03 2.62798e-03 3.15452e-03 ... 1.12109e+00 1.28823e+00 1.36487e+00
Step  151 : Displace = [0m9.442e-03[0m/[0m4.693e-02[0m (rms/max) Trust = 5.058e-02 ([92m+[0m) Grad = [92m2.430e-04[0m/[0m1.582e-03[0m (rms/max) E (change) = -7436.6001703624 ([0m-1.222e-04[0m) Quality = [0m1.097[0m
Hessian Eigenvalues: 1.45094e-03 2.59005e-03 3.33230e-03 ... 1.12392e+00 1.28932e+00 1.36487e+00
Step  152 : Displace = [0m1.610e-02[0m/[0m9.652e-02[0m (rms/max) Trust = 7.154e-02 ([92m+[0m) Grad = [92m1.812e-04[0m/[0m8.549e-04[0m (rms/max) E (change) = -7436.6002479746 ([0m-7.761e-05[0m) Quality = [0m0.726[0m
Hessian Eigenvalues: 2.14562e-03 2.62442e-03 3.32773e-03 ... 1.12333e+00 1.28762e+00 1.36497e+00
Step  153 : Displace = [0m9.250e-03[0m/[0m4.317e-02[0m (rms/max) Trust = 7.154e-02 (=) Grad = [92m1.612e-04[0m/[0m7.090e-04[0m (rms/max) E (change) = -7436.6002971756 ([0m-4.920e-05[0m) Quality = [0m0.749[0m
Hessian Eigenvalues: 2.45882e-03 2.61934e-03 3.33848e-03 ... 1.12254e+00 1.29221e+00 1.36454e+00
Step  154 : Displace = [0m5.014e-03[0m/[0m2.366e-02[0m (rms/max) Trust = 7.154e-02 (=) Grad = [92m1.155e-04[0m/[0m5.213e-04[0m (rms/max) E (change) = -7436.6003290221 ([0m-3.185e-05[0m) Quality = [0m0.866[0m
Hessian Eigenvalues: 2.45545e-03 2.63397e-03 3.31455e-03 ... 1.12246e+00 1.28998e+00 1.36440e+00
Step  155 : Displace = [0m3.189e-03[0m/[0m1.297e-02[0m (rms/max) Trust = 1.012e-01 ([92m+[0m) Grad = [92m8.081e-05[0m/[92m2.551e-04[0m (rms/max) E (change) = -7436.6003498278 ([0m-2.081e-05[0m) Quality = [0m1.072[0m
Hessian Eigenvalues: 2.36703e-03 2.63268e-03 3.24315e-03 ... 1.12264e+00 1.30128e+00 1.37673e+00
Step  156 : Displace = [0m3.977e-03[0m/[0m1.959e-02[0m (rms/max) Trust = 1.431e-01 ([92m+[0m) Grad = [92m7.088e-05[0m/[92m3.321e-04[0m (rms/max) E (change) = -7436.6003656347 ([0m-1.581e-05[0m) Quality = [0m1.081[0m
Hessian Eigenvalues: 2.43022e-03 2.63334e-03 3.11017e-03 ... 1.12276e+00 1.29888e+00 1.38256e+00
Step  157 : Displace = [0m3.359e-03[0m/[0m9.526e-03[0m (rms/max) Trust = 2.023e-01 ([92m+[0m) Grad = [92m6.793e-05[0m/[92m2.777e-04[0m (rms/max) E (change) = -7436.6003798845 ([0m-1.425e-05[0m) Quality = [0m1.221[0m
Hessian Eigenvalues: 2.20336e-03 2.59279e-03 2.96591e-03 ... 1.12250e+00 1.30047e+00 1.38230e+00
Step  158 : Displace = [0m4.039e-03[0m/[0m1.502e-02[0m (rms/max) Trust = 2.862e-01 ([92m+[0m) Grad = [92m7.036e-05[0m/[92m3.255e-04[0m (rms/max) E (change) = -7436.6003927652 ([0m-1.288e-05[0m) Quality = [0m1.198[0m
Hessian Eigenvalues: 1.84380e-03 2.57738e-03 2.89752e-03 ... 1.12466e+00 1.30489e+00 1.38361e+00
Step  159 : Displace = [0m3.600e-03[0m/[0m1.452e-02[0m (rms/max) Trust = 3.000e-01 ([92m+[0m) Grad = [92m7.226e-05[0m/[92m3.964e-04[0m (rms/max) E (change) = -7436.6004032356 ([0m-1.047e-05[0m) Quality = [0m1.194[0m
Hessian Eigenvalues: 1.46217e-03 2.67984e-03 2.96243e-03 ... 1.12331e+00 1.30474e+00 1.38458e+00
Step  160 : Displace = [0m4.022e-03[0m/[0m2.327e-02[0m (rms/max) Trust = 3.000e-01 (=) Grad = [92m6.991e-05[0m/[92m2.702e-04[0m (rms/max) E (change) = -7436.6004156605 ([0m-1.242e-05[0m) Quality = [0m1.258[0m
Hessian Eigenvalues: 1.21446e-03 2.63707e-03 2.95599e-03 ... 1.12272e+00 1.30911e+00 1.38452e+00
Step  161 : Displace = [0m3.806e-03[0m/[0m2.006e-02[0m (rms/max) Trust = 3.000e-01 (=) Grad = [92m6.956e-05[0m/[92m3.556e-04[0m (rms/max) E (change) = -7436.6004285171 ([0m-1.286e-05[0m) Quality = [0m1.378[0m
Hessian Eigenvalues: 9.04859e-04 2.61759e-03 2.95727e-03 ... 1.12321e+00 1.32951e+00 1.39504e+00
Step  162 : Displace = [0m5.730e-03[0m/[0m2.690e-02[0m (rms/max) Trust = 3.000e-01 (=) Grad = [92m1.005e-04[0m/[0m5.483e-04[0m (rms/max) E (change) = -7436.6004451312 ([0m-1.661e-05[0m) Quality = [0m1.274[0m
Hessian Eigenvalues: 6.66232e-04 2.65268e-03 2.94333e-03 ... 1.12369e+00 1.32763e+00 1.40276e+00
Step  163 : Displace = [0m7.107e-03[0m/[0m2.118e-02[0m (rms/max) Trust = 3.000e-01 (=) Grad = [92m1.226e-04[0m/[0m5.094e-04[0m (rms/max) E (change) = -7436.6004648957 ([0m-1.976e-05[0m) Quality = [0m1.307[0m
Hessian Eigenvalues: 4.81869e-04 2.65620e-03 2.90534e-03 ... 1.12368e+00 1.33198e+00 1.41343e+00
Step  164 : Displace = [0m9.469e-03[0m/[0m2.612e-02[0m (rms/max) Trust = 3.000e-01 (=) Grad = [92m1.266e-04[0m/[0m5.099e-04[0m (rms/max) E (change) = -7436.6004928743 ([0m-2.798e-05[0m) Quality = [0m1.409[0m
Hessian Eigenvalues: 3.60621e-04 2.66245e-03 2.83529e-03 ... 1.12657e+00 1.33173e+00 1.41418e+00
Step  165 : Displace = [0m1.325e-02[0m/[0m3.761e-02[0m (rms/max) Trust = 3.000e-01 (=) Grad = [92m1.356e-04[0m/[0m6.421e-04[0m (rms/max) E (change) = -7436.6005297870 ([0m-3.691e-05[0m) Quality = [0m1.277[0m
Hessian Eigenvalues: 3.28533e-04 2.60616e-03 2.69991e-03 ... 1.12708e+00 1.33421e+00 1.41503e+00
Step  166 : Displace = [0m1.076e-02[0m/[0m3.132e-02[0m (rms/max) Trust = 3.000e-01 (=) Grad = [92m1.553e-04[0m/[0m7.699e-04[0m (rms/max) E (change) = -7436.6005676466 ([0m-3.786e-05[0m) Quality = [0m1.292[0m
Hessian Eigenvalues: 2.98427e-04 2.36145e-03 2.67486e-03 ... 1.12589e+00 1.35522e+00 1.41711e+00
Step  167 : Displace = [0m1.152e-02[0m/[0m3.618e-02[0m (rms/max) Trust = 3.000e-01 (=) Grad = [92m1.778e-04[0m/[0m6.637e-04[0m (rms/max) E (change) = -7436.6006181987 ([0m-5.055e-05[0m) Quality = [0m1.322[0m
Hessian Eigenvalues: 2.55529e-04 2.11994e-03 2.66876e-03 ... 1.12457e+00 1.34136e+00 1.41421e+00
Step  168 : Displace = [0m1.472e-02[0m/[0m4.677e-02[0m (rms/max) Trust = 3.000e-01 (=) Grad = [92m1.814e-04[0m/[0m7.003e-04[0m (rms/max) E (change) = -7436.6006767719 ([0m-5.857e-05[0m) Quality = [0m1.227[0m
Hessian Eigenvalues: 2.25008e-04 1.98105e-03 2.66473e-03 ... 1.12465e+00 1.33682e+00 1.41514e+00
Step  169 : Displace = [0m1.352e-02[0m/[0m4.360e-02[0m (rms/max) Trust = 3.000e-01 (=) Grad = [92m1.745e-04[0m/[0m6.809e-04[0m (rms/max) E (change) = -7436.6007345636 ([0m-5.779e-05[0m) Quality = [0m1.218[0m
Hessian Eigenvalues: 2.14102e-04 1.86647e-03 2.66522e-03 ... 1.12863e+00 1.34649e+00 1.41516e+00
Step  170 : Displace = [0m1.056e-02[0m/[0m3.276e-02[0m (rms/max) Trust = 3.000e-01 (=) Grad = [92m1.837e-04[0m/[0m1.010e-03[0m (rms/max) E (change) = -7436.6007939440 ([0m-5.938e-05[0m) Quality = [0m1.237[0m
Hessian Eigenvalues: 1.82457e-04 1.88062e-03 2.66858e-03 ... 1.12568e+00 1.34673e+00 1.41759e+00
Step  171 : Displace = [0m1.480e-02[0m/[0m4.815e-02[0m (rms/max) Trust = 3.000e-01 (=) Grad = [92m1.978e-04[0m/[0m9.085e-04[0m (rms/max) E (change) = -7436.6008582578 ([0m-6.431e-05[0m) Quality = [0m1.257[0m
Hessian Eigenvalues: 2.16082e-04 1.66998e-03 2.66726e-03 ... 1.12367e+00 1.34315e+00 1.41465e+00
Step  172 : Displace = [0m1.067e-02[0m/[0m3.941e-02[0m (rms/max) Trust = 3.000e-01 (=) Grad = [92m2.240e-04[0m/[0m9.441e-04[0m (rms/max) E (change) = -7436.6009138618 ([0m-5.560e-05[0m) Quality = [0m0.943[0m
Hessian Eigenvalues: 1.82573e-04 2.00738e-03 2.66661e-03 ... 1.12358e+00 1.33693e+00 1.41341e+00
Step  173 : Displace = [0m2.169e-02[0m/[0m7.008e-02[0m (rms/max) Trust = 3.000e-01 (=) Grad = [92m2.291e-04[0m/[0m1.370e-03[0m (rms/max) E (change) = -7436.6009715009 ([0m-5.764e-05[0m) Quality = [0m0.864[0m
Hessian Eigenvalues: 2.52085e-04 2.06759e-03 2.67263e-03 ... 1.12836e+00 1.34253e+00 1.41333e+00
Step  174 : Displace = [0m7.432e-03[0m/[0m2.195e-02[0m (rms/max) Trust = 3.000e-01 (=) Grad = [92m1.901e-04[0m/[0m1.401e-03[0m (rms/max) E (change) = -7436.6010388682 ([0m-6.737e-05[0m) Quality = [0m1.290[0m
Hessian Eigenvalues: 2.66267e-04 2.04581e-03 2.65397e-03 ... 1.12620e+00 1.33966e+00 1.41421e+00
Step  175 : Displace = [0m9.176e-03[0m/[0m3.615e-02[0m (rms/max) Trust = 3.000e-01 (=) Grad = [92m1.871e-04[0m/[0m7.847e-04[0m (rms/max) E (change) = -7436.6011029686 ([0m-6.410e-05[0m) Quality = [0m1.077[0m
Hessian Eigenvalues: 2.38806e-04 2.01896e-03 2.60175e-03 ... 1.12549e+00 1.34014e+00 1.41401e+00
Step  176 : Displace = [0m6.977e-03[0m/[0m2.520e-02[0m (rms/max) Trust = 3.000e-01 (=) Grad = [92m1.668e-04[0m/[0m5.927e-04[0m (rms/max) E (change) = -7436.6011438024 ([0m-4.083e-05[0m) Quality = [0m1.130[0m
Hessian Eigenvalues: 2.28168e-04 2.08413e-03 2.39905e-03 ... 1.12752e+00 1.34010e+00 1.41784e+00
Step  177 : Displace = [0m5.456e-03[0m/[0m1.482e-02[0m (rms/max) Trust = 3.000e-01 (=) Grad = [92m1.357e-04[0m/[0m9.344e-04[0m (rms/max) E (change) = -7436.6011854423 ([0m-4.164e-05[0m) Quality = [0m1.280[0m
Hessian Eigenvalues: 2.01327e-04 2.09074e-03 2.34290e-03 ... 1.12698e+00 1.34068e+00 1.41429e+00
Step  178 : Displace = [0m6.394e-03[0m/[0m1.676e-02[0m (rms/max) Trust = 3.000e-01 (=) Grad = [92m1.599e-04[0m/[0m1.173e-03[0m (rms/max) E (change) = -7436.6012218007 ([0m-3.636e-05[0m) Quality = [0m1.202[0m
Hessian Eigenvalues: 2.01576e-04 2.07669e-03 2.15199e-03 ... 1.12744e+00 1.33969e+00 1.41348e+00
Step  179 : Displace = [0m5.182e-03[0m/[0m1.946e-02[0m (rms/max) Trust = 3.000e-01 (=) Grad = [92m1.594e-04[0m/[0m8.239e-04[0m (rms/max) E (change) = -7436.6012534054 ([0m-3.160e-05[0m) Quality = [0m1.275[0m
Hessian Eigenvalues: 1.88403e-04 1.76068e-03 2.12319e-03 ... 1.12747e+00 1.33898e+00 1.41351e+00
Step  180 : Displace = [0m6.786e-03[0m/[0m2.752e-02[0m (rms/max) Trust = 3.000e-01 (=) Grad = [92m1.348e-04[0m/[0m5.607e-04[0m (rms/max) E (change) = -7436.6012882488 ([0m-3.484e-05[0m) Quality = [0m1.264[0m
Hessian Eigenvalues: 1.83342e-04 1.54783e-03 2.12582e-03 ... 1.12753e+00 1.34213e+00 1.41403e+00
Step  181 : Displace = [0m6.212e-03[0m/[0m2.646e-02[0m (rms/max) Trust = 3.000e-01 (=) Grad = [92m1.252e-04[0m/[0m7.829e-04[0m (rms/max) E (change) = -7436.6013149438 ([0m-2.670e-05[0m) Quality = [0m1.179[0m
Hessian Eigenvalues: 1.80988e-04 1.44414e-03 2.12499e-03 ... 1.12832e+00 1.34059e+00 1.41495e+00
Step  182 : Displace = [0m5.273e-03[0m/[0m2.248e-02[0m (rms/max) Trust = 3.000e-01 (=) Grad = [92m1.279e-04[0m/[0m7.878e-04[0m (rms/max) E (change) = -7436.6013371828 ([0m-2.224e-05[0m) Quality = [0m1.248[0m
Hessian Eigenvalues: 1.82987e-04 1.27398e-03 2.12278e-03 ... 1.12751e+00 1.34053e+00 1.41448e+00
Step  183 : Displace = [0m7.035e-03[0m/[0m2.911e-02[0m (rms/max) Trust = 3.000e-01 (=) Grad = [92m1.243e-04[0m/[0m4.607e-04[0m (rms/max) E (change) = -7436.6013593369 ([0m-2.215e-05[0m) Quality = [0m1.237[0m
Hessian Eigenvalues: 1.76740e-04 1.20159e-03 2.11399e-03 ... 1.12746e+00 1.34058e+00 1.41633e+00
Step  184 : Displace = [0m5.704e-03[0m/[0m2.593e-02[0m (rms/max) Trust = 3.000e-01 (=) Grad = [92m1.087e-04[0m/[0m4.977e-04[0m (rms/max) E (change) = -7436.6013785699 ([0m-1.923e-05[0m) Quality = [0m1.092[0m
Hessian Eigenvalues: 1.94773e-04 1.04549e-03 2.09271e-03 ... 1.12818e+00 1.34501e+00 1.42359e+00
Step  185 : Displace = [0m6.669e-03[0m/[0m3.216e-02[0m (rms/max) Trust = 3.000e-01 (=) Grad = [92m9.367e-05[0m/[92m4.279e-04[0m (rms/max) E (change) = -7436.6013940314 ([0m-1.546e-05[0m) Quality = [0m1.225[0m
Hessian Eigenvalues: 1.97393e-04 9.99599e-04 2.11966e-03 ... 1.12738e+00 1.34164e+00 1.42137e+00
Step  186 : Displace = [0m4.928e-03[0m/[0m2.866e-02[0m (rms/max) Trust = 3.000e-01 (=) Grad = [92m9.115e-05[0m/[92m3.896e-04[0m (rms/max) E (change) = -7436.6014085575 ([0m-1.453e-05[0m) Quality = [0m1.256[0m
Hessian Eigenvalues: 2.01447e-04 8.44421e-04 2.11365e-03 ... 1.12800e+00 1.34132e+00 1.42451e+00
Step  187 : Displace = [0m6.768e-03[0m/[0m3.852e-02[0m (rms/max) Trust = 3.000e-01 (=) Grad = [92m9.043e-05[0m/[92m3.644e-04[0m (rms/max) E (change) = -7436.6014209465 ([0m-1.239e-05[0m) Quality = [0m1.195[0m
Hessian Eigenvalues: 1.99863e-04 7.36464e-04 2.10368e-03 ... 1.12816e+00 1.34563e+00 1.43710e+00
Step  188 : Displace = [0m5.980e-03[0m/[0m3.581e-02[0m (rms/max) Trust = 3.000e-01 (=) Grad = [92m8.050e-05[0m/[92m3.617e-04[0m (rms/max) E (change) = -7436.6014324096 ([0m-1.146e-05[0m) Quality = [0m1.267[0m
Hessian Eigenvalues: 1.99662e-04 6.43950e-04 2.08947e-03 ... 1.12873e+00 1.34319e+00 1.44258e+00
Step  189 : Displace = [0m5.786e-03[0m/[0m3.336e-02[0m (rms/max) Trust = 3.000e-01 (=) Grad = [92m7.321e-05[0m/[92m3.324e-04[0m (rms/max) E (change) = -7436.6014430923 ([0m-1.068e-05[0m) Quality = [0m1.294[0m
Hessian Eigenvalues: 2.00677e-04 5.95618e-04 2.08664e-03 ... 1.13061e+00 1.34136e+00 1.44238e+00
Step  190 : Displace = [0m4.806e-03[0m/[0m2.330e-02[0m (rms/max) Trust = 3.000e-01 (=) Grad = [92m6.812e-05[0m/[92m2.670e-04[0m (rms/max) E (change) = -7436.6014510075 ([0m-7.915e-06[0m) Quality = [0m1.166[0m
Hessian Eigenvalues: 2.00778e-04 5.96402e-04 2.06245e-03 ... 1.12973e+00 1.33926e+00 1.44236e+00
Step  191 : Displace = [0m2.784e-03[0m/[0m1.021e-02[0m (rms/max) Trust = 3.000e-01 (=) Grad = [92m6.010e-05[0m/[92m2.593e-04[0m (rms/max) E (change) = -7436.6014560512 ([0m-5.044e-06[0m) Quality = [0m1.074[0m
Hessian Eigenvalues: 2.00841e-04 5.92335e-04 2.08523e-03 ... 1.13287e+00 1.34461e+00 1.44402e+00
Step  192 : Displace = [0m1.648e-03[0m/[0m5.966e-03[0m (rms/max) Trust = 3.000e-01 (=) Grad = [92m3.976e-05[0m/[92m1.382e-04[0m (rms/max) E (change) = -7436.6014597177 ([0m-3.666e-06[0m) Quality = [0m1.273[0m
Hessian Eigenvalues: 2.01080e-04 5.80384e-04 2.07528e-03 ... 1.13379e+00 1.34450e+00 1.44870e+00
Step  193 : Displace = [0m2.171e-03[0m/[0m7.179e-03[0m (rms/max) Trust = 3.000e-01 (=) Grad = [92m4.023e-05[0m/[92m1.481e-04[0m (rms/max) E (change) = -7436.6014627027 ([0m-2.985e-06[0m) Quality = [0m1.210[0m
Hessian Eigenvalues: 2.00989e-04 5.59542e-04 2.08759e-03 ... 1.13541e+00 1.34618e+00 1.44871e+00
Step  194 : Displace = [0m2.349e-03[0m/[0m7.249e-03[0m (rms/max) Trust = 3.000e-01 (=) Grad = [92m4.464e-05[0m/[92m2.008e-04[0m (rms/max) E (change) = -7436.6014651475 ([0m-2.445e-06[0m) Quality = [0m1.263[0m
Hessian Eigenvalues: 2.01612e-04 5.51833e-04 2.01346e-03 ... 1.13460e+00 1.34779e+00 1.44984e+00
Step  195 : Displace = [0m2.390e-03[0m/[0m7.146e-03[0m (rms/max) Trust = 3.000e-01 (=) Grad = [92m3.855e-05[0m/[92m1.569e-04[0m (rms/max) E (change) = -7436.6014675924 ([0m-2.445e-06[0m) Quality = [0m1.279[0m
Hessian Eigenvalues: 2.04171e-04 5.13121e-04 1.93807e-03 ... 1.13459e+00 1.34333e+00 1.45095e+00
Step  196 : Displace = [0m3.239e-03[0m/[0m9.582e-03[0m (rms/max) Trust = 3.000e-01 (=) Grad = [92m3.678e-05[0m/[92m1.938e-04[0m (rms/max) E (change) = -7436.6014697667 ([0m-2.174e-06[0m) Quality = [0m1.161[0m
Hessian Eigenvalues: 2.11424e-04 5.37849e-04 1.68577e-03 ... 1.13600e+00 1.34178e+00 1.45096e+00
Step  197 : Displace = [0m1.772e-03[0m/[0m5.204e-03[0m (rms/max) Trust = 3.000e-01 (=) Grad = [92m3.855e-05[0m/[92m1.308e-04[0m (rms/max) E (change) = -7436.6014717779 ([0m-2.011e-06[0m) Quality = [0m1.269[0m
Hessian Eigenvalues: 2.24279e-04 5.17607e-04 1.54187e-03 ... 1.13497e+00 1.33977e+00 1.45165e+00
Step  198 : Displace = [0m2.711e-03[0m/[0m7.774e-03[0m (rms/max) Trust = 3.000e-01 (=) Grad = [92m4.209e-05[0m/[92m2.363e-04[0m (rms/max) E (change) = -7436.6014740787 ([0m-2.301e-06[0m) Quality = [0m1.281[0m
Hessian Eigenvalues: 2.27410e-04 5.04575e-04 1.33606e-03 ... 1.13546e+00 1.34270e+00 1.45176e+00
Step  199 : Displace = [0m2.463e-03[0m/[0m7.147e-03[0m (rms/max) Trust = 3.000e-01 (=) Grad = [92m3.434e-05[0m/[92m1.200e-04[0m (rms/max) E (change) = -7436.6014762152 ([0m-2.136e-06[0m) Quality = [0m1.248[0m
Hessian Eigenvalues: 2.28486e-04 4.77131e-04 1.26519e-03 ... 1.13415e+00 1.34190e+00 1.45272e+00
Step  200 : Displace = [0m2.163e-03[0m/[0m5.690e-03[0m (rms/max) Trust = 3.000e-01 (=) Grad = [92m2.680e-05[0m/[92m8.402e-05[0m (rms/max) E (change) = -7436.6014776912 ([0m-1.476e-06[0m) Quality = [0m1.231[0m
Hessian Eigenvalues: 2.28560e-04 4.54326e-04 1.17605e-03 ... 1.13598e+00 1.34415e+00 1.45180e+00
Step  201 : Displace = [0m1.826e-03[0m/[0m5.350e-03[0m (rms/max) Trust = 3.000e-01 (=) Grad = [92m2.730e-05[0m/[92m1.194e-04[0m (rms/max) E (change) = -7436.6014788691 ([0m-1.178e-06[0m) Quality = [0m1.202[0m
Hessian Eigenvalues: 2.28462e-04 4.36321e-04 1.13895e-03 ... 1.13606e+00 1.34562e+00 1.45262e+00
Step  202 : Displace = [0m1.353e-03[0m/[0m3.397e-03[0m (rms/max) Trust = 3.000e-01 (=) Grad = [92m2.805e-05[0m/[92m1.215e-04[0m (rms/max) E (change) = -7436.6014798975 ([0m-1.028e-06[0m) Quality = [0m1.297[0m
Hessian Eigenvalues: 2.27264e-04 4.22662e-04 1.09049e-03 ... 1.14088e+00 1.34708e+00 1.45539e+00
Step  203 : Displace = [0m1.227e-03[0m/[0m2.852e-03[0m (rms/max) Trust = 3.000e-01 (=) Grad = [92m2.534e-05[0m/[92m9.098e-05[0m (rms/max) E (change) = -7436.6014809459 ([0m-1.048e-06[0m) Quality = [0m1.313[0m
Hessian Eigenvalues: 2.28380e-04 4.09289e-04 1.02268e-03 ... 1.13920e+00 1.34686e+00 1.46024e+00
Step  204 : Displace = [92m1.147e-03[0m/[0m3.242e-03[0m (rms/max) Trust = 3.000e-01 (=) Grad = [92m2.399e-05[0m/[92m7.940e-05[0m (rms/max) E (change) = -7436.6014817638 ([92m-8.179e-07[0m) Quality = [0m1.033[0m
Hessian Eigenvalues: 2.27373e-04 3.91900e-04 9.43805e-04 ... 1.13901e+00 1.34884e+00 1.46186e+00
Step  205 : Displace = [92m1.083e-03[0m/[0m3.270e-03[0m (rms/max) Trust = 3.000e-01 (=) Grad = [92m2.765e-05[0m/[92m1.208e-04[0m (rms/max) E (change) = -7436.6014828554 ([0m-1.092e-06[0m) Quality = [0m1.360[0m
Hessian Eigenvalues: 2.27113e-04 3.61015e-04 8.79940e-04 ... 1.13907e+00 1.34863e+00 1.46182e+00
Step  206 : Displace = [0m1.305e-03[0m/[0m3.460e-03[0m (rms/max) Trust = 3.000e-01 (=) Grad = [92m3.098e-05[0m/[92m1.218e-04[0m (rms/max) E (change) = -7436.6014842157 ([0m-1.360e-06[0m) Quality = [0m1.391[0m
Hessian Eigenvalues: 2.27807e-04 3.28257e-04 7.99768e-04 ... 1.14073e+00 1.34868e+00 1.46151e+00
Step  207 : Displace = [0m1.385e-03[0m/[0m4.257e-03[0m (rms/max) Trust = 3.000e-01 (=) Grad = [92m3.348e-05[0m/[92m1.135e-04[0m (rms/max) E (change) = -7436.6014858494 ([0m-1.634e-06[0m) Quality = [0m1.370[0m
Hessian Eigenvalues: 2.27892e-04 2.81937e-04 7.46292e-04 ... 1.14084e+00 1.34881e+00 1.46147e+00
Step  208 : Displace = [0m1.667e-03[0m/[0m4.546e-03[0m (rms/max) Trust = 3.000e-01 (=) Grad = [92m3.608e-05[0m/[92m1.351e-04[0m (rms/max) E (change) = -7436.6014878819 ([0m-2.032e-06[0m) Quality = [0m1.339[0m
Hessian Eigenvalues: 2.24493e-04 2.41547e-04 6.99236e-04 ... 1.14092e+00 1.35320e+00 1.46145e+00
Step  209 : Displace = [0m1.765e-03[0m/[0m4.342e-03[0m (rms/max) Trust = 3.000e-01 (=) Grad = [92m4.171e-05[0m/[92m1.578e-04[0m (rms/max) E (change) = -7436.6014904855 ([0m-2.604e-06[0m) Quality = [0m1.358[0m
Hessian Eigenvalues: 1.98802e-04 2.29405e-04 6.54295e-04 ... 1.14102e+00 1.35244e+00 1.46314e+00
Step  210 : Displace = [0m1.920e-03[0m/[0m5.609e-03[0m (rms/max) Trust = 3.000e-01 (=) Grad = [92m5.073e-05[0m/[92m2.508e-04[0m (rms/max) E (change) = -7436.6014940728 ([0m-3.587e-06[0m) Quality = [0m1.428[0m
Hessian Eigenvalues: 1.60928e-04 2.31458e-04 6.16211e-04 ... 1.14288e+00 1.35190e+00 1.46290e+00
Step  211 : Displace = [0m2.236e-03[0m/[0m6.238e-03[0m (rms/max) Trust = 3.000e-01 (=) Grad = [92m5.974e-05[0m/[92m2.009e-04[0m (rms/max) E (change) = -7436.6014989616 ([0m-4.889e-06[0m) Quality = [0m1.382[0m
Hessian Eigenvalues: 1.31510e-04 2.31284e-04 5.93417e-04 ... 1.14151e+00 1.35190e+00 1.46171e+00
Step  212 : Displace = [0m2.345e-03[0m/[0m6.367e-03[0m (rms/max) Trust = 3.000e-01 (=) Grad = [92m6.239e-05[0m/[92m1.894e-04[0m (rms/max) E (change) = -7436.6015045039 ([0m-5.542e-06[0m) Quality = [0m1.310[0m
Hessian Eigenvalues: 1.07948e-04 2.32738e-04 5.64729e-04 ... 1.14178e+00 1.35572e+00 1.46111e+00
Step  213 : Displace = [0m2.812e-03[0m/[0m7.527e-03[0m (rms/max) Trust = 3.000e-01 (=) Grad = [92m6.415e-05[0m/[92m1.742e-04[0m (rms/max) E (change) = -7436.6015114458 ([0m-6.942e-06[0m) Quality = [0m1.319[0m
Hessian Eigenvalues: 8.93471e-05 2.33291e-04 5.57630e-04 ... 1.14189e+00 1.35853e+00 1.45966e+00
Step  214 : Displace = [0m3.264e-03[0m/[0m1.031e-02[0m (rms/max) Trust = 3.000e-01 (=) Grad = [92m7.124e-05[0m/[92m3.221e-04[0m (rms/max) E (change) = -7436.6015202859 ([0m-8.840e-06[0m) Quality = [0m1.357[0m
Hessian Eigenvalues: 7.69013e-05 2.33922e-04 5.48224e-04 ... 1.14518e+00 1.35527e+00 1.45938e+00
Step  215 : Displace = [0m3.882e-03[0m/[0m1.221e-02[0m (rms/max) Trust = 3.000e-01 (=) Grad = [92m7.410e-05[0m/[92m2.817e-04[0m (rms/max) E (change) = -7436.6015293171 ([0m-9.031e-06[0m) Quality = [0m1.310[0m
Hessian Eigenvalues: 6.95864e-05 2.35724e-04 5.47868e-04 ... 1.14383e+00 1.35618e+00 1.45948e+00
Step  216 : Displace = [0m3.836e-03[0m/[0m1.369e-02[0m (rms/max) Trust = 3.000e-01 (=) Grad = [92m6.505e-05[0m/[92m2.151e-04[0m (rms/max) E (change) = -7436.6015377741 ([0m-8.457e-06[0m) Quality = [0m1.311[0m
Hessian Eigenvalues: 6.40012e-05 2.36110e-04 5.50235e-04 ... 1.14321e+00 1.36418e+00 1.45984e+00
Step  217 : Displace = [0m3.336e-03[0m/[0m1.212e-02[0m (rms/max) Trust = 3.000e-01 (=) Grad = [92m5.266e-05[0m/[92m1.479e-04[0m (rms/max) E (change) = -7436.6015448381 ([0m-7.064e-06[0m) Quality = [0m1.346[0m
Hessian Eigenvalues: 6.21995e-05 2.36498e-04 5.48802e-04 ... 1.14291e+00 1.36340e+00 1.46321e+00
Step  218 : Displace = [0m2.342e-03[0m/[0m9.920e-03[0m (rms/max) Trust = 3.000e-01 (=) Grad = [92m4.581e-05[0m/[92m2.055e-04[0m (rms/max) E (change) = -7436.6015492852 ([0m-4.447e-06[0m) Quality = [0m1.242[0m
Hessian Eigenvalues: 5.83559e-05 2.36594e-04 5.49671e-04 ... 1.14342e+00 1.36536e+00 1.46391e+00
Step  219 : Displace = [0m1.895e-03[0m/[0m7.569e-03[0m (rms/max) Trust = 3.000e-01 (=) Grad = [92m3.663e-05[0m/[92m1.439e-04[0m (rms/max) E (change) = -7436.6015519480 ([0m-2.663e-06[0m) Quality = [0m1.225[0m
Hessian Eigenvalues: 5.75491e-05 2.36595e-04 5.48184e-04 ... 1.14349e+00 1.35997e+00 1.46919e+00
Step  220 : Displace = [0m1.406e-03[0m/[0m7.281e-03[0m (rms/max) Trust = 3.000e-01 (=) Grad = [92m2.637e-05[0m/[92m8.047e-05[0m (rms/max) E (change) = -7436.6015536495 ([0m-1.701e-06[0m) Quality = [0m1.262[0m
Hessian Eigenvalues: 5.40681e-05 2.36810e-04 5.52232e-04 ... 1.14463e+00 1.35909e+00 1.47429e+00
Step  221 : Displace = [0m1.289e-03[0m/[0m5.847e-03[0m (rms/max) Trust = 3.000e-01 (=) Grad = [92m2.304e-05[0m/[92m6.856e-05[0m (rms/max) E (change) = -7436.6015547084 ([0m-1.059e-06[0m) Quality = [0m1.224[0m
Hessian Eigenvalues: 5.49158e-05 2.37532e-04 5.50288e-04 ... 1.14548e+00 1.36119e+00 1.47645e+00
Step  222 : Displace = [92m1.138e-03[0m/[0m5.159e-03[0m (rms/max) Trust = 3.000e-01 (=) Grad = [92m2.128e-05[0m/[92m9.318e-05[0m (rms/max) E (change) = -7436.6015553854 ([92m-6.770e-07[0m) Quality = [0m1.139[0m
Hessian Eigenvalues: 5.20999e-05 2.38557e-04 5.70615e-04 ... 1.14718e+00 1.36076e+00 1.47716e+00
Step  223 : Displace = [92m1.099e-03[0m/[0m5.352e-03[0m (rms/max) Trust = 3.000e-01 (=) Grad = [92m1.755e-05[0m/[92m5.317e-05[0m (rms/max) E (change) = -7436.6015558965 ([92m-5.111e-07[0m) Quality = [0m1.178[0m
Hessian Eigenvalues: 5.76078e-05 2.42806e-04 5.86165e-04 ... 1.14712e+00 1.36061e+00 1.47714e+00
Step  224 : Displace = [92m9.409e-04[0m/[0m5.557e-03[0m (rms/max) Trust = 3.000e-01 (=) Grad = [92m1.689e-05[0m/[92m5.503e-05[0m (rms/max) E (change) = -7436.6015563313 ([92m-4.348e-07[0m) Quality = [0m1.144[0m
Hessian Eigenvalues: 5.78298e-05 2.42338e-04 6.03029e-04 ... 1.14848e+00 1.36062e+00 1.48212e+00
Step  225 : Displace = [92m1.182e-03[0m/[0m7.190e-03[0m (rms/max) Trust = 3.000e-01 (=) Grad = [92m1.845e-05[0m/[92m6.796e-05[0m (rms/max) E (change) = -7436.6015567375 ([92m-4.062e-07[0m) Quality = [0m1.196[0m
Hessian Eigenvalues: 6.22391e-05 2.42603e-04 6.39529e-04 ... 1.14767e+00 1.36256e+00 1.48036e+00
Step  226 : Displace = [92m1.187e-03[0m/[0m9.035e-03[0m (rms/max) Trust = 3.000e-01 (=) Grad = [92m2.009e-05[0m/[92m7.173e-05[0m (rms/max) E (change) = -7436.6015572078 ([92m-4.703e-07[0m) Quality = [0m1.267[0m
Hessian Eigenvalues: 6.00262e-05 2.40378e-04 6.43298e-04 ... 1.14774e+00 1.36215e+00 1.47998e+00
Step  227 : Displace = [0m1.834e-03[0m/[0m1.491e-02[0m (rms/max) Trust = 3.000e-01 (=) Grad = [92m1.902e-05[0m/[92m6.129e-05[0m (rms/max) E (change) = -7436.6015576926 ([92m-4.848e-07[0m) Quality = [0m1.099[0m
Hessian Eigenvalues: 5.48354e-05 2.42188e-04 6.41365e-04 ... 1.14725e+00 1.36330e+00 1.48072e+00
Step  228 : Displace = [0m2.605e-03[0m/[0m2.213e-02[0m (rms/max) Trust = 3.000e-01 (=) Grad = [92m2.003e-05[0m/[92m6.857e-05[0m (rms/max) E (change) = -7436.6015585027 ([92m-8.101e-07[0m) Quality = [0m1.584[0m
Hessian Eigenvalues: 4.19676e-05 2.38250e-04 6.39425e-04 ... 1.14939e+00 1.36429e+00 1.48321e+00
Step  229 : Displace = [0m4.574e-03[0m/[0m3.966e-02[0m (rms/max) Trust = 3.000e-01 (=) Grad = [92m2.557e-05[0m/[92m9.018e-05[0m (rms/max) E (change) = -7436.6015590238 ([92m-5.211e-07[0m) Quality = [0m0.711[0m
Hessian Eigenvalues: 2.72468e-05 2.38621e-04 5.53265e-04 ... 1.14927e+00 1.36646e+00 1.48167e+00
Step  230 : Displace = [0m1.033e-02[0m/[0m9.181e-02[0m (rms/max) Trust = 3.000e-01 (=) Grad = [92m4.490e-05[0m/[92m1.738e-04[0m (rms/max) E (change) = -7436.6015592951 ([92m-2.713e-07[0m) Quality = [0m0.181[0m
Hessian Eigenvalues: 6.61215e-05 2.54816e-04 6.42175e-04 ... 1.14918e+00 1.36504e+00 1.48155e+00
Step  231 : Displace = [0m6.158e-03[0m/[0m5.109e-02[0m (rms/max) Trust = 1.500e-01 ([91m-[0m) Grad = [92m2.686e-05[0m/[92m9.314e-05[0m (rms/max) E (change) = -7436.6015612753 ([0m-1.980e-06[0m) Quality = [0m0.779[0m
Hessian Eigenvalues: 8.11050e-05 2.65028e-04 6.45559e-04 ... 1.14904e+00 1.36307e+00 1.48020e+00
Step  232 : Displace = [0m1.540e-03[0m/[0m1.423e-02[0m (rms/max) Trust = 2.121e-01 ([92m+[0m) Grad = [92m2.059e-05[0m/[92m7.984e-05[0m (rms/max) E (change) = -7436.6015625088 ([0m-1.234e-06[0m) Quality = [0m1.784[0m
Hessian Eigenvalues: 6.38796e-05 2.70020e-04 5.33947e-04 ... 1.14734e+00 1.36188e+00 1.47954e+00
Step  233 : Displace = [0m1.021e-02[0m/[0m9.752e-02[0m (rms/max) Trust = 3.000e-01 ([92m+[0m) Grad = [92m3.578e-05[0m/[92m1.612e-04[0m (rms/max) E (change) = -7436.6015615857 ([91m+9.231e-07[0m) Quality = [91m-0.261[0m
Hessian Eigenvalues: 8.97562e-05 2.78118e-04 6.70126e-04 ... 1.14743e+00 1.36174e+00 1.47956e+00
Step  234 : Displace = [0m7.291e-03[0m/[0m6.815e-02[0m (rms/max) Trust = 1.500e-01 ([91m-[0m) Grad = [92m1.674e-05[0m/[92m5.106e-05[0m (rms/max) E (change) = -7436.6015652349 ([0m-3.649e-06[0m) Quality = [0m0.731[0m
Hessian Eigenvalues: 9.03021e-05 2.77802e-04 6.69863e-04 ... 1.14746e+00 1.36174e+00 1.47962e+00
Step  235 : Displace = [92m1.140e-03[0m/[0m1.069e-02[0m (rms/max) Trust = 1.500e-01 (=) Grad = [92m1.258e-05[0m/[92m3.874e-05[0m (rms/max) E (change) = -7436.6015657849 ([92m-5.500e-07[0m) Quality = [0m1.610[0m
Hessian Eigenvalues: 8.73095e-05 2.77920e-04 6.70803e-04 ... 1.14828e+00 1.36127e+00 1.48053e+00
Step  236 : Displace = [0m2.978e-03[0m/[0m2.780e-02[0m (rms/max) Trust = 2.121e-01 ([92m+[0m) Grad = [92m9.865e-06[0m/[92m3.580e-05[0m (rms/max) E (change) = -7436.6015663704 ([92m-5.855e-07[0m) Quality = [0m0.782[0m
Hessian Eigenvalues: 9.32026e-05 2.78460e-04 6.68035e-04 ... 1.14888e+00 1.36106e+00 1.48140e+00
Step  237 : Displace = [92m7.653e-04[0m/[0m5.170e-03[0m (rms/max) Trust = 3.000e-01 ([92m+[0m) Grad = [92m7.740e-06[0m/[92m2.721e-05[0m (rms/max) E (change) = -7436.6015668429 ([92m-4.725e-07[0m) Quality = [0m1.877[0m
Hessian Eigenvalues: 8.90151e-05 2.76238e-04 6.71291e-04 ... 1.14941e+00 1.36104e+00 1.48955e+00
Step  238 : Displace = [92m1.082e-03[0m/[0m5.866e-03[0m (rms/max) Trust = 3.000e-01 (=) Grad = [92m7.816e-06[0m/[92m2.996e-05[0m (rms/max) E (change) = -7436.6015672157 ([92m-3.728e-07[0m) Quality = [0m1.217[0m
Hessian Eigenvalues: 9.19707e-05 2.77413e-04 6.73939e-04 ... 1.14942e+00 1.36103e+00 1.48966e+00
Step  239 : Displace = [92m5.253e-04[0m/[92m1.748e-03[0m (rms/max) Trust = 3.000e-01 (=) Grad = [92m6.531e-06[0m/[92m2.433e-05[0m (rms/max) E (change) = -7436.6015673748 ([92m-1.591e-07[0m) Quality = [0m1.420[0m
Converged! =D

    #==========================================================================#
    #| If this code has benefited your research, please support us by citing: |#
    #|                                                                        |#
    #| Wang, L.-P.; Song, C.C. (2016) "Geometry optimization made simple with |#
    #| translation and rotation coordinates", J. Chem, Phys. 144, 214108.     |#
    #| http://dx.doi.org/10.1063/1.4952956                                    |#
    #==========================================================================#
    
